[0.015s] Invoking command in '/home/chayanin09/uros_ws/build/micro_ros_msgs': CMAKE_PREFIX_PATH=${CMAKE_PREFIX_PATH}:/opt/ros/humble /usr/bin/cmake --build /home/chayanin09/uros_ws/build/micro_ros_msgs -- -j20 -l20
[0.057s] [  2%] Built target micro_ros_msgs__cpp
[0.063s] [ 12%] Built target micro_ros_msgs__rosidl_generator_c
[0.069s] [ 12%] Built target ament_cmake_python_copy_micro_ros_msgs
[0.083s] [ 23%] Built target micro_ros_msgs__rosidl_typesupport_cpp
[0.085s] [ 34%] Built target micro_ros_msgs__rosidl_typesupport_introspection_cpp
[0.085s] [ 44%] Built target micro_ros_msgs__rosidl_typesupport_introspection_c
[0.085s] [ 55%] Built target micro_ros_msgs__rosidl_typesupport_c
[0.088s] [ 65%] Built target micro_ros_msgs__rosidl_typesupport_fastrtps_cpp
[0.092s] [ 76%] Built target micro_ros_msgs__rosidl_typesupport_fastrtps_c
[0.109s] [ 76%] Built target micro_ros_msgs
[0.133s] [ 78%] Built target micro_ros_msgs__py
[0.155s] [ 87%] Built target micro_ros_msgs__rosidl_generator_py
[0.178s] [ 91%] Built target micro_ros_msgs__rosidl_typesupport_fastrtps_c__pyext
[0.179s] [100%] Built target micro_ros_msgs__rosidl_typesupport_c__pyext
[0.179s] [100%] Built target micro_ros_msgs__rosidl_typesupport_introspection_c__pyext
[0.247s] running egg_info
[0.248s] writing micro_ros_msgs.egg-info/PKG-INFO
[0.248s] writing dependency_links to micro_ros_msgs.egg-info/dependency_links.txt
[0.248s] writing top-level names to micro_ros_msgs.egg-info/top_level.txt
[0.250s] reading manifest file 'micro_ros_msgs.egg-info/SOURCES.txt'
[0.250s] writing manifest file 'micro_ros_msgs.egg-info/SOURCES.txt'
[0.274s] [100%] Built target ament_cmake_python_build_micro_ros_msgs_egg
