[0.068s] DEBUG:colcon:Command line arguments: ['/usr/bin/colcon', 'build']
[0.068s] DEBUG:colcon:Parsed command line arguments: Namespace(log_base=None, log_level=None, verb_name='build', build_base='build', install_base='install', merge_install=False, symlink_install=False, test_result_base=None, continue_on_error=False, executor='parallel', parallel_workers=20, event_handlers=None, ignore_user_meta=False, metas=['./colcon.meta'], base_paths=['.'], packages_ignore=None, packages_ignore_regex=None, paths=None, packages_up_to=None, packages_up_to_regex=None, packages_above=None, packages_above_and_dependencies=None, packages_above_depth=None, packages_select_by_dep=None, packages_skip_by_dep=None, packages_skip_up_to=None, packages_select_build_failed=False, packages_skip_build_finished=False, packages_select_test_failures=False, packages_skip_test_passed=False, packages_select=None, packages_skip=None, packages_select_regex=None, packages_skip_regex=None, packages_start=None, packages_end=None, allow_overriding=[], cmake_args=None, cmake_target=None, cmake_target_skip_unavailable=False, cmake_clean_cache=False, cmake_clean_first=False, cmake_force_configure=False, ament_cmake_args=None, catkin_cmake_args=None, catkin_skip_building_tests=False, mixin_files=None, mixin=None, verb_parser=<colcon_mixin.mixin.mixin_argument.MixinArgumentDecorator object at 0x725bf32fb700>, verb_extension=<colcon_core.verb.build.BuildVerb object at 0x725bf32fb250>, main=<bound method BuildVerb.main of <colcon_core.verb.build.BuildVerb object at 0x725bf32fb250>>, mixin_verb=('build',))
[0.175s] Level 1:colcon.colcon_core.package_discovery:discover_packages(colcon_meta) check parameters
[0.175s] Level 1:colcon.colcon_core.package_discovery:discover_packages(recursive) check parameters
[0.175s] Level 1:colcon.colcon_core.package_discovery:discover_packages(ignore) check parameters
[0.175s] Level 1:colcon.colcon_core.package_discovery:discover_packages(path) check parameters
[0.175s] Level 1:colcon.colcon_core.package_discovery:discover_packages(colcon_meta) discover
[0.175s] Level 1:colcon.colcon_core.package_discovery:discover_packages(recursive) discover
[0.175s] INFO:colcon.colcon_core.package_discovery:Crawling recursively for packages in '/home/chayanin09/uros_ws'
[0.175s] Level 1:colcon.colcon_core.package_identification:_identify(.) by extensions ['ignore', 'ignore_ament_install']
[0.175s] Level 1:colcon.colcon_core.package_identification:_identify(.) by extension 'ignore'
[0.175s] Level 1:colcon.colcon_core.package_identification:_identify(.) by extension 'ignore_ament_install'
[0.175s] Level 1:colcon.colcon_core.package_identification:_identify(.) by extensions ['colcon_pkg']
[0.175s] Level 1:colcon.colcon_core.package_identification:_identify(.) by extension 'colcon_pkg'
[0.175s] Level 1:colcon.colcon_core.package_identification:_identify(.) by extensions ['colcon_meta']
[0.175s] Level 1:colcon.colcon_core.package_identification:_identify(.) by extension 'colcon_meta'
[0.175s] Level 1:colcon.colcon_core.package_identification:_identify(.) by extensions ['ros']
[0.175s] Level 1:colcon.colcon_core.package_identification:_identify(.) by extension 'ros'
[0.187s] Level 1:colcon.colcon_core.package_identification:_identify(.) by extensions ['cmake', 'python']
[0.187s] Level 1:colcon.colcon_core.package_identification:_identify(.) by extension 'cmake'
[0.188s] Level 1:colcon.colcon_core.package_identification:_identify(.) by extension 'python'
[0.188s] Level 1:colcon.colcon_core.package_identification:_identify(.) by extensions ['python_setup_py']
[0.188s] Level 1:colcon.colcon_core.package_identification:_identify(.) by extension 'python_setup_py'
[0.188s] Level 1:colcon.colcon_core.package_identification:_identify(build) by extensions ['ignore', 'ignore_ament_install']
[0.188s] Level 1:colcon.colcon_core.package_identification:_identify(build) by extension 'ignore'
[0.188s] Level 1:colcon.colcon_core.package_identification:_identify(build) ignored
[0.188s] Level 1:colcon.colcon_core.package_identification:_identify(firmware) by extensions ['ignore', 'ignore_ament_install']
[0.188s] Level 1:colcon.colcon_core.package_identification:_identify(firmware) by extension 'ignore'
[0.188s] Level 1:colcon.colcon_core.package_identification:_identify(firmware) ignored
[0.188s] Level 1:colcon.colcon_core.package_identification:_identify(install) by extensions ['ignore', 'ignore_ament_install']
[0.188s] Level 1:colcon.colcon_core.package_identification:_identify(install) by extension 'ignore'
[0.188s] Level 1:colcon.colcon_core.package_identification:_identify(install) ignored
[0.188s] Level 1:colcon.colcon_core.package_identification:_identify(log) by extensions ['ignore', 'ignore_ament_install']
[0.188s] Level 1:colcon.colcon_core.package_identification:_identify(log) by extension 'ignore'
[0.188s] Level 1:colcon.colcon_core.package_identification:_identify(log) ignored
[0.188s] Level 1:colcon.colcon_core.package_identification:_identify(src) by extensions ['ignore', 'ignore_ament_install']
[0.188s] Level 1:colcon.colcon_core.package_identification:_identify(src) by extension 'ignore'
[0.188s] Level 1:colcon.colcon_core.package_identification:_identify(src) by extension 'ignore_ament_install'
[0.188s] Level 1:colcon.colcon_core.package_identification:_identify(src) by extensions ['colcon_pkg']
[0.188s] Level 1:colcon.colcon_core.package_identification:_identify(src) by extension 'colcon_pkg'
[0.188s] Level 1:colcon.colcon_core.package_identification:_identify(src) by extensions ['colcon_meta']
[0.188s] Level 1:colcon.colcon_core.package_identification:_identify(src) by extension 'colcon_meta'
[0.188s] Level 1:colcon.colcon_core.package_identification:_identify(src) by extensions ['ros']
[0.188s] Level 1:colcon.colcon_core.package_identification:_identify(src) by extension 'ros'
[0.188s] Level 1:colcon.colcon_core.package_identification:_identify(src) by extensions ['cmake', 'python']
[0.188s] Level 1:colcon.colcon_core.package_identification:_identify(src) by extension 'cmake'
[0.188s] Level 1:colcon.colcon_core.package_identification:_identify(src) by extension 'python'
[0.188s] Level 1:colcon.colcon_core.package_identification:_identify(src) by extensions ['python_setup_py']
[0.188s] Level 1:colcon.colcon_core.package_identification:_identify(src) by extension 'python_setup_py'
[0.188s] Level 1:colcon.colcon_core.package_identification:_identify(src/IMU_calibrator) by extensions ['ignore', 'ignore_ament_install']
[0.188s] Level 1:colcon.colcon_core.package_identification:_identify(src/IMU_calibrator) by extension 'ignore'
[0.188s] Level 1:colcon.colcon_core.package_identification:_identify(src/IMU_calibrator) by extension 'ignore_ament_install'
[0.188s] Level 1:colcon.colcon_core.package_identification:_identify(src/IMU_calibrator) by extensions ['colcon_pkg']
[0.188s] Level 1:colcon.colcon_core.package_identification:_identify(src/IMU_calibrator) by extension 'colcon_pkg'
[0.188s] Level 1:colcon.colcon_core.package_identification:_identify(src/IMU_calibrator) by extensions ['colcon_meta']
[0.188s] Level 1:colcon.colcon_core.package_identification:_identify(src/IMU_calibrator) by extension 'colcon_meta'
[0.188s] Level 1:colcon.colcon_core.package_identification:_identify(src/IMU_calibrator) by extensions ['ros']
[0.188s] Level 1:colcon.colcon_core.package_identification:_identify(src/IMU_calibrator) by extension 'ros'
[0.190s] DEBUG:colcon.colcon_core.package_identification:Package 'src/IMU_calibrator' with type 'ros.ament_cmake' and name 'imu_calibration'
[0.190s] Level 1:colcon.colcon_core.package_identification:_identify(src/imu_custom_msg) by extensions ['ignore', 'ignore_ament_install']
[0.190s] Level 1:colcon.colcon_core.package_identification:_identify(src/imu_custom_msg) by extension 'ignore'
[0.190s] Level 1:colcon.colcon_core.package_identification:_identify(src/imu_custom_msg) by extension 'ignore_ament_install'
[0.190s] Level 1:colcon.colcon_core.package_identification:_identify(src/imu_custom_msg) by extensions ['colcon_pkg']
[0.190s] Level 1:colcon.colcon_core.package_identification:_identify(src/imu_custom_msg) by extension 'colcon_pkg'
[0.190s] Level 1:colcon.colcon_core.package_identification:_identify(src/imu_custom_msg) by extensions ['colcon_meta']
[0.190s] Level 1:colcon.colcon_core.package_identification:_identify(src/imu_custom_msg) by extension 'colcon_meta'
[0.190s] Level 1:colcon.colcon_core.package_identification:_identify(src/imu_custom_msg) by extensions ['ros']
[0.190s] Level 1:colcon.colcon_core.package_identification:_identify(src/imu_custom_msg) by extension 'ros'
[0.191s] DEBUG:colcon.colcon_core.package_identification:Package 'src/imu_custom_msg' with type 'ros.ament_cmake' and name 'imu_custom_msg'
[0.191s] Level 1:colcon.colcon_core.package_identification:_identify(src/micro_ros_setup) by extensions ['ignore', 'ignore_ament_install']
[0.191s] Level 1:colcon.colcon_core.package_identification:_identify(src/micro_ros_setup) by extension 'ignore'
[0.191s] Level 1:colcon.colcon_core.package_identification:_identify(src/micro_ros_setup) by extension 'ignore_ament_install'
[0.191s] Level 1:colcon.colcon_core.package_identification:_identify(src/micro_ros_setup) by extensions ['colcon_pkg']
[0.191s] Level 1:colcon.colcon_core.package_identification:_identify(src/micro_ros_setup) by extension 'colcon_pkg'
[0.191s] Level 1:colcon.colcon_core.package_identification:_identify(src/micro_ros_setup) by extensions ['colcon_meta']
[0.191s] Level 1:colcon.colcon_core.package_identification:_identify(src/micro_ros_setup) by extension 'colcon_meta'
[0.191s] Level 1:colcon.colcon_core.package_identification:_identify(src/micro_ros_setup) by extensions ['ros']
[0.191s] Level 1:colcon.colcon_core.package_identification:_identify(src/micro_ros_setup) by extension 'ros'
[0.191s] DEBUG:colcon.colcon_core.package_identification:Package 'src/micro_ros_setup' with type 'ros.ament_cmake' and name 'micro_ros_setup'
[0.191s] Level 1:colcon.colcon_core.package_identification:_identify(src/uros) by extensions ['ignore', 'ignore_ament_install']
[0.191s] Level 1:colcon.colcon_core.package_identification:_identify(src/uros) by extension 'ignore'
[0.191s] Level 1:colcon.colcon_core.package_identification:_identify(src/uros) by extension 'ignore_ament_install'
[0.191s] Level 1:colcon.colcon_core.package_identification:_identify(src/uros) by extensions ['colcon_pkg']
[0.191s] Level 1:colcon.colcon_core.package_identification:_identify(src/uros) by extension 'colcon_pkg'
[0.191s] Level 1:colcon.colcon_core.package_identification:_identify(src/uros) by extensions ['colcon_meta']
[0.191s] Level 1:colcon.colcon_core.package_identification:_identify(src/uros) by extension 'colcon_meta'
[0.191s] Level 1:colcon.colcon_core.package_identification:_identify(src/uros) by extensions ['ros']
[0.192s] Level 1:colcon.colcon_core.package_identification:_identify(src/uros) by extension 'ros'
[0.192s] Level 1:colcon.colcon_core.package_identification:_identify(src/uros) by extensions ['cmake', 'python']
[0.192s] Level 1:colcon.colcon_core.package_identification:_identify(src/uros) by extension 'cmake'
[0.192s] Level 1:colcon.colcon_core.package_identification:_identify(src/uros) by extension 'python'
[0.192s] Level 1:colcon.colcon_core.package_identification:_identify(src/uros) by extensions ['python_setup_py']
[0.192s] Level 1:colcon.colcon_core.package_identification:_identify(src/uros) by extension 'python_setup_py'
[0.192s] Level 1:colcon.colcon_core.package_identification:_identify(src/uros/micro-ROS-Agent) by extensions ['ignore', 'ignore_ament_install']
[0.192s] Level 1:colcon.colcon_core.package_identification:_identify(src/uros/micro-ROS-Agent) by extension 'ignore'
[0.192s] Level 1:colcon.colcon_core.package_identification:_identify(src/uros/micro-ROS-Agent) by extension 'ignore_ament_install'
[0.192s] Level 1:colcon.colcon_core.package_identification:_identify(src/uros/micro-ROS-Agent) by extensions ['colcon_pkg']
[0.192s] Level 1:colcon.colcon_core.package_identification:_identify(src/uros/micro-ROS-Agent) by extension 'colcon_pkg'
[0.192s] Level 1:colcon.colcon_core.package_identification:_identify(src/uros/micro-ROS-Agent) by extensions ['colcon_meta']
[0.192s] Level 1:colcon.colcon_core.package_identification:_identify(src/uros/micro-ROS-Agent) by extension 'colcon_meta'
[0.192s] Level 1:colcon.colcon_core.package_identification:_identify(src/uros/micro-ROS-Agent) by extensions ['ros']
[0.192s] Level 1:colcon.colcon_core.package_identification:_identify(src/uros/micro-ROS-Agent) by extension 'ros'
[0.192s] Level 1:colcon.colcon_core.package_identification:_identify(src/uros/micro-ROS-Agent) by extensions ['cmake', 'python']
[0.192s] Level 1:colcon.colcon_core.package_identification:_identify(src/uros/micro-ROS-Agent) by extension 'cmake'
[0.192s] Level 1:colcon.colcon_core.package_identification:_identify(src/uros/micro-ROS-Agent) by extension 'python'
[0.192s] Level 1:colcon.colcon_core.package_identification:_identify(src/uros/micro-ROS-Agent) by extensions ['python_setup_py']
[0.192s] Level 1:colcon.colcon_core.package_identification:_identify(src/uros/micro-ROS-Agent) by extension 'python_setup_py'
[0.192s] Level 1:colcon.colcon_core.package_identification:_identify(src/uros/micro-ROS-Agent/micro_ros_agent) by extensions ['ignore', 'ignore_ament_install']
[0.192s] Level 1:colcon.colcon_core.package_identification:_identify(src/uros/micro-ROS-Agent/micro_ros_agent) by extension 'ignore'
[0.192s] Level 1:colcon.colcon_core.package_identification:_identify(src/uros/micro-ROS-Agent/micro_ros_agent) by extension 'ignore_ament_install'
[0.192s] Level 1:colcon.colcon_core.package_identification:_identify(src/uros/micro-ROS-Agent/micro_ros_agent) by extensions ['colcon_pkg']
[0.192s] Level 1:colcon.colcon_core.package_identification:_identify(src/uros/micro-ROS-Agent/micro_ros_agent) by extension 'colcon_pkg'
[0.192s] Level 1:colcon.colcon_core.package_identification:_identify(src/uros/micro-ROS-Agent/micro_ros_agent) by extensions ['colcon_meta']
[0.192s] Level 1:colcon.colcon_core.package_identification:_identify(src/uros/micro-ROS-Agent/micro_ros_agent) by extension 'colcon_meta'
[0.192s] Level 1:colcon.colcon_core.package_identification:_identify(src/uros/micro-ROS-Agent/micro_ros_agent) by extensions ['ros']
[0.192s] Level 1:colcon.colcon_core.package_identification:_identify(src/uros/micro-ROS-Agent/micro_ros_agent) by extension 'ros'
[0.193s] DEBUG:colcon.colcon_core.package_identification:Package 'src/uros/micro-ROS-Agent/micro_ros_agent' with type 'ros.ament_cmake' and name 'micro_ros_agent'
[0.193s] Level 1:colcon.colcon_core.package_identification:_identify(src/uros/micro-ROS-Agent/snap) by extensions ['ignore', 'ignore_ament_install']
[0.193s] Level 1:colcon.colcon_core.package_identification:_identify(src/uros/micro-ROS-Agent/snap) by extension 'ignore'
[0.193s] Level 1:colcon.colcon_core.package_identification:_identify(src/uros/micro-ROS-Agent/snap) by extension 'ignore_ament_install'
[0.193s] Level 1:colcon.colcon_core.package_identification:_identify(src/uros/micro-ROS-Agent/snap) by extensions ['colcon_pkg']
[0.193s] Level 1:colcon.colcon_core.package_identification:_identify(src/uros/micro-ROS-Agent/snap) by extension 'colcon_pkg'
[0.193s] Level 1:colcon.colcon_core.package_identification:_identify(src/uros/micro-ROS-Agent/snap) by extensions ['colcon_meta']
[0.193s] Level 1:colcon.colcon_core.package_identification:_identify(src/uros/micro-ROS-Agent/snap) by extension 'colcon_meta'
[0.193s] Level 1:colcon.colcon_core.package_identification:_identify(src/uros/micro-ROS-Agent/snap) by extensions ['ros']
[0.193s] Level 1:colcon.colcon_core.package_identification:_identify(src/uros/micro-ROS-Agent/snap) by extension 'ros'
[0.193s] Level 1:colcon.colcon_core.package_identification:_identify(src/uros/micro-ROS-Agent/snap) by extensions ['cmake', 'python']
[0.193s] Level 1:colcon.colcon_core.package_identification:_identify(src/uros/micro-ROS-Agent/snap) by extension 'cmake'
[0.193s] Level 1:colcon.colcon_core.package_identification:_identify(src/uros/micro-ROS-Agent/snap) by extension 'python'
[0.193s] Level 1:colcon.colcon_core.package_identification:_identify(src/uros/micro-ROS-Agent/snap) by extensions ['python_setup_py']
[0.193s] Level 1:colcon.colcon_core.package_identification:_identify(src/uros/micro-ROS-Agent/snap) by extension 'python_setup_py'
[0.193s] Level 1:colcon.colcon_core.package_identification:_identify(src/uros/micro-ROS-Agent/snap/hooks) by extensions ['ignore', 'ignore_ament_install']
[0.193s] Level 1:colcon.colcon_core.package_identification:_identify(src/uros/micro-ROS-Agent/snap/hooks) by extension 'ignore'
[0.193s] Level 1:colcon.colcon_core.package_identification:_identify(src/uros/micro-ROS-Agent/snap/hooks) by extension 'ignore_ament_install'
[0.193s] Level 1:colcon.colcon_core.package_identification:_identify(src/uros/micro-ROS-Agent/snap/hooks) by extensions ['colcon_pkg']
[0.193s] Level 1:colcon.colcon_core.package_identification:_identify(src/uros/micro-ROS-Agent/snap/hooks) by extension 'colcon_pkg'
[0.193s] Level 1:colcon.colcon_core.package_identification:_identify(src/uros/micro-ROS-Agent/snap/hooks) by extensions ['colcon_meta']
[0.193s] Level 1:colcon.colcon_core.package_identification:_identify(src/uros/micro-ROS-Agent/snap/hooks) by extension 'colcon_meta'
[0.193s] Level 1:colcon.colcon_core.package_identification:_identify(src/uros/micro-ROS-Agent/snap/hooks) by extensions ['ros']
[0.193s] Level 1:colcon.colcon_core.package_identification:_identify(src/uros/micro-ROS-Agent/snap/hooks) by extension 'ros'
[0.193s] Level 1:colcon.colcon_core.package_identification:_identify(src/uros/micro-ROS-Agent/snap/hooks) by extensions ['cmake', 'python']
[0.193s] Level 1:colcon.colcon_core.package_identification:_identify(src/uros/micro-ROS-Agent/snap/hooks) by extension 'cmake'
[0.193s] Level 1:colcon.colcon_core.package_identification:_identify(src/uros/micro-ROS-Agent/snap/hooks) by extension 'python'
[0.193s] Level 1:colcon.colcon_core.package_identification:_identify(src/uros/micro-ROS-Agent/snap/hooks) by extensions ['python_setup_py']
[0.193s] Level 1:colcon.colcon_core.package_identification:_identify(src/uros/micro-ROS-Agent/snap/hooks) by extension 'python_setup_py'
[0.193s] Level 1:colcon.colcon_core.package_identification:_identify(src/uros/micro-ROS-Agent/snap/local) by extensions ['ignore', 'ignore_ament_install']
[0.193s] Level 1:colcon.colcon_core.package_identification:_identify(src/uros/micro-ROS-Agent/snap/local) by extension 'ignore'
[0.193s] Level 1:colcon.colcon_core.package_identification:_identify(src/uros/micro-ROS-Agent/snap/local) by extension 'ignore_ament_install'
[0.193s] Level 1:colcon.colcon_core.package_identification:_identify(src/uros/micro-ROS-Agent/snap/local) by extensions ['colcon_pkg']
[0.193s] Level 1:colcon.colcon_core.package_identification:_identify(src/uros/micro-ROS-Agent/snap/local) by extension 'colcon_pkg'
[0.193s] Level 1:colcon.colcon_core.package_identification:_identify(src/uros/micro-ROS-Agent/snap/local) by extensions ['colcon_meta']
[0.193s] Level 1:colcon.colcon_core.package_identification:_identify(src/uros/micro-ROS-Agent/snap/local) by extension 'colcon_meta'
[0.193s] Level 1:colcon.colcon_core.package_identification:_identify(src/uros/micro-ROS-Agent/snap/local) by extensions ['ros']
[0.193s] Level 1:colcon.colcon_core.package_identification:_identify(src/uros/micro-ROS-Agent/snap/local) by extension 'ros'
[0.194s] Level 1:colcon.colcon_core.package_identification:_identify(src/uros/micro-ROS-Agent/snap/local) by extensions ['cmake', 'python']
[0.194s] Level 1:colcon.colcon_core.package_identification:_identify(src/uros/micro-ROS-Agent/snap/local) by extension 'cmake'
[0.194s] Level 1:colcon.colcon_core.package_identification:_identify(src/uros/micro-ROS-Agent/snap/local) by extension 'python'
[0.194s] Level 1:colcon.colcon_core.package_identification:_identify(src/uros/micro-ROS-Agent/snap/local) by extensions ['python_setup_py']
[0.194s] Level 1:colcon.colcon_core.package_identification:_identify(src/uros/micro-ROS-Agent/snap/local) by extension 'python_setup_py'
[0.194s] Level 1:colcon.colcon_core.package_identification:_identify(src/uros/micro_ros_msgs) by extensions ['ignore', 'ignore_ament_install']
[0.194s] Level 1:colcon.colcon_core.package_identification:_identify(src/uros/micro_ros_msgs) by extension 'ignore'
[0.194s] Level 1:colcon.colcon_core.package_identification:_identify(src/uros/micro_ros_msgs) by extension 'ignore_ament_install'
[0.194s] Level 1:colcon.colcon_core.package_identification:_identify(src/uros/micro_ros_msgs) by extensions ['colcon_pkg']
[0.194s] Level 1:colcon.colcon_core.package_identification:_identify(src/uros/micro_ros_msgs) by extension 'colcon_pkg'
[0.194s] Level 1:colcon.colcon_core.package_identification:_identify(src/uros/micro_ros_msgs) by extensions ['colcon_meta']
[0.194s] Level 1:colcon.colcon_core.package_identification:_identify(src/uros/micro_ros_msgs) by extension 'colcon_meta'
[0.194s] Level 1:colcon.colcon_core.package_identification:_identify(src/uros/micro_ros_msgs) by extensions ['ros']
[0.194s] Level 1:colcon.colcon_core.package_identification:_identify(src/uros/micro_ros_msgs) by extension 'ros'
[0.194s] DEBUG:colcon.colcon_core.package_identification:Package 'src/uros/micro_ros_msgs' with type 'ros.ament_cmake' and name 'micro_ros_msgs'
[0.194s] Level 1:colcon.colcon_core.package_discovery:discover_packages(recursive) using defaults
[0.194s] Level 1:colcon.colcon_core.package_discovery:discover_packages(ignore) discover
[0.194s] Level 1:colcon.colcon_core.package_discovery:discover_packages(ignore) using defaults
[0.194s] Level 1:colcon.colcon_core.package_discovery:discover_packages(path) discover
[0.194s] Level 1:colcon.colcon_core.package_discovery:discover_packages(path) using defaults
[0.206s] Level 1:colcon.colcon_core.package_discovery:discover_packages(prefix_path) check parameters
[0.206s] Level 1:colcon.colcon_core.package_discovery:discover_packages(prefix_path) discover
[0.207s] DEBUG:colcon.colcon_installed_package_information.package_discovery:Found 2 installed packages in /home/chayanin09/Documents/FUN4_ws/FUN4_6509/install
[0.207s] DEBUG:colcon.colcon_installed_package_information.package_discovery:Found 5 installed packages in /home/chayanin09/uros_ws/install
[0.208s] DEBUG:colcon.colcon_installed_package_information.package_discovery:Found 437 installed packages in /opt/ros/humble
[0.209s] Level 1:colcon.colcon_core.package_discovery:discover_packages(prefix_path) using defaults
[0.235s] Level 5:colcon.colcon_core.verb:set package 'imu_calibration' build argument 'cmake_args' from command line to 'None'
[0.235s] Level 5:colcon.colcon_core.verb:set package 'imu_calibration' build argument 'cmake_target' from command line to 'None'
[0.235s] Level 5:colcon.colcon_core.verb:set package 'imu_calibration' build argument 'cmake_target_skip_unavailable' from command line to 'False'
[0.235s] Level 5:colcon.colcon_core.verb:set package 'imu_calibration' build argument 'cmake_clean_cache' from command line to 'False'
[0.235s] Level 5:colcon.colcon_core.verb:set package 'imu_calibration' build argument 'cmake_clean_first' from command line to 'False'
[0.235s] Level 5:colcon.colcon_core.verb:set package 'imu_calibration' build argument 'cmake_force_configure' from command line to 'False'
[0.235s] Level 5:colcon.colcon_core.verb:set package 'imu_calibration' build argument 'ament_cmake_args' from command line to 'None'
[0.235s] Level 5:colcon.colcon_core.verb:set package 'imu_calibration' build argument 'catkin_cmake_args' from command line to 'None'
[0.235s] Level 5:colcon.colcon_core.verb:set package 'imu_calibration' build argument 'catkin_skip_building_tests' from command line to 'False'
[0.235s] DEBUG:colcon.colcon_core.verb:Building package 'imu_calibration' with the following arguments: {'ament_cmake_args': None, 'build_base': '/home/chayanin09/uros_ws/build/imu_calibration', 'catkin_cmake_args': None, 'catkin_skip_building_tests': False, 'cmake_args': None, 'cmake_clean_cache': False, 'cmake_clean_first': False, 'cmake_force_configure': False, 'cmake_target': None, 'cmake_target_skip_unavailable': False, 'install_base': '/home/chayanin09/uros_ws/install/imu_calibration', 'merge_install': False, 'path': '/home/chayanin09/uros_ws/src/IMU_calibrator', 'symlink_install': False, 'test_result_base': None}
[0.235s] Level 5:colcon.colcon_core.verb:set package 'imu_custom_msg' build argument 'cmake_args' from command line to 'None'
[0.235s] Level 5:colcon.colcon_core.verb:set package 'imu_custom_msg' build argument 'cmake_target' from command line to 'None'
[0.235s] Level 5:colcon.colcon_core.verb:set package 'imu_custom_msg' build argument 'cmake_target_skip_unavailable' from command line to 'False'
[0.235s] Level 5:colcon.colcon_core.verb:set package 'imu_custom_msg' build argument 'cmake_clean_cache' from command line to 'False'
[0.235s] Level 5:colcon.colcon_core.verb:set package 'imu_custom_msg' build argument 'cmake_clean_first' from command line to 'False'
[0.235s] Level 5:colcon.colcon_core.verb:set package 'imu_custom_msg' build argument 'cmake_force_configure' from command line to 'False'
[0.235s] Level 5:colcon.colcon_core.verb:set package 'imu_custom_msg' build argument 'ament_cmake_args' from command line to 'None'
[0.235s] Level 5:colcon.colcon_core.verb:set package 'imu_custom_msg' build argument 'catkin_cmake_args' from command line to 'None'
[0.236s] Level 5:colcon.colcon_core.verb:set package 'imu_custom_msg' build argument 'catkin_skip_building_tests' from command line to 'False'
[0.236s] DEBUG:colcon.colcon_core.verb:Building package 'imu_custom_msg' with the following arguments: {'ament_cmake_args': None, 'build_base': '/home/chayanin09/uros_ws/build/imu_custom_msg', 'catkin_cmake_args': None, 'catkin_skip_building_tests': False, 'cmake_args': None, 'cmake_clean_cache': False, 'cmake_clean_first': False, 'cmake_force_configure': False, 'cmake_target': None, 'cmake_target_skip_unavailable': False, 'install_base': '/home/chayanin09/uros_ws/install/imu_custom_msg', 'merge_install': False, 'path': '/home/chayanin09/uros_ws/src/imu_custom_msg', 'symlink_install': False, 'test_result_base': None}
[0.236s] Level 5:colcon.colcon_core.verb:set package 'micro_ros_msgs' build argument 'cmake_args' from command line to 'None'
[0.236s] Level 5:colcon.colcon_core.verb:set package 'micro_ros_msgs' build argument 'cmake_target' from command line to 'None'
[0.236s] Level 5:colcon.colcon_core.verb:set package 'micro_ros_msgs' build argument 'cmake_target_skip_unavailable' from command line to 'False'
[0.236s] Level 5:colcon.colcon_core.verb:set package 'micro_ros_msgs' build argument 'cmake_clean_cache' from command line to 'False'
[0.236s] Level 5:colcon.colcon_core.verb:set package 'micro_ros_msgs' build argument 'cmake_clean_first' from command line to 'False'
[0.236s] Level 5:colcon.colcon_core.verb:set package 'micro_ros_msgs' build argument 'cmake_force_configure' from command line to 'False'
[0.236s] Level 5:colcon.colcon_core.verb:set package 'micro_ros_msgs' build argument 'ament_cmake_args' from command line to 'None'
[0.236s] Level 5:colcon.colcon_core.verb:set package 'micro_ros_msgs' build argument 'catkin_cmake_args' from command line to 'None'
[0.236s] Level 5:colcon.colcon_core.verb:set package 'micro_ros_msgs' build argument 'catkin_skip_building_tests' from command line to 'False'
[0.236s] DEBUG:colcon.colcon_core.verb:Building package 'micro_ros_msgs' with the following arguments: {'ament_cmake_args': None, 'build_base': '/home/chayanin09/uros_ws/build/micro_ros_msgs', 'catkin_cmake_args': None, 'catkin_skip_building_tests': False, 'cmake_args': None, 'cmake_clean_cache': False, 'cmake_clean_first': False, 'cmake_force_configure': False, 'cmake_target': None, 'cmake_target_skip_unavailable': False, 'install_base': '/home/chayanin09/uros_ws/install/micro_ros_msgs', 'merge_install': False, 'path': '/home/chayanin09/uros_ws/src/uros/micro_ros_msgs', 'symlink_install': False, 'test_result_base': None}
[0.236s] Level 5:colcon.colcon_core.verb:set package 'micro_ros_setup' build argument 'cmake_args' from command line to 'None'
[0.236s] Level 5:colcon.colcon_core.verb:set package 'micro_ros_setup' build argument 'cmake_target' from command line to 'None'
[0.236s] Level 5:colcon.colcon_core.verb:set package 'micro_ros_setup' build argument 'cmake_target_skip_unavailable' from command line to 'False'
[0.236s] Level 5:colcon.colcon_core.verb:set package 'micro_ros_setup' build argument 'cmake_clean_cache' from command line to 'False'
[0.236s] Level 5:colcon.colcon_core.verb:set package 'micro_ros_setup' build argument 'cmake_clean_first' from command line to 'False'
[0.236s] Level 5:colcon.colcon_core.verb:set package 'micro_ros_setup' build argument 'cmake_force_configure' from command line to 'False'
[0.236s] Level 5:colcon.colcon_core.verb:set package 'micro_ros_setup' build argument 'ament_cmake_args' from command line to 'None'
[0.236s] Level 5:colcon.colcon_core.verb:set package 'micro_ros_setup' build argument 'catkin_cmake_args' from command line to 'None'
[0.236s] Level 5:colcon.colcon_core.verb:set package 'micro_ros_setup' build argument 'catkin_skip_building_tests' from command line to 'False'
[0.236s] DEBUG:colcon.colcon_core.verb:Building package 'micro_ros_setup' with the following arguments: {'ament_cmake_args': None, 'build_base': '/home/chayanin09/uros_ws/build/micro_ros_setup', 'catkin_cmake_args': None, 'catkin_skip_building_tests': False, 'cmake_args': None, 'cmake_clean_cache': False, 'cmake_clean_first': False, 'cmake_force_configure': False, 'cmake_target': None, 'cmake_target_skip_unavailable': False, 'install_base': '/home/chayanin09/uros_ws/install/micro_ros_setup', 'merge_install': False, 'path': '/home/chayanin09/uros_ws/src/micro_ros_setup', 'symlink_install': False, 'test_result_base': None}
[0.236s] Level 5:colcon.colcon_core.verb:set package 'micro_ros_agent' build argument 'cmake_args' from command line to 'None'
[0.236s] Level 5:colcon.colcon_core.verb:set package 'micro_ros_agent' build argument 'cmake_target' from command line to 'None'
[0.236s] Level 5:colcon.colcon_core.verb:set package 'micro_ros_agent' build argument 'cmake_target_skip_unavailable' from command line to 'False'
[0.236s] Level 5:colcon.colcon_core.verb:set package 'micro_ros_agent' build argument 'cmake_clean_cache' from command line to 'False'
[0.236s] Level 5:colcon.colcon_core.verb:set package 'micro_ros_agent' build argument 'cmake_clean_first' from command line to 'False'
[0.236s] Level 5:colcon.colcon_core.verb:set package 'micro_ros_agent' build argument 'cmake_force_configure' from command line to 'False'
[0.236s] Level 5:colcon.colcon_core.verb:set package 'micro_ros_agent' build argument 'ament_cmake_args' from command line to 'None'
[0.236s] Level 5:colcon.colcon_core.verb:set package 'micro_ros_agent' build argument 'catkin_cmake_args' from command line to 'None'
[0.236s] Level 5:colcon.colcon_core.verb:set package 'micro_ros_agent' build argument 'catkin_skip_building_tests' from command line to 'False'
[0.236s] DEBUG:colcon.colcon_core.verb:Building package 'micro_ros_agent' with the following arguments: {'ament_cmake_args': None, 'build_base': '/home/chayanin09/uros_ws/build/micro_ros_agent', 'catkin_cmake_args': None, 'catkin_skip_building_tests': False, 'cmake_args': None, 'cmake_clean_cache': False, 'cmake_clean_first': False, 'cmake_force_configure': False, 'cmake_target': None, 'cmake_target_skip_unavailable': False, 'install_base': '/home/chayanin09/uros_ws/install/micro_ros_agent', 'merge_install': False, 'path': '/home/chayanin09/uros_ws/src/uros/micro-ROS-Agent/micro_ros_agent', 'symlink_install': False, 'test_result_base': None}
[0.236s] INFO:colcon.colcon_core.executor:Executing jobs using 'parallel' executor
[0.237s] DEBUG:colcon.colcon_parallel_executor.executor.parallel:run_until_complete
[0.237s] INFO:colcon.colcon_ros.task.ament_cmake.build:Building ROS package in '/home/chayanin09/uros_ws/src/uros/micro_ros_msgs' with build type 'ament_cmake'
[0.237s] INFO:colcon.colcon_cmake.task.cmake.build:Building CMake package in '/home/chayanin09/uros_ws/src/uros/micro_ros_msgs'
[0.239s] INFO:colcon.colcon_core.plugin_system:Skipping extension 'colcon_core.shell.bat': Not used on non-Windows systems
[0.239s] INFO:colcon.colcon_core.shell:Skip shell extension 'powershell' for command environment: Not usable outside of PowerShell
[0.239s] DEBUG:colcon.colcon_core.shell:Skip shell extension 'dsv' for command environment
[0.241s] INFO:colcon.colcon_ros.task.ament_cmake.build:Building ROS package in '/home/chayanin09/uros_ws/src/IMU_calibrator' with build type 'ament_cmake'
[0.241s] INFO:colcon.colcon_cmake.task.cmake.build:Building CMake package in '/home/chayanin09/uros_ws/src/IMU_calibrator'
[0.241s] INFO:colcon.colcon_core.shell:Skip shell extension 'powershell' for command environment: Not usable outside of PowerShell
[0.241s] DEBUG:colcon.colcon_core.shell:Skip shell extension 'dsv' for command environment
[0.243s] INFO:colcon.colcon_ros.task.ament_cmake.build:Building ROS package in '/home/chayanin09/uros_ws/src/imu_custom_msg' with build type 'ament_cmake'
[0.243s] INFO:colcon.colcon_cmake.task.cmake.build:Building CMake package in '/home/chayanin09/uros_ws/src/imu_custom_msg'
[0.244s] INFO:colcon.colcon_core.shell:Skip shell extension 'powershell' for command environment: Not usable outside of PowerShell
[0.244s] DEBUG:colcon.colcon_core.shell:Skip shell extension 'dsv' for command environment
[0.246s] INFO:colcon.colcon_ros.task.ament_cmake.build:Building ROS package in '/home/chayanin09/uros_ws/src/micro_ros_setup' with build type 'ament_cmake'
[0.246s] INFO:colcon.colcon_cmake.task.cmake.build:Building CMake package in '/home/chayanin09/uros_ws/src/micro_ros_setup'
[0.246s] INFO:colcon.colcon_core.shell:Skip shell extension 'powershell' for command environment: Not usable outside of PowerShell
[0.246s] DEBUG:colcon.colcon_core.shell:Skip shell extension 'dsv' for command environment
[0.251s] DEBUG:colcon.colcon_core.event_handler.log_command:Invoking command in '/home/chayanin09/uros_ws/build/micro_ros_msgs': CMAKE_PREFIX_PATH=${CMAKE_PREFIX_PATH}:/opt/ros/humble /usr/bin/cmake --build /home/chayanin09/uros_ws/build/micro_ros_msgs -- -j20 -l20
[0.253s] DEBUG:colcon.colcon_core.event_handler.log_command:Invoking command in '/home/chayanin09/uros_ws/build/imu_calibration': CMAKE_PREFIX_PATH=${CMAKE_PREFIX_PATH}:/opt/ros/humble /usr/bin/cmake --build /home/chayanin09/uros_ws/build/imu_calibration -- -j20 -l20
[0.255s] DEBUG:colcon.colcon_core.event_handler.log_command:Invoking command in '/home/chayanin09/uros_ws/build/imu_custom_msg': CMAKE_PREFIX_PATH=${CMAKE_PREFIX_PATH}:/opt/ros/humble /usr/bin/cmake --build /home/chayanin09/uros_ws/build/imu_custom_msg -- -j20 -l20
[0.259s] DEBUG:colcon.colcon_core.event_handler.log_command:Invoking command in '/home/chayanin09/uros_ws/build/micro_ros_setup': CMAKE_PREFIX_PATH=${CMAKE_PREFIX_PATH}:/opt/ros/humble /usr/bin/cmake --build /home/chayanin09/uros_ws/build/micro_ros_setup -- -j20 -l20
[0.292s] DEBUG:colcon.colcon_core.event_handler.log_command:Invoked command in '/home/chayanin09/uros_ws/build/micro_ros_setup' returned '0': CMAKE_PREFIX_PATH=${CMAKE_PREFIX_PATH}:/opt/ros/humble /usr/bin/cmake --build /home/chayanin09/uros_ws/build/micro_ros_setup -- -j20 -l20
[0.322s] DEBUG:colcon.colcon_core.event_handler.log_command:Invoking command in '/home/chayanin09/uros_ws/build/micro_ros_setup': CMAKE_PREFIX_PATH=${CMAKE_PREFIX_PATH}:/opt/ros/humble /usr/bin/cmake --install /home/chayanin09/uros_ws/build/micro_ros_setup
[0.331s] Level 1:colcon.colcon_core.environment:create_environment_scripts_only(micro_ros_setup)
[0.341s] DEBUG:colcon.colcon_core.event_handler.log_command:Invoked command in '/home/chayanin09/uros_ws/build/micro_ros_setup' returned '0': CMAKE_PREFIX_PATH=${CMAKE_PREFIX_PATH}:/opt/ros/humble /usr/bin/cmake --install /home/chayanin09/uros_ws/build/micro_ros_setup
[0.342s] Level 1:colcon.colcon_core.environment:checking '/home/chayanin09/uros_ws/install/micro_ros_setup' for CMake module files
[0.343s] Level 1:colcon.colcon_core.environment:checking '/home/chayanin09/uros_ws/install/micro_ros_setup' for CMake config files
[0.343s] Level 1:colcon.colcon_core.shell:create_environment_hook('micro_ros_setup', 'cmake_prefix_path')
[0.343s] INFO:colcon.colcon_core.shell:Creating environment hook '/home/chayanin09/uros_ws/install/micro_ros_setup/share/micro_ros_setup/hook/cmake_prefix_path.ps1'
[0.344s] INFO:colcon.colcon_core.shell:Creating environment descriptor '/home/chayanin09/uros_ws/install/micro_ros_setup/share/micro_ros_setup/hook/cmake_prefix_path.dsv'
[0.344s] INFO:colcon.colcon_core.shell:Creating environment hook '/home/chayanin09/uros_ws/install/micro_ros_setup/share/micro_ros_setup/hook/cmake_prefix_path.sh'
[0.345s] Level 1:colcon.colcon_core.environment:checking '/home/chayanin09/uros_ws/install/micro_ros_setup/lib'
[0.345s] Level 1:colcon.colcon_core.environment:checking '/home/chayanin09/uros_ws/install/micro_ros_setup/bin'
[0.345s] Level 1:colcon.colcon_core.environment:checking '/home/chayanin09/uros_ws/install/micro_ros_setup/lib/pkgconfig/micro_ros_setup.pc'
[0.345s] Level 1:colcon.colcon_core.environment:checking '/home/chayanin09/uros_ws/install/micro_ros_setup/lib/python3.10/site-packages'
[0.345s] Level 1:colcon.colcon_core.environment:checking '/home/chayanin09/uros_ws/install/micro_ros_setup/bin'
[0.345s] INFO:colcon.colcon_core.shell:Creating package script '/home/chayanin09/uros_ws/install/micro_ros_setup/share/micro_ros_setup/package.ps1'
[0.346s] INFO:colcon.colcon_core.shell:Creating package descriptor '/home/chayanin09/uros_ws/install/micro_ros_setup/share/micro_ros_setup/package.dsv'
[0.346s] INFO:colcon.colcon_core.shell:Creating package script '/home/chayanin09/uros_ws/install/micro_ros_setup/share/micro_ros_setup/package.sh'
[0.347s] INFO:colcon.colcon_core.shell:Creating package script '/home/chayanin09/uros_ws/install/micro_ros_setup/share/micro_ros_setup/package.bash'
[0.347s] INFO:colcon.colcon_core.shell:Creating package script '/home/chayanin09/uros_ws/install/micro_ros_setup/share/micro_ros_setup/package.zsh'
[0.347s] Level 1:colcon.colcon_core.environment:create_file_with_runtime_dependencies(/home/chayanin09/uros_ws/install/micro_ros_setup/share/colcon-core/packages/micro_ros_setup)
[0.365s] Level 1:colcon.colcon_core.environment:create_environment_scripts_only(micro_ros_setup)
[0.366s] Level 1:colcon.colcon_core.environment:checking '/home/chayanin09/uros_ws/install/micro_ros_setup' for CMake module files
[0.366s] Level 1:colcon.colcon_core.environment:checking '/home/chayanin09/uros_ws/install/micro_ros_setup' for CMake config files
[0.366s] Level 1:colcon.colcon_core.shell:create_environment_hook('micro_ros_setup', 'cmake_prefix_path')
[0.366s] INFO:colcon.colcon_core.shell:Creating environment hook '/home/chayanin09/uros_ws/install/micro_ros_setup/share/micro_ros_setup/hook/cmake_prefix_path.ps1'
[0.367s] INFO:colcon.colcon_core.shell:Creating environment descriptor '/home/chayanin09/uros_ws/install/micro_ros_setup/share/micro_ros_setup/hook/cmake_prefix_path.dsv'
[0.367s] INFO:colcon.colcon_core.shell:Creating environment hook '/home/chayanin09/uros_ws/install/micro_ros_setup/share/micro_ros_setup/hook/cmake_prefix_path.sh'
[0.367s] Level 1:colcon.colcon_core.environment:checking '/home/chayanin09/uros_ws/install/micro_ros_setup/lib'
[0.367s] Level 1:colcon.colcon_core.environment:checking '/home/chayanin09/uros_ws/install/micro_ros_setup/bin'
[0.367s] Level 1:colcon.colcon_core.environment:checking '/home/chayanin09/uros_ws/install/micro_ros_setup/lib/pkgconfig/micro_ros_setup.pc'
[0.367s] Level 1:colcon.colcon_core.environment:checking '/home/chayanin09/uros_ws/install/micro_ros_setup/lib/python3.10/site-packages'
[0.367s] Level 1:colcon.colcon_core.environment:checking '/home/chayanin09/uros_ws/install/micro_ros_setup/bin'
[0.368s] INFO:colcon.colcon_core.shell:Creating package script '/home/chayanin09/uros_ws/install/micro_ros_setup/share/micro_ros_setup/package.ps1'
[0.368s] INFO:colcon.colcon_core.shell:Creating package descriptor '/home/chayanin09/uros_ws/install/micro_ros_setup/share/micro_ros_setup/package.dsv'
[0.368s] INFO:colcon.colcon_core.shell:Creating package script '/home/chayanin09/uros_ws/install/micro_ros_setup/share/micro_ros_setup/package.sh'
[0.368s] INFO:colcon.colcon_core.shell:Creating package script '/home/chayanin09/uros_ws/install/micro_ros_setup/share/micro_ros_setup/package.bash'
[0.369s] INFO:colcon.colcon_core.shell:Creating package script '/home/chayanin09/uros_ws/install/micro_ros_setup/share/micro_ros_setup/package.zsh'
[0.369s] Level 1:colcon.colcon_core.environment:create_file_with_runtime_dependencies(/home/chayanin09/uros_ws/install/micro_ros_setup/share/colcon-core/packages/micro_ros_setup)
[0.513s] DEBUG:colcon.colcon_core.event_handler.log_command:Invoked command in '/home/chayanin09/uros_ws/build/imu_calibration' returned '0': CMAKE_PREFIX_PATH=${CMAKE_PREFIX_PATH}:/opt/ros/humble /usr/bin/cmake --build /home/chayanin09/uros_ws/build/imu_calibration -- -j20 -l20
[0.515s] DEBUG:colcon.colcon_core.event_handler.log_command:Invoked command in '/home/chayanin09/uros_ws/build/micro_ros_msgs' returned '0': CMAKE_PREFIX_PATH=${CMAKE_PREFIX_PATH}:/opt/ros/humble /usr/bin/cmake --build /home/chayanin09/uros_ws/build/micro_ros_msgs -- -j20 -l20
[0.533s] DEBUG:colcon.colcon_core.event_handler.log_command:Invoking command in '/home/chayanin09/uros_ws/build/imu_calibration': CMAKE_PREFIX_PATH=${CMAKE_PREFIX_PATH}:/opt/ros/humble /usr/bin/cmake --install /home/chayanin09/uros_ws/build/imu_calibration
[0.565s] Level 1:colcon.colcon_core.environment:create_environment_scripts_only(imu_calibration)
[0.565s] Level 1:colcon.colcon_core.environment:checking '/home/chayanin09/uros_ws/install/imu_calibration' for CMake module files
[0.565s] DEBUG:colcon.colcon_core.event_handler.log_command:Invoked command in '/home/chayanin09/uros_ws/build/imu_calibration' returned '0': CMAKE_PREFIX_PATH=${CMAKE_PREFIX_PATH}:/opt/ros/humble /usr/bin/cmake --install /home/chayanin09/uros_ws/build/imu_calibration
[0.565s] Level 1:colcon.colcon_core.environment:checking '/home/chayanin09/uros_ws/install/imu_calibration' for CMake config files
[0.566s] Level 1:colcon.colcon_core.shell:create_environment_hook('imu_calibration', 'cmake_prefix_path')
[0.566s] INFO:colcon.colcon_core.shell:Creating environment hook '/home/chayanin09/uros_ws/install/imu_calibration/share/imu_calibration/hook/cmake_prefix_path.ps1'
[0.566s] INFO:colcon.colcon_core.shell:Creating environment descriptor '/home/chayanin09/uros_ws/install/imu_calibration/share/imu_calibration/hook/cmake_prefix_path.dsv'
[0.567s] INFO:colcon.colcon_core.shell:Creating environment hook '/home/chayanin09/uros_ws/install/imu_calibration/share/imu_calibration/hook/cmake_prefix_path.sh'
[0.567s] Level 1:colcon.colcon_core.environment:checking '/home/chayanin09/uros_ws/install/imu_calibration/lib'
[0.567s] Level 1:colcon.colcon_core.environment:checking '/home/chayanin09/uros_ws/install/imu_calibration/bin'
[0.567s] Level 1:colcon.colcon_core.environment:checking '/home/chayanin09/uros_ws/install/imu_calibration/lib/pkgconfig/imu_calibration.pc'
[0.568s] Level 1:colcon.colcon_core.environment:checking '/home/chayanin09/uros_ws/install/imu_calibration/lib/python3.10/site-packages'
[0.568s] Level 1:colcon.colcon_core.environment:checking '/home/chayanin09/uros_ws/install/imu_calibration/bin'
[0.568s] INFO:colcon.colcon_core.shell:Creating package script '/home/chayanin09/uros_ws/install/imu_calibration/share/imu_calibration/package.ps1'
[0.568s] INFO:colcon.colcon_core.shell:Creating package descriptor '/home/chayanin09/uros_ws/install/imu_calibration/share/imu_calibration/package.dsv'
[0.569s] INFO:colcon.colcon_core.shell:Creating package script '/home/chayanin09/uros_ws/install/imu_calibration/share/imu_calibration/package.sh'
[0.569s] INFO:colcon.colcon_core.shell:Creating package script '/home/chayanin09/uros_ws/install/imu_calibration/share/imu_calibration/package.bash'
[0.569s] INFO:colcon.colcon_core.shell:Creating package script '/home/chayanin09/uros_ws/install/imu_calibration/share/imu_calibration/package.zsh'
[0.570s] Level 1:colcon.colcon_core.environment:create_file_with_runtime_dependencies(/home/chayanin09/uros_ws/install/imu_calibration/share/colcon-core/packages/imu_calibration)
[0.591s] Level 1:colcon.colcon_core.environment:create_environment_scripts_only(imu_calibration)
[0.591s] Level 1:colcon.colcon_core.environment:checking '/home/chayanin09/uros_ws/install/imu_calibration' for CMake module files
[0.591s] Level 1:colcon.colcon_core.environment:checking '/home/chayanin09/uros_ws/install/imu_calibration' for CMake config files
[0.591s] Level 1:colcon.colcon_core.shell:create_environment_hook('imu_calibration', 'cmake_prefix_path')
[0.592s] INFO:colcon.colcon_core.shell:Creating environment hook '/home/chayanin09/uros_ws/install/imu_calibration/share/imu_calibration/hook/cmake_prefix_path.ps1'
[0.592s] INFO:colcon.colcon_core.shell:Creating environment descriptor '/home/chayanin09/uros_ws/install/imu_calibration/share/imu_calibration/hook/cmake_prefix_path.dsv'
[0.592s] INFO:colcon.colcon_core.shell:Creating environment hook '/home/chayanin09/uros_ws/install/imu_calibration/share/imu_calibration/hook/cmake_prefix_path.sh'
[0.592s] Level 1:colcon.colcon_core.environment:checking '/home/chayanin09/uros_ws/install/imu_calibration/lib'
[0.593s] Level 1:colcon.colcon_core.environment:checking '/home/chayanin09/uros_ws/install/imu_calibration/bin'
[0.593s] Level 1:colcon.colcon_core.environment:checking '/home/chayanin09/uros_ws/install/imu_calibration/lib/pkgconfig/imu_calibration.pc'
[0.593s] Level 1:colcon.colcon_core.environment:checking '/home/chayanin09/uros_ws/install/imu_calibration/lib/python3.10/site-packages'
[0.593s] Level 1:colcon.colcon_core.environment:checking '/home/chayanin09/uros_ws/install/imu_calibration/bin'
[0.593s] INFO:colcon.colcon_core.shell:Creating package script '/home/chayanin09/uros_ws/install/imu_calibration/share/imu_calibration/package.ps1'
[0.593s] INFO:colcon.colcon_core.shell:Creating package descriptor '/home/chayanin09/uros_ws/install/imu_calibration/share/imu_calibration/package.dsv'
[0.594s] INFO:colcon.colcon_core.shell:Creating package script '/home/chayanin09/uros_ws/install/imu_calibration/share/imu_calibration/package.sh'
[0.594s] INFO:colcon.colcon_core.shell:Creating package script '/home/chayanin09/uros_ws/install/imu_calibration/share/imu_calibration/package.bash'
[0.594s] INFO:colcon.colcon_core.shell:Creating package script '/home/chayanin09/uros_ws/install/imu_calibration/share/imu_calibration/package.zsh'
[0.594s] Level 1:colcon.colcon_core.environment:create_file_with_runtime_dependencies(/home/chayanin09/uros_ws/install/imu_calibration/share/colcon-core/packages/imu_calibration)
[0.599s] DEBUG:colcon.colcon_core.event_handler.log_command:Invoking command in '/home/chayanin09/uros_ws/build/micro_ros_msgs': CMAKE_PREFIX_PATH=${CMAKE_PREFIX_PATH}:/opt/ros/humble /usr/bin/cmake --install /home/chayanin09/uros_ws/build/micro_ros_msgs
[0.635s] Level 1:colcon.colcon_core.environment:create_environment_scripts_only(micro_ros_msgs)
[0.636s] Level 1:colcon.colcon_core.environment:checking '/home/chayanin09/uros_ws/install/micro_ros_msgs' for CMake module files
[0.636s] DEBUG:colcon.colcon_core.event_handler.log_command:Invoked command in '/home/chayanin09/uros_ws/build/micro_ros_msgs' returned '0': CMAKE_PREFIX_PATH=${CMAKE_PREFIX_PATH}:/opt/ros/humble /usr/bin/cmake --install /home/chayanin09/uros_ws/build/micro_ros_msgs
[0.636s] Level 1:colcon.colcon_core.environment:checking '/home/chayanin09/uros_ws/install/micro_ros_msgs' for CMake config files
[0.636s] Level 1:colcon.colcon_core.shell:create_environment_hook('micro_ros_msgs', 'cmake_prefix_path')
[0.636s] INFO:colcon.colcon_core.shell:Creating environment hook '/home/chayanin09/uros_ws/install/micro_ros_msgs/share/micro_ros_msgs/hook/cmake_prefix_path.ps1'
[0.637s] INFO:colcon.colcon_core.shell:Creating environment descriptor '/home/chayanin09/uros_ws/install/micro_ros_msgs/share/micro_ros_msgs/hook/cmake_prefix_path.dsv'
[0.637s] INFO:colcon.colcon_core.shell:Creating environment hook '/home/chayanin09/uros_ws/install/micro_ros_msgs/share/micro_ros_msgs/hook/cmake_prefix_path.sh'
[0.637s] Level 1:colcon.colcon_core.environment:checking '/home/chayanin09/uros_ws/install/micro_ros_msgs/lib'
[0.637s] Level 1:colcon.colcon_core.shell:create_environment_hook('micro_ros_msgs', 'ld_library_path_lib')
[0.638s] INFO:colcon.colcon_core.shell:Creating environment hook '/home/chayanin09/uros_ws/install/micro_ros_msgs/share/micro_ros_msgs/hook/ld_library_path_lib.ps1'
[0.638s] INFO:colcon.colcon_core.shell:Creating environment descriptor '/home/chayanin09/uros_ws/install/micro_ros_msgs/share/micro_ros_msgs/hook/ld_library_path_lib.dsv'
[0.638s] INFO:colcon.colcon_core.shell:Creating environment hook '/home/chayanin09/uros_ws/install/micro_ros_msgs/share/micro_ros_msgs/hook/ld_library_path_lib.sh'
[0.638s] Level 1:colcon.colcon_core.environment:checking '/home/chayanin09/uros_ws/install/micro_ros_msgs/bin'
[0.638s] Level 1:colcon.colcon_core.environment:checking '/home/chayanin09/uros_ws/install/micro_ros_msgs/lib/pkgconfig/micro_ros_msgs.pc'
[0.638s] Level 1:colcon.colcon_core.environment:checking '/home/chayanin09/uros_ws/install/micro_ros_msgs/lib/python3.10/site-packages'
[0.638s] Level 1:colcon.colcon_core.environment:checking '/home/chayanin09/uros_ws/install/micro_ros_msgs/bin'
[0.639s] INFO:colcon.colcon_core.shell:Creating package script '/home/chayanin09/uros_ws/install/micro_ros_msgs/share/micro_ros_msgs/package.ps1'
[0.639s] INFO:colcon.colcon_core.shell:Creating package descriptor '/home/chayanin09/uros_ws/install/micro_ros_msgs/share/micro_ros_msgs/package.dsv'
[0.639s] INFO:colcon.colcon_core.shell:Creating package script '/home/chayanin09/uros_ws/install/micro_ros_msgs/share/micro_ros_msgs/package.sh'
[0.639s] INFO:colcon.colcon_core.shell:Creating package script '/home/chayanin09/uros_ws/install/micro_ros_msgs/share/micro_ros_msgs/package.bash'
[0.640s] INFO:colcon.colcon_core.shell:Creating package script '/home/chayanin09/uros_ws/install/micro_ros_msgs/share/micro_ros_msgs/package.zsh'
[0.640s] Level 1:colcon.colcon_core.environment:create_file_with_runtime_dependencies(/home/chayanin09/uros_ws/install/micro_ros_msgs/share/colcon-core/packages/micro_ros_msgs)
[0.721s] Level 1:colcon.colcon_core.environment:create_environment_scripts_only(micro_ros_msgs)
[0.721s] Level 1:colcon.colcon_core.environment:checking '/home/chayanin09/uros_ws/install/micro_ros_msgs' for CMake module files
[0.721s] Level 1:colcon.colcon_core.environment:checking '/home/chayanin09/uros_ws/install/micro_ros_msgs' for CMake config files
[0.722s] Level 1:colcon.colcon_core.shell:create_environment_hook('micro_ros_msgs', 'cmake_prefix_path')
[0.722s] INFO:colcon.colcon_core.shell:Creating environment hook '/home/chayanin09/uros_ws/install/micro_ros_msgs/share/micro_ros_msgs/hook/cmake_prefix_path.ps1'
[0.722s] INFO:colcon.colcon_core.shell:Creating environment descriptor '/home/chayanin09/uros_ws/install/micro_ros_msgs/share/micro_ros_msgs/hook/cmake_prefix_path.dsv'
[0.722s] INFO:colcon.colcon_core.shell:Creating environment hook '/home/chayanin09/uros_ws/install/micro_ros_msgs/share/micro_ros_msgs/hook/cmake_prefix_path.sh'
[0.723s] Level 1:colcon.colcon_core.environment:checking '/home/chayanin09/uros_ws/install/micro_ros_msgs/lib'
[0.723s] Level 1:colcon.colcon_core.shell:create_environment_hook('micro_ros_msgs', 'ld_library_path_lib')
[0.723s] INFO:colcon.colcon_core.shell:Creating environment hook '/home/chayanin09/uros_ws/install/micro_ros_msgs/share/micro_ros_msgs/hook/ld_library_path_lib.ps1'
[0.723s] INFO:colcon.colcon_core.shell:Creating environment descriptor '/home/chayanin09/uros_ws/install/micro_ros_msgs/share/micro_ros_msgs/hook/ld_library_path_lib.dsv'
[0.723s] INFO:colcon.colcon_core.shell:Creating environment hook '/home/chayanin09/uros_ws/install/micro_ros_msgs/share/micro_ros_msgs/hook/ld_library_path_lib.sh'
[0.723s] Level 1:colcon.colcon_core.environment:checking '/home/chayanin09/uros_ws/install/micro_ros_msgs/bin'
[0.723s] Level 1:colcon.colcon_core.environment:checking '/home/chayanin09/uros_ws/install/micro_ros_msgs/lib/pkgconfig/micro_ros_msgs.pc'
[0.724s] Level 1:colcon.colcon_core.environment:checking '/home/chayanin09/uros_ws/install/micro_ros_msgs/lib/python3.10/site-packages'
[0.724s] Level 1:colcon.colcon_core.environment:checking '/home/chayanin09/uros_ws/install/micro_ros_msgs/bin'
[0.724s] INFO:colcon.colcon_core.shell:Creating package script '/home/chayanin09/uros_ws/install/micro_ros_msgs/share/micro_ros_msgs/package.ps1'
[0.724s] INFO:colcon.colcon_core.shell:Creating package descriptor '/home/chayanin09/uros_ws/install/micro_ros_msgs/share/micro_ros_msgs/package.dsv'
[0.725s] INFO:colcon.colcon_core.shell:Creating package script '/home/chayanin09/uros_ws/install/micro_ros_msgs/share/micro_ros_msgs/package.sh'
[0.725s] INFO:colcon.colcon_core.shell:Creating package script '/home/chayanin09/uros_ws/install/micro_ros_msgs/share/micro_ros_msgs/package.bash'
[0.725s] INFO:colcon.colcon_core.shell:Creating package script '/home/chayanin09/uros_ws/install/micro_ros_msgs/share/micro_ros_msgs/package.zsh'
[0.725s] Level 1:colcon.colcon_core.environment:create_file_with_runtime_dependencies(/home/chayanin09/uros_ws/install/micro_ros_msgs/share/colcon-core/packages/micro_ros_msgs)
[0.725s] INFO:colcon.colcon_ros.task.ament_cmake.build:Building ROS package in '/home/chayanin09/uros_ws/src/uros/micro-ROS-Agent/micro_ros_agent' with build type 'ament_cmake'
[0.725s] INFO:colcon.colcon_cmake.task.cmake.build:Building CMake package in '/home/chayanin09/uros_ws/src/uros/micro-ROS-Agent/micro_ros_agent'
[0.726s] INFO:colcon.colcon_core.shell:Skip shell extension 'powershell' for command environment: Not usable outside of PowerShell
[0.726s] DEBUG:colcon.colcon_core.shell:Skip shell extension 'dsv' for command environment
[0.733s] DEBUG:colcon.colcon_core.event_handler.log_command:Invoking command in '/home/chayanin09/uros_ws/build/micro_ros_agent': CMAKE_PREFIX_PATH=/home/chayanin09/uros_ws/install/micro_ros_msgs:/home/chayanin09/Documents/FUN4_ws/FUN4_6509/install/robot_control:/home/chayanin09/Documents/FUN4_ws/FUN4_6509/install/robot_action:/home/chayanin09/uros_ws/install/micro_ros_setup:/home/chayanin09/uros_ws/install/micro_ros_agent:/home/chayanin09/uros_ws/install/imu_custom_msg:/home/chayanin09/uros_ws/install/imu_calibration:/opt/ros/humble LD_LIBRARY_PATH=/home/chayanin09/uros_ws/install/micro_ros_msgs/lib:/home/chayanin09/Documents/FUN4_ws/FUN4_6509/install/robot_action/lib:/home/chayanin09/uros_ws/install/micro_ros_agent/lib:/home/chayanin09/uros_ws/install/imu_custom_msg/lib:/usr/lib/x86_64-linux-gnu/gazebo-11/plugins:/opt/ros/humble/opt/rviz_ogre_vendor/lib:/opt/ros/humble/lib/x86_64-linux-gnu:/opt/ros/humble/lib:/usr/share/gazebo/../../lib/x86_64-linux-gnu/gazebo-11/plugins /usr/bin/cmake --build /home/chayanin09/uros_ws/build/micro_ros_agent -- -j20 -l20
[0.790s] DEBUG:colcon.colcon_core.event_handler.log_command:Invoked command in '/home/chayanin09/uros_ws/build/micro_ros_agent' returned '0': CMAKE_PREFIX_PATH=/home/chayanin09/uros_ws/install/micro_ros_msgs:/home/chayanin09/Documents/FUN4_ws/FUN4_6509/install/robot_control:/home/chayanin09/Documents/FUN4_ws/FUN4_6509/install/robot_action:/home/chayanin09/uros_ws/install/micro_ros_setup:/home/chayanin09/uros_ws/install/micro_ros_agent:/home/chayanin09/uros_ws/install/imu_custom_msg:/home/chayanin09/uros_ws/install/imu_calibration:/opt/ros/humble LD_LIBRARY_PATH=/home/chayanin09/uros_ws/install/micro_ros_msgs/lib:/home/chayanin09/Documents/FUN4_ws/FUN4_6509/install/robot_action/lib:/home/chayanin09/uros_ws/install/micro_ros_agent/lib:/home/chayanin09/uros_ws/install/imu_custom_msg/lib:/usr/lib/x86_64-linux-gnu/gazebo-11/plugins:/opt/ros/humble/opt/rviz_ogre_vendor/lib:/opt/ros/humble/lib/x86_64-linux-gnu:/opt/ros/humble/lib:/usr/share/gazebo/../../lib/x86_64-linux-gnu/gazebo-11/plugins /usr/bin/cmake --build /home/chayanin09/uros_ws/build/micro_ros_agent -- -j20 -l20
[0.821s] DEBUG:colcon.colcon_core.event_handler.log_command:Invoking command in '/home/chayanin09/uros_ws/build/micro_ros_agent': CMAKE_PREFIX_PATH=/home/chayanin09/uros_ws/install/micro_ros_msgs:/home/chayanin09/Documents/FUN4_ws/FUN4_6509/install/robot_control:/home/chayanin09/Documents/FUN4_ws/FUN4_6509/install/robot_action:/home/chayanin09/uros_ws/install/micro_ros_setup:/home/chayanin09/uros_ws/install/micro_ros_agent:/home/chayanin09/uros_ws/install/imu_custom_msg:/home/chayanin09/uros_ws/install/imu_calibration:/opt/ros/humble LD_LIBRARY_PATH=/home/chayanin09/uros_ws/install/micro_ros_msgs/lib:/home/chayanin09/Documents/FUN4_ws/FUN4_6509/install/robot_action/lib:/home/chayanin09/uros_ws/install/micro_ros_agent/lib:/home/chayanin09/uros_ws/install/imu_custom_msg/lib:/usr/lib/x86_64-linux-gnu/gazebo-11/plugins:/opt/ros/humble/opt/rviz_ogre_vendor/lib:/opt/ros/humble/lib/x86_64-linux-gnu:/opt/ros/humble/lib:/usr/share/gazebo/../../lib/x86_64-linux-gnu/gazebo-11/plugins /usr/bin/cmake --install /home/chayanin09/uros_ws/build/micro_ros_agent
[0.829s] Level 1:colcon.colcon_core.environment:create_environment_scripts_only(micro_ros_agent)
[0.829s] Level 1:colcon.colcon_core.environment:checking '/home/chayanin09/uros_ws/install/micro_ros_agent' for CMake module files
[0.829s] DEBUG:colcon.colcon_core.event_handler.log_command:Invoked command in '/home/chayanin09/uros_ws/build/micro_ros_agent' returned '0': CMAKE_PREFIX_PATH=/home/chayanin09/uros_ws/install/micro_ros_msgs:/home/chayanin09/Documents/FUN4_ws/FUN4_6509/install/robot_control:/home/chayanin09/Documents/FUN4_ws/FUN4_6509/install/robot_action:/home/chayanin09/uros_ws/install/micro_ros_setup:/home/chayanin09/uros_ws/install/micro_ros_agent:/home/chayanin09/uros_ws/install/imu_custom_msg:/home/chayanin09/uros_ws/install/imu_calibration:/opt/ros/humble LD_LIBRARY_PATH=/home/chayanin09/uros_ws/install/micro_ros_msgs/lib:/home/chayanin09/Documents/FUN4_ws/FUN4_6509/install/robot_action/lib:/home/chayanin09/uros_ws/install/micro_ros_agent/lib:/home/chayanin09/uros_ws/install/imu_custom_msg/lib:/usr/lib/x86_64-linux-gnu/gazebo-11/plugins:/opt/ros/humble/opt/rviz_ogre_vendor/lib:/opt/ros/humble/lib/x86_64-linux-gnu:/opt/ros/humble/lib:/usr/share/gazebo/../../lib/x86_64-linux-gnu/gazebo-11/plugins /usr/bin/cmake --install /home/chayanin09/uros_ws/build/micro_ros_agent
[0.829s] Level 1:colcon.colcon_core.environment:checking '/home/chayanin09/uros_ws/install/micro_ros_agent' for CMake config files
[0.829s] Level 1:colcon.colcon_core.shell:create_environment_hook('micro_ros_agent', 'cmake_prefix_path')
[0.830s] INFO:colcon.colcon_core.shell:Creating environment hook '/home/chayanin09/uros_ws/install/micro_ros_agent/share/micro_ros_agent/hook/cmake_prefix_path.ps1'
[0.830s] INFO:colcon.colcon_core.shell:Creating environment descriptor '/home/chayanin09/uros_ws/install/micro_ros_agent/share/micro_ros_agent/hook/cmake_prefix_path.dsv'
[0.830s] INFO:colcon.colcon_core.shell:Creating environment hook '/home/chayanin09/uros_ws/install/micro_ros_agent/share/micro_ros_agent/hook/cmake_prefix_path.sh'
[0.830s] Level 1:colcon.colcon_core.environment:checking '/home/chayanin09/uros_ws/install/micro_ros_agent/lib'
[0.831s] Level 1:colcon.colcon_core.shell:create_environment_hook('micro_ros_agent', 'ld_library_path_lib')
[0.831s] INFO:colcon.colcon_core.shell:Creating environment hook '/home/chayanin09/uros_ws/install/micro_ros_agent/share/micro_ros_agent/hook/ld_library_path_lib.ps1'
[0.831s] INFO:colcon.colcon_core.shell:Creating environment descriptor '/home/chayanin09/uros_ws/install/micro_ros_agent/share/micro_ros_agent/hook/ld_library_path_lib.dsv'
[0.831s] INFO:colcon.colcon_core.shell:Creating environment hook '/home/chayanin09/uros_ws/install/micro_ros_agent/share/micro_ros_agent/hook/ld_library_path_lib.sh'
[0.831s] Level 1:colcon.colcon_core.environment:checking '/home/chayanin09/uros_ws/install/micro_ros_agent/bin'
[0.831s] Level 1:colcon.colcon_core.environment:checking '/home/chayanin09/uros_ws/install/micro_ros_agent/lib/pkgconfig/micro_ros_agent.pc'
[0.831s] Level 1:colcon.colcon_core.environment:checking '/home/chayanin09/uros_ws/install/micro_ros_agent/lib/python3.10/site-packages'
[0.831s] Level 1:colcon.colcon_core.environment:checking '/home/chayanin09/uros_ws/install/micro_ros_agent/bin'
[0.832s] INFO:colcon.colcon_core.shell:Creating package script '/home/chayanin09/uros_ws/install/micro_ros_agent/share/micro_ros_agent/package.ps1'
[0.832s] INFO:colcon.colcon_core.shell:Creating package descriptor '/home/chayanin09/uros_ws/install/micro_ros_agent/share/micro_ros_agent/package.dsv'
[0.832s] INFO:colcon.colcon_core.shell:Creating package script '/home/chayanin09/uros_ws/install/micro_ros_agent/share/micro_ros_agent/package.sh'
[0.832s] INFO:colcon.colcon_core.shell:Creating package script '/home/chayanin09/uros_ws/install/micro_ros_agent/share/micro_ros_agent/package.bash'
[0.832s] INFO:colcon.colcon_core.shell:Creating package script '/home/chayanin09/uros_ws/install/micro_ros_agent/share/micro_ros_agent/package.zsh'
[0.833s] Level 1:colcon.colcon_core.environment:create_file_with_runtime_dependencies(/home/chayanin09/uros_ws/install/micro_ros_agent/share/colcon-core/packages/micro_ros_agent)
[0.859s] Level 1:colcon.colcon_core.environment:create_environment_scripts_only(micro_ros_agent)
[0.860s] Level 1:colcon.colcon_core.environment:checking '/home/chayanin09/uros_ws/install/micro_ros_agent' for CMake module files
[0.860s] Level 1:colcon.colcon_core.environment:checking '/home/chayanin09/uros_ws/install/micro_ros_agent' for CMake config files
[0.860s] Level 1:colcon.colcon_core.shell:create_environment_hook('micro_ros_agent', 'cmake_prefix_path')
[0.860s] INFO:colcon.colcon_core.shell:Creating environment hook '/home/chayanin09/uros_ws/install/micro_ros_agent/share/micro_ros_agent/hook/cmake_prefix_path.ps1'
[0.860s] INFO:colcon.colcon_core.shell:Creating environment descriptor '/home/chayanin09/uros_ws/install/micro_ros_agent/share/micro_ros_agent/hook/cmake_prefix_path.dsv'
[0.861s] INFO:colcon.colcon_core.shell:Creating environment hook '/home/chayanin09/uros_ws/install/micro_ros_agent/share/micro_ros_agent/hook/cmake_prefix_path.sh'
[0.861s] Level 1:colcon.colcon_core.environment:checking '/home/chayanin09/uros_ws/install/micro_ros_agent/lib'
[0.861s] Level 1:colcon.colcon_core.shell:create_environment_hook('micro_ros_agent', 'ld_library_path_lib')
[0.861s] INFO:colcon.colcon_core.shell:Creating environment hook '/home/chayanin09/uros_ws/install/micro_ros_agent/share/micro_ros_agent/hook/ld_library_path_lib.ps1'
[0.861s] INFO:colcon.colcon_core.shell:Creating environment descriptor '/home/chayanin09/uros_ws/install/micro_ros_agent/share/micro_ros_agent/hook/ld_library_path_lib.dsv'
[0.862s] INFO:colcon.colcon_core.shell:Creating environment hook '/home/chayanin09/uros_ws/install/micro_ros_agent/share/micro_ros_agent/hook/ld_library_path_lib.sh'
[0.862s] Level 1:colcon.colcon_core.environment:checking '/home/chayanin09/uros_ws/install/micro_ros_agent/bin'
[0.862s] Level 1:colcon.colcon_core.environment:checking '/home/chayanin09/uros_ws/install/micro_ros_agent/lib/pkgconfig/micro_ros_agent.pc'
[0.862s] Level 1:colcon.colcon_core.environment:checking '/home/chayanin09/uros_ws/install/micro_ros_agent/lib/python3.10/site-packages'
[0.862s] Level 1:colcon.colcon_core.environment:checking '/home/chayanin09/uros_ws/install/micro_ros_agent/bin'
[0.862s] INFO:colcon.colcon_core.shell:Creating package script '/home/chayanin09/uros_ws/install/micro_ros_agent/share/micro_ros_agent/package.ps1'
[0.863s] INFO:colcon.colcon_core.shell:Creating package descriptor '/home/chayanin09/uros_ws/install/micro_ros_agent/share/micro_ros_agent/package.dsv'
[0.863s] INFO:colcon.colcon_core.shell:Creating package script '/home/chayanin09/uros_ws/install/micro_ros_agent/share/micro_ros_agent/package.sh'
[0.863s] INFO:colcon.colcon_core.shell:Creating package script '/home/chayanin09/uros_ws/install/micro_ros_agent/share/micro_ros_agent/package.bash'
[0.863s] INFO:colcon.colcon_core.shell:Creating package script '/home/chayanin09/uros_ws/install/micro_ros_agent/share/micro_ros_agent/package.zsh'
[0.863s] Level 1:colcon.colcon_core.environment:create_file_with_runtime_dependencies(/home/chayanin09/uros_ws/install/micro_ros_agent/share/colcon-core/packages/micro_ros_agent)
[2.558s] DEBUG:colcon.colcon_core.event_handler.log_command:Invoked command in '/home/chayanin09/uros_ws/build/imu_custom_msg' returned '0': CMAKE_PREFIX_PATH=${CMAKE_PREFIX_PATH}:/opt/ros/humble /usr/bin/cmake --build /home/chayanin09/uros_ws/build/imu_custom_msg -- -j20 -l20
[2.621s] DEBUG:colcon.colcon_core.event_handler.log_command:Invoking command in '/home/chayanin09/uros_ws/build/imu_custom_msg': CMAKE_PREFIX_PATH=${CMAKE_PREFIX_PATH}:/opt/ros/humble /usr/bin/cmake --install /home/chayanin09/uros_ws/build/imu_custom_msg
[2.662s] Level 1:colcon.colcon_core.environment:create_environment_scripts_only(imu_custom_msg)
[2.662s] Level 1:colcon.colcon_core.environment:checking '/home/chayanin09/uros_ws/install/imu_custom_msg' for CMake module files
[2.663s] DEBUG:colcon.colcon_core.event_handler.log_command:Invoked command in '/home/chayanin09/uros_ws/build/imu_custom_msg' returned '0': CMAKE_PREFIX_PATH=${CMAKE_PREFIX_PATH}:/opt/ros/humble /usr/bin/cmake --install /home/chayanin09/uros_ws/build/imu_custom_msg
[2.663s] Level 1:colcon.colcon_core.environment:checking '/home/chayanin09/uros_ws/install/imu_custom_msg' for CMake config files
[2.663s] Level 1:colcon.colcon_core.shell:create_environment_hook('imu_custom_msg', 'cmake_prefix_path')
[2.663s] INFO:colcon.colcon_core.shell:Creating environment hook '/home/chayanin09/uros_ws/install/imu_custom_msg/share/imu_custom_msg/hook/cmake_prefix_path.ps1'
[2.663s] INFO:colcon.colcon_core.shell:Creating environment descriptor '/home/chayanin09/uros_ws/install/imu_custom_msg/share/imu_custom_msg/hook/cmake_prefix_path.dsv'
[2.664s] INFO:colcon.colcon_core.shell:Creating environment hook '/home/chayanin09/uros_ws/install/imu_custom_msg/share/imu_custom_msg/hook/cmake_prefix_path.sh'
[2.664s] Level 1:colcon.colcon_core.environment:checking '/home/chayanin09/uros_ws/install/imu_custom_msg/lib'
[2.664s] Level 1:colcon.colcon_core.shell:create_environment_hook('imu_custom_msg', 'ld_library_path_lib')
[2.664s] INFO:colcon.colcon_core.shell:Creating environment hook '/home/chayanin09/uros_ws/install/imu_custom_msg/share/imu_custom_msg/hook/ld_library_path_lib.ps1'
[2.664s] INFO:colcon.colcon_core.shell:Creating environment descriptor '/home/chayanin09/uros_ws/install/imu_custom_msg/share/imu_custom_msg/hook/ld_library_path_lib.dsv'
[2.664s] INFO:colcon.colcon_core.shell:Creating environment hook '/home/chayanin09/uros_ws/install/imu_custom_msg/share/imu_custom_msg/hook/ld_library_path_lib.sh'
[2.664s] Level 1:colcon.colcon_core.environment:checking '/home/chayanin09/uros_ws/install/imu_custom_msg/bin'
[2.664s] Level 1:colcon.colcon_core.environment:checking '/home/chayanin09/uros_ws/install/imu_custom_msg/lib/pkgconfig/imu_custom_msg.pc'
[2.665s] Level 1:colcon.colcon_core.environment:checking '/home/chayanin09/uros_ws/install/imu_custom_msg/lib/python3.10/site-packages'
[2.665s] Level 1:colcon.colcon_core.environment:checking '/home/chayanin09/uros_ws/install/imu_custom_msg/bin'
[2.665s] INFO:colcon.colcon_core.shell:Creating package script '/home/chayanin09/uros_ws/install/imu_custom_msg/share/imu_custom_msg/package.ps1'
[2.665s] INFO:colcon.colcon_core.shell:Creating package descriptor '/home/chayanin09/uros_ws/install/imu_custom_msg/share/imu_custom_msg/package.dsv'
[2.665s] INFO:colcon.colcon_core.shell:Creating package script '/home/chayanin09/uros_ws/install/imu_custom_msg/share/imu_custom_msg/package.sh'
[2.666s] INFO:colcon.colcon_core.shell:Creating package script '/home/chayanin09/uros_ws/install/imu_custom_msg/share/imu_custom_msg/package.bash'
[2.666s] INFO:colcon.colcon_core.shell:Creating package script '/home/chayanin09/uros_ws/install/imu_custom_msg/share/imu_custom_msg/package.zsh'
[2.666s] Level 1:colcon.colcon_core.environment:create_file_with_runtime_dependencies(/home/chayanin09/uros_ws/install/imu_custom_msg/share/colcon-core/packages/imu_custom_msg)
[2.736s] Level 1:colcon.colcon_core.environment:create_environment_scripts_only(imu_custom_msg)
[2.736s] Level 1:colcon.colcon_core.environment:checking '/home/chayanin09/uros_ws/install/imu_custom_msg' for CMake module files
[2.736s] Level 1:colcon.colcon_core.environment:checking '/home/chayanin09/uros_ws/install/imu_custom_msg' for CMake config files
[2.737s] Level 1:colcon.colcon_core.shell:create_environment_hook('imu_custom_msg', 'cmake_prefix_path')
[2.737s] INFO:colcon.colcon_core.shell:Creating environment hook '/home/chayanin09/uros_ws/install/imu_custom_msg/share/imu_custom_msg/hook/cmake_prefix_path.ps1'
[2.737s] INFO:colcon.colcon_core.shell:Creating environment descriptor '/home/chayanin09/uros_ws/install/imu_custom_msg/share/imu_custom_msg/hook/cmake_prefix_path.dsv'
[2.737s] INFO:colcon.colcon_core.shell:Creating environment hook '/home/chayanin09/uros_ws/install/imu_custom_msg/share/imu_custom_msg/hook/cmake_prefix_path.sh'
[2.737s] Level 1:colcon.colcon_core.environment:checking '/home/chayanin09/uros_ws/install/imu_custom_msg/lib'
[2.738s] Level 1:colcon.colcon_core.shell:create_environment_hook('imu_custom_msg', 'ld_library_path_lib')
[2.738s] INFO:colcon.colcon_core.shell:Creating environment hook '/home/chayanin09/uros_ws/install/imu_custom_msg/share/imu_custom_msg/hook/ld_library_path_lib.ps1'
[2.738s] INFO:colcon.colcon_core.shell:Creating environment descriptor '/home/chayanin09/uros_ws/install/imu_custom_msg/share/imu_custom_msg/hook/ld_library_path_lib.dsv'
[2.738s] INFO:colcon.colcon_core.shell:Creating environment hook '/home/chayanin09/uros_ws/install/imu_custom_msg/share/imu_custom_msg/hook/ld_library_path_lib.sh'
[2.738s] Level 1:colcon.colcon_core.environment:checking '/home/chayanin09/uros_ws/install/imu_custom_msg/bin'
[2.738s] Level 1:colcon.colcon_core.environment:checking '/home/chayanin09/uros_ws/install/imu_custom_msg/lib/pkgconfig/imu_custom_msg.pc'
[2.738s] Level 1:colcon.colcon_core.environment:checking '/home/chayanin09/uros_ws/install/imu_custom_msg/lib/python3.10/site-packages'
[2.739s] Level 1:colcon.colcon_core.environment:checking '/home/chayanin09/uros_ws/install/imu_custom_msg/bin'
[2.739s] INFO:colcon.colcon_core.shell:Creating package script '/home/chayanin09/uros_ws/install/imu_custom_msg/share/imu_custom_msg/package.ps1'
[2.739s] INFO:colcon.colcon_core.shell:Creating package descriptor '/home/chayanin09/uros_ws/install/imu_custom_msg/share/imu_custom_msg/package.dsv'
[2.739s] INFO:colcon.colcon_core.shell:Creating package script '/home/chayanin09/uros_ws/install/imu_custom_msg/share/imu_custom_msg/package.sh'
[2.739s] INFO:colcon.colcon_core.shell:Creating package script '/home/chayanin09/uros_ws/install/imu_custom_msg/share/imu_custom_msg/package.bash'
[2.740s] INFO:colcon.colcon_core.shell:Creating package script '/home/chayanin09/uros_ws/install/imu_custom_msg/share/imu_custom_msg/package.zsh'
[2.740s] Level 1:colcon.colcon_core.environment:create_file_with_runtime_dependencies(/home/chayanin09/uros_ws/install/imu_custom_msg/share/colcon-core/packages/imu_custom_msg)
[2.740s] DEBUG:colcon.colcon_parallel_executor.executor.parallel:closing loop
[2.741s] DEBUG:colcon.colcon_parallel_executor.executor.parallel:loop closed
[2.741s] DEBUG:colcon.colcon_parallel_executor.executor.parallel:run_until_complete finished with '0'
[2.741s] DEBUG:colcon.colcon_core.event_reactor:joining thread
[2.744s] INFO:colcon.colcon_core.plugin_system:Skipping extension 'colcon_notification.desktop_notification.terminal_notifier': Not used on non-Darwin systems
[2.744s] INFO:colcon.colcon_core.plugin_system:Skipping extension 'colcon_notification.desktop_notification.win32': Not used on non-Windows systems
[2.744s] INFO:colcon.colcon_notification.desktop_notification:Sending desktop notification using 'notify2'
[2.752s] DEBUG:colcon.colcon_core.event_reactor:joined thread
[2.752s] INFO:colcon.colcon_core.shell:Creating prefix script '/home/chayanin09/uros_ws/install/local_setup.ps1'
[2.753s] INFO:colcon.colcon_core.shell:Creating prefix util module '/home/chayanin09/uros_ws/install/_local_setup_util_ps1.py'
[2.754s] INFO:colcon.colcon_core.shell:Creating prefix chain script '/home/chayanin09/uros_ws/install/setup.ps1'
[2.754s] INFO:colcon.colcon_core.shell:Creating prefix script '/home/chayanin09/uros_ws/install/local_setup.sh'
[2.755s] INFO:colcon.colcon_core.shell:Creating prefix util module '/home/chayanin09/uros_ws/install/_local_setup_util_sh.py'
[2.755s] INFO:colcon.colcon_core.shell:Creating prefix chain script '/home/chayanin09/uros_ws/install/setup.sh'
[2.756s] INFO:colcon.colcon_core.shell:Creating prefix script '/home/chayanin09/uros_ws/install/local_setup.bash'
[2.756s] INFO:colcon.colcon_core.shell:Creating prefix chain script '/home/chayanin09/uros_ws/install/setup.bash'
[2.757s] INFO:colcon.colcon_core.shell:Creating prefix script '/home/chayanin09/uros_ws/install/local_setup.zsh'
[2.758s] INFO:colcon.colcon_core.shell:Creating prefix chain script '/home/chayanin09/uros_ws/install/setup.zsh'
