[0.068s] DEBUG:colcon:Command line arguments: ['/usr/bin/colcon', 'build']
[0.068s] DEBUG:colcon:Parsed command line arguments: Namespace(log_base=None, log_level=None, verb_name='build', build_base='build', install_base='install', merge_install=False, symlink_install=False, test_result_base=None, continue_on_error=False, executor='parallel', parallel_workers=16, event_handlers=None, ignore_user_meta=False, metas=['./colcon.meta'], base_paths=['.'], packages_ignore=None, packages_ignore_regex=None, paths=None, packages_up_to=None, packages_up_to_regex=None, packages_above=None, packages_above_and_dependencies=None, packages_above_depth=None, packages_select_by_dep=None, packages_skip_by_dep=None, packages_skip_up_to=None, packages_select_build_failed=False, packages_skip_build_finished=False, packages_select_test_failures=False, packages_skip_test_passed=False, packages_select=None, packages_skip=None, packages_select_regex=None, packages_skip_regex=None, packages_start=None, packages_end=None, allow_overriding=[], cmake_args=None, cmake_target=None, cmake_target_skip_unavailable=False, cmake_clean_cache=False, cmake_clean_first=False, cmake_force_configure=False, ament_cmake_args=None, catkin_cmake_args=None, catkin_skip_building_tests=False, verb_parser=<colcon_defaults.argument_parser.defaults.DefaultArgumentsDecorator object at 0x70a276b517e0>, verb_extension=<colcon_core.verb.build.BuildVerb object at 0x70a276b512d0>, main=<bound method BuildVerb.main of <colcon_core.verb.build.BuildVerb object at 0x70a276b512d0>>)
[0.178s] Level 1:colcon.colcon_core.package_discovery:discover_packages(colcon_meta) check parameters
[0.179s] Level 1:colcon.colcon_core.package_discovery:discover_packages(recursive) check parameters
[0.179s] Level 1:colcon.colcon_core.package_discovery:discover_packages(ignore) check parameters
[0.179s] Level 1:colcon.colcon_core.package_discovery:discover_packages(path) check parameters
[0.179s] Level 1:colcon.colcon_core.package_discovery:discover_packages(colcon_meta) discover
[0.179s] Level 1:colcon.colcon_core.package_discovery:discover_packages(recursive) discover
[0.179s] INFO:colcon.colcon_core.package_discovery:Crawling recursively for packages in '/home/waritt/imu_force_ws_main'
[0.179s] Level 1:colcon.colcon_core.package_identification:_identify(.) by extensions ['ignore', 'ignore_ament_install']
[0.179s] Level 1:colcon.colcon_core.package_identification:_identify(.) by extension 'ignore'
[0.179s] Level 1:colcon.colcon_core.package_identification:_identify(.) by extension 'ignore_ament_install'
[0.179s] Level 1:colcon.colcon_core.package_identification:_identify(.) by extensions ['colcon_pkg']
[0.179s] Level 1:colcon.colcon_core.package_identification:_identify(.) by extension 'colcon_pkg'
[0.179s] Level 1:colcon.colcon_core.package_identification:_identify(.) by extensions ['colcon_meta']
[0.179s] Level 1:colcon.colcon_core.package_identification:_identify(.) by extension 'colcon_meta'
[0.179s] Level 1:colcon.colcon_core.package_identification:_identify(.) by extensions ['ros']
[0.179s] Level 1:colcon.colcon_core.package_identification:_identify(.) by extension 'ros'
[0.186s] Level 1:colcon.colcon_core.package_identification:_identify(.) by extensions ['cmake', 'python']
[0.186s] Level 1:colcon.colcon_core.package_identification:_identify(.) by extension 'cmake'
[0.186s] Level 1:colcon.colcon_core.package_identification:_identify(.) by extension 'python'
[0.186s] Level 1:colcon.colcon_core.package_identification:_identify(.) by extensions ['python_setup_py']
[0.186s] Level 1:colcon.colcon_core.package_identification:_identify(.) by extension 'python_setup_py'
[0.186s] Level 1:colcon.colcon_core.package_identification:_identify(build) by extensions ['ignore', 'ignore_ament_install']
[0.186s] Level 1:colcon.colcon_core.package_identification:_identify(build) by extension 'ignore'
[0.186s] Level 1:colcon.colcon_core.package_identification:_identify(build) ignored
[0.186s] Level 1:colcon.colcon_core.package_identification:_identify(firmware) by extensions ['ignore', 'ignore_ament_install']
[0.186s] Level 1:colcon.colcon_core.package_identification:_identify(firmware) by extension 'ignore'
[0.186s] Level 1:colcon.colcon_core.package_identification:_identify(firmware) ignored
[0.186s] Level 1:colcon.colcon_core.package_identification:_identify(install) by extensions ['ignore', 'ignore_ament_install']
[0.186s] Level 1:colcon.colcon_core.package_identification:_identify(install) by extension 'ignore'
[0.186s] Level 1:colcon.colcon_core.package_identification:_identify(install) ignored
[0.186s] Level 1:colcon.colcon_core.package_identification:_identify(log) by extensions ['ignore', 'ignore_ament_install']
[0.186s] Level 1:colcon.colcon_core.package_identification:_identify(log) by extension 'ignore'
[0.186s] Level 1:colcon.colcon_core.package_identification:_identify(log) ignored
[0.186s] Level 1:colcon.colcon_core.package_identification:_identify(src) by extensions ['ignore', 'ignore_ament_install']
[0.186s] Level 1:colcon.colcon_core.package_identification:_identify(src) by extension 'ignore'
[0.186s] Level 1:colcon.colcon_core.package_identification:_identify(src) by extension 'ignore_ament_install'
[0.186s] Level 1:colcon.colcon_core.package_identification:_identify(src) by extensions ['colcon_pkg']
[0.186s] Level 1:colcon.colcon_core.package_identification:_identify(src) by extension 'colcon_pkg'
[0.186s] Level 1:colcon.colcon_core.package_identification:_identify(src) by extensions ['colcon_meta']
[0.186s] Level 1:colcon.colcon_core.package_identification:_identify(src) by extension 'colcon_meta'
[0.186s] Level 1:colcon.colcon_core.package_identification:_identify(src) by extensions ['ros']
[0.186s] Level 1:colcon.colcon_core.package_identification:_identify(src) by extension 'ros'
[0.186s] Level 1:colcon.colcon_core.package_identification:_identify(src) by extensions ['cmake', 'python']
[0.186s] Level 1:colcon.colcon_core.package_identification:_identify(src) by extension 'cmake'
[0.186s] Level 1:colcon.colcon_core.package_identification:_identify(src) by extension 'python'
[0.186s] Level 1:colcon.colcon_core.package_identification:_identify(src) by extensions ['python_setup_py']
[0.186s] Level 1:colcon.colcon_core.package_identification:_identify(src) by extension 'python_setup_py'
[0.187s] Level 1:colcon.colcon_core.package_identification:_identify(src/IMU_calibrator) by extensions ['ignore', 'ignore_ament_install']
[0.187s] Level 1:colcon.colcon_core.package_identification:_identify(src/IMU_calibrator) by extension 'ignore'
[0.187s] Level 1:colcon.colcon_core.package_identification:_identify(src/IMU_calibrator) by extension 'ignore_ament_install'
[0.187s] Level 1:colcon.colcon_core.package_identification:_identify(src/IMU_calibrator) by extensions ['colcon_pkg']
[0.187s] Level 1:colcon.colcon_core.package_identification:_identify(src/IMU_calibrator) by extension 'colcon_pkg'
[0.187s] Level 1:colcon.colcon_core.package_identification:_identify(src/IMU_calibrator) by extensions ['colcon_meta']
[0.187s] Level 1:colcon.colcon_core.package_identification:_identify(src/IMU_calibrator) by extension 'colcon_meta'
[0.187s] Level 1:colcon.colcon_core.package_identification:_identify(src/IMU_calibrator) by extensions ['ros']
[0.187s] Level 1:colcon.colcon_core.package_identification:_identify(src/IMU_calibrator) by extension 'ros'
[0.188s] DEBUG:colcon.colcon_core.package_identification:Package 'src/IMU_calibrator' with type 'ros.ament_cmake' and name 'imu_calibration'
[0.188s] Level 1:colcon.colcon_core.package_identification:_identify(src/imu_custom_msg) by extensions ['ignore', 'ignore_ament_install']
[0.188s] Level 1:colcon.colcon_core.package_identification:_identify(src/imu_custom_msg) by extension 'ignore'
[0.188s] Level 1:colcon.colcon_core.package_identification:_identify(src/imu_custom_msg) by extension 'ignore_ament_install'
[0.188s] Level 1:colcon.colcon_core.package_identification:_identify(src/imu_custom_msg) by extensions ['colcon_pkg']
[0.188s] Level 1:colcon.colcon_core.package_identification:_identify(src/imu_custom_msg) by extension 'colcon_pkg'
[0.188s] Level 1:colcon.colcon_core.package_identification:_identify(src/imu_custom_msg) by extensions ['colcon_meta']
[0.188s] Level 1:colcon.colcon_core.package_identification:_identify(src/imu_custom_msg) by extension 'colcon_meta'
[0.188s] Level 1:colcon.colcon_core.package_identification:_identify(src/imu_custom_msg) by extensions ['ros']
[0.189s] Level 1:colcon.colcon_core.package_identification:_identify(src/imu_custom_msg) by extension 'ros'
[0.189s] DEBUG:colcon.colcon_core.package_identification:Package 'src/imu_custom_msg' with type 'ros.ament_cmake' and name 'imu_custom_msg'
[0.189s] Level 1:colcon.colcon_core.package_identification:_identify(src/imu_force_description) by extensions ['ignore', 'ignore_ament_install']
[0.189s] Level 1:colcon.colcon_core.package_identification:_identify(src/imu_force_description) by extension 'ignore'
[0.189s] Level 1:colcon.colcon_core.package_identification:_identify(src/imu_force_description) by extension 'ignore_ament_install'
[0.189s] Level 1:colcon.colcon_core.package_identification:_identify(src/imu_force_description) by extensions ['colcon_pkg']
[0.189s] Level 1:colcon.colcon_core.package_identification:_identify(src/imu_force_description) by extension 'colcon_pkg'
[0.189s] Level 1:colcon.colcon_core.package_identification:_identify(src/imu_force_description) by extensions ['colcon_meta']
[0.189s] Level 1:colcon.colcon_core.package_identification:_identify(src/imu_force_description) by extension 'colcon_meta'
[0.189s] Level 1:colcon.colcon_core.package_identification:_identify(src/imu_force_description) by extensions ['ros']
[0.189s] Level 1:colcon.colcon_core.package_identification:_identify(src/imu_force_description) by extension 'ros'
[0.190s] DEBUG:colcon.colcon_core.package_identification:Package 'src/imu_force_description' with type 'ros.ament_cmake' and name 'imu_force_description'
[0.190s] Level 1:colcon.colcon_core.package_identification:_identify(src/imu_force_gazebo) by extensions ['ignore', 'ignore_ament_install']
[0.190s] Level 1:colcon.colcon_core.package_identification:_identify(src/imu_force_gazebo) by extension 'ignore'
[0.190s] Level 1:colcon.colcon_core.package_identification:_identify(src/imu_force_gazebo) by extension 'ignore_ament_install'
[0.190s] Level 1:colcon.colcon_core.package_identification:_identify(src/imu_force_gazebo) by extensions ['colcon_pkg']
[0.190s] Level 1:colcon.colcon_core.package_identification:_identify(src/imu_force_gazebo) by extension 'colcon_pkg'
[0.190s] Level 1:colcon.colcon_core.package_identification:_identify(src/imu_force_gazebo) by extensions ['colcon_meta']
[0.190s] Level 1:colcon.colcon_core.package_identification:_identify(src/imu_force_gazebo) by extension 'colcon_meta'
[0.190s] Level 1:colcon.colcon_core.package_identification:_identify(src/imu_force_gazebo) by extensions ['ros']
[0.190s] Level 1:colcon.colcon_core.package_identification:_identify(src/imu_force_gazebo) by extension 'ros'
[0.190s] DEBUG:colcon.colcon_core.package_identification:Package 'src/imu_force_gazebo' with type 'ros.ament_cmake' and name 'imu_force_gazebo'
[0.190s] Level 1:colcon.colcon_core.package_discovery:discover_packages(recursive) using defaults
[0.190s] Level 1:colcon.colcon_core.package_discovery:discover_packages(ignore) discover
[0.190s] Level 1:colcon.colcon_core.package_discovery:discover_packages(ignore) using defaults
[0.190s] Level 1:colcon.colcon_core.package_discovery:discover_packages(path) discover
[0.190s] Level 1:colcon.colcon_core.package_discovery:discover_packages(path) using defaults
[0.209s] Level 1:colcon.colcon_core.package_discovery:discover_packages(prefix_path) check parameters
[0.209s] Level 1:colcon.colcon_core.package_discovery:discover_packages(prefix_path) discover
[0.209s] WARNING:colcon.colcon_core.prefix_path.colcon:The path '/home/waritt/imu_force_ws_main/src/install' in the environment variable COLCON_PREFIX_PATH doesn't exist
[0.209s] WARNING:colcon.colcon_ros.prefix_path.ament:The path '/home/waritt/imu_force_ws_main/src/install/imu_force_gazebo' in the environment variable AMENT_PREFIX_PATH doesn't exist
[0.209s] WARNING:colcon.colcon_ros.prefix_path.ament:The path '/home/waritt/imu_force_ws_main/src/install/imu_force_description' in the environment variable AMENT_PREFIX_PATH doesn't exist
[0.209s] WARNING:colcon.colcon_ros.prefix_path.ament:The path '/home/waritt/imu_force_ws_main/src/install/imu_custom_msg' in the environment variable AMENT_PREFIX_PATH doesn't exist
[0.209s] WARNING:colcon.colcon_ros.prefix_path.ament:The path '/home/waritt/imu_force_ws_main/src/install/imu_calibration' in the environment variable AMENT_PREFIX_PATH doesn't exist
[0.210s] WARNING:colcon.colcon_ros.prefix_path.catkin:The path '/home/waritt/imu_force_ws_main/src/install/imu_force_gazebo' in the environment variable CMAKE_PREFIX_PATH doesn't exist
[0.210s] WARNING:colcon.colcon_ros.prefix_path.catkin:The path '/home/waritt/imu_force_ws_main/src/install/imu_force_description' in the environment variable CMAKE_PREFIX_PATH doesn't exist
[0.210s] WARNING:colcon.colcon_ros.prefix_path.catkin:The path '/home/waritt/imu_force_ws_main/src/install/imu_custom_msg' in the environment variable CMAKE_PREFIX_PATH doesn't exist
[0.210s] WARNING:colcon.colcon_ros.prefix_path.catkin:The path '/home/waritt/imu_force_ws_main/src/install/imu_calibration' in the environment variable CMAKE_PREFIX_PATH doesn't exist
[0.210s] DEBUG:colcon.colcon_installed_package_information.package_discovery:Found 2 installed packages in /home/waritt/human_arm_ws/install
[0.211s] DEBUG:colcon.colcon_installed_package_information.package_discovery:Found 2 installed packages in /home/waritt/fun5mini_ws/install
[0.211s] DEBUG:colcon.colcon_installed_package_information.package_discovery:Found 6 installed packages in /home/waritt/urosrobotsim_ws/install
[0.211s] DEBUG:colcon.colcon_installed_package_information.package_discovery:Found 5 installed packages in /home/waritt/uros_ws/install
[0.211s] DEBUG:colcon.colcon_installed_package_information.package_discovery:Found 2 installed packages in /home/waritt/robotsim_ws/install
[0.212s] DEBUG:colcon.colcon_installed_package_information.package_discovery:Found 12 installed packages in /home/waritt/ros2_ws/install
[0.213s] DEBUG:colcon.colcon_installed_package_information.package_discovery:Found 421 installed packages in /opt/ros/humble
[0.214s] Level 1:colcon.colcon_core.package_discovery:discover_packages(prefix_path) using defaults
[0.245s] Level 5:colcon.colcon_core.verb:set package 'imu_calibration' build argument 'cmake_args' from command line to 'None'
[0.245s] Level 5:colcon.colcon_core.verb:set package 'imu_calibration' build argument 'cmake_target' from command line to 'None'
[0.245s] Level 5:colcon.colcon_core.verb:set package 'imu_calibration' build argument 'cmake_target_skip_unavailable' from command line to 'False'
[0.245s] Level 5:colcon.colcon_core.verb:set package 'imu_calibration' build argument 'cmake_clean_cache' from command line to 'False'
[0.245s] Level 5:colcon.colcon_core.verb:set package 'imu_calibration' build argument 'cmake_clean_first' from command line to 'False'
[0.245s] Level 5:colcon.colcon_core.verb:set package 'imu_calibration' build argument 'cmake_force_configure' from command line to 'False'
[0.245s] Level 5:colcon.colcon_core.verb:set package 'imu_calibration' build argument 'ament_cmake_args' from command line to 'None'
[0.245s] Level 5:colcon.colcon_core.verb:set package 'imu_calibration' build argument 'catkin_cmake_args' from command line to 'None'
[0.245s] Level 5:colcon.colcon_core.verb:set package 'imu_calibration' build argument 'catkin_skip_building_tests' from command line to 'False'
[0.245s] DEBUG:colcon.colcon_core.verb:Building package 'imu_calibration' with the following arguments: {'ament_cmake_args': None, 'build_base': '/home/waritt/imu_force_ws_main/build/imu_calibration', 'catkin_cmake_args': None, 'catkin_skip_building_tests': False, 'cmake_args': None, 'cmake_clean_cache': False, 'cmake_clean_first': False, 'cmake_force_configure': False, 'cmake_target': None, 'cmake_target_skip_unavailable': False, 'install_base': '/home/waritt/imu_force_ws_main/install/imu_calibration', 'merge_install': False, 'path': '/home/waritt/imu_force_ws_main/src/IMU_calibrator', 'symlink_install': False, 'test_result_base': None}
[0.245s] Level 5:colcon.colcon_core.verb:set package 'imu_custom_msg' build argument 'cmake_args' from command line to 'None'
[0.245s] Level 5:colcon.colcon_core.verb:set package 'imu_custom_msg' build argument 'cmake_target' from command line to 'None'
[0.245s] Level 5:colcon.colcon_core.verb:set package 'imu_custom_msg' build argument 'cmake_target_skip_unavailable' from command line to 'False'
[0.245s] Level 5:colcon.colcon_core.verb:set package 'imu_custom_msg' build argument 'cmake_clean_cache' from command line to 'False'
[0.245s] Level 5:colcon.colcon_core.verb:set package 'imu_custom_msg' build argument 'cmake_clean_first' from command line to 'False'
[0.245s] Level 5:colcon.colcon_core.verb:set package 'imu_custom_msg' build argument 'cmake_force_configure' from command line to 'False'
[0.245s] Level 5:colcon.colcon_core.verb:set package 'imu_custom_msg' build argument 'ament_cmake_args' from command line to 'None'
[0.245s] Level 5:colcon.colcon_core.verb:set package 'imu_custom_msg' build argument 'catkin_cmake_args' from command line to 'None'
[0.245s] Level 5:colcon.colcon_core.verb:set package 'imu_custom_msg' build argument 'catkin_skip_building_tests' from command line to 'False'
[0.245s] DEBUG:colcon.colcon_core.verb:Building package 'imu_custom_msg' with the following arguments: {'ament_cmake_args': None, 'build_base': '/home/waritt/imu_force_ws_main/build/imu_custom_msg', 'catkin_cmake_args': None, 'catkin_skip_building_tests': False, 'cmake_args': None, 'cmake_clean_cache': False, 'cmake_clean_first': False, 'cmake_force_configure': False, 'cmake_target': None, 'cmake_target_skip_unavailable': False, 'install_base': '/home/waritt/imu_force_ws_main/install/imu_custom_msg', 'merge_install': False, 'path': '/home/waritt/imu_force_ws_main/src/imu_custom_msg', 'symlink_install': False, 'test_result_base': None}
[0.245s] Level 5:colcon.colcon_core.verb:set package 'imu_force_description' build argument 'cmake_args' from command line to 'None'
[0.245s] Level 5:colcon.colcon_core.verb:set package 'imu_force_description' build argument 'cmake_target' from command line to 'None'
[0.245s] Level 5:colcon.colcon_core.verb:set package 'imu_force_description' build argument 'cmake_target_skip_unavailable' from command line to 'False'
[0.245s] Level 5:colcon.colcon_core.verb:set package 'imu_force_description' build argument 'cmake_clean_cache' from command line to 'False'
[0.245s] Level 5:colcon.colcon_core.verb:set package 'imu_force_description' build argument 'cmake_clean_first' from command line to 'False'
[0.245s] Level 5:colcon.colcon_core.verb:set package 'imu_force_description' build argument 'cmake_force_configure' from command line to 'False'
[0.245s] Level 5:colcon.colcon_core.verb:set package 'imu_force_description' build argument 'ament_cmake_args' from command line to 'None'
[0.246s] Level 5:colcon.colcon_core.verb:set package 'imu_force_description' build argument 'catkin_cmake_args' from command line to 'None'
[0.246s] Level 5:colcon.colcon_core.verb:set package 'imu_force_description' build argument 'catkin_skip_building_tests' from command line to 'False'
[0.246s] DEBUG:colcon.colcon_core.verb:Building package 'imu_force_description' with the following arguments: {'ament_cmake_args': None, 'build_base': '/home/waritt/imu_force_ws_main/build/imu_force_description', 'catkin_cmake_args': None, 'catkin_skip_building_tests': False, 'cmake_args': None, 'cmake_clean_cache': False, 'cmake_clean_first': False, 'cmake_force_configure': False, 'cmake_target': None, 'cmake_target_skip_unavailable': False, 'install_base': '/home/waritt/imu_force_ws_main/install/imu_force_description', 'merge_install': False, 'path': '/home/waritt/imu_force_ws_main/src/imu_force_description', 'symlink_install': False, 'test_result_base': None}
[0.246s] Level 5:colcon.colcon_core.verb:set package 'imu_force_gazebo' build argument 'cmake_args' from command line to 'None'
[0.246s] Level 5:colcon.colcon_core.verb:set package 'imu_force_gazebo' build argument 'cmake_target' from command line to 'None'
[0.246s] Level 5:colcon.colcon_core.verb:set package 'imu_force_gazebo' build argument 'cmake_target_skip_unavailable' from command line to 'False'
[0.246s] Level 5:colcon.colcon_core.verb:set package 'imu_force_gazebo' build argument 'cmake_clean_cache' from command line to 'False'
[0.246s] Level 5:colcon.colcon_core.verb:set package 'imu_force_gazebo' build argument 'cmake_clean_first' from command line to 'False'
[0.246s] Level 5:colcon.colcon_core.verb:set package 'imu_force_gazebo' build argument 'cmake_force_configure' from command line to 'False'
[0.246s] Level 5:colcon.colcon_core.verb:set package 'imu_force_gazebo' build argument 'ament_cmake_args' from command line to 'None'
[0.246s] Level 5:colcon.colcon_core.verb:set package 'imu_force_gazebo' build argument 'catkin_cmake_args' from command line to 'None'
[0.246s] Level 5:colcon.colcon_core.verb:set package 'imu_force_gazebo' build argument 'catkin_skip_building_tests' from command line to 'False'
[0.246s] DEBUG:colcon.colcon_core.verb:Building package 'imu_force_gazebo' with the following arguments: {'ament_cmake_args': None, 'build_base': '/home/waritt/imu_force_ws_main/build/imu_force_gazebo', 'catkin_cmake_args': None, 'catkin_skip_building_tests': False, 'cmake_args': None, 'cmake_clean_cache': False, 'cmake_clean_first': False, 'cmake_force_configure': False, 'cmake_target': None, 'cmake_target_skip_unavailable': False, 'install_base': '/home/waritt/imu_force_ws_main/install/imu_force_gazebo', 'merge_install': False, 'path': '/home/waritt/imu_force_ws_main/src/imu_force_gazebo', 'symlink_install': False, 'test_result_base': None}
[0.246s] INFO:colcon.colcon_core.executor:Executing jobs using 'parallel' executor
[0.247s] DEBUG:colcon.colcon_parallel_executor.executor.parallel:run_until_complete
[0.247s] INFO:colcon.colcon_ros.task.ament_cmake.build:Building ROS package in '/home/waritt/imu_force_ws_main/src/IMU_calibrator' with build type 'ament_cmake'
[0.247s] INFO:colcon.colcon_cmake.task.cmake.build:Building CMake package in '/home/waritt/imu_force_ws_main/src/IMU_calibrator'
[0.248s] INFO:colcon.colcon_core.plugin_system:Skipping extension 'colcon_core.shell.bat': Not used on non-Windows systems
[0.248s] INFO:colcon.colcon_core.shell:Skip shell extension 'powershell' for command environment: Not usable outside of PowerShell
[0.248s] DEBUG:colcon.colcon_core.shell:Skip shell extension 'dsv' for command environment
[0.252s] INFO:colcon.colcon_ros.task.ament_cmake.build:Building ROS package in '/home/waritt/imu_force_ws_main/src/imu_custom_msg' with build type 'ament_cmake'
[0.252s] INFO:colcon.colcon_cmake.task.cmake.build:Building CMake package in '/home/waritt/imu_force_ws_main/src/imu_custom_msg'
[0.252s] INFO:colcon.colcon_core.shell:Skip shell extension 'powershell' for command environment: Not usable outside of PowerShell
[0.252s] DEBUG:colcon.colcon_core.shell:Skip shell extension 'dsv' for command environment
[0.256s] INFO:colcon.colcon_ros.task.ament_cmake.build:Building ROS package in '/home/waritt/imu_force_ws_main/src/imu_force_description' with build type 'ament_cmake'
[0.256s] INFO:colcon.colcon_cmake.task.cmake.build:Building CMake package in '/home/waritt/imu_force_ws_main/src/imu_force_description'
[0.256s] INFO:colcon.colcon_core.shell:Skip shell extension 'powershell' for command environment: Not usable outside of PowerShell
[0.256s] DEBUG:colcon.colcon_core.shell:Skip shell extension 'dsv' for command environment
[0.259s] INFO:colcon.colcon_ros.task.ament_cmake.build:Building ROS package in '/home/waritt/imu_force_ws_main/src/imu_force_gazebo' with build type 'ament_cmake'
[0.259s] INFO:colcon.colcon_cmake.task.cmake.build:Building CMake package in '/home/waritt/imu_force_ws_main/src/imu_force_gazebo'
[0.260s] INFO:colcon.colcon_core.shell:Skip shell extension 'powershell' for command environment: Not usable outside of PowerShell
[0.260s] DEBUG:colcon.colcon_core.shell:Skip shell extension 'dsv' for command environment
[0.265s] DEBUG:colcon.colcon_core.event_handler.log_command:Invoking command in '/home/waritt/imu_force_ws_main/build/imu_calibration': CMAKE_PREFIX_PATH=${CMAKE_PREFIX_PATH}:/opt/ros/humble /usr/bin/cmake /home/waritt/imu_force_ws_main/src/IMU_calibrator -DCMAKE_INSTALL_PREFIX=/home/waritt/imu_force_ws_main/install/imu_calibration
[0.267s] DEBUG:colcon.colcon_core.event_handler.log_command:Invoking command in '/home/waritt/imu_force_ws_main/build/imu_custom_msg': CMAKE_PREFIX_PATH=${CMAKE_PREFIX_PATH}:/opt/ros/humble /usr/bin/cmake /home/waritt/imu_force_ws_main/src/imu_custom_msg -DCMAKE_INSTALL_PREFIX=/home/waritt/imu_force_ws_main/install/imu_custom_msg
[0.268s] DEBUG:colcon.colcon_core.event_handler.log_command:Invoking command in '/home/waritt/imu_force_ws_main/build/imu_force_description': CMAKE_PREFIX_PATH=${CMAKE_PREFIX_PATH}:/opt/ros/humble /usr/bin/cmake /home/waritt/imu_force_ws_main/src/imu_force_description -DCMAKE_INSTALL_PREFIX=/home/waritt/imu_force_ws_main/install/imu_force_description
[0.270s] DEBUG:colcon.colcon_core.event_handler.log_command:Invoking command in '/home/waritt/imu_force_ws_main/build/imu_force_gazebo': CMAKE_PREFIX_PATH=${CMAKE_PREFIX_PATH}:/opt/ros/humble /usr/bin/cmake /home/waritt/imu_force_ws_main/src/imu_force_gazebo -DCMAKE_INSTALL_PREFIX=/home/waritt/imu_force_ws_main/install/imu_force_gazebo
[1.182s] DEBUG:colcon.colcon_core.event_handler.log_command:Invoked command in '/home/waritt/imu_force_ws_main/build/imu_calibration' returned '0': CMAKE_PREFIX_PATH=${CMAKE_PREFIX_PATH}:/opt/ros/humble /usr/bin/cmake /home/waritt/imu_force_ws_main/src/IMU_calibrator -DCMAKE_INSTALL_PREFIX=/home/waritt/imu_force_ws_main/install/imu_calibration
[1.184s] DEBUG:colcon.colcon_core.event_handler.log_command:Invoking command in '/home/waritt/imu_force_ws_main/build/imu_calibration': CMAKE_PREFIX_PATH=${CMAKE_PREFIX_PATH}:/opt/ros/humble /usr/bin/cmake --build /home/waritt/imu_force_ws_main/build/imu_calibration -- -j16 -l16
[1.185s] DEBUG:colcon.colcon_core.event_handler.log_command:Invoked command in '/home/waritt/imu_force_ws_main/build/imu_force_description' returned '0': CMAKE_PREFIX_PATH=${CMAKE_PREFIX_PATH}:/opt/ros/humble /usr/bin/cmake /home/waritt/imu_force_ws_main/src/imu_force_description -DCMAKE_INSTALL_PREFIX=/home/waritt/imu_force_ws_main/install/imu_force_description
[1.186s] DEBUG:colcon.colcon_core.event_handler.log_command:Invoking command in '/home/waritt/imu_force_ws_main/build/imu_force_description': CMAKE_PREFIX_PATH=${CMAKE_PREFIX_PATH}:/opt/ros/humble /usr/bin/cmake --build /home/waritt/imu_force_ws_main/build/imu_force_description -- -j16 -l16
[1.186s] DEBUG:colcon.colcon_core.event_handler.log_command:Invoked command in '/home/waritt/imu_force_ws_main/build/imu_force_gazebo' returned '0': CMAKE_PREFIX_PATH=${CMAKE_PREFIX_PATH}:/opt/ros/humble /usr/bin/cmake /home/waritt/imu_force_ws_main/src/imu_force_gazebo -DCMAKE_INSTALL_PREFIX=/home/waritt/imu_force_ws_main/install/imu_force_gazebo
[1.187s] DEBUG:colcon.colcon_core.event_handler.log_command:Invoking command in '/home/waritt/imu_force_ws_main/build/imu_force_gazebo': CMAKE_PREFIX_PATH=${CMAKE_PREFIX_PATH}:/opt/ros/humble /usr/bin/cmake --build /home/waritt/imu_force_ws_main/build/imu_force_gazebo -- -j16 -l16
[1.469s] DEBUG:colcon.colcon_core.event_handler.log_command:Invoked command in '/home/waritt/imu_force_ws_main/build/imu_calibration' returned '0': CMAKE_PREFIX_PATH=${CMAKE_PREFIX_PATH}:/opt/ros/humble /usr/bin/cmake --build /home/waritt/imu_force_ws_main/build/imu_calibration -- -j16 -l16
[1.490s] DEBUG:colcon.colcon_core.event_handler.log_command:Invoked command in '/home/waritt/imu_force_ws_main/build/imu_force_gazebo' returned '0': CMAKE_PREFIX_PATH=${CMAKE_PREFIX_PATH}:/opt/ros/humble /usr/bin/cmake --build /home/waritt/imu_force_ws_main/build/imu_force_gazebo -- -j16 -l16
[1.496s] DEBUG:colcon.colcon_core.event_handler.log_command:Invoking command in '/home/waritt/imu_force_ws_main/build/imu_calibration': CMAKE_PREFIX_PATH=${CMAKE_PREFIX_PATH}:/opt/ros/humble /usr/bin/cmake --install /home/waritt/imu_force_ws_main/build/imu_calibration
[1.497s] DEBUG:colcon.colcon_core.event_handler.log_command:Invoked command in '/home/waritt/imu_force_ws_main/build/imu_force_description' returned '0': CMAKE_PREFIX_PATH=${CMAKE_PREFIX_PATH}:/opt/ros/humble /usr/bin/cmake --build /home/waritt/imu_force_ws_main/build/imu_force_description -- -j16 -l16
[1.512s] DEBUG:colcon.colcon_core.event_handler.log_command:Invoking command in '/home/waritt/imu_force_ws_main/build/imu_force_gazebo': CMAKE_PREFIX_PATH=${CMAKE_PREFIX_PATH}:/opt/ros/humble /usr/bin/cmake --install /home/waritt/imu_force_ws_main/build/imu_force_gazebo
[1.519s] DEBUG:colcon.colcon_core.event_handler.log_command:Invoking command in '/home/waritt/imu_force_ws_main/build/imu_force_description': CMAKE_PREFIX_PATH=${CMAKE_PREFIX_PATH}:/opt/ros/humble /usr/bin/cmake --install /home/waritt/imu_force_ws_main/build/imu_force_description
[1.534s] Level 1:colcon.colcon_core.environment:create_environment_scripts_only(imu_calibration)
[1.534s] DEBUG:colcon.colcon_core.event_handler.log_command:Invoked command in '/home/waritt/imu_force_ws_main/build/imu_calibration' returned '0': CMAKE_PREFIX_PATH=${CMAKE_PREFIX_PATH}:/opt/ros/humble /usr/bin/cmake --install /home/waritt/imu_force_ws_main/build/imu_calibration
[1.536s] Level 1:colcon.colcon_core.environment:checking '/home/waritt/imu_force_ws_main/install/imu_calibration' for CMake module files
[1.536s] Level 1:colcon.colcon_core.environment:checking '/home/waritt/imu_force_ws_main/install/imu_calibration' for CMake config files
[1.536s] Level 1:colcon.colcon_core.shell:create_environment_hook('imu_calibration', 'cmake_prefix_path')
[1.536s] INFO:colcon.colcon_core.shell:Creating environment hook '/home/waritt/imu_force_ws_main/install/imu_calibration/share/imu_calibration/hook/cmake_prefix_path.ps1'
[1.537s] INFO:colcon.colcon_core.shell:Creating environment descriptor '/home/waritt/imu_force_ws_main/install/imu_calibration/share/imu_calibration/hook/cmake_prefix_path.dsv'
[1.537s] INFO:colcon.colcon_core.shell:Creating environment hook '/home/waritt/imu_force_ws_main/install/imu_calibration/share/imu_calibration/hook/cmake_prefix_path.sh'
[1.538s] Level 1:colcon.colcon_core.environment:checking '/home/waritt/imu_force_ws_main/install/imu_calibration/lib'
[1.538s] Level 1:colcon.colcon_core.environment:checking '/home/waritt/imu_force_ws_main/install/imu_calibration/bin'
[1.538s] Level 1:colcon.colcon_core.environment:checking '/home/waritt/imu_force_ws_main/install/imu_calibration/lib/pkgconfig/imu_calibration.pc'
[1.538s] Level 1:colcon.colcon_core.environment:checking '/home/waritt/imu_force_ws_main/install/imu_calibration/lib/python3.10/site-packages'
[1.538s] Level 1:colcon.colcon_core.environment:checking '/home/waritt/imu_force_ws_main/install/imu_calibration/bin'
[1.538s] INFO:colcon.colcon_core.shell:Creating package script '/home/waritt/imu_force_ws_main/install/imu_calibration/share/imu_calibration/package.ps1'
[1.539s] INFO:colcon.colcon_core.shell:Creating package descriptor '/home/waritt/imu_force_ws_main/install/imu_calibration/share/imu_calibration/package.dsv'
[1.539s] INFO:colcon.colcon_core.shell:Creating package script '/home/waritt/imu_force_ws_main/install/imu_calibration/share/imu_calibration/package.sh'
[1.539s] INFO:colcon.colcon_core.shell:Creating package script '/home/waritt/imu_force_ws_main/install/imu_calibration/share/imu_calibration/package.bash'
[1.540s] INFO:colcon.colcon_core.shell:Creating package script '/home/waritt/imu_force_ws_main/install/imu_calibration/share/imu_calibration/package.zsh'
[1.540s] Level 1:colcon.colcon_core.environment:create_file_with_runtime_dependencies(/home/waritt/imu_force_ws_main/install/imu_calibration/share/colcon-core/packages/imu_calibration)
[1.541s] DEBUG:colcon.colcon_core.event_handler.log_command:Invoked command in '/home/waritt/imu_force_ws_main/build/imu_custom_msg' returned '0': CMAKE_PREFIX_PATH=${CMAKE_PREFIX_PATH}:/opt/ros/humble /usr/bin/cmake /home/waritt/imu_force_ws_main/src/imu_custom_msg -DCMAKE_INSTALL_PREFIX=/home/waritt/imu_force_ws_main/install/imu_custom_msg
[1.542s] DEBUG:colcon.colcon_core.event_handler.log_command:Invoking command in '/home/waritt/imu_force_ws_main/build/imu_custom_msg': CMAKE_PREFIX_PATH=${CMAKE_PREFIX_PATH}:/opt/ros/humble /usr/bin/cmake --build /home/waritt/imu_force_ws_main/build/imu_custom_msg -- -j16 -l16
[1.550s] Level 1:colcon.colcon_core.environment:create_environment_scripts_only(imu_force_gazebo)
[1.551s] Level 1:colcon.colcon_core.environment:checking '/home/waritt/imu_force_ws_main/install/imu_force_gazebo' for CMake module files
[1.551s] DEBUG:colcon.colcon_core.event_handler.log_command:Invoked command in '/home/waritt/imu_force_ws_main/build/imu_force_gazebo' returned '0': CMAKE_PREFIX_PATH=${CMAKE_PREFIX_PATH}:/opt/ros/humble /usr/bin/cmake --install /home/waritt/imu_force_ws_main/build/imu_force_gazebo
[1.551s] Level 1:colcon.colcon_core.environment:checking '/home/waritt/imu_force_ws_main/install/imu_force_gazebo' for CMake config files
[1.551s] Level 1:colcon.colcon_core.shell:create_environment_hook('imu_force_gazebo', 'cmake_prefix_path')
[1.551s] INFO:colcon.colcon_core.shell:Creating environment hook '/home/waritt/imu_force_ws_main/install/imu_force_gazebo/share/imu_force_gazebo/hook/cmake_prefix_path.ps1'
[1.552s] INFO:colcon.colcon_core.shell:Creating environment descriptor '/home/waritt/imu_force_ws_main/install/imu_force_gazebo/share/imu_force_gazebo/hook/cmake_prefix_path.dsv'
[1.552s] INFO:colcon.colcon_core.shell:Creating environment hook '/home/waritt/imu_force_ws_main/install/imu_force_gazebo/share/imu_force_gazebo/hook/cmake_prefix_path.sh'
[1.552s] Level 1:colcon.colcon_core.environment:checking '/home/waritt/imu_force_ws_main/install/imu_force_gazebo/lib'
[1.552s] Level 1:colcon.colcon_core.environment:checking '/home/waritt/imu_force_ws_main/install/imu_force_gazebo/bin'
[1.552s] Level 1:colcon.colcon_core.environment:checking '/home/waritt/imu_force_ws_main/install/imu_force_gazebo/lib/pkgconfig/imu_force_gazebo.pc'
[1.552s] Level 1:colcon.colcon_core.environment:checking '/home/waritt/imu_force_ws_main/install/imu_force_gazebo/lib/python3.10/site-packages'
[1.552s] Level 1:colcon.colcon_core.environment:checking '/home/waritt/imu_force_ws_main/install/imu_force_gazebo/bin'
[1.553s] INFO:colcon.colcon_core.shell:Creating package script '/home/waritt/imu_force_ws_main/install/imu_force_gazebo/share/imu_force_gazebo/package.ps1'
[1.553s] INFO:colcon.colcon_core.shell:Creating package descriptor '/home/waritt/imu_force_ws_main/install/imu_force_gazebo/share/imu_force_gazebo/package.dsv'
[1.553s] INFO:colcon.colcon_core.shell:Creating package script '/home/waritt/imu_force_ws_main/install/imu_force_gazebo/share/imu_force_gazebo/package.sh'
[1.553s] INFO:colcon.colcon_core.shell:Creating package script '/home/waritt/imu_force_ws_main/install/imu_force_gazebo/share/imu_force_gazebo/package.bash'
[1.554s] INFO:colcon.colcon_core.shell:Creating package script '/home/waritt/imu_force_ws_main/install/imu_force_gazebo/share/imu_force_gazebo/package.zsh'
[1.554s] Level 1:colcon.colcon_core.environment:create_file_with_runtime_dependencies(/home/waritt/imu_force_ws_main/install/imu_force_gazebo/share/colcon-core/packages/imu_force_gazebo)
[1.559s] Level 1:colcon.colcon_core.environment:create_environment_scripts_only(imu_force_description)
[1.559s] Level 1:colcon.colcon_core.environment:checking '/home/waritt/imu_force_ws_main/install/imu_force_description' for CMake module files
[1.559s] DEBUG:colcon.colcon_core.event_handler.log_command:Invoked command in '/home/waritt/imu_force_ws_main/build/imu_force_description' returned '0': CMAKE_PREFIX_PATH=${CMAKE_PREFIX_PATH}:/opt/ros/humble /usr/bin/cmake --install /home/waritt/imu_force_ws_main/build/imu_force_description
[1.560s] Level 1:colcon.colcon_core.environment:checking '/home/waritt/imu_force_ws_main/install/imu_force_description' for CMake config files
[1.560s] Level 1:colcon.colcon_core.shell:create_environment_hook('imu_force_description', 'cmake_prefix_path')
[1.560s] INFO:colcon.colcon_core.shell:Creating environment hook '/home/waritt/imu_force_ws_main/install/imu_force_description/share/imu_force_description/hook/cmake_prefix_path.ps1'
[1.561s] INFO:colcon.colcon_core.shell:Creating environment descriptor '/home/waritt/imu_force_ws_main/install/imu_force_description/share/imu_force_description/hook/cmake_prefix_path.dsv'
[1.561s] INFO:colcon.colcon_core.shell:Creating environment hook '/home/waritt/imu_force_ws_main/install/imu_force_description/share/imu_force_description/hook/cmake_prefix_path.sh'
[1.561s] Level 1:colcon.colcon_core.environment:checking '/home/waritt/imu_force_ws_main/install/imu_force_description/lib'
[1.561s] Level 1:colcon.colcon_core.environment:checking '/home/waritt/imu_force_ws_main/install/imu_force_description/bin'
[1.561s] Level 1:colcon.colcon_core.environment:checking '/home/waritt/imu_force_ws_main/install/imu_force_description/lib/pkgconfig/imu_force_description.pc'
[1.562s] Level 1:colcon.colcon_core.environment:checking '/home/waritt/imu_force_ws_main/install/imu_force_description/lib/python3.10/site-packages'
[1.562s] Level 1:colcon.colcon_core.environment:checking '/home/waritt/imu_force_ws_main/install/imu_force_description/bin'
[1.562s] INFO:colcon.colcon_core.shell:Creating package script '/home/waritt/imu_force_ws_main/install/imu_force_description/share/imu_force_description/package.ps1'
[1.562s] INFO:colcon.colcon_core.shell:Creating package descriptor '/home/waritt/imu_force_ws_main/install/imu_force_description/share/imu_force_description/package.dsv'
[1.563s] INFO:colcon.colcon_core.shell:Creating package script '/home/waritt/imu_force_ws_main/install/imu_force_description/share/imu_force_description/package.sh'
[1.563s] INFO:colcon.colcon_core.shell:Creating package script '/home/waritt/imu_force_ws_main/install/imu_force_description/share/imu_force_description/package.bash'
[1.563s] INFO:colcon.colcon_core.shell:Creating package script '/home/waritt/imu_force_ws_main/install/imu_force_description/share/imu_force_description/package.zsh'
[1.563s] Level 1:colcon.colcon_core.environment:create_file_with_runtime_dependencies(/home/waritt/imu_force_ws_main/install/imu_force_description/share/colcon-core/packages/imu_force_description)
[1.564s] Level 1:colcon.colcon_core.environment:create_environment_scripts_only(imu_calibration)
[1.564s] Level 1:colcon.colcon_core.environment:checking '/home/waritt/imu_force_ws_main/install/imu_calibration' for CMake module files
[1.564s] Level 1:colcon.colcon_core.environment:checking '/home/waritt/imu_force_ws_main/install/imu_calibration' for CMake config files
[1.565s] Level 1:colcon.colcon_core.shell:create_environment_hook('imu_calibration', 'cmake_prefix_path')
[1.565s] INFO:colcon.colcon_core.shell:Creating environment hook '/home/waritt/imu_force_ws_main/install/imu_calibration/share/imu_calibration/hook/cmake_prefix_path.ps1'
[1.565s] INFO:colcon.colcon_core.shell:Creating environment descriptor '/home/waritt/imu_force_ws_main/install/imu_calibration/share/imu_calibration/hook/cmake_prefix_path.dsv'
[1.565s] INFO:colcon.colcon_core.shell:Creating environment hook '/home/waritt/imu_force_ws_main/install/imu_calibration/share/imu_calibration/hook/cmake_prefix_path.sh'
[1.565s] Level 1:colcon.colcon_core.environment:checking '/home/waritt/imu_force_ws_main/install/imu_calibration/lib'
[1.565s] Level 1:colcon.colcon_core.environment:checking '/home/waritt/imu_force_ws_main/install/imu_calibration/bin'
[1.565s] Level 1:colcon.colcon_core.environment:checking '/home/waritt/imu_force_ws_main/install/imu_calibration/lib/pkgconfig/imu_calibration.pc'
[1.566s] Level 1:colcon.colcon_core.environment:checking '/home/waritt/imu_force_ws_main/install/imu_calibration/lib/python3.10/site-packages'
[1.566s] Level 1:colcon.colcon_core.environment:checking '/home/waritt/imu_force_ws_main/install/imu_calibration/bin'
[1.566s] INFO:colcon.colcon_core.shell:Creating package script '/home/waritt/imu_force_ws_main/install/imu_calibration/share/imu_calibration/package.ps1'
[1.566s] INFO:colcon.colcon_core.shell:Creating package descriptor '/home/waritt/imu_force_ws_main/install/imu_calibration/share/imu_calibration/package.dsv'
[1.566s] INFO:colcon.colcon_core.shell:Creating package script '/home/waritt/imu_force_ws_main/install/imu_calibration/share/imu_calibration/package.sh'
[1.567s] INFO:colcon.colcon_core.shell:Creating package script '/home/waritt/imu_force_ws_main/install/imu_calibration/share/imu_calibration/package.bash'
[1.567s] INFO:colcon.colcon_core.shell:Creating package script '/home/waritt/imu_force_ws_main/install/imu_calibration/share/imu_calibration/package.zsh'
[1.567s] Level 1:colcon.colcon_core.environment:create_file_with_runtime_dependencies(/home/waritt/imu_force_ws_main/install/imu_calibration/share/colcon-core/packages/imu_calibration)
[1.576s] Level 1:colcon.colcon_core.environment:create_environment_scripts_only(imu_force_gazebo)
[1.576s] Level 1:colcon.colcon_core.environment:checking '/home/waritt/imu_force_ws_main/install/imu_force_gazebo' for CMake module files
[1.577s] Level 1:colcon.colcon_core.environment:checking '/home/waritt/imu_force_ws_main/install/imu_force_gazebo' for CMake config files
[1.577s] Level 1:colcon.colcon_core.shell:create_environment_hook('imu_force_gazebo', 'cmake_prefix_path')
[1.577s] INFO:colcon.colcon_core.shell:Creating environment hook '/home/waritt/imu_force_ws_main/install/imu_force_gazebo/share/imu_force_gazebo/hook/cmake_prefix_path.ps1'
[1.577s] INFO:colcon.colcon_core.shell:Creating environment descriptor '/home/waritt/imu_force_ws_main/install/imu_force_gazebo/share/imu_force_gazebo/hook/cmake_prefix_path.dsv'
[1.578s] INFO:colcon.colcon_core.shell:Creating environment hook '/home/waritt/imu_force_ws_main/install/imu_force_gazebo/share/imu_force_gazebo/hook/cmake_prefix_path.sh'
[1.578s] Level 1:colcon.colcon_core.environment:checking '/home/waritt/imu_force_ws_main/install/imu_force_gazebo/lib'
[1.578s] Level 1:colcon.colcon_core.environment:checking '/home/waritt/imu_force_ws_main/install/imu_force_gazebo/bin'
[1.578s] Level 1:colcon.colcon_core.environment:checking '/home/waritt/imu_force_ws_main/install/imu_force_gazebo/lib/pkgconfig/imu_force_gazebo.pc'
[1.578s] Level 1:colcon.colcon_core.environment:checking '/home/waritt/imu_force_ws_main/install/imu_force_gazebo/lib/python3.10/site-packages'
[1.578s] Level 1:colcon.colcon_core.environment:checking '/home/waritt/imu_force_ws_main/install/imu_force_gazebo/bin'
[1.579s] INFO:colcon.colcon_core.shell:Creating package script '/home/waritt/imu_force_ws_main/install/imu_force_gazebo/share/imu_force_gazebo/package.ps1'
[1.579s] INFO:colcon.colcon_core.shell:Creating package descriptor '/home/waritt/imu_force_ws_main/install/imu_force_gazebo/share/imu_force_gazebo/package.dsv'
[1.579s] INFO:colcon.colcon_core.shell:Creating package script '/home/waritt/imu_force_ws_main/install/imu_force_gazebo/share/imu_force_gazebo/package.sh'
[1.579s] INFO:colcon.colcon_core.shell:Creating package script '/home/waritt/imu_force_ws_main/install/imu_force_gazebo/share/imu_force_gazebo/package.bash'
[1.579s] INFO:colcon.colcon_core.shell:Creating package script '/home/waritt/imu_force_ws_main/install/imu_force_gazebo/share/imu_force_gazebo/package.zsh'
[1.580s] Level 1:colcon.colcon_core.environment:create_file_with_runtime_dependencies(/home/waritt/imu_force_ws_main/install/imu_force_gazebo/share/colcon-core/packages/imu_force_gazebo)
[1.585s] Level 1:colcon.colcon_core.environment:create_environment_scripts_only(imu_force_description)
[1.585s] Level 1:colcon.colcon_core.environment:checking '/home/waritt/imu_force_ws_main/install/imu_force_description' for CMake module files
[1.586s] Level 1:colcon.colcon_core.environment:checking '/home/waritt/imu_force_ws_main/install/imu_force_description' for CMake config files
[1.586s] Level 1:colcon.colcon_core.shell:create_environment_hook('imu_force_description', 'cmake_prefix_path')
[1.586s] INFO:colcon.colcon_core.shell:Creating environment hook '/home/waritt/imu_force_ws_main/install/imu_force_description/share/imu_force_description/hook/cmake_prefix_path.ps1'
[1.586s] INFO:colcon.colcon_core.shell:Creating environment descriptor '/home/waritt/imu_force_ws_main/install/imu_force_description/share/imu_force_description/hook/cmake_prefix_path.dsv'
[1.586s] INFO:colcon.colcon_core.shell:Creating environment hook '/home/waritt/imu_force_ws_main/install/imu_force_description/share/imu_force_description/hook/cmake_prefix_path.sh'
[1.586s] Level 1:colcon.colcon_core.environment:checking '/home/waritt/imu_force_ws_main/install/imu_force_description/lib'
[1.587s] Level 1:colcon.colcon_core.environment:checking '/home/waritt/imu_force_ws_main/install/imu_force_description/bin'
[1.587s] Level 1:colcon.colcon_core.environment:checking '/home/waritt/imu_force_ws_main/install/imu_force_description/lib/pkgconfig/imu_force_description.pc'
[1.587s] Level 1:colcon.colcon_core.environment:checking '/home/waritt/imu_force_ws_main/install/imu_force_description/lib/python3.10/site-packages'
[1.587s] Level 1:colcon.colcon_core.environment:checking '/home/waritt/imu_force_ws_main/install/imu_force_description/bin'
[1.587s] INFO:colcon.colcon_core.shell:Creating package script '/home/waritt/imu_force_ws_main/install/imu_force_description/share/imu_force_description/package.ps1'
[1.587s] INFO:colcon.colcon_core.shell:Creating package descriptor '/home/waritt/imu_force_ws_main/install/imu_force_description/share/imu_force_description/package.dsv'
[1.587s] INFO:colcon.colcon_core.shell:Creating package script '/home/waritt/imu_force_ws_main/install/imu_force_description/share/imu_force_description/package.sh'
[1.588s] INFO:colcon.colcon_core.shell:Creating package script '/home/waritt/imu_force_ws_main/install/imu_force_description/share/imu_force_description/package.bash'
[1.588s] INFO:colcon.colcon_core.shell:Creating package script '/home/waritt/imu_force_ws_main/install/imu_force_description/share/imu_force_description/package.zsh'
[1.588s] Level 1:colcon.colcon_core.environment:create_file_with_runtime_dependencies(/home/waritt/imu_force_ws_main/install/imu_force_description/share/colcon-core/packages/imu_force_description)
[3.122s] DEBUG:colcon.colcon_core.event_handler.log_command:Invoked command in '/home/waritt/imu_force_ws_main/build/imu_custom_msg' returned '0': CMAKE_PREFIX_PATH=${CMAKE_PREFIX_PATH}:/opt/ros/humble /usr/bin/cmake --build /home/waritt/imu_force_ws_main/build/imu_custom_msg -- -j16 -l16
[3.427s] DEBUG:colcon.colcon_core.event_handler.log_command:Invoking command in '/home/waritt/imu_force_ws_main/build/imu_custom_msg': CMAKE_PREFIX_PATH=${CMAKE_PREFIX_PATH}:/opt/ros/humble /usr/bin/cmake --install /home/waritt/imu_force_ws_main/build/imu_custom_msg
[3.489s] Level 1:colcon.colcon_core.environment:create_environment_scripts_only(imu_custom_msg)
[3.489s] Level 1:colcon.colcon_core.environment:checking '/home/waritt/imu_force_ws_main/install/imu_custom_msg' for CMake module files
[3.489s] DEBUG:colcon.colcon_core.event_handler.log_command:Invoked command in '/home/waritt/imu_force_ws_main/build/imu_custom_msg' returned '0': CMAKE_PREFIX_PATH=${CMAKE_PREFIX_PATH}:/opt/ros/humble /usr/bin/cmake --install /home/waritt/imu_force_ws_main/build/imu_custom_msg
[3.490s] Level 1:colcon.colcon_core.environment:checking '/home/waritt/imu_force_ws_main/install/imu_custom_msg' for CMake config files
[3.490s] Level 1:colcon.colcon_core.shell:create_environment_hook('imu_custom_msg', 'cmake_prefix_path')
[3.490s] INFO:colcon.colcon_core.shell:Creating environment hook '/home/waritt/imu_force_ws_main/install/imu_custom_msg/share/imu_custom_msg/hook/cmake_prefix_path.ps1'
[3.490s] INFO:colcon.colcon_core.shell:Creating environment descriptor '/home/waritt/imu_force_ws_main/install/imu_custom_msg/share/imu_custom_msg/hook/cmake_prefix_path.dsv'
[3.490s] INFO:colcon.colcon_core.shell:Creating environment hook '/home/waritt/imu_force_ws_main/install/imu_custom_msg/share/imu_custom_msg/hook/cmake_prefix_path.sh'
[3.491s] Level 1:colcon.colcon_core.environment:checking '/home/waritt/imu_force_ws_main/install/imu_custom_msg/lib'
[3.491s] Level 1:colcon.colcon_core.shell:create_environment_hook('imu_custom_msg', 'ld_library_path_lib')
[3.491s] INFO:colcon.colcon_core.shell:Creating environment hook '/home/waritt/imu_force_ws_main/install/imu_custom_msg/share/imu_custom_msg/hook/ld_library_path_lib.ps1'
[3.491s] INFO:colcon.colcon_core.shell:Creating environment descriptor '/home/waritt/imu_force_ws_main/install/imu_custom_msg/share/imu_custom_msg/hook/ld_library_path_lib.dsv'
[3.491s] INFO:colcon.colcon_core.shell:Creating environment hook '/home/waritt/imu_force_ws_main/install/imu_custom_msg/share/imu_custom_msg/hook/ld_library_path_lib.sh'
[3.491s] Level 1:colcon.colcon_core.environment:checking '/home/waritt/imu_force_ws_main/install/imu_custom_msg/bin'
[3.491s] Level 1:colcon.colcon_core.environment:checking '/home/waritt/imu_force_ws_main/install/imu_custom_msg/lib/pkgconfig/imu_custom_msg.pc'
[3.491s] Level 1:colcon.colcon_core.environment:checking '/home/waritt/imu_force_ws_main/install/imu_custom_msg/lib/python3.10/site-packages'
[3.492s] Level 1:colcon.colcon_core.environment:checking '/home/waritt/imu_force_ws_main/install/imu_custom_msg/bin'
[3.492s] INFO:colcon.colcon_core.shell:Creating package script '/home/waritt/imu_force_ws_main/install/imu_custom_msg/share/imu_custom_msg/package.ps1'
[3.492s] INFO:colcon.colcon_core.shell:Creating package descriptor '/home/waritt/imu_force_ws_main/install/imu_custom_msg/share/imu_custom_msg/package.dsv'
[3.492s] INFO:colcon.colcon_core.shell:Creating package script '/home/waritt/imu_force_ws_main/install/imu_custom_msg/share/imu_custom_msg/package.sh'
[3.492s] INFO:colcon.colcon_core.shell:Creating package script '/home/waritt/imu_force_ws_main/install/imu_custom_msg/share/imu_custom_msg/package.bash'
[3.492s] INFO:colcon.colcon_core.shell:Creating package script '/home/waritt/imu_force_ws_main/install/imu_custom_msg/share/imu_custom_msg/package.zsh'
[3.493s] Level 1:colcon.colcon_core.environment:create_file_with_runtime_dependencies(/home/waritt/imu_force_ws_main/install/imu_custom_msg/share/colcon-core/packages/imu_custom_msg)
[3.565s] Level 1:colcon.colcon_core.environment:create_environment_scripts_only(imu_custom_msg)
[3.565s] Level 1:colcon.colcon_core.environment:checking '/home/waritt/imu_force_ws_main/install/imu_custom_msg' for CMake module files
[3.565s] Level 1:colcon.colcon_core.environment:checking '/home/waritt/imu_force_ws_main/install/imu_custom_msg' for CMake config files
[3.565s] Level 1:colcon.colcon_core.shell:create_environment_hook('imu_custom_msg', 'cmake_prefix_path')
[3.566s] INFO:colcon.colcon_core.shell:Creating environment hook '/home/waritt/imu_force_ws_main/install/imu_custom_msg/share/imu_custom_msg/hook/cmake_prefix_path.ps1'
[3.566s] INFO:colcon.colcon_core.shell:Creating environment descriptor '/home/waritt/imu_force_ws_main/install/imu_custom_msg/share/imu_custom_msg/hook/cmake_prefix_path.dsv'
[3.566s] INFO:colcon.colcon_core.shell:Creating environment hook '/home/waritt/imu_force_ws_main/install/imu_custom_msg/share/imu_custom_msg/hook/cmake_prefix_path.sh'
[3.566s] Level 1:colcon.colcon_core.environment:checking '/home/waritt/imu_force_ws_main/install/imu_custom_msg/lib'
[3.566s] Level 1:colcon.colcon_core.shell:create_environment_hook('imu_custom_msg', 'ld_library_path_lib')
[3.567s] INFO:colcon.colcon_core.shell:Creating environment hook '/home/waritt/imu_force_ws_main/install/imu_custom_msg/share/imu_custom_msg/hook/ld_library_path_lib.ps1'
[3.567s] INFO:colcon.colcon_core.shell:Creating environment descriptor '/home/waritt/imu_force_ws_main/install/imu_custom_msg/share/imu_custom_msg/hook/ld_library_path_lib.dsv'
[3.567s] INFO:colcon.colcon_core.shell:Creating environment hook '/home/waritt/imu_force_ws_main/install/imu_custom_msg/share/imu_custom_msg/hook/ld_library_path_lib.sh'
[3.567s] Level 1:colcon.colcon_core.environment:checking '/home/waritt/imu_force_ws_main/install/imu_custom_msg/bin'
[3.567s] Level 1:colcon.colcon_core.environment:checking '/home/waritt/imu_force_ws_main/install/imu_custom_msg/lib/pkgconfig/imu_custom_msg.pc'
[3.567s] Level 1:colcon.colcon_core.environment:checking '/home/waritt/imu_force_ws_main/install/imu_custom_msg/lib/python3.10/site-packages'
[3.567s] Level 1:colcon.colcon_core.environment:checking '/home/waritt/imu_force_ws_main/install/imu_custom_msg/bin'
[3.568s] INFO:colcon.colcon_core.shell:Creating package script '/home/waritt/imu_force_ws_main/install/imu_custom_msg/share/imu_custom_msg/package.ps1'
[3.568s] INFO:colcon.colcon_core.shell:Creating package descriptor '/home/waritt/imu_force_ws_main/install/imu_custom_msg/share/imu_custom_msg/package.dsv'
[3.568s] INFO:colcon.colcon_core.shell:Creating package script '/home/waritt/imu_force_ws_main/install/imu_custom_msg/share/imu_custom_msg/package.sh'
[3.568s] INFO:colcon.colcon_core.shell:Creating package script '/home/waritt/imu_force_ws_main/install/imu_custom_msg/share/imu_custom_msg/package.bash'
[3.569s] INFO:colcon.colcon_core.shell:Creating package script '/home/waritt/imu_force_ws_main/install/imu_custom_msg/share/imu_custom_msg/package.zsh'
[3.569s] Level 1:colcon.colcon_core.environment:create_file_with_runtime_dependencies(/home/waritt/imu_force_ws_main/install/imu_custom_msg/share/colcon-core/packages/imu_custom_msg)
[3.569s] DEBUG:colcon.colcon_parallel_executor.executor.parallel:closing loop
[3.569s] DEBUG:colcon.colcon_parallel_executor.executor.parallel:loop closed
[3.569s] DEBUG:colcon.colcon_parallel_executor.executor.parallel:run_until_complete finished with '0'
[3.569s] DEBUG:colcon.colcon_core.event_reactor:joining thread
[3.573s] INFO:colcon.colcon_core.plugin_system:Skipping extension 'colcon_notification.desktop_notification.terminal_notifier': Not used on non-Darwin systems
[3.573s] INFO:colcon.colcon_core.plugin_system:Skipping extension 'colcon_notification.desktop_notification.win32': Not used on non-Windows systems
[3.573s] INFO:colcon.colcon_notification.desktop_notification:Sending desktop notification using 'notify2'
[3.580s] DEBUG:colcon.colcon_core.event_reactor:joined thread
[3.580s] INFO:colcon.colcon_core.shell:Creating prefix script '/home/waritt/imu_force_ws_main/install/local_setup.ps1'
[3.581s] INFO:colcon.colcon_core.shell:Creating prefix util module '/home/waritt/imu_force_ws_main/install/_local_setup_util_ps1.py'
[3.582s] INFO:colcon.colcon_core.shell:Creating prefix chain script '/home/waritt/imu_force_ws_main/install/setup.ps1'
[3.583s] INFO:colcon.colcon_core.shell:Creating prefix script '/home/waritt/imu_force_ws_main/install/local_setup.sh'
[3.583s] INFO:colcon.colcon_core.shell:Creating prefix util module '/home/waritt/imu_force_ws_main/install/_local_setup_util_sh.py'
[3.583s] INFO:colcon.colcon_core.shell:Creating prefix chain script '/home/waritt/imu_force_ws_main/install/setup.sh'
[3.585s] INFO:colcon.colcon_core.shell:Creating prefix script '/home/waritt/imu_force_ws_main/install/local_setup.bash'
[3.585s] INFO:colcon.colcon_core.shell:Creating prefix chain script '/home/waritt/imu_force_ws_main/install/setup.bash'
[3.586s] INFO:colcon.colcon_core.shell:Creating prefix script '/home/waritt/imu_force_ws_main/install/local_setup.zsh'
[3.586s] INFO:colcon.colcon_core.shell:Creating prefix chain script '/home/waritt/imu_force_ws_main/install/setup.zsh'
