[0.014s] Invoking command in '/home/chayanin09/uros_ws/build/micro_ros_msgs': CMAKE_PREFIX_PATH=${CMAKE_PREFIX_PATH}:/opt/ros/humble /usr/bin/cmake --build /home/chayanin09/uros_ws/build/micro_ros_msgs -- -j20 -l20
[0.052s] [  2%] Built target micro_ros_msgs__cpp
[0.052s] [ 12%] Built target micro_ros_msgs__rosidl_generator_c
[0.057s] [ 12%] Built target ament_cmake_python_copy_micro_ros_msgs
[0.068s] [ 23%] Built target micro_ros_msgs__rosidl_typesupport_fastrtps_c
[0.069s] [ 34%] Built target micro_ros_msgs__rosidl_typesupport_cpp
[0.069s] [ 44%] Built target micro_ros_msgs__rosidl_typesupport_introspection_cpp
[0.069s] [ 55%] Built target micro_ros_msgs__rosidl_typesupport_fastrtps_cpp
[0.073s] [ 65%] Built target micro_ros_msgs__rosidl_typesupport_introspection_c
[0.081s] [ 76%] Built target micro_ros_msgs__rosidl_typesupport_c
[0.093s] [ 76%] Built target micro_ros_msgs
[0.112s] [ 78%] Built target micro_ros_msgs__py
[0.129s] [ 87%] Built target micro_ros_msgs__rosidl_generator_py
[0.148s] [ 95%] Built target micro_ros_msgs__rosidl_typesupport_introspection_c__pyext
[0.148s] [ 95%] Built target micro_ros_msgs__rosidl_typesupport_c__pyext
[0.149s] [100%] Built target micro_ros_msgs__rosidl_typesupport_fastrtps_c__pyext
[0.214s] running egg_info
[0.215s] writing micro_ros_msgs.egg-info/PKG-INFO
[0.215s] writing dependency_links to micro_ros_msgs.egg-info/dependency_links.txt
[0.215s] writing top-level names to micro_ros_msgs.egg-info/top_level.txt
[0.216s] reading manifest file 'micro_ros_msgs.egg-info/SOURCES.txt'
[0.216s] writing manifest file 'micro_ros_msgs.egg-info/SOURCES.txt'
[0.238s] [100%] Built target ament_cmake_python_build_micro_ros_msgs_egg
[0.249s] Invoked command in '/home/chayanin09/uros_ws/build/micro_ros_msgs' returned '0': CMAKE_PREFIX_PATH=${CMAKE_PREFIX_PATH}:/opt/ros/humble /usr/bin/cmake --build /home/chayanin09/uros_ws/build/micro_ros_msgs -- -j20 -l20
