Built target ament_cmake_python_copy_imu_calibration
running egg_info
writing imu_calibration.egg-info/PKG-INFO
writing dependency_links to imu_calibration.egg-info/dependency_links.txt
writing top-level names to imu_calibration.egg-info/top_level.txt
reading manifest file 'imu_calibration.egg-info/SOURCES.txt'
writing manifest file 'imu_calibration.egg-info/SOURCES.txt'
Built target ament_cmake_python_build_imu_calibration_egg
-- Install configuration: ""
-- Up-to-date: /home/chayanin09/uros_ws/install/imu_calibration/share/imu_calibration/environment/pythonpath.sh
-- Up-to-date: /home/chayanin09/uros_ws/install/imu_calibration/share/imu_calibration/environment/pythonpath.dsv
-- Up-to-date: /home/chayanin09/uros_ws/install/imu_calibration/local/lib/python3.10/dist-packages/imu_calibration-0.0.0-py3.10.egg-info
-- Installing: /home/chayanin09/uros_ws/install/imu_calibration/local/lib/python3.10/dist-packages/imu_calibration-0.0.0-py3.10.egg-info/dependency_links.txt
-- Installing: /home/chayanin09/uros_ws/install/imu_calibration/local/lib/python3.10/dist-packages/imu_calibration-0.0.0-py3.10.egg-info/PKG-INFO
-- Installing: /home/chayanin09/uros_ws/install/imu_calibration/local/lib/python3.10/dist-packages/imu_calibration-0.0.0-py3.10.egg-info/top_level.txt
-- Installing: /home/chayanin09/uros_ws/install/imu_calibration/local/lib/python3.10/dist-packages/imu_calibration-0.0.0-py3.10.egg-info/SOURCES.txt
-- Up-to-date: /home/chayanin09/uros_ws/install/imu_calibration/local/lib/python3.10/dist-packages/imu_calibration
-- Up-to-date: /home/chayanin09/uros_ws/install/imu_calibration/local/lib/python3.10/dist-packages/imu_calibration/__init__.py
Listing '/home/chayanin09/uros_ws/install/imu_calibration/local/lib/python3.10/dist-packages/imu_calibration'...
-- Installing: /home/chayanin09/uros_ws/install/imu_calibration/lib/imu_calibration/imu_calibration.py
-- Up-to-date: /home/chayanin09/uros_ws/install/imu_calibration/share/imu_calibration
-- Up-to-date: /home/chayanin09/uros_ws/install/imu_calibration/share/ament_index/resource_index/package_run_dependencies/imu_calibration
-- Up-to-date: /home/chayanin09/uros_ws/install/imu_calibration/share/ament_index/resource_index/parent_prefix_path/imu_calibration
-- Up-to-date: /home/chayanin09/uros_ws/install/imu_calibration/share/imu_calibration/environment/ament_prefix_path.sh
-- Up-to-date: /home/chayanin09/uros_ws/install/imu_calibration/share/imu_calibration/environment/ament_prefix_path.dsv
-- Up-to-date: /home/chayanin09/uros_ws/install/imu_calibration/share/imu_calibration/environment/path.sh
-- Up-to-date: /home/chayanin09/uros_ws/install/imu_calibration/share/imu_calibration/environment/path.dsv
-- Up-to-date: /home/chayanin09/uros_ws/install/imu_calibration/share/imu_calibration/local_setup.bash
-- Up-to-date: /home/chayanin09/uros_ws/install/imu_calibration/share/imu_calibration/local_setup.sh
-- Up-to-date: /home/chayanin09/uros_ws/install/imu_calibration/share/imu_calibration/local_setup.zsh
-- Up-to-date: /home/chayanin09/uros_ws/install/imu_calibration/share/imu_calibration/local_setup.dsv
-- Installing: /home/chayanin09/uros_ws/install/imu_calibration/share/imu_calibration/package.dsv
-- Up-to-date: /home/chayanin09/uros_ws/install/imu_calibration/share/ament_index/resource_index/packages/imu_calibration
-- Up-to-date: /home/chayanin09/uros_ws/install/imu_calibration/share/imu_calibration/cmake/imu_calibrationConfig.cmake
-- Up-to-date: /home/chayanin09/uros_ws/install/imu_calibration/share/imu_calibration/cmake/imu_calibrationConfig-version.cmake
-- Up-to-date: /home/chayanin09/uros_ws/install/imu_calibration/share/imu_calibration/package.xml
