[0.008s] Invoking command in '/home/waritt/imu_force_ws/build/imu_force_gazebo': CMAKE_PREFIX_PATH=${CMAKE_PREFIX_PATH}:/opt/ros/humble /usr/bin/cmake /home/waritt/imu_force_ws/src/imu_force_gazebo -DCMAKE_INSTALL_PREFIX=/home/waritt/imu_force_ws/install/imu_force_gazebo
[0.071s] -- The C compiler identification is GNU 11.4.0
[0.120s] -- The CXX compiler identification is GNU 11.4.0
[0.125s] -- Detecting C compiler ABI info
[0.171s] -- Detecting C compiler ABI info - done
[0.176s] -- Check for working C compiler: /usr/bin/cc - skipped
[0.176s] -- Detecting C compile features
[0.176s] -- Detecting C compile features - done
[0.178s] -- Detecting CXX compiler ABI info
[0.232s] -- Detecting CXX compiler ABI info - done
[0.237s] -- Check for working CXX compiler: /usr/bin/c++ - skipped
[0.237s] -- Detecting CXX compile features
[0.237s] -- Detecting CXX compile features - done
[0.240s] -- Found ament_cmake: 1.3.10 (/opt/ros/humble/share/ament_cmake/cmake)
[0.354s] -- Found Python3: /usr/bin/python3 (found version "3.10.12") found components: Interpreter 
[0.432s] -- Found rclcpp: 16.0.10 (/opt/ros/humble/share/rclcpp/cmake)
[0.469s] -- Found rosidl_generator_c: 3.1.5 (/opt/ros/humble/share/rosidl_generator_c/cmake)
[0.474s] -- Found rosidl_adapter: 3.1.5 (/opt/ros/humble/share/rosidl_adapter/cmake)
[0.481s] -- Found rosidl_generator_cpp: 3.1.5 (/opt/ros/humble/share/rosidl_generator_cpp/cmake)
[0.491s] -- Using all available rosidl_typesupport_c: rosidl_typesupport_fastrtps_c;rosidl_typesupport_introspection_c
[0.504s] -- Using all available rosidl_typesupport_cpp: rosidl_typesupport_fastrtps_cpp;rosidl_typesupport_introspection_cpp
[0.541s] -- Found rmw_implementation_cmake: 6.1.2 (/opt/ros/humble/share/rmw_implementation_cmake/cmake)
[0.544s] -- Found rmw_fastrtps_cpp: 6.2.7 (/opt/ros/humble/share/rmw_fastrtps_cpp/cmake)
[0.608s] -- Found OpenSSL: /usr/lib/x86_64-linux-gnu/libcrypto.so (found version "3.0.2")  
[0.627s] -- Found FastRTPS: /opt/ros/humble/include  
[0.655s] -- Using RMW implementation 'rmw_fastrtps_cpp' as default
[0.664s] -- Looking for pthread.h
[0.714s] -- Looking for pthread.h - found
[0.714s] -- Performing Test CMAKE_HAVE_LIBC_PTHREAD
[0.764s] -- Performing Test CMAKE_HAVE_LIBC_PTHREAD - Success
[0.765s] -- Found Threads: TRUE  
[0.802s] -- Found rclpy: 3.3.14 (/opt/ros/humble/share/rclpy/cmake)
[0.909s] -- Configuring done
[0.914s] -- Generating done
[0.915s] -- Build files have been written to: /home/waritt/imu_force_ws/build/imu_force_gazebo
[0.922s] Invoked command in '/home/waritt/imu_force_ws/build/imu_force_gazebo' returned '0': CMAKE_PREFIX_PATH=${CMAKE_PREFIX_PATH}:/opt/ros/humble /usr/bin/cmake /home/waritt/imu_force_ws/src/imu_force_gazebo -DCMAKE_INSTALL_PREFIX=/home/waritt/imu_force_ws/install/imu_force_gazebo
[0.923s] Invoking command in '/home/waritt/imu_force_ws/build/imu_force_gazebo': CMAKE_PREFIX_PATH=${CMAKE_PREFIX_PATH}:/opt/ros/humble /usr/bin/cmake --build /home/waritt/imu_force_ws/build/imu_force_gazebo -- -j16 -l16
[0.956s] [ 50%] [32mBuilding CXX object CMakeFiles/cpp_node_test.dir/src/cpp_node.cpp.o[0m
[0.961s] [ 50%] Built target ament_cmake_python_copy_imu_force_gazebo
[1.126s] [100%] [32m[1mLinking CXX executable cpp_node_test[0m
[1.133s] running egg_info
[1.134s] creating imu_force_gazebo.egg-info
[1.134s] writing imu_force_gazebo.egg-info/PKG-INFO
[1.134s] writing dependency_links to imu_force_gazebo.egg-info/dependency_links.txt
[1.134s] writing top-level names to imu_force_gazebo.egg-info/top_level.txt
[1.134s] writing manifest file 'imu_force_gazebo.egg-info/SOURCES.txt'
[1.136s] reading manifest file 'imu_force_gazebo.egg-info/SOURCES.txt'
[1.136s] writing manifest file 'imu_force_gazebo.egg-info/SOURCES.txt'
[1.156s] [100%] Built target ament_cmake_python_build_imu_force_gazebo_egg
[1.188s] [100%] Built target cpp_node_test
[1.196s] Invoked command in '/home/waritt/imu_force_ws/build/imu_force_gazebo' returned '0': CMAKE_PREFIX_PATH=${CMAKE_PREFIX_PATH}:/opt/ros/humble /usr/bin/cmake --build /home/waritt/imu_force_ws/build/imu_force_gazebo -- -j16 -l16
[1.224s] Invoking command in '/home/waritt/imu_force_ws/build/imu_force_gazebo': CMAKE_PREFIX_PATH=${CMAKE_PREFIX_PATH}:/opt/ros/humble /usr/bin/cmake --install /home/waritt/imu_force_ws/build/imu_force_gazebo
[1.229s] -- Install configuration: ""
[1.229s] -- Installing: /home/waritt/imu_force_ws/install/imu_force_gazebo/share/imu_force_gazebo/environment/pythonpath.sh
[1.229s] -- Installing: /home/waritt/imu_force_ws/install/imu_force_gazebo/share/imu_force_gazebo/environment/pythonpath.dsv
[1.229s] -- Installing: /home/waritt/imu_force_ws/install/imu_force_gazebo/local/lib/python3.10/dist-packages/imu_force_gazebo-0.0.0-py3.10.egg-info
[1.229s] -- Installing: /home/waritt/imu_force_ws/install/imu_force_gazebo/local/lib/python3.10/dist-packages/imu_force_gazebo-0.0.0-py3.10.egg-info/SOURCES.txt
[1.229s] -- Installing: /home/waritt/imu_force_ws/install/imu_force_gazebo/local/lib/python3.10/dist-packages/imu_force_gazebo-0.0.0-py3.10.egg-info/top_level.txt
[1.229s] -- Installing: /home/waritt/imu_force_ws/install/imu_force_gazebo/local/lib/python3.10/dist-packages/imu_force_gazebo-0.0.0-py3.10.egg-info/PKG-INFO
[1.229s] -- Installing: /home/waritt/imu_force_ws/install/imu_force_gazebo/local/lib/python3.10/dist-packages/imu_force_gazebo-0.0.0-py3.10.egg-info/dependency_links.txt
[1.229s] -- Installing: /home/waritt/imu_force_ws/install/imu_force_gazebo/local/lib/python3.10/dist-packages/imu_force_gazebo
[1.229s] -- Installing: /home/waritt/imu_force_ws/install/imu_force_gazebo/local/lib/python3.10/dist-packages/imu_force_gazebo/__init__.py
[1.230s] -- Installing: /home/waritt/imu_force_ws/install/imu_force_gazebo/local/lib/python3.10/dist-packages/imu_force_gazebo/dummy_module.py
[1.256s] Listing '/home/waritt/imu_force_ws/install/imu_force_gazebo/local/lib/python3.10/dist-packages/imu_force_gazebo'...
[1.256s] Compiling '/home/waritt/imu_force_ws/install/imu_force_gazebo/local/lib/python3.10/dist-packages/imu_force_gazebo/__init__.py'...
[1.256s] Compiling '/home/waritt/imu_force_ws/install/imu_force_gazebo/local/lib/python3.10/dist-packages/imu_force_gazebo/dummy_module.py'...
[1.259s] -- Installing: /home/waritt/imu_force_ws/install/imu_force_gazebo/lib/imu_force_gazebo/dummy_script.py
[1.259s] -- Installing: /home/waritt/imu_force_ws/install/imu_force_gazebo/lib/imu_force_gazebo/cpp_node_test
[1.259s] -- Set runtime path of "/home/waritt/imu_force_ws/install/imu_force_gazebo/lib/imu_force_gazebo/cpp_node_test" to ""
[1.259s] -- Up-to-date: /home/waritt/imu_force_ws/install/imu_force_gazebo/share/imu_force_gazebo
[1.259s] -- Installing: /home/waritt/imu_force_ws/install/imu_force_gazebo/share/ament_index/resource_index/package_run_dependencies/imu_force_gazebo
[1.259s] -- Installing: /home/waritt/imu_force_ws/install/imu_force_gazebo/share/ament_index/resource_index/parent_prefix_path/imu_force_gazebo
[1.259s] -- Installing: /home/waritt/imu_force_ws/install/imu_force_gazebo/share/imu_force_gazebo/environment/ament_prefix_path.sh
[1.260s] -- Installing: /home/waritt/imu_force_ws/install/imu_force_gazebo/share/imu_force_gazebo/environment/ament_prefix_path.dsv
[1.260s] -- Installing: /home/waritt/imu_force_ws/install/imu_force_gazebo/share/imu_force_gazebo/environment/path.sh
[1.260s] -- Installing: /home/waritt/imu_force_ws/install/imu_force_gazebo/share/imu_force_gazebo/environment/path.dsv
[1.260s] -- Installing: /home/waritt/imu_force_ws/install/imu_force_gazebo/share/imu_force_gazebo/local_setup.bash
[1.260s] -- Installing: /home/waritt/imu_force_ws/install/imu_force_gazebo/share/imu_force_gazebo/local_setup.sh
[1.260s] -- Installing: /home/waritt/imu_force_ws/install/imu_force_gazebo/share/imu_force_gazebo/local_setup.zsh
[1.260s] -- Installing: /home/waritt/imu_force_ws/install/imu_force_gazebo/share/imu_force_gazebo/local_setup.dsv
[1.260s] -- Installing: /home/waritt/imu_force_ws/install/imu_force_gazebo/share/imu_force_gazebo/package.dsv
[1.260s] -- Installing: /home/waritt/imu_force_ws/install/imu_force_gazebo/share/ament_index/resource_index/packages/imu_force_gazebo
[1.260s] -- Installing: /home/waritt/imu_force_ws/install/imu_force_gazebo/share/imu_force_gazebo/cmake/imu_force_gazeboConfig.cmake
[1.260s] -- Installing: /home/waritt/imu_force_ws/install/imu_force_gazebo/share/imu_force_gazebo/cmake/imu_force_gazeboConfig-version.cmake
[1.260s] -- Installing: /home/waritt/imu_force_ws/install/imu_force_gazebo/share/imu_force_gazebo/package.xml
[1.269s] Invoked command in '/home/waritt/imu_force_ws/build/imu_force_gazebo' returned '0': CMAKE_PREFIX_PATH=${CMAKE_PREFIX_PATH}:/opt/ros/humble /usr/bin/cmake --install /home/waritt/imu_force_ws/build/imu_force_gazebo
