-- The C compiler identification is GNU 11.4.0
-- The CXX compiler identification is GNU 11.4.0
-- Detecting C compiler ABI info
-- Detecting C compiler ABI info - done
-- Check for working C compiler: /usr/bin/cc - skipped
-- Detecting C compile features
-- Detecting C compile features - done
-- Detecting CXX compiler ABI info
-- Detecting CXX compiler ABI info - done
-- Check for working CXX compiler: /usr/bin/c++ - skipped
-- Detecting CXX compile features
-- Detecting CXX compile features - done
-- Found ament_cmake: 1.3.10 (/opt/ros/humble/share/ament_cmake/cmake)
-- Found Python3: /usr/bin/python3 (found version "3.10.12") found components: Interpreter 
-- Found rosidl_default_generators: 1.2.0 (/opt/ros/humble/share/rosidl_default_generators/cmake)
-- Using all available rosidl_typesupport_c: rosidl_typesupport_fastrtps_c;rosidl_typesupport_introspection_c
-- Found rosidl_adapter: 3.1.5 (/opt/ros/humble/share/rosidl_adapter/cmake)
-- Using all available rosidl_typesupport_cpp: rosidl_typesupport_fastrtps_cpp;rosidl_typesupport_introspection_cpp
-- Found std_msgs: 4.2.4 (/opt/ros/humble/share/std_msgs/cmake)
-- Found ament_cmake_ros: 0.10.0 (/opt/ros/humble/share/ament_cmake_ros/cmake)
-- Using all available rosidl_typesupport_c: rosidl_typesupport_fastrtps_c;rosidl_typesupport_introspection_c
-- Using all available rosidl_typesupport_cpp: rosidl_typesupport_fastrtps_cpp;rosidl_typesupport_introspection_cpp
-- Found PythonInterp: /usr/bin/python3 (found suitable version "3.10.12", minimum required is "3.6") 
-- Found python_cmake_module: 0.10.0 (/opt/ros/humble/share/python_cmake_module/cmake)
-- Found PythonLibs: /usr/lib/x86_64-linux-gnu/libpython3.10.so (found suitable version "3.10.12", minimum required is "3.5") 
-- Using PYTHON_EXECUTABLE: /usr/bin/python3
-- Using PYTHON_INCLUDE_DIRS: /usr/include/python3.10
-- Using PYTHON_LIBRARIES: /usr/lib/x86_64-linux-gnu/libpython3.10.so
-- Found PythonExtra: .so  
-- Configuring done
-- Generating done
-- Build files have been written to: /home/waritt/imu_force_ws_main/build/imu_custom_msg
[  2%] [34m[1mGenerating C code for ROS interfaces[0m
[  5%] [34m[1mGenerating C++ code for ROS interfaces[0m
[  5%] Built target ament_cmake_python_copy_imu_custom_msg
running egg_info
creating imu_custom_msg.egg-info
writing imu_custom_msg.egg-info/PKG-INFO
writing dependency_links to imu_custom_msg.egg-info/dependency_links.txt
writing top-level names to imu_custom_msg.egg-info/top_level.txt
writing manifest file 'imu_custom_msg.egg-info/SOURCES.txt'
reading manifest file 'imu_custom_msg.egg-info/SOURCES.txt'
writing manifest file 'imu_custom_msg.egg-info/SOURCES.txt'
[  5%] Built target ament_cmake_python_build_imu_custom_msg_egg
[  5%] Built target imu_custom_msg__cpp
[ 10%] [34m[1mGenerating C++ introspection for ROS interfaces[0m
[ 12%] [34m[1mGenerating C++ type support for eProsima Fast-RTPS[0m
[ 12%] [34m[1mGenerating C++ type support dispatch for ROS interfaces[0m
[ 15%] [32mBuilding C object CMakeFiles/imu_custom_msg__rosidl_generator_c.dir/rosidl_generator_c/imu_custom_msg/srv/detail/calibrate__functions.c.o[0m
[ 17%] [32mBuilding C object CMakeFiles/imu_custom_msg__rosidl_generator_c.dir/rosidl_generator_c/imu_custom_msg/srv/detail/get_status__functions.c.o[0m
[ 20%] [32m[1mLinking C shared library libimu_custom_msg__rosidl_generator_c.so[0m
[ 20%] Built target imu_custom_msg__rosidl_generator_c
[ 28%] [34m[1mGenerating C type support for eProsima Fast-RTPS[0m
[ 28%] [34m[1mGenerating C introspection for ROS interfaces[0m
[ 28%] [34m[1mGenerating C type support dispatch for ROS interfaces[0m
[ 30%] [32mBuilding CXX object CMakeFiles/imu_custom_msg__rosidl_typesupport_cpp.dir/rosidl_typesupport_cpp/imu_custom_msg/srv/calibrate__type_support.cpp.o[0m
[ 33%] [32mBuilding CXX object CMakeFiles/imu_custom_msg__rosidl_typesupport_cpp.dir/rosidl_typesupport_cpp/imu_custom_msg/srv/get_status__type_support.cpp.o[0m
[ 38%] [32mBuilding CXX object CMakeFiles/imu_custom_msg__rosidl_typesupport_introspection_cpp.dir/rosidl_typesupport_introspection_cpp/imu_custom_msg/srv/detail/get_status__type_support.cpp.o[0m
[ 38%] [32mBuilding CXX object CMakeFiles/imu_custom_msg__rosidl_typesupport_introspection_cpp.dir/rosidl_typesupport_introspection_cpp/imu_custom_msg/srv/detail/calibrate__type_support.cpp.o[0m
[ 41%] [32mBuilding CXX object CMakeFiles/imu_custom_msg__rosidl_typesupport_fastrtps_cpp.dir/rosidl_typesupport_fastrtps_cpp/imu_custom_msg/srv/detail/dds_fastrtps/get_status__type_support.cpp.o[0m
[ 43%] [32mBuilding CXX object CMakeFiles/imu_custom_msg__rosidl_typesupport_fastrtps_cpp.dir/rosidl_typesupport_fastrtps_cpp/imu_custom_msg/srv/detail/dds_fastrtps/calibrate__type_support.cpp.o[0m
[ 46%] [32mBuilding CXX object CMakeFiles/imu_custom_msg__rosidl_typesupport_c.dir/rosidl_typesupport_c/imu_custom_msg/srv/get_status__type_support.cpp.o[0m
[ 48%] [32mBuilding CXX object CMakeFiles/imu_custom_msg__rosidl_typesupport_c.dir/rosidl_typesupport_c/imu_custom_msg/srv/calibrate__type_support.cpp.o[0m
[ 51%] [32m[1mLinking CXX shared library libimu_custom_msg__rosidl_typesupport_c.so[0m
[ 53%] [32mBuilding C object CMakeFiles/imu_custom_msg__rosidl_typesupport_introspection_c.dir/rosidl_typesupport_introspection_c/imu_custom_msg/srv/detail/get_status__type_support.c.o[0m
[ 56%] [32mBuilding C object CMakeFiles/imu_custom_msg__rosidl_typesupport_introspection_c.dir/rosidl_typesupport_introspection_c/imu_custom_msg/srv/detail/calibrate__type_support.c.o[0m
[ 58%] [32mBuilding CXX object CMakeFiles/imu_custom_msg__rosidl_typesupport_fastrtps_c.dir/rosidl_typesupport_fastrtps_c/imu_custom_msg/srv/detail/get_status__type_support_c.cpp.o[0m
[ 61%] [32mBuilding CXX object CMakeFiles/imu_custom_msg__rosidl_typesupport_fastrtps_c.dir/rosidl_typesupport_fastrtps_c/imu_custom_msg/srv/detail/calibrate__type_support_c.cpp.o[0m
[ 61%] Built target imu_custom_msg__rosidl_typesupport_c
[ 64%] [32m[1mLinking C shared library libimu_custom_msg__rosidl_typesupport_introspection_c.so[0m
[ 64%] Built target imu_custom_msg__rosidl_typesupport_introspection_c
[ 66%] [32m[1mLinking CXX shared library libimu_custom_msg__rosidl_typesupport_cpp.so[0m
[ 66%] Built target imu_custom_msg__rosidl_typesupport_cpp
[ 69%] [32m[1mLinking CXX shared library libimu_custom_msg__rosidl_typesupport_introspection_cpp.so[0m
[ 71%] [32m[1mLinking CXX shared library libimu_custom_msg__rosidl_typesupport_fastrtps_c.so[0m
[ 74%] [32m[1mLinking CXX shared library libimu_custom_msg__rosidl_typesupport_fastrtps_cpp.so[0m
[ 74%] Built target imu_custom_msg__rosidl_typesupport_introspection_cpp
[ 74%] Built target imu_custom_msg__rosidl_typesupport_fastrtps_c
[ 74%] Built target imu_custom_msg__rosidl_typesupport_fastrtps_cpp
[ 74%] Built target imu_custom_msg
[ 76%] [34m[1mGenerating Python code for ROS interfaces[0m
[ 76%] Built target imu_custom_msg__py
[ 79%] [32mBuilding C object CMakeFiles/imu_custom_msg__rosidl_generator_py.dir/rosidl_generator_py/imu_custom_msg/srv/_get_status_s.c.o[0m
[ 82%] [32mBuilding C object CMakeFiles/imu_custom_msg__rosidl_generator_py.dir/rosidl_generator_py/imu_custom_msg/srv/_calibrate_s.c.o[0m
[ 84%] [32m[1mLinking C shared library rosidl_generator_py/imu_custom_msg/libimu_custom_msg__rosidl_generator_py.so[0m
[ 84%] Built target imu_custom_msg__rosidl_generator_py
[ 87%] [32mBuilding C object CMakeFiles/imu_custom_msg__rosidl_typesupport_fastrtps_c__pyext.dir/rosidl_generator_py/imu_custom_msg/_imu_custom_msg_s.ep.rosidl_typesupport_fastrtps_c.c.o[0m
[ 89%] [32mBuilding C object CMakeFiles/imu_custom_msg__rosidl_typesupport_introspection_c__pyext.dir/rosidl_generator_py/imu_custom_msg/_imu_custom_msg_s.ep.rosidl_typesupport_introspection_c.c.o[0m
[ 92%] [32mBuilding C object CMakeFiles/imu_custom_msg__rosidl_typesupport_c__pyext.dir/rosidl_generator_py/imu_custom_msg/_imu_custom_msg_s.ep.rosidl_typesupport_c.c.o[0m
[100%] [32m[1mLinking C shared library rosidl_generator_py/imu_custom_msg/imu_custom_msg_s__rosidl_typesupport_introspection_c.cpython-310-x86_64-linux-gnu.so[0m
[100%] [32m[1mLinking C shared library rosidl_generator_py/imu_custom_msg/imu_custom_msg_s__rosidl_typesupport_c.cpython-310-x86_64-linux-gnu.so[0m
[100%] [32m[1mLinking C shared library rosidl_generator_py/imu_custom_msg/imu_custom_msg_s__rosidl_typesupport_fastrtps_c.cpython-310-x86_64-linux-gnu.so[0m
[100%] Built target imu_custom_msg__rosidl_typesupport_c__pyext
[100%] Built target imu_custom_msg__rosidl_typesupport_fastrtps_c__pyext
[100%] Built target imu_custom_msg__rosidl_typesupport_introspection_c__pyext
-- Install configuration: ""
-- Installing: /home/waritt/imu_force_ws_main/install/imu_custom_msg/share/ament_index/resource_index/rosidl_interfaces/imu_custom_msg
-- Installing: /home/waritt/imu_force_ws_main/install/imu_custom_msg/include/imu_custom_msg/imu_custom_msg
-- Installing: /home/waritt/imu_force_ws_main/install/imu_custom_msg/include/imu_custom_msg/imu_custom_msg/msg
-- Installing: /home/waritt/imu_force_ws_main/install/imu_custom_msg/include/imu_custom_msg/imu_custom_msg/msg/rosidl_generator_c__visibility_control.h
-- Installing: /home/waritt/imu_force_ws_main/install/imu_custom_msg/include/imu_custom_msg/imu_custom_msg/srv
-- Installing: /home/waritt/imu_force_ws_main/install/imu_custom_msg/include/imu_custom_msg/imu_custom_msg/srv/get_status.h
-- Installing: /home/waritt/imu_force_ws_main/install/imu_custom_msg/include/imu_custom_msg/imu_custom_msg/srv/detail
-- Installing: /home/waritt/imu_force_ws_main/install/imu_custom_msg/include/imu_custom_msg/imu_custom_msg/srv/detail/get_status__type_support.h
-- Installing: /home/waritt/imu_force_ws_main/install/imu_custom_msg/include/imu_custom_msg/imu_custom_msg/srv/detail/calibrate__functions.h
-- Installing: /home/waritt/imu_force_ws_main/install/imu_custom_msg/include/imu_custom_msg/imu_custom_msg/srv/detail/get_status__functions.c
-- Installing: /home/waritt/imu_force_ws_main/install/imu_custom_msg/include/imu_custom_msg/imu_custom_msg/srv/detail/get_status__functions.h
-- Installing: /home/waritt/imu_force_ws_main/install/imu_custom_msg/include/imu_custom_msg/imu_custom_msg/srv/detail/calibrate__struct.h
-- Installing: /home/waritt/imu_force_ws_main/install/imu_custom_msg/include/imu_custom_msg/imu_custom_msg/srv/detail/calibrate__type_support.h
-- Installing: /home/waritt/imu_force_ws_main/install/imu_custom_msg/include/imu_custom_msg/imu_custom_msg/srv/detail/get_status__struct.h
-- Installing: /home/waritt/imu_force_ws_main/install/imu_custom_msg/include/imu_custom_msg/imu_custom_msg/srv/detail/calibrate__functions.c
-- Installing: /home/waritt/imu_force_ws_main/install/imu_custom_msg/include/imu_custom_msg/imu_custom_msg/srv/calibrate.h
-- Installing: /home/waritt/imu_force_ws_main/install/imu_custom_msg/share/imu_custom_msg/environment/library_path.sh
-- Installing: /home/waritt/imu_force_ws_main/install/imu_custom_msg/share/imu_custom_msg/environment/library_path.dsv
-- Installing: /home/waritt/imu_force_ws_main/install/imu_custom_msg/lib/libimu_custom_msg__rosidl_generator_c.so
-- Set runtime path of "/home/waritt/imu_force_ws_main/install/imu_custom_msg/lib/libimu_custom_msg__rosidl_generator_c.so" to ""
-- Up-to-date: /home/waritt/imu_force_ws_main/install/imu_custom_msg/include/imu_custom_msg/imu_custom_msg
-- Up-to-date: /home/waritt/imu_force_ws_main/install/imu_custom_msg/include/imu_custom_msg/imu_custom_msg/msg
-- Installing: /home/waritt/imu_force_ws_main/install/imu_custom_msg/include/imu_custom_msg/imu_custom_msg/msg/rosidl_typesupport_fastrtps_c__visibility_control.h
-- Up-to-date: /home/waritt/imu_force_ws_main/install/imu_custom_msg/include/imu_custom_msg/imu_custom_msg/srv
-- Up-to-date: /home/waritt/imu_force_ws_main/install/imu_custom_msg/include/imu_custom_msg/imu_custom_msg/srv/detail
-- Installing: /home/waritt/imu_force_ws_main/install/imu_custom_msg/include/imu_custom_msg/imu_custom_msg/srv/detail/calibrate__rosidl_typesupport_fastrtps_c.h
-- Installing: /home/waritt/imu_force_ws_main/install/imu_custom_msg/include/imu_custom_msg/imu_custom_msg/srv/detail/get_status__rosidl_typesupport_fastrtps_c.h
-- Installing: /home/waritt/imu_force_ws_main/install/imu_custom_msg/lib/libimu_custom_msg__rosidl_typesupport_fastrtps_c.so
-- Set runtime path of "/home/waritt/imu_force_ws_main/install/imu_custom_msg/lib/libimu_custom_msg__rosidl_typesupport_fastrtps_c.so" to ""
-- Up-to-date: /home/waritt/imu_force_ws_main/install/imu_custom_msg/include/imu_custom_msg/imu_custom_msg
-- Up-to-date: /home/waritt/imu_force_ws_main/install/imu_custom_msg/include/imu_custom_msg/imu_custom_msg/msg
-- Installing: /home/waritt/imu_force_ws_main/install/imu_custom_msg/include/imu_custom_msg/imu_custom_msg/msg/rosidl_typesupport_introspection_c__visibility_control.h
-- Up-to-date: /home/waritt/imu_force_ws_main/install/imu_custom_msg/include/imu_custom_msg/imu_custom_msg/srv
-- Up-to-date: /home/waritt/imu_force_ws_main/install/imu_custom_msg/include/imu_custom_msg/imu_custom_msg/srv/detail
-- Installing: /home/waritt/imu_force_ws_main/install/imu_custom_msg/include/imu_custom_msg/imu_custom_msg/srv/detail/get_status__type_support.c
-- Installing: /home/waritt/imu_force_ws_main/install/imu_custom_msg/include/imu_custom_msg/imu_custom_msg/srv/detail/calibrate__rosidl_typesupport_introspection_c.h
-- Installing: /home/waritt/imu_force_ws_main/install/imu_custom_msg/include/imu_custom_msg/imu_custom_msg/srv/detail/get_status__rosidl_typesupport_introspection_c.h
-- Installing: /home/waritt/imu_force_ws_main/install/imu_custom_msg/include/imu_custom_msg/imu_custom_msg/srv/detail/calibrate__type_support.c
-- Installing: /home/waritt/imu_force_ws_main/install/imu_custom_msg/lib/libimu_custom_msg__rosidl_typesupport_introspection_c.so
-- Set runtime path of "/home/waritt/imu_force_ws_main/install/imu_custom_msg/lib/libimu_custom_msg__rosidl_typesupport_introspection_c.so" to ""
-- Installing: /home/waritt/imu_force_ws_main/install/imu_custom_msg/lib/libimu_custom_msg__rosidl_typesupport_c.so
-- Set runtime path of "/home/waritt/imu_force_ws_main/install/imu_custom_msg/lib/libimu_custom_msg__rosidl_typesupport_c.so" to ""
-- Up-to-date: /home/waritt/imu_force_ws_main/install/imu_custom_msg/include/imu_custom_msg/imu_custom_msg
-- Up-to-date: /home/waritt/imu_force_ws_main/install/imu_custom_msg/include/imu_custom_msg/imu_custom_msg/srv
-- Installing: /home/waritt/imu_force_ws_main/install/imu_custom_msg/include/imu_custom_msg/imu_custom_msg/srv/calibrate.hpp
-- Installing: /home/waritt/imu_force_ws_main/install/imu_custom_msg/include/imu_custom_msg/imu_custom_msg/srv/get_status.hpp
-- Up-to-date: /home/waritt/imu_force_ws_main/install/imu_custom_msg/include/imu_custom_msg/imu_custom_msg/srv/detail
-- Installing: /home/waritt/imu_force_ws_main/install/imu_custom_msg/include/imu_custom_msg/imu_custom_msg/srv/detail/get_status__traits.hpp
-- Installing: /home/waritt/imu_force_ws_main/install/imu_custom_msg/include/imu_custom_msg/imu_custom_msg/srv/detail/get_status__struct.hpp
-- Installing: /home/waritt/imu_force_ws_main/install/imu_custom_msg/include/imu_custom_msg/imu_custom_msg/srv/detail/calibrate__builder.hpp
-- Installing: /home/waritt/imu_force_ws_main/install/imu_custom_msg/include/imu_custom_msg/imu_custom_msg/srv/detail/calibrate__struct.hpp
-- Installing: /home/waritt/imu_force_ws_main/install/imu_custom_msg/include/imu_custom_msg/imu_custom_msg/srv/detail/get_status__builder.hpp
-- Installing: /home/waritt/imu_force_ws_main/install/imu_custom_msg/include/imu_custom_msg/imu_custom_msg/srv/detail/calibrate__traits.hpp
-- Up-to-date: /home/waritt/imu_force_ws_main/install/imu_custom_msg/include/imu_custom_msg/imu_custom_msg
-- Up-to-date: /home/waritt/imu_force_ws_main/install/imu_custom_msg/include/imu_custom_msg/imu_custom_msg/msg
-- Installing: /home/waritt/imu_force_ws_main/install/imu_custom_msg/include/imu_custom_msg/imu_custom_msg/msg/rosidl_typesupport_fastrtps_cpp__visibility_control.h
-- Up-to-date: /home/waritt/imu_force_ws_main/install/imu_custom_msg/include/imu_custom_msg/imu_custom_msg/srv
-- Up-to-date: /home/waritt/imu_force_ws_main/install/imu_custom_msg/include/imu_custom_msg/imu_custom_msg/srv/detail
-- Installing: /home/waritt/imu_force_ws_main/install/imu_custom_msg/include/imu_custom_msg/imu_custom_msg/srv/detail/get_status__rosidl_typesupport_fastrtps_cpp.hpp
-- Installing: /home/waritt/imu_force_ws_main/install/imu_custom_msg/include/imu_custom_msg/imu_custom_msg/srv/detail/calibrate__rosidl_typesupport_fastrtps_cpp.hpp
-- Installing: /home/waritt/imu_force_ws_main/install/imu_custom_msg/include/imu_custom_msg/imu_custom_msg/srv/detail/dds_fastrtps
-- Installing: /home/waritt/imu_force_ws_main/install/imu_custom_msg/lib/libimu_custom_msg__rosidl_typesupport_fastrtps_cpp.so
-- Set runtime path of "/home/waritt/imu_force_ws_main/install/imu_custom_msg/lib/libimu_custom_msg__rosidl_typesupport_fastrtps_cpp.so" to ""
-- Up-to-date: /home/waritt/imu_force_ws_main/install/imu_custom_msg/include/imu_custom_msg/imu_custom_msg
-- Up-to-date: /home/waritt/imu_force_ws_main/install/imu_custom_msg/include/imu_custom_msg/imu_custom_msg/srv
-- Up-to-date: /home/waritt/imu_force_ws_main/install/imu_custom_msg/include/imu_custom_msg/imu_custom_msg/srv/detail
-- Installing: /home/waritt/imu_force_ws_main/install/imu_custom_msg/include/imu_custom_msg/imu_custom_msg/srv/detail/get_status__type_support.cpp
-- Installing: /home/waritt/imu_force_ws_main/install/imu_custom_msg/include/imu_custom_msg/imu_custom_msg/srv/detail/calibrate__rosidl_typesupport_introspection_cpp.hpp
-- Installing: /home/waritt/imu_force_ws_main/install/imu_custom_msg/include/imu_custom_msg/imu_custom_msg/srv/detail/get_status__rosidl_typesupport_introspection_cpp.hpp
-- Installing: /home/waritt/imu_force_ws_main/install/imu_custom_msg/include/imu_custom_msg/imu_custom_msg/srv/detail/calibrate__type_support.cpp
-- Installing: /home/waritt/imu_force_ws_main/install/imu_custom_msg/lib/libimu_custom_msg__rosidl_typesupport_introspection_cpp.so
-- Set runtime path of "/home/waritt/imu_force_ws_main/install/imu_custom_msg/lib/libimu_custom_msg__rosidl_typesupport_introspection_cpp.so" to ""
-- Installing: /home/waritt/imu_force_ws_main/install/imu_custom_msg/lib/libimu_custom_msg__rosidl_typesupport_cpp.so
-- Set runtime path of "/home/waritt/imu_force_ws_main/install/imu_custom_msg/lib/libimu_custom_msg__rosidl_typesupport_cpp.so" to ""
-- Installing: /home/waritt/imu_force_ws_main/install/imu_custom_msg/share/imu_custom_msg/environment/pythonpath.sh
-- Installing: /home/waritt/imu_force_ws_main/install/imu_custom_msg/share/imu_custom_msg/environment/pythonpath.dsv
-- Installing: /home/waritt/imu_force_ws_main/install/imu_custom_msg/local/lib/python3.10/dist-packages/imu_custom_msg-0.0.0-py3.10.egg-info
-- Installing: /home/waritt/imu_force_ws_main/install/imu_custom_msg/local/lib/python3.10/dist-packages/imu_custom_msg-0.0.0-py3.10.egg-info/SOURCES.txt
-- Installing: /home/waritt/imu_force_ws_main/install/imu_custom_msg/local/lib/python3.10/dist-packages/imu_custom_msg-0.0.0-py3.10.egg-info/top_level.txt
-- Installing: /home/waritt/imu_force_ws_main/install/imu_custom_msg/local/lib/python3.10/dist-packages/imu_custom_msg-0.0.0-py3.10.egg-info/PKG-INFO
-- Installing: /home/waritt/imu_force_ws_main/install/imu_custom_msg/local/lib/python3.10/dist-packages/imu_custom_msg-0.0.0-py3.10.egg-info/dependency_links.txt
-- Installing: /home/waritt/imu_force_ws_main/install/imu_custom_msg/local/lib/python3.10/dist-packages/imu_custom_msg
-- Installing: /home/waritt/imu_force_ws_main/install/imu_custom_msg/local/lib/python3.10/dist-packages/imu_custom_msg/imu_custom_msg_s__rosidl_typesupport_fastrtps_c.cpython-310-x86_64-linux-gnu.so
-- Installing: /home/waritt/imu_force_ws_main/install/imu_custom_msg/local/lib/python3.10/dist-packages/imu_custom_msg/__init__.py
-- Installing: /home/waritt/imu_force_ws_main/install/imu_custom_msg/local/lib/python3.10/dist-packages/imu_custom_msg/_imu_custom_msg_s.ep.rosidl_typesupport_c.c
-- Installing: /home/waritt/imu_force_ws_main/install/imu_custom_msg/local/lib/python3.10/dist-packages/imu_custom_msg/libimu_custom_msg__rosidl_generator_py.so
-- Installing: /home/waritt/imu_force_ws_main/install/imu_custom_msg/local/lib/python3.10/dist-packages/imu_custom_msg/imu_custom_msg_s__rosidl_typesupport_c.cpython-310-x86_64-linux-gnu.so
-- Installing: /home/waritt/imu_force_ws_main/install/imu_custom_msg/local/lib/python3.10/dist-packages/imu_custom_msg/_imu_custom_msg_s.ep.rosidl_typesupport_introspection_c.c
-- Installing: /home/waritt/imu_force_ws_main/install/imu_custom_msg/local/lib/python3.10/dist-packages/imu_custom_msg/imu_custom_msg_s__rosidl_typesupport_introspection_c.cpython-310-x86_64-linux-gnu.so
-- Installing: /home/waritt/imu_force_ws_main/install/imu_custom_msg/local/lib/python3.10/dist-packages/imu_custom_msg/_imu_custom_msg_s.ep.rosidl_typesupport_fastrtps_c.c
-- Installing: /home/waritt/imu_force_ws_main/install/imu_custom_msg/local/lib/python3.10/dist-packages/imu_custom_msg/srv
-- Installing: /home/waritt/imu_force_ws_main/install/imu_custom_msg/local/lib/python3.10/dist-packages/imu_custom_msg/srv/_calibrate.py
-- Installing: /home/waritt/imu_force_ws_main/install/imu_custom_msg/local/lib/python3.10/dist-packages/imu_custom_msg/srv/__init__.py
-- Installing: /home/waritt/imu_force_ws_main/install/imu_custom_msg/local/lib/python3.10/dist-packages/imu_custom_msg/srv/_get_status.py
-- Installing: /home/waritt/imu_force_ws_main/install/imu_custom_msg/local/lib/python3.10/dist-packages/imu_custom_msg/srv/_get_status_s.c
-- Installing: /home/waritt/imu_force_ws_main/install/imu_custom_msg/local/lib/python3.10/dist-packages/imu_custom_msg/srv/_calibrate_s.c
Listing '/home/waritt/imu_force_ws_main/install/imu_custom_msg/local/lib/python3.10/dist-packages/imu_custom_msg'...
Compiling '/home/waritt/imu_force_ws_main/install/imu_custom_msg/local/lib/python3.10/dist-packages/imu_custom_msg/__init__.py'...
Listing '/home/waritt/imu_force_ws_main/install/imu_custom_msg/local/lib/python3.10/dist-packages/imu_custom_msg/srv'...
Compiling '/home/waritt/imu_force_ws_main/install/imu_custom_msg/local/lib/python3.10/dist-packages/imu_custom_msg/srv/__init__.py'...
Compiling '/home/waritt/imu_force_ws_main/install/imu_custom_msg/local/lib/python3.10/dist-packages/imu_custom_msg/srv/_calibrate.py'...
Compiling '/home/waritt/imu_force_ws_main/install/imu_custom_msg/local/lib/python3.10/dist-packages/imu_custom_msg/srv/_get_status.py'...
-- Installing: /home/waritt/imu_force_ws_main/install/imu_custom_msg/local/lib/python3.10/dist-packages/imu_custom_msg/imu_custom_msg_s__rosidl_typesupport_fastrtps_c.cpython-310-x86_64-linux-gnu.so
-- Set runtime path of "/home/waritt/imu_force_ws_main/install/imu_custom_msg/local/lib/python3.10/dist-packages/imu_custom_msg/imu_custom_msg_s__rosidl_typesupport_fastrtps_c.cpython-310-x86_64-linux-gnu.so" to ""
-- Installing: /home/waritt/imu_force_ws_main/install/imu_custom_msg/local/lib/python3.10/dist-packages/imu_custom_msg/imu_custom_msg_s__rosidl_typesupport_introspection_c.cpython-310-x86_64-linux-gnu.so
-- Set runtime path of "/home/waritt/imu_force_ws_main/install/imu_custom_msg/local/lib/python3.10/dist-packages/imu_custom_msg/imu_custom_msg_s__rosidl_typesupport_introspection_c.cpython-310-x86_64-linux-gnu.so" to ""
-- Installing: /home/waritt/imu_force_ws_main/install/imu_custom_msg/local/lib/python3.10/dist-packages/imu_custom_msg/imu_custom_msg_s__rosidl_typesupport_c.cpython-310-x86_64-linux-gnu.so
-- Set runtime path of "/home/waritt/imu_force_ws_main/install/imu_custom_msg/local/lib/python3.10/dist-packages/imu_custom_msg/imu_custom_msg_s__rosidl_typesupport_c.cpython-310-x86_64-linux-gnu.so" to ""
-- Installing: /home/waritt/imu_force_ws_main/install/imu_custom_msg/lib/libimu_custom_msg__rosidl_generator_py.so
-- Set runtime path of "/home/waritt/imu_force_ws_main/install/imu_custom_msg/lib/libimu_custom_msg__rosidl_generator_py.so" to ""
-- Installing: /home/waritt/imu_force_ws_main/install/imu_custom_msg/share/imu_custom_msg/srv/GetStatus.idl
-- Installing: /home/waritt/imu_force_ws_main/install/imu_custom_msg/share/imu_custom_msg/srv/Calibrate.idl
-- Installing: /home/waritt/imu_force_ws_main/install/imu_custom_msg/share/imu_custom_msg/srv/GetStatus.srv
-- Installing: /home/waritt/imu_force_ws_main/install/imu_custom_msg/share/imu_custom_msg/srv/GetStatus_Request.msg
-- Installing: /home/waritt/imu_force_ws_main/install/imu_custom_msg/share/imu_custom_msg/srv/GetStatus_Response.msg
-- Installing: /home/waritt/imu_force_ws_main/install/imu_custom_msg/share/imu_custom_msg/srv/Calibrate.srv
-- Installing: /home/waritt/imu_force_ws_main/install/imu_custom_msg/share/imu_custom_msg/srv/Calibrate_Request.msg
-- Installing: /home/waritt/imu_force_ws_main/install/imu_custom_msg/share/imu_custom_msg/srv/Calibrate_Response.msg
-- Installing: /home/waritt/imu_force_ws_main/install/imu_custom_msg/share/ament_index/resource_index/package_run_dependencies/imu_custom_msg
-- Installing: /home/waritt/imu_force_ws_main/install/imu_custom_msg/share/ament_index/resource_index/parent_prefix_path/imu_custom_msg
-- Installing: /home/waritt/imu_force_ws_main/install/imu_custom_msg/share/imu_custom_msg/environment/ament_prefix_path.sh
-- Installing: /home/waritt/imu_force_ws_main/install/imu_custom_msg/share/imu_custom_msg/environment/ament_prefix_path.dsv
-- Installing: /home/waritt/imu_force_ws_main/install/imu_custom_msg/share/imu_custom_msg/environment/path.sh
-- Installing: /home/waritt/imu_force_ws_main/install/imu_custom_msg/share/imu_custom_msg/environment/path.dsv
-- Installing: /home/waritt/imu_force_ws_main/install/imu_custom_msg/share/imu_custom_msg/local_setup.bash
-- Installing: /home/waritt/imu_force_ws_main/install/imu_custom_msg/share/imu_custom_msg/local_setup.sh
-- Installing: /home/waritt/imu_force_ws_main/install/imu_custom_msg/share/imu_custom_msg/local_setup.zsh
-- Installing: /home/waritt/imu_force_ws_main/install/imu_custom_msg/share/imu_custom_msg/local_setup.dsv
-- Installing: /home/waritt/imu_force_ws_main/install/imu_custom_msg/share/imu_custom_msg/package.dsv
-- Installing: /home/waritt/imu_force_ws_main/install/imu_custom_msg/share/ament_index/resource_index/packages/imu_custom_msg
-- Installing: /home/waritt/imu_force_ws_main/install/imu_custom_msg/share/imu_custom_msg/cmake/export_imu_custom_msg__rosidl_generator_cExport.cmake
-- Installing: /home/waritt/imu_force_ws_main/install/imu_custom_msg/share/imu_custom_msg/cmake/export_imu_custom_msg__rosidl_generator_cExport-noconfig.cmake
-- Installing: /home/waritt/imu_force_ws_main/install/imu_custom_msg/share/imu_custom_msg/cmake/export_imu_custom_msg__rosidl_typesupport_fastrtps_cExport.cmake
-- Installing: /home/waritt/imu_force_ws_main/install/imu_custom_msg/share/imu_custom_msg/cmake/export_imu_custom_msg__rosidl_typesupport_fastrtps_cExport-noconfig.cmake
-- Installing: /home/waritt/imu_force_ws_main/install/imu_custom_msg/share/imu_custom_msg/cmake/imu_custom_msg__rosidl_typesupport_introspection_cExport.cmake
-- Installing: /home/waritt/imu_force_ws_main/install/imu_custom_msg/share/imu_custom_msg/cmake/imu_custom_msg__rosidl_typesupport_introspection_cExport-noconfig.cmake
-- Installing: /home/waritt/imu_force_ws_main/install/imu_custom_msg/share/imu_custom_msg/cmake/imu_custom_msg__rosidl_typesupport_cExport.cmake
-- Installing: /home/waritt/imu_force_ws_main/install/imu_custom_msg/share/imu_custom_msg/cmake/imu_custom_msg__rosidl_typesupport_cExport-noconfig.cmake
-- Installing: /home/waritt/imu_force_ws_main/install/imu_custom_msg/share/imu_custom_msg/cmake/export_imu_custom_msg__rosidl_generator_cppExport.cmake
-- Installing: /home/waritt/imu_force_ws_main/install/imu_custom_msg/share/imu_custom_msg/cmake/export_imu_custom_msg__rosidl_typesupport_fastrtps_cppExport.cmake
-- Installing: /home/waritt/imu_force_ws_main/install/imu_custom_msg/share/imu_custom_msg/cmake/export_imu_custom_msg__rosidl_typesupport_fastrtps_cppExport-noconfig.cmake
-- Installing: /home/waritt/imu_force_ws_main/install/imu_custom_msg/share/imu_custom_msg/cmake/imu_custom_msg__rosidl_typesupport_introspection_cppExport.cmake
-- Installing: /home/waritt/imu_force_ws_main/install/imu_custom_msg/share/imu_custom_msg/cmake/imu_custom_msg__rosidl_typesupport_introspection_cppExport-noconfig.cmake
-- Installing: /home/waritt/imu_force_ws_main/install/imu_custom_msg/share/imu_custom_msg/cmake/imu_custom_msg__rosidl_typesupport_cppExport.cmake
-- Installing: /home/waritt/imu_force_ws_main/install/imu_custom_msg/share/imu_custom_msg/cmake/imu_custom_msg__rosidl_typesupport_cppExport-noconfig.cmake
-- Installing: /home/waritt/imu_force_ws_main/install/imu_custom_msg/share/imu_custom_msg/cmake/export_imu_custom_msg__rosidl_generator_pyExport.cmake
-- Installing: /home/waritt/imu_force_ws_main/install/imu_custom_msg/share/imu_custom_msg/cmake/export_imu_custom_msg__rosidl_generator_pyExport-noconfig.cmake
-- Installing: /home/waritt/imu_force_ws_main/install/imu_custom_msg/share/imu_custom_msg/cmake/rosidl_cmake-extras.cmake
-- Installing: /home/waritt/imu_force_ws_main/install/imu_custom_msg/share/imu_custom_msg/cmake/ament_cmake_export_dependencies-extras.cmake
-- Installing: /home/waritt/imu_force_ws_main/install/imu_custom_msg/share/imu_custom_msg/cmake/ament_cmake_export_include_directories-extras.cmake
-- Installing: /home/waritt/imu_force_ws_main/install/imu_custom_msg/share/imu_custom_msg/cmake/ament_cmake_export_libraries-extras.cmake
-- Installing: /home/waritt/imu_force_ws_main/install/imu_custom_msg/share/imu_custom_msg/cmake/ament_cmake_export_targets-extras.cmake
-- Installing: /home/waritt/imu_force_ws_main/install/imu_custom_msg/share/imu_custom_msg/cmake/rosidl_cmake_export_typesupport_targets-extras.cmake
-- Installing: /home/waritt/imu_force_ws_main/install/imu_custom_msg/share/imu_custom_msg/cmake/rosidl_cmake_export_typesupport_libraries-extras.cmake
-- Installing: /home/waritt/imu_force_ws_main/install/imu_custom_msg/share/imu_custom_msg/cmake/imu_custom_msgConfig.cmake
-- Installing: /home/waritt/imu_force_ws_main/install/imu_custom_msg/share/imu_custom_msg/cmake/imu_custom_msgConfig-version.cmake
-- Installing: /home/waritt/imu_force_ws_main/install/imu_custom_msg/share/imu_custom_msg/package.xml
