[0.014s] Invoking command in '/home/waritt/imu_force_ws_main/build/imu_custom_msg': CMAKE_PREFIX_PATH=${CMAKE_PREFIX_PATH}:/opt/ros/humble /usr/bin/cmake /home/waritt/imu_force_ws_main/src/imu_custom_msg -DCMAKE_INSTALL_PREFIX=/home/waritt/imu_force_ws_main/install/imu_custom_msg
[0.050s] -- The C compiler identification is GNU 11.4.0
[0.087s] -- The CXX compiler identification is GNU 11.4.0
[0.093s] -- Detecting C compiler ABI info
[0.138s] -- Detecting C compiler ABI info - done
[0.143s] -- Check for working C compiler: /usr/bin/cc - skipped
[0.143s] -- Detecting C compile features
[0.143s] -- Detecting C compile features - done
[0.145s] -- Detecting CXX compiler ABI info
[0.198s] -- Detecting CXX compiler ABI info - done
[0.203s] -- Check for working CXX compiler: /usr/bin/c++ - skipped
[0.203s] -- Detecting CXX compile features
[0.204s] -- Detecting CXX compile features - done
[0.206s] -- Found ament_cmake: 1.3.10 (/opt/ros/humble/share/ament_cmake/cmake)
[0.333s] -- Found Python3: /usr/bin/python3 (found version "3.10.12") found components: Interpreter 
[0.415s] -- Found rosidl_default_generators: 1.2.0 (/opt/ros/humble/share/rosidl_default_generators/cmake)
[0.420s] -- Using all available rosidl_typesupport_c: rosidl_typesupport_fastrtps_c;rosidl_typesupport_introspection_c
[0.428s] -- Found rosidl_adapter: 3.1.5 (/opt/ros/humble/share/rosidl_adapter/cmake)
[0.465s] -- Using all available rosidl_typesupport_cpp: rosidl_typesupport_fastrtps_cpp;rosidl_typesupport_introspection_cpp
[0.494s] -- Found std_msgs: 4.2.4 (/opt/ros/humble/share/std_msgs/cmake)
[0.727s] -- Found ament_cmake_ros: 0.10.0 (/opt/ros/humble/share/ament_cmake_ros/cmake)
[0.894s] -- Using all available rosidl_typesupport_c: rosidl_typesupport_fastrtps_c;rosidl_typesupport_introspection_c
[1.136s] -- Using all available rosidl_typesupport_cpp: rosidl_typesupport_fastrtps_cpp;rosidl_typesupport_introspection_cpp
[1.158s] -- Found PythonInterp: /usr/bin/python3 (found suitable version "3.10.12", minimum required is "3.6") 
[1.161s] -- Found python_cmake_module: 0.10.0 (/opt/ros/humble/share/python_cmake_module/cmake)
[1.186s] -- Found PythonLibs: /usr/lib/x86_64-linux-gnu/libpython3.10.so (found suitable version "3.10.12", minimum required is "3.5") 
[1.186s] -- Using PYTHON_EXECUTABLE: /usr/bin/python3
[1.186s] -- Using PYTHON_INCLUDE_DIRS: /usr/include/python3.10
[1.186s] -- Using PYTHON_LIBRARIES: /usr/lib/x86_64-linux-gnu/libpython3.10.so
[1.208s] -- Found PythonExtra: .so  
[1.264s] -- Configuring done
[1.282s] -- Generating done
[1.284s] -- Build files have been written to: /home/waritt/imu_force_ws_main/build/imu_custom_msg
[1.289s] Invoked command in '/home/waritt/imu_force_ws_main/build/imu_custom_msg' returned '0': CMAKE_PREFIX_PATH=${CMAKE_PREFIX_PATH}:/opt/ros/humble /usr/bin/cmake /home/waritt/imu_force_ws_main/src/imu_custom_msg -DCMAKE_INSTALL_PREFIX=/home/waritt/imu_force_ws_main/install/imu_custom_msg
[1.289s] Invoking command in '/home/waritt/imu_force_ws_main/build/imu_custom_msg': CMAKE_PREFIX_PATH=${CMAKE_PREFIX_PATH}:/opt/ros/humble /usr/bin/cmake --build /home/waritt/imu_force_ws_main/build/imu_custom_msg -- -j16 -l16
[1.318s] [  2%] [34m[1mGenerating C code for ROS interfaces[0m
[1.325s] [  5%] [34m[1mGenerating C++ code for ROS interfaces[0m
[1.331s] [  5%] Built target ament_cmake_python_copy_imu_custom_msg
[1.502s] running egg_info
[1.502s] creating imu_custom_msg.egg-info
[1.503s] writing imu_custom_msg.egg-info/PKG-INFO
[1.503s] writing dependency_links to imu_custom_msg.egg-info/dependency_links.txt
[1.503s] writing top-level names to imu_custom_msg.egg-info/top_level.txt
[1.503s] writing manifest file 'imu_custom_msg.egg-info/SOURCES.txt'
[1.504s] reading manifest file 'imu_custom_msg.egg-info/SOURCES.txt'
[1.504s] writing manifest file 'imu_custom_msg.egg-info/SOURCES.txt'
[1.521s] [  5%] Built target ament_cmake_python_build_imu_custom_msg_egg
[1.555s] [  5%] Built target imu_custom_msg__cpp
[1.562s] [ 10%] [34m[1mGenerating C++ introspection for ROS interfaces[0m
[1.562s] [ 12%] [34m[1mGenerating C++ type support for eProsima Fast-RTPS[0m
[1.562s] [ 12%] [34m[1mGenerating C++ type support dispatch for ROS interfaces[0m
[1.562s] [ 15%] [32mBuilding C object CMakeFiles/imu_custom_msg__rosidl_generator_c.dir/rosidl_generator_c/imu_custom_msg/srv/detail/calibrate__functions.c.o[0m
[1.562s] [ 17%] [32mBuilding C object CMakeFiles/imu_custom_msg__rosidl_generator_c.dir/rosidl_generator_c/imu_custom_msg/srv/detail/get_status__functions.c.o[0m
[1.602s] [ 20%] [32m[1mLinking C shared library libimu_custom_msg__rosidl_generator_c.so[0m
[1.627s] [ 20%] Built target imu_custom_msg__rosidl_generator_c
[1.636s] [ 28%] [34m[1mGenerating C type support for eProsima Fast-RTPS[0m
[1.636s] [ 28%] [34m[1mGenerating C introspection for ROS interfaces[0m
[1.636s] [ 28%] [34m[1mGenerating C type support dispatch for ROS interfaces[0m
[1.788s] [ 30%] [32mBuilding CXX object CMakeFiles/imu_custom_msg__rosidl_typesupport_cpp.dir/rosidl_typesupport_cpp/imu_custom_msg/srv/calibrate__type_support.cpp.o[0m
[1.788s] [ 33%] [32mBuilding CXX object CMakeFiles/imu_custom_msg__rosidl_typesupport_cpp.dir/rosidl_typesupport_cpp/imu_custom_msg/srv/get_status__type_support.cpp.o[0m
[1.820s] [ 38%] [32mBuilding CXX object CMakeFiles/imu_custom_msg__rosidl_typesupport_introspection_cpp.dir/rosidl_typesupport_introspection_cpp/imu_custom_msg/srv/detail/get_status__type_support.cpp.o[0m
[1.820s] [ 38%] [32mBuilding CXX object CMakeFiles/imu_custom_msg__rosidl_typesupport_introspection_cpp.dir/rosidl_typesupport_introspection_cpp/imu_custom_msg/srv/detail/calibrate__type_support.cpp.o[0m
[1.839s] [ 41%] [32mBuilding CXX object CMakeFiles/imu_custom_msg__rosidl_typesupport_fastrtps_cpp.dir/rosidl_typesupport_fastrtps_cpp/imu_custom_msg/srv/detail/dds_fastrtps/get_status__type_support.cpp.o[0m
[1.842s] [ 43%] [32mBuilding CXX object CMakeFiles/imu_custom_msg__rosidl_typesupport_fastrtps_cpp.dir/rosidl_typesupport_fastrtps_cpp/imu_custom_msg/srv/detail/dds_fastrtps/calibrate__type_support.cpp.o[0m
[1.880s] [ 46%] [32mBuilding CXX object CMakeFiles/imu_custom_msg__rosidl_typesupport_c.dir/rosidl_typesupport_c/imu_custom_msg/srv/get_status__type_support.cpp.o[0m
[1.883s] [ 48%] [32mBuilding CXX object CMakeFiles/imu_custom_msg__rosidl_typesupport_c.dir/rosidl_typesupport_c/imu_custom_msg/srv/calibrate__type_support.cpp.o[0m
[1.919s] [ 51%] [32m[1mLinking CXX shared library libimu_custom_msg__rosidl_typesupport_c.so[0m
[1.922s] [ 53%] [32mBuilding C object CMakeFiles/imu_custom_msg__rosidl_typesupport_introspection_c.dir/rosidl_typesupport_introspection_c/imu_custom_msg/srv/detail/get_status__type_support.c.o[0m
[1.926s] [ 56%] [32mBuilding C object CMakeFiles/imu_custom_msg__rosidl_typesupport_introspection_c.dir/rosidl_typesupport_introspection_c/imu_custom_msg/srv/detail/calibrate__type_support.c.o[0m
[1.929s] [ 58%] [32mBuilding CXX object CMakeFiles/imu_custom_msg__rosidl_typesupport_fastrtps_c.dir/rosidl_typesupport_fastrtps_c/imu_custom_msg/srv/detail/get_status__type_support_c.cpp.o[0m
[1.930s] [ 61%] [32mBuilding CXX object CMakeFiles/imu_custom_msg__rosidl_typesupport_fastrtps_c.dir/rosidl_typesupport_fastrtps_c/imu_custom_msg/srv/detail/calibrate__type_support_c.cpp.o[0m
[1.959s] [ 61%] Built target imu_custom_msg__rosidl_typesupport_c
[1.974s] [ 64%] [32m[1mLinking C shared library libimu_custom_msg__rosidl_typesupport_introspection_c.so[0m
[2.001s] [ 64%] Built target imu_custom_msg__rosidl_typesupport_introspection_c
[2.055s] [ 66%] [32m[1mLinking CXX shared library libimu_custom_msg__rosidl_typesupport_cpp.so[0m
[2.088s] [ 66%] Built target imu_custom_msg__rosidl_typesupport_cpp
[2.198s] [ 69%] [32m[1mLinking CXX shared library libimu_custom_msg__rosidl_typesupport_introspection_cpp.so[0m
[2.207s] [ 71%] [32m[1mLinking CXX shared library libimu_custom_msg__rosidl_typesupport_fastrtps_c.so[0m
[2.238s] [ 74%] [32m[1mLinking CXX shared library libimu_custom_msg__rosidl_typesupport_fastrtps_cpp.so[0m
[2.247s] [ 74%] Built target imu_custom_msg__rosidl_typesupport_introspection_cpp
[2.255s] [ 74%] Built target imu_custom_msg__rosidl_typesupport_fastrtps_c
[2.285s] [ 74%] Built target imu_custom_msg__rosidl_typesupport_fastrtps_cpp
[2.298s] [ 74%] Built target imu_custom_msg
[2.313s] [ 76%] [34m[1mGenerating Python code for ROS interfaces[0m
[2.645s] [ 76%] Built target imu_custom_msg__py
[2.659s] [ 79%] [32mBuilding C object CMakeFiles/imu_custom_msg__rosidl_generator_py.dir/rosidl_generator_py/imu_custom_msg/srv/_get_status_s.c.o[0m
[2.659s] [ 82%] [32mBuilding C object CMakeFiles/imu_custom_msg__rosidl_generator_py.dir/rosidl_generator_py/imu_custom_msg/srv/_calibrate_s.c.o[0m
[2.726s] [ 84%] [32m[1mLinking C shared library rosidl_generator_py/imu_custom_msg/libimu_custom_msg__rosidl_generator_py.so[0m
[2.753s] [ 84%] Built target imu_custom_msg__rosidl_generator_py
[2.769s] [ 87%] [32mBuilding C object CMakeFiles/imu_custom_msg__rosidl_typesupport_fastrtps_c__pyext.dir/rosidl_generator_py/imu_custom_msg/_imu_custom_msg_s.ep.rosidl_typesupport_fastrtps_c.c.o[0m
[2.769s] [ 89%] [32mBuilding C object CMakeFiles/imu_custom_msg__rosidl_typesupport_introspection_c__pyext.dir/rosidl_generator_py/imu_custom_msg/_imu_custom_msg_s.ep.rosidl_typesupport_introspection_c.c.o[0m
[2.769s] [ 92%] [32mBuilding C object CMakeFiles/imu_custom_msg__rosidl_typesupport_c__pyext.dir/rosidl_generator_py/imu_custom_msg/_imu_custom_msg_s.ep.rosidl_typesupport_c.c.o[0m
[2.836s] [100%] [32m[1mLinking C shared library rosidl_generator_py/imu_custom_msg/imu_custom_msg_s__rosidl_typesupport_introspection_c.cpython-310-x86_64-linux-gnu.so[0m
[2.836s] [100%] [32m[1mLinking C shared library rosidl_generator_py/imu_custom_msg/imu_custom_msg_s__rosidl_typesupport_c.cpython-310-x86_64-linux-gnu.so[0m
[2.836s] [100%] [32m[1mLinking C shared library rosidl_generator_py/imu_custom_msg/imu_custom_msg_s__rosidl_typesupport_fastrtps_c.cpython-310-x86_64-linux-gnu.so[0m
[2.861s] [100%] Built target imu_custom_msg__rosidl_typesupport_c__pyext
[2.861s] [100%] Built target imu_custom_msg__rosidl_typesupport_fastrtps_c__pyext
[2.861s] [100%] Built target imu_custom_msg__rosidl_typesupport_introspection_c__pyext
[2.869s] Invoked command in '/home/waritt/imu_force_ws_main/build/imu_custom_msg' returned '0': CMAKE_PREFIX_PATH=${CMAKE_PREFIX_PATH}:/opt/ros/humble /usr/bin/cmake --build /home/waritt/imu_force_ws_main/build/imu_custom_msg -- -j16 -l16
[3.174s] Invoking command in '/home/waritt/imu_force_ws_main/build/imu_custom_msg': CMAKE_PREFIX_PATH=${CMAKE_PREFIX_PATH}:/opt/ros/humble /usr/bin/cmake --install /home/waritt/imu_force_ws_main/build/imu_custom_msg
[3.194s] -- Install configuration: ""
[3.194s] -- Installing: /home/waritt/imu_force_ws_main/install/imu_custom_msg/share/ament_index/resource_index/rosidl_interfaces/imu_custom_msg
[3.194s] -- Installing: /home/waritt/imu_force_ws_main/install/imu_custom_msg/include/imu_custom_msg/imu_custom_msg
[3.195s] -- Installing: /home/waritt/imu_force_ws_main/install/imu_custom_msg/include/imu_custom_msg/imu_custom_msg/msg
[3.195s] -- Installing: /home/waritt/imu_force_ws_main/install/imu_custom_msg/include/imu_custom_msg/imu_custom_msg/msg/rosidl_generator_c__visibility_control.h
[3.195s] -- Installing: /home/waritt/imu_force_ws_main/install/imu_custom_msg/include/imu_custom_msg/imu_custom_msg/srv
[3.195s] -- Installing: /home/waritt/imu_force_ws_main/install/imu_custom_msg/include/imu_custom_msg/imu_custom_msg/srv/get_status.h
[3.195s] -- Installing: /home/waritt/imu_force_ws_main/install/imu_custom_msg/include/imu_custom_msg/imu_custom_msg/srv/detail
[3.195s] -- Installing: /home/waritt/imu_force_ws_main/install/imu_custom_msg/include/imu_custom_msg/imu_custom_msg/srv/detail/get_status__type_support.h
[3.195s] -- Installing: /home/waritt/imu_force_ws_main/install/imu_custom_msg/include/imu_custom_msg/imu_custom_msg/srv/detail/calibrate__functions.h
[3.195s] -- Installing: /home/waritt/imu_force_ws_main/install/imu_custom_msg/include/imu_custom_msg/imu_custom_msg/srv/detail/get_status__functions.c
[3.195s] -- Installing: /home/waritt/imu_force_ws_main/install/imu_custom_msg/include/imu_custom_msg/imu_custom_msg/srv/detail/get_status__functions.h
[3.195s] -- Installing: /home/waritt/imu_force_ws_main/install/imu_custom_msg/include/imu_custom_msg/imu_custom_msg/srv/detail/calibrate__struct.h
[3.195s] -- Installing: /home/waritt/imu_force_ws_main/install/imu_custom_msg/include/imu_custom_msg/imu_custom_msg/srv/detail/calibrate__type_support.h
[3.196s] -- Installing: /home/waritt/imu_force_ws_main/install/imu_custom_msg/include/imu_custom_msg/imu_custom_msg/srv/detail/get_status__struct.h
[3.196s] -- Installing: /home/waritt/imu_force_ws_main/install/imu_custom_msg/include/imu_custom_msg/imu_custom_msg/srv/detail/calibrate__functions.c
[3.196s] -- Installing: /home/waritt/imu_force_ws_main/install/imu_custom_msg/include/imu_custom_msg/imu_custom_msg/srv/calibrate.h
[3.196s] -- Installing: /home/waritt/imu_force_ws_main/install/imu_custom_msg/share/imu_custom_msg/environment/library_path.sh
[3.196s] -- Installing: /home/waritt/imu_force_ws_main/install/imu_custom_msg/share/imu_custom_msg/environment/library_path.dsv
[3.196s] -- Installing: /home/waritt/imu_force_ws_main/install/imu_custom_msg/lib/libimu_custom_msg__rosidl_generator_c.so
[3.196s] -- Set runtime path of "/home/waritt/imu_force_ws_main/install/imu_custom_msg/lib/libimu_custom_msg__rosidl_generator_c.so" to ""
[3.197s] -- Up-to-date: /home/waritt/imu_force_ws_main/install/imu_custom_msg/include/imu_custom_msg/imu_custom_msg
[3.197s] -- Up-to-date: /home/waritt/imu_force_ws_main/install/imu_custom_msg/include/imu_custom_msg/imu_custom_msg/msg
[3.197s] -- Installing: /home/waritt/imu_force_ws_main/install/imu_custom_msg/include/imu_custom_msg/imu_custom_msg/msg/rosidl_typesupport_fastrtps_c__visibility_control.h
[3.197s] -- Up-to-date: /home/waritt/imu_force_ws_main/install/imu_custom_msg/include/imu_custom_msg/imu_custom_msg/srv
[3.197s] -- Up-to-date: /home/waritt/imu_force_ws_main/install/imu_custom_msg/include/imu_custom_msg/imu_custom_msg/srv/detail
[3.197s] -- Installing: /home/waritt/imu_force_ws_main/install/imu_custom_msg/include/imu_custom_msg/imu_custom_msg/srv/detail/calibrate__rosidl_typesupport_fastrtps_c.h
[3.197s] -- Installing: /home/waritt/imu_force_ws_main/install/imu_custom_msg/include/imu_custom_msg/imu_custom_msg/srv/detail/get_status__rosidl_typesupport_fastrtps_c.h
[3.197s] -- Installing: /home/waritt/imu_force_ws_main/install/imu_custom_msg/lib/libimu_custom_msg__rosidl_typesupport_fastrtps_c.so
[3.197s] -- Set runtime path of "/home/waritt/imu_force_ws_main/install/imu_custom_msg/lib/libimu_custom_msg__rosidl_typesupport_fastrtps_c.so" to ""
[3.197s] -- Up-to-date: /home/waritt/imu_force_ws_main/install/imu_custom_msg/include/imu_custom_msg/imu_custom_msg
[3.197s] -- Up-to-date: /home/waritt/imu_force_ws_main/install/imu_custom_msg/include/imu_custom_msg/imu_custom_msg/msg
[3.197s] -- Installing: /home/waritt/imu_force_ws_main/install/imu_custom_msg/include/imu_custom_msg/imu_custom_msg/msg/rosidl_typesupport_introspection_c__visibility_control.h
[3.198s] -- Up-to-date: /home/waritt/imu_force_ws_main/install/imu_custom_msg/include/imu_custom_msg/imu_custom_msg/srv
[3.198s] -- Up-to-date: /home/waritt/imu_force_ws_main/install/imu_custom_msg/include/imu_custom_msg/imu_custom_msg/srv/detail
[3.198s] -- Installing: /home/waritt/imu_force_ws_main/install/imu_custom_msg/include/imu_custom_msg/imu_custom_msg/srv/detail/get_status__type_support.c
[3.198s] -- Installing: /home/waritt/imu_force_ws_main/install/imu_custom_msg/include/imu_custom_msg/imu_custom_msg/srv/detail/calibrate__rosidl_typesupport_introspection_c.h
[3.198s] -- Installing: /home/waritt/imu_force_ws_main/install/imu_custom_msg/include/imu_custom_msg/imu_custom_msg/srv/detail/get_status__rosidl_typesupport_introspection_c.h
[3.198s] -- Installing: /home/waritt/imu_force_ws_main/install/imu_custom_msg/include/imu_custom_msg/imu_custom_msg/srv/detail/calibrate__type_support.c
[3.198s] -- Installing: /home/waritt/imu_force_ws_main/install/imu_custom_msg/lib/libimu_custom_msg__rosidl_typesupport_introspection_c.so
[3.198s] -- Set runtime path of "/home/waritt/imu_force_ws_main/install/imu_custom_msg/lib/libimu_custom_msg__rosidl_typesupport_introspection_c.so" to ""
[3.198s] -- Installing: /home/waritt/imu_force_ws_main/install/imu_custom_msg/lib/libimu_custom_msg__rosidl_typesupport_c.so
[3.198s] -- Set runtime path of "/home/waritt/imu_force_ws_main/install/imu_custom_msg/lib/libimu_custom_msg__rosidl_typesupport_c.so" to ""
[3.199s] -- Up-to-date: /home/waritt/imu_force_ws_main/install/imu_custom_msg/include/imu_custom_msg/imu_custom_msg
[3.199s] -- Up-to-date: /home/waritt/imu_force_ws_main/install/imu_custom_msg/include/imu_custom_msg/imu_custom_msg/srv
[3.199s] -- Installing: /home/waritt/imu_force_ws_main/install/imu_custom_msg/include/imu_custom_msg/imu_custom_msg/srv/calibrate.hpp
[3.199s] -- Installing: /home/waritt/imu_force_ws_main/install/imu_custom_msg/include/imu_custom_msg/imu_custom_msg/srv/get_status.hpp
[3.199s] -- Up-to-date: /home/waritt/imu_force_ws_main/install/imu_custom_msg/include/imu_custom_msg/imu_custom_msg/srv/detail
[3.199s] -- Installing: /home/waritt/imu_force_ws_main/install/imu_custom_msg/include/imu_custom_msg/imu_custom_msg/srv/detail/get_status__traits.hpp
[3.199s] -- Installing: /home/waritt/imu_force_ws_main/install/imu_custom_msg/include/imu_custom_msg/imu_custom_msg/srv/detail/get_status__struct.hpp
[3.199s] -- Installing: /home/waritt/imu_force_ws_main/install/imu_custom_msg/include/imu_custom_msg/imu_custom_msg/srv/detail/calibrate__builder.hpp
[3.199s] -- Installing: /home/waritt/imu_force_ws_main/install/imu_custom_msg/include/imu_custom_msg/imu_custom_msg/srv/detail/calibrate__struct.hpp
[3.199s] -- Installing: /home/waritt/imu_force_ws_main/install/imu_custom_msg/include/imu_custom_msg/imu_custom_msg/srv/detail/get_status__builder.hpp
[3.199s] -- Installing: /home/waritt/imu_force_ws_main/install/imu_custom_msg/include/imu_custom_msg/imu_custom_msg/srv/detail/calibrate__traits.hpp
[3.199s] -- Up-to-date: /home/waritt/imu_force_ws_main/install/imu_custom_msg/include/imu_custom_msg/imu_custom_msg
[3.199s] -- Up-to-date: /home/waritt/imu_force_ws_main/install/imu_custom_msg/include/imu_custom_msg/imu_custom_msg/msg
[3.199s] -- Installing: /home/waritt/imu_force_ws_main/install/imu_custom_msg/include/imu_custom_msg/imu_custom_msg/msg/rosidl_typesupport_fastrtps_cpp__visibility_control.h
[3.199s] -- Up-to-date: /home/waritt/imu_force_ws_main/install/imu_custom_msg/include/imu_custom_msg/imu_custom_msg/srv
[3.199s] -- Up-to-date: /home/waritt/imu_force_ws_main/install/imu_custom_msg/include/imu_custom_msg/imu_custom_msg/srv/detail
[3.199s] -- Installing: /home/waritt/imu_force_ws_main/install/imu_custom_msg/include/imu_custom_msg/imu_custom_msg/srv/detail/get_status__rosidl_typesupport_fastrtps_cpp.hpp
[3.199s] -- Installing: /home/waritt/imu_force_ws_main/install/imu_custom_msg/include/imu_custom_msg/imu_custom_msg/srv/detail/calibrate__rosidl_typesupport_fastrtps_cpp.hpp
[3.199s] -- Installing: /home/waritt/imu_force_ws_main/install/imu_custom_msg/include/imu_custom_msg/imu_custom_msg/srv/detail/dds_fastrtps
[3.199s] -- Installing: /home/waritt/imu_force_ws_main/install/imu_custom_msg/lib/libimu_custom_msg__rosidl_typesupport_fastrtps_cpp.so
[3.199s] -- Set runtime path of "/home/waritt/imu_force_ws_main/install/imu_custom_msg/lib/libimu_custom_msg__rosidl_typesupport_fastrtps_cpp.so" to ""
[3.199s] -- Up-to-date: /home/waritt/imu_force_ws_main/install/imu_custom_msg/include/imu_custom_msg/imu_custom_msg
[3.200s] -- Up-to-date: /home/waritt/imu_force_ws_main/install/imu_custom_msg/include/imu_custom_msg/imu_custom_msg/srv
[3.200s] -- Up-to-date: /home/waritt/imu_force_ws_main/install/imu_custom_msg/include/imu_custom_msg/imu_custom_msg/srv/detail
[3.200s] -- Installing: /home/waritt/imu_force_ws_main/install/imu_custom_msg/include/imu_custom_msg/imu_custom_msg/srv/detail/get_status__type_support.cpp
[3.200s] -- Installing: /home/waritt/imu_force_ws_main/install/imu_custom_msg/include/imu_custom_msg/imu_custom_msg/srv/detail/calibrate__rosidl_typesupport_introspection_cpp.hpp
[3.200s] -- Installing: /home/waritt/imu_force_ws_main/install/imu_custom_msg/include/imu_custom_msg/imu_custom_msg/srv/detail/get_status__rosidl_typesupport_introspection_cpp.hpp
[3.200s] -- Installing: /home/waritt/imu_force_ws_main/install/imu_custom_msg/include/imu_custom_msg/imu_custom_msg/srv/detail/calibrate__type_support.cpp
[3.200s] -- Installing: /home/waritt/imu_force_ws_main/install/imu_custom_msg/lib/libimu_custom_msg__rosidl_typesupport_introspection_cpp.so
[3.200s] -- Set runtime path of "/home/waritt/imu_force_ws_main/install/imu_custom_msg/lib/libimu_custom_msg__rosidl_typesupport_introspection_cpp.so" to ""
[3.200s] -- Installing: /home/waritt/imu_force_ws_main/install/imu_custom_msg/lib/libimu_custom_msg__rosidl_typesupport_cpp.so
[3.200s] -- Set runtime path of "/home/waritt/imu_force_ws_main/install/imu_custom_msg/lib/libimu_custom_msg__rosidl_typesupport_cpp.so" to ""
[3.200s] -- Installing: /home/waritt/imu_force_ws_main/install/imu_custom_msg/share/imu_custom_msg/environment/pythonpath.sh
[3.200s] -- Installing: /home/waritt/imu_force_ws_main/install/imu_custom_msg/share/imu_custom_msg/environment/pythonpath.dsv
[3.200s] -- Installing: /home/waritt/imu_force_ws_main/install/imu_custom_msg/local/lib/python3.10/dist-packages/imu_custom_msg-0.0.0-py3.10.egg-info
[3.200s] -- Installing: /home/waritt/imu_force_ws_main/install/imu_custom_msg/local/lib/python3.10/dist-packages/imu_custom_msg-0.0.0-py3.10.egg-info/SOURCES.txt
[3.200s] -- Installing: /home/waritt/imu_force_ws_main/install/imu_custom_msg/local/lib/python3.10/dist-packages/imu_custom_msg-0.0.0-py3.10.egg-info/top_level.txt
[3.200s] -- Installing: /home/waritt/imu_force_ws_main/install/imu_custom_msg/local/lib/python3.10/dist-packages/imu_custom_msg-0.0.0-py3.10.egg-info/PKG-INFO
[3.200s] -- Installing: /home/waritt/imu_force_ws_main/install/imu_custom_msg/local/lib/python3.10/dist-packages/imu_custom_msg-0.0.0-py3.10.egg-info/dependency_links.txt
[3.200s] -- Installing: /home/waritt/imu_force_ws_main/install/imu_custom_msg/local/lib/python3.10/dist-packages/imu_custom_msg
[3.200s] -- Installing: /home/waritt/imu_force_ws_main/install/imu_custom_msg/local/lib/python3.10/dist-packages/imu_custom_msg/imu_custom_msg_s__rosidl_typesupport_fastrtps_c.cpython-310-x86_64-linux-gnu.so
[3.201s] -- Installing: /home/waritt/imu_force_ws_main/install/imu_custom_msg/local/lib/python3.10/dist-packages/imu_custom_msg/__init__.py
[3.201s] -- Installing: /home/waritt/imu_force_ws_main/install/imu_custom_msg/local/lib/python3.10/dist-packages/imu_custom_msg/_imu_custom_msg_s.ep.rosidl_typesupport_c.c
[3.201s] -- Installing: /home/waritt/imu_force_ws_main/install/imu_custom_msg/local/lib/python3.10/dist-packages/imu_custom_msg/libimu_custom_msg__rosidl_generator_py.so
[3.201s] -- Installing: /home/waritt/imu_force_ws_main/install/imu_custom_msg/local/lib/python3.10/dist-packages/imu_custom_msg/imu_custom_msg_s__rosidl_typesupport_c.cpython-310-x86_64-linux-gnu.so
[3.201s] -- Installing: /home/waritt/imu_force_ws_main/install/imu_custom_msg/local/lib/python3.10/dist-packages/imu_custom_msg/_imu_custom_msg_s.ep.rosidl_typesupport_introspection_c.c
[3.201s] -- Installing: /home/waritt/imu_force_ws_main/install/imu_custom_msg/local/lib/python3.10/dist-packages/imu_custom_msg/imu_custom_msg_s__rosidl_typesupport_introspection_c.cpython-310-x86_64-linux-gnu.so
[3.201s] -- Installing: /home/waritt/imu_force_ws_main/install/imu_custom_msg/local/lib/python3.10/dist-packages/imu_custom_msg/_imu_custom_msg_s.ep.rosidl_typesupport_fastrtps_c.c
[3.201s] -- Installing: /home/waritt/imu_force_ws_main/install/imu_custom_msg/local/lib/python3.10/dist-packages/imu_custom_msg/srv
[3.201s] -- Installing: /home/waritt/imu_force_ws_main/install/imu_custom_msg/local/lib/python3.10/dist-packages/imu_custom_msg/srv/_calibrate.py
[3.201s] -- Installing: /home/waritt/imu_force_ws_main/install/imu_custom_msg/local/lib/python3.10/dist-packages/imu_custom_msg/srv/__init__.py
[3.201s] -- Installing: /home/waritt/imu_force_ws_main/install/imu_custom_msg/local/lib/python3.10/dist-packages/imu_custom_msg/srv/_get_status.py
[3.201s] -- Installing: /home/waritt/imu_force_ws_main/install/imu_custom_msg/local/lib/python3.10/dist-packages/imu_custom_msg/srv/_get_status_s.c
[3.201s] -- Installing: /home/waritt/imu_force_ws_main/install/imu_custom_msg/local/lib/python3.10/dist-packages/imu_custom_msg/srv/_calibrate_s.c
[3.229s] Listing '/home/waritt/imu_force_ws_main/install/imu_custom_msg/local/lib/python3.10/dist-packages/imu_custom_msg'...
[3.229s] Compiling '/home/waritt/imu_force_ws_main/install/imu_custom_msg/local/lib/python3.10/dist-packages/imu_custom_msg/__init__.py'...
[3.229s] Listing '/home/waritt/imu_force_ws_main/install/imu_custom_msg/local/lib/python3.10/dist-packages/imu_custom_msg/srv'...
[3.229s] Compiling '/home/waritt/imu_force_ws_main/install/imu_custom_msg/local/lib/python3.10/dist-packages/imu_custom_msg/srv/__init__.py'...
[3.229s] Compiling '/home/waritt/imu_force_ws_main/install/imu_custom_msg/local/lib/python3.10/dist-packages/imu_custom_msg/srv/_calibrate.py'...
[3.229s] Compiling '/home/waritt/imu_force_ws_main/install/imu_custom_msg/local/lib/python3.10/dist-packages/imu_custom_msg/srv/_get_status.py'...
[3.232s] -- Installing: /home/waritt/imu_force_ws_main/install/imu_custom_msg/local/lib/python3.10/dist-packages/imu_custom_msg/imu_custom_msg_s__rosidl_typesupport_fastrtps_c.cpython-310-x86_64-linux-gnu.so
[3.232s] -- Set runtime path of "/home/waritt/imu_force_ws_main/install/imu_custom_msg/local/lib/python3.10/dist-packages/imu_custom_msg/imu_custom_msg_s__rosidl_typesupport_fastrtps_c.cpython-310-x86_64-linux-gnu.so" to ""
[3.232s] -- Installing: /home/waritt/imu_force_ws_main/install/imu_custom_msg/local/lib/python3.10/dist-packages/imu_custom_msg/imu_custom_msg_s__rosidl_typesupport_introspection_c.cpython-310-x86_64-linux-gnu.so
[3.232s] -- Set runtime path of "/home/waritt/imu_force_ws_main/install/imu_custom_msg/local/lib/python3.10/dist-packages/imu_custom_msg/imu_custom_msg_s__rosidl_typesupport_introspection_c.cpython-310-x86_64-linux-gnu.so" to ""
[3.232s] -- Installing: /home/waritt/imu_force_ws_main/install/imu_custom_msg/local/lib/python3.10/dist-packages/imu_custom_msg/imu_custom_msg_s__rosidl_typesupport_c.cpython-310-x86_64-linux-gnu.so
[3.232s] -- Set runtime path of "/home/waritt/imu_force_ws_main/install/imu_custom_msg/local/lib/python3.10/dist-packages/imu_custom_msg/imu_custom_msg_s__rosidl_typesupport_c.cpython-310-x86_64-linux-gnu.so" to ""
[3.232s] -- Installing: /home/waritt/imu_force_ws_main/install/imu_custom_msg/lib/libimu_custom_msg__rosidl_generator_py.so
[3.232s] -- Set runtime path of "/home/waritt/imu_force_ws_main/install/imu_custom_msg/lib/libimu_custom_msg__rosidl_generator_py.so" to ""
[3.232s] -- Installing: /home/waritt/imu_force_ws_main/install/imu_custom_msg/share/imu_custom_msg/srv/GetStatus.idl
[3.232s] -- Installing: /home/waritt/imu_force_ws_main/install/imu_custom_msg/share/imu_custom_msg/srv/Calibrate.idl
[3.232s] -- Installing: /home/waritt/imu_force_ws_main/install/imu_custom_msg/share/imu_custom_msg/srv/GetStatus.srv
[3.232s] -- Installing: /home/waritt/imu_force_ws_main/install/imu_custom_msg/share/imu_custom_msg/srv/GetStatus_Request.msg
[3.232s] -- Installing: /home/waritt/imu_force_ws_main/install/imu_custom_msg/share/imu_custom_msg/srv/GetStatus_Response.msg
[3.232s] -- Installing: /home/waritt/imu_force_ws_main/install/imu_custom_msg/share/imu_custom_msg/srv/Calibrate.srv
[3.233s] -- Installing: /home/waritt/imu_force_ws_main/install/imu_custom_msg/share/imu_custom_msg/srv/Calibrate_Request.msg
[3.233s] -- Installing: /home/waritt/imu_force_ws_main/install/imu_custom_msg/share/imu_custom_msg/srv/Calibrate_Response.msg
[3.233s] -- Installing: /home/waritt/imu_force_ws_main/install/imu_custom_msg/share/ament_index/resource_index/package_run_dependencies/imu_custom_msg
[3.233s] -- Installing: /home/waritt/imu_force_ws_main/install/imu_custom_msg/share/ament_index/resource_index/parent_prefix_path/imu_custom_msg
[3.233s] -- Installing: /home/waritt/imu_force_ws_main/install/imu_custom_msg/share/imu_custom_msg/environment/ament_prefix_path.sh
[3.233s] -- Installing: /home/waritt/imu_force_ws_main/install/imu_custom_msg/share/imu_custom_msg/environment/ament_prefix_path.dsv
[3.233s] -- Installing: /home/waritt/imu_force_ws_main/install/imu_custom_msg/share/imu_custom_msg/environment/path.sh
[3.233s] -- Installing: /home/waritt/imu_force_ws_main/install/imu_custom_msg/share/imu_custom_msg/environment/path.dsv
[3.233s] -- Installing: /home/waritt/imu_force_ws_main/install/imu_custom_msg/share/imu_custom_msg/local_setup.bash
[3.233s] -- Installing: /home/waritt/imu_force_ws_main/install/imu_custom_msg/share/imu_custom_msg/local_setup.sh
[3.233s] -- Installing: /home/waritt/imu_force_ws_main/install/imu_custom_msg/share/imu_custom_msg/local_setup.zsh
[3.233s] -- Installing: /home/waritt/imu_force_ws_main/install/imu_custom_msg/share/imu_custom_msg/local_setup.dsv
[3.233s] -- Installing: /home/waritt/imu_force_ws_main/install/imu_custom_msg/share/imu_custom_msg/package.dsv
[3.233s] -- Installing: /home/waritt/imu_force_ws_main/install/imu_custom_msg/share/ament_index/resource_index/packages/imu_custom_msg
[3.233s] -- Installing: /home/waritt/imu_force_ws_main/install/imu_custom_msg/share/imu_custom_msg/cmake/export_imu_custom_msg__rosidl_generator_cExport.cmake
[3.233s] -- Installing: /home/waritt/imu_force_ws_main/install/imu_custom_msg/share/imu_custom_msg/cmake/export_imu_custom_msg__rosidl_generator_cExport-noconfig.cmake
[3.233s] -- Installing: /home/waritt/imu_force_ws_main/install/imu_custom_msg/share/imu_custom_msg/cmake/export_imu_custom_msg__rosidl_typesupport_fastrtps_cExport.cmake
[3.234s] -- Installing: /home/waritt/imu_force_ws_main/install/imu_custom_msg/share/imu_custom_msg/cmake/export_imu_custom_msg__rosidl_typesupport_fastrtps_cExport-noconfig.cmake
[3.234s] -- Installing: /home/waritt/imu_force_ws_main/install/imu_custom_msg/share/imu_custom_msg/cmake/imu_custom_msg__rosidl_typesupport_introspection_cExport.cmake
[3.234s] -- Installing: /home/waritt/imu_force_ws_main/install/imu_custom_msg/share/imu_custom_msg/cmake/imu_custom_msg__rosidl_typesupport_introspection_cExport-noconfig.cmake
[3.234s] -- Installing: /home/waritt/imu_force_ws_main/install/imu_custom_msg/share/imu_custom_msg/cmake/imu_custom_msg__rosidl_typesupport_cExport.cmake
[3.234s] -- Installing: /home/waritt/imu_force_ws_main/install/imu_custom_msg/share/imu_custom_msg/cmake/imu_custom_msg__rosidl_typesupport_cExport-noconfig.cmake
[3.234s] -- Installing: /home/waritt/imu_force_ws_main/install/imu_custom_msg/share/imu_custom_msg/cmake/export_imu_custom_msg__rosidl_generator_cppExport.cmake
[3.234s] -- Installing: /home/waritt/imu_force_ws_main/install/imu_custom_msg/share/imu_custom_msg/cmake/export_imu_custom_msg__rosidl_typesupport_fastrtps_cppExport.cmake
[3.234s] -- Installing: /home/waritt/imu_force_ws_main/install/imu_custom_msg/share/imu_custom_msg/cmake/export_imu_custom_msg__rosidl_typesupport_fastrtps_cppExport-noconfig.cmake
[3.234s] -- Installing: /home/waritt/imu_force_ws_main/install/imu_custom_msg/share/imu_custom_msg/cmake/imu_custom_msg__rosidl_typesupport_introspection_cppExport.cmake
[3.234s] -- Installing: /home/waritt/imu_force_ws_main/install/imu_custom_msg/share/imu_custom_msg/cmake/imu_custom_msg__rosidl_typesupport_introspection_cppExport-noconfig.cmake
[3.234s] -- Installing: /home/waritt/imu_force_ws_main/install/imu_custom_msg/share/imu_custom_msg/cmake/imu_custom_msg__rosidl_typesupport_cppExport.cmake
[3.234s] -- Installing: /home/waritt/imu_force_ws_main/install/imu_custom_msg/share/imu_custom_msg/cmake/imu_custom_msg__rosidl_typesupport_cppExport-noconfig.cmake
[3.234s] -- Installing: /home/waritt/imu_force_ws_main/install/imu_custom_msg/share/imu_custom_msg/cmake/export_imu_custom_msg__rosidl_generator_pyExport.cmake
[3.234s] -- Installing: /home/waritt/imu_force_ws_main/install/imu_custom_msg/share/imu_custom_msg/cmake/export_imu_custom_msg__rosidl_generator_pyExport-noconfig.cmake
[3.234s] -- Installing: /home/waritt/imu_force_ws_main/install/imu_custom_msg/share/imu_custom_msg/cmake/rosidl_cmake-extras.cmake
[3.234s] -- Installing: /home/waritt/imu_force_ws_main/install/imu_custom_msg/share/imu_custom_msg/cmake/ament_cmake_export_dependencies-extras.cmake
[3.234s] -- Installing: /home/waritt/imu_force_ws_main/install/imu_custom_msg/share/imu_custom_msg/cmake/ament_cmake_export_include_directories-extras.cmake
[3.235s] -- Installing: /home/waritt/imu_force_ws_main/install/imu_custom_msg/share/imu_custom_msg/cmake/ament_cmake_export_libraries-extras.cmake
[3.235s] -- Installing: /home/waritt/imu_force_ws_main/install/imu_custom_msg/share/imu_custom_msg/cmake/ament_cmake_export_targets-extras.cmake
[3.235s] -- Installing: /home/waritt/imu_force_ws_main/install/imu_custom_msg/share/imu_custom_msg/cmake/rosidl_cmake_export_typesupport_targets-extras.cmake
[3.235s] -- Installing: /home/waritt/imu_force_ws_main/install/imu_custom_msg/share/imu_custom_msg/cmake/rosidl_cmake_export_typesupport_libraries-extras.cmake
[3.235s] -- Installing: /home/waritt/imu_force_ws_main/install/imu_custom_msg/share/imu_custom_msg/cmake/imu_custom_msgConfig.cmake
[3.235s] -- Installing: /home/waritt/imu_force_ws_main/install/imu_custom_msg/share/imu_custom_msg/cmake/imu_custom_msgConfig-version.cmake
[3.235s] -- Installing: /home/waritt/imu_force_ws_main/install/imu_custom_msg/share/imu_custom_msg/package.xml
[3.237s] Invoked command in '/home/waritt/imu_force_ws_main/build/imu_custom_msg' returned '0': CMAKE_PREFIX_PATH=${CMAKE_PREFIX_PATH}:/opt/ros/humble /usr/bin/cmake --install /home/waritt/imu_force_ws_main/build/imu_custom_msg
