[0.067s] DEBUG:colcon:Command line arguments: ['/usr/bin/colcon', 'build']
[0.067s] DEBUG:colcon:Parsed command line arguments: Namespace(log_base=None, log_level=None, verb_name='build', build_base='build', install_base='install', merge_install=False, symlink_install=False, test_result_base=None, continue_on_error=False, executor='parallel', parallel_workers=16, event_handlers=None, ignore_user_meta=False, metas=['./colcon.meta'], base_paths=['.'], packages_ignore=None, packages_ignore_regex=None, paths=None, packages_up_to=None, packages_up_to_regex=None, packages_above=None, packages_above_and_dependencies=None, packages_above_depth=None, packages_select_by_dep=None, packages_skip_by_dep=None, packages_skip_up_to=None, packages_select_build_failed=False, packages_skip_build_finished=False, packages_select_test_failures=False, packages_skip_test_passed=False, packages_select=None, packages_skip=None, packages_select_regex=None, packages_skip_regex=None, packages_start=None, packages_end=None, allow_overriding=[], cmake_args=None, cmake_target=None, cmake_target_skip_unavailable=False, cmake_clean_cache=False, cmake_clean_first=False, cmake_force_configure=False, ament_cmake_args=None, catkin_cmake_args=None, catkin_skip_building_tests=False, verb_parser=<colcon_defaults.argument_parser.defaults.DefaultArgumentsDecorator object at 0x7bd364b608b0>, verb_extension=<colcon_core.verb.build.BuildVerb object at 0x7bd364b60310>, main=<bound method BuildVerb.main of <colcon_core.verb.build.BuildVerb object at 0x7bd364b60310>>)
[0.172s] Level 1:colcon.colcon_core.package_discovery:discover_packages(colcon_meta) check parameters
[0.172s] Level 1:colcon.colcon_core.package_discovery:discover_packages(recursive) check parameters
[0.172s] Level 1:colcon.colcon_core.package_discovery:discover_packages(ignore) check parameters
[0.172s] Level 1:colcon.colcon_core.package_discovery:discover_packages(path) check parameters
[0.172s] Level 1:colcon.colcon_core.package_discovery:discover_packages(colcon_meta) discover
[0.172s] Level 1:colcon.colcon_core.package_discovery:discover_packages(recursive) discover
[0.172s] INFO:colcon.colcon_core.package_discovery:Crawling recursively for packages in '/home/waritt/imu_force_ws'
[0.172s] Level 1:colcon.colcon_core.package_identification:_identify(.) by extensions ['ignore', 'ignore_ament_install']
[0.172s] Level 1:colcon.colcon_core.package_identification:_identify(.) by extension 'ignore'
[0.172s] Level 1:colcon.colcon_core.package_identification:_identify(.) by extension 'ignore_ament_install'
[0.172s] Level 1:colcon.colcon_core.package_identification:_identify(.) by extensions ['colcon_pkg']
[0.172s] Level 1:colcon.colcon_core.package_identification:_identify(.) by extension 'colcon_pkg'
[0.172s] Level 1:colcon.colcon_core.package_identification:_identify(.) by extensions ['colcon_meta']
[0.172s] Level 1:colcon.colcon_core.package_identification:_identify(.) by extension 'colcon_meta'
[0.172s] Level 1:colcon.colcon_core.package_identification:_identify(.) by extensions ['ros']
[0.172s] Level 1:colcon.colcon_core.package_identification:_identify(.) by extension 'ros'
[0.179s] Level 1:colcon.colcon_core.package_identification:_identify(.) by extensions ['cmake', 'python']
[0.179s] Level 1:colcon.colcon_core.package_identification:_identify(.) by extension 'cmake'
[0.179s] Level 1:colcon.colcon_core.package_identification:_identify(.) by extension 'python'
[0.179s] Level 1:colcon.colcon_core.package_identification:_identify(.) by extensions ['python_setup_py']
[0.179s] Level 1:colcon.colcon_core.package_identification:_identify(.) by extension 'python_setup_py'
[0.179s] Level 1:colcon.colcon_core.package_identification:_identify(build) by extensions ['ignore', 'ignore_ament_install']
[0.179s] Level 1:colcon.colcon_core.package_identification:_identify(build) by extension 'ignore'
[0.179s] Level 1:colcon.colcon_core.package_identification:_identify(build) ignored
[0.179s] Level 1:colcon.colcon_core.package_identification:_identify(firmware) by extensions ['ignore', 'ignore_ament_install']
[0.179s] Level 1:colcon.colcon_core.package_identification:_identify(firmware) by extension 'ignore'
[0.179s] Level 1:colcon.colcon_core.package_identification:_identify(firmware) ignored
[0.179s] Level 1:colcon.colcon_core.package_identification:_identify(install) by extensions ['ignore', 'ignore_ament_install']
[0.179s] Level 1:colcon.colcon_core.package_identification:_identify(install) by extension 'ignore'
[0.179s] Level 1:colcon.colcon_core.package_identification:_identify(install) ignored
[0.179s] Level 1:colcon.colcon_core.package_identification:_identify(log) by extensions ['ignore', 'ignore_ament_install']
[0.179s] Level 1:colcon.colcon_core.package_identification:_identify(log) by extension 'ignore'
[0.179s] Level 1:colcon.colcon_core.package_identification:_identify(log) ignored
[0.179s] Level 1:colcon.colcon_core.package_identification:_identify(src) by extensions ['ignore', 'ignore_ament_install']
[0.180s] Level 1:colcon.colcon_core.package_identification:_identify(src) by extension 'ignore'
[0.180s] Level 1:colcon.colcon_core.package_identification:_identify(src) by extension 'ignore_ament_install'
[0.180s] Level 1:colcon.colcon_core.package_identification:_identify(src) by extensions ['colcon_pkg']
[0.180s] Level 1:colcon.colcon_core.package_identification:_identify(src) by extension 'colcon_pkg'
[0.180s] Level 1:colcon.colcon_core.package_identification:_identify(src) by extensions ['colcon_meta']
[0.180s] Level 1:colcon.colcon_core.package_identification:_identify(src) by extension 'colcon_meta'
[0.180s] Level 1:colcon.colcon_core.package_identification:_identify(src) by extensions ['ros']
[0.180s] Level 1:colcon.colcon_core.package_identification:_identify(src) by extension 'ros'
[0.180s] Level 1:colcon.colcon_core.package_identification:_identify(src) by extensions ['cmake', 'python']
[0.180s] Level 1:colcon.colcon_core.package_identification:_identify(src) by extension 'cmake'
[0.180s] Level 1:colcon.colcon_core.package_identification:_identify(src) by extension 'python'
[0.180s] Level 1:colcon.colcon_core.package_identification:_identify(src) by extensions ['python_setup_py']
[0.180s] Level 1:colcon.colcon_core.package_identification:_identify(src) by extension 'python_setup_py'
[0.180s] Level 1:colcon.colcon_core.package_identification:_identify(src/imu_force_description) by extensions ['ignore', 'ignore_ament_install']
[0.180s] Level 1:colcon.colcon_core.package_identification:_identify(src/imu_force_description) by extension 'ignore'
[0.180s] Level 1:colcon.colcon_core.package_identification:_identify(src/imu_force_description) by extension 'ignore_ament_install'
[0.180s] Level 1:colcon.colcon_core.package_identification:_identify(src/imu_force_description) by extensions ['colcon_pkg']
[0.180s] Level 1:colcon.colcon_core.package_identification:_identify(src/imu_force_description) by extension 'colcon_pkg'
[0.180s] Level 1:colcon.colcon_core.package_identification:_identify(src/imu_force_description) by extensions ['colcon_meta']
[0.180s] Level 1:colcon.colcon_core.package_identification:_identify(src/imu_force_description) by extension 'colcon_meta'
[0.180s] Level 1:colcon.colcon_core.package_identification:_identify(src/imu_force_description) by extensions ['ros']
[0.180s] Level 1:colcon.colcon_core.package_identification:_identify(src/imu_force_description) by extension 'ros'
[0.182s] DEBUG:colcon.colcon_core.package_identification:Package 'src/imu_force_description' with type 'ros.ament_cmake' and name 'imu_force_description'
[0.182s] Level 1:colcon.colcon_core.package_identification:_identify(src/imu_force_gazebo) by extensions ['ignore', 'ignore_ament_install']
[0.182s] Level 1:colcon.colcon_core.package_identification:_identify(src/imu_force_gazebo) by extension 'ignore'
[0.182s] Level 1:colcon.colcon_core.package_identification:_identify(src/imu_force_gazebo) by extension 'ignore_ament_install'
[0.182s] Level 1:colcon.colcon_core.package_identification:_identify(src/imu_force_gazebo) by extensions ['colcon_pkg']
[0.182s] Level 1:colcon.colcon_core.package_identification:_identify(src/imu_force_gazebo) by extension 'colcon_pkg'
[0.182s] Level 1:colcon.colcon_core.package_identification:_identify(src/imu_force_gazebo) by extensions ['colcon_meta']
[0.182s] Level 1:colcon.colcon_core.package_identification:_identify(src/imu_force_gazebo) by extension 'colcon_meta'
[0.182s] Level 1:colcon.colcon_core.package_identification:_identify(src/imu_force_gazebo) by extensions ['ros']
[0.182s] Level 1:colcon.colcon_core.package_identification:_identify(src/imu_force_gazebo) by extension 'ros'
[0.182s] DEBUG:colcon.colcon_core.package_identification:Package 'src/imu_force_gazebo' with type 'ros.ament_cmake' and name 'imu_force_gazebo'
[0.182s] Level 1:colcon.colcon_core.package_discovery:discover_packages(recursive) using defaults
[0.182s] Level 1:colcon.colcon_core.package_discovery:discover_packages(ignore) discover
[0.182s] Level 1:colcon.colcon_core.package_discovery:discover_packages(ignore) using defaults
[0.182s] Level 1:colcon.colcon_core.package_discovery:discover_packages(path) discover
[0.182s] Level 1:colcon.colcon_core.package_discovery:discover_packages(path) using defaults
[0.201s] Level 1:colcon.colcon_core.package_discovery:discover_packages(prefix_path) check parameters
[0.201s] Level 1:colcon.colcon_core.package_discovery:discover_packages(prefix_path) discover
[0.201s] WARNING:colcon.colcon_ros.prefix_path.ament:The path '/home/waritt/imu_force_ws/install/imu_force_gazebo' in the environment variable AMENT_PREFIX_PATH doesn't exist
[0.201s] WARNING:colcon.colcon_ros.prefix_path.ament:The path '/home/waritt/imu_force_ws/install/imu_force_description' in the environment variable AMENT_PREFIX_PATH doesn't exist
[0.202s] WARNING:colcon.colcon_ros.prefix_path.catkin:The path '/home/waritt/imu_force_ws/install/imu_force_gazebo' in the environment variable CMAKE_PREFIX_PATH doesn't exist
[0.202s] WARNING:colcon.colcon_ros.prefix_path.catkin:The path '/home/waritt/imu_force_ws/install/imu_force_description' in the environment variable CMAKE_PREFIX_PATH doesn't exist
[0.202s] DEBUG:colcon.colcon_installed_package_information.package_discovery:Found 0 installed packages in /home/waritt/imu_force_ws/install
[0.202s] DEBUG:colcon.colcon_installed_package_information.package_discovery:Found 2 installed packages in /home/waritt/fun5mini_ws/install
[0.203s] DEBUG:colcon.colcon_installed_package_information.package_discovery:Found 6 installed packages in /home/waritt/urosrobotsim_ws/install
[0.203s] DEBUG:colcon.colcon_installed_package_information.package_discovery:Found 5 installed packages in /home/waritt/uros_ws/install
[0.203s] DEBUG:colcon.colcon_installed_package_information.package_discovery:Found 2 installed packages in /home/waritt/robotsim_ws/install
[0.204s] DEBUG:colcon.colcon_installed_package_information.package_discovery:Found 12 installed packages in /home/waritt/ros2_ws/install
[0.205s] DEBUG:colcon.colcon_installed_package_information.package_discovery:Found 421 installed packages in /opt/ros/humble
[0.206s] Level 1:colcon.colcon_core.package_discovery:discover_packages(prefix_path) using defaults
[0.236s] Level 5:colcon.colcon_core.verb:set package 'imu_force_description' build argument 'cmake_args' from command line to 'None'
[0.236s] Level 5:colcon.colcon_core.verb:set package 'imu_force_description' build argument 'cmake_target' from command line to 'None'
[0.236s] Level 5:colcon.colcon_core.verb:set package 'imu_force_description' build argument 'cmake_target_skip_unavailable' from command line to 'False'
[0.236s] Level 5:colcon.colcon_core.verb:set package 'imu_force_description' build argument 'cmake_clean_cache' from command line to 'False'
[0.236s] Level 5:colcon.colcon_core.verb:set package 'imu_force_description' build argument 'cmake_clean_first' from command line to 'False'
[0.236s] Level 5:colcon.colcon_core.verb:set package 'imu_force_description' build argument 'cmake_force_configure' from command line to 'False'
[0.236s] Level 5:colcon.colcon_core.verb:set package 'imu_force_description' build argument 'ament_cmake_args' from command line to 'None'
[0.236s] Level 5:colcon.colcon_core.verb:set package 'imu_force_description' build argument 'catkin_cmake_args' from command line to 'None'
[0.236s] Level 5:colcon.colcon_core.verb:set package 'imu_force_description' build argument 'catkin_skip_building_tests' from command line to 'False'
[0.236s] DEBUG:colcon.colcon_core.verb:Building package 'imu_force_description' with the following arguments: {'ament_cmake_args': None, 'build_base': '/home/waritt/imu_force_ws/build/imu_force_description', 'catkin_cmake_args': None, 'catkin_skip_building_tests': False, 'cmake_args': None, 'cmake_clean_cache': False, 'cmake_clean_first': False, 'cmake_force_configure': False, 'cmake_target': None, 'cmake_target_skip_unavailable': False, 'install_base': '/home/waritt/imu_force_ws/install/imu_force_description', 'merge_install': False, 'path': '/home/waritt/imu_force_ws/src/imu_force_description', 'symlink_install': False, 'test_result_base': None}
[0.237s] Level 5:colcon.colcon_core.verb:set package 'imu_force_gazebo' build argument 'cmake_args' from command line to 'None'
[0.237s] Level 5:colcon.colcon_core.verb:set package 'imu_force_gazebo' build argument 'cmake_target' from command line to 'None'
[0.237s] Level 5:colcon.colcon_core.verb:set package 'imu_force_gazebo' build argument 'cmake_target_skip_unavailable' from command line to 'False'
[0.237s] Level 5:colcon.colcon_core.verb:set package 'imu_force_gazebo' build argument 'cmake_clean_cache' from command line to 'False'
[0.237s] Level 5:colcon.colcon_core.verb:set package 'imu_force_gazebo' build argument 'cmake_clean_first' from command line to 'False'
[0.237s] Level 5:colcon.colcon_core.verb:set package 'imu_force_gazebo' build argument 'cmake_force_configure' from command line to 'False'
[0.237s] Level 5:colcon.colcon_core.verb:set package 'imu_force_gazebo' build argument 'ament_cmake_args' from command line to 'None'
[0.237s] Level 5:colcon.colcon_core.verb:set package 'imu_force_gazebo' build argument 'catkin_cmake_args' from command line to 'None'
[0.237s] Level 5:colcon.colcon_core.verb:set package 'imu_force_gazebo' build argument 'catkin_skip_building_tests' from command line to 'False'
[0.237s] DEBUG:colcon.colcon_core.verb:Building package 'imu_force_gazebo' with the following arguments: {'ament_cmake_args': None, 'build_base': '/home/waritt/imu_force_ws/build/imu_force_gazebo', 'catkin_cmake_args': None, 'catkin_skip_building_tests': False, 'cmake_args': None, 'cmake_clean_cache': False, 'cmake_clean_first': False, 'cmake_force_configure': False, 'cmake_target': None, 'cmake_target_skip_unavailable': False, 'install_base': '/home/waritt/imu_force_ws/install/imu_force_gazebo', 'merge_install': False, 'path': '/home/waritt/imu_force_ws/src/imu_force_gazebo', 'symlink_install': False, 'test_result_base': None}
[0.237s] INFO:colcon.colcon_core.executor:Executing jobs using 'parallel' executor
[0.237s] DEBUG:colcon.colcon_parallel_executor.executor.parallel:run_until_complete
[0.238s] INFO:colcon.colcon_ros.task.ament_cmake.build:Building ROS package in '/home/waritt/imu_force_ws/src/imu_force_description' with build type 'ament_cmake'
[0.238s] INFO:colcon.colcon_cmake.task.cmake.build:Building CMake package in '/home/waritt/imu_force_ws/src/imu_force_description'
[0.239s] INFO:colcon.colcon_core.plugin_system:Skipping extension 'colcon_core.shell.bat': Not used on non-Windows systems
[0.239s] INFO:colcon.colcon_core.shell:Skip shell extension 'powershell' for command environment: Not usable outside of PowerShell
[0.239s] DEBUG:colcon.colcon_core.shell:Skip shell extension 'dsv' for command environment
[0.243s] INFO:colcon.colcon_ros.task.ament_cmake.build:Building ROS package in '/home/waritt/imu_force_ws/src/imu_force_gazebo' with build type 'ament_cmake'
[0.243s] INFO:colcon.colcon_cmake.task.cmake.build:Building CMake package in '/home/waritt/imu_force_ws/src/imu_force_gazebo'
[0.243s] INFO:colcon.colcon_core.shell:Skip shell extension 'powershell' for command environment: Not usable outside of PowerShell
[0.243s] DEBUG:colcon.colcon_core.shell:Skip shell extension 'dsv' for command environment
[0.249s] DEBUG:colcon.colcon_core.event_handler.log_command:Invoking command in '/home/waritt/imu_force_ws/build/imu_force_description': CMAKE_PREFIX_PATH=${CMAKE_PREFIX_PATH}:/opt/ros/humble /usr/bin/cmake /home/waritt/imu_force_ws/src/imu_force_description -DCMAKE_INSTALL_PREFIX=/home/waritt/imu_force_ws/install/imu_force_description
[0.251s] DEBUG:colcon.colcon_core.event_handler.log_command:Invoking command in '/home/waritt/imu_force_ws/build/imu_force_gazebo': CMAKE_PREFIX_PATH=${CMAKE_PREFIX_PATH}:/opt/ros/humble /usr/bin/cmake /home/waritt/imu_force_ws/src/imu_force_gazebo -DCMAKE_INSTALL_PREFIX=/home/waritt/imu_force_ws/install/imu_force_gazebo
[1.111s] DEBUG:colcon.colcon_core.event_handler.log_command:Invoked command in '/home/waritt/imu_force_ws/build/imu_force_gazebo' returned '0': CMAKE_PREFIX_PATH=${CMAKE_PREFIX_PATH}:/opt/ros/humble /usr/bin/cmake /home/waritt/imu_force_ws/src/imu_force_gazebo -DCMAKE_INSTALL_PREFIX=/home/waritt/imu_force_ws/install/imu_force_gazebo
[1.111s] DEBUG:colcon.colcon_core.event_handler.log_command:Invoking command in '/home/waritt/imu_force_ws/build/imu_force_gazebo': CMAKE_PREFIX_PATH=${CMAKE_PREFIX_PATH}:/opt/ros/humble /usr/bin/cmake --build /home/waritt/imu_force_ws/build/imu_force_gazebo -- -j16 -l16
[1.112s] DEBUG:colcon.colcon_core.event_handler.log_command:Invoked command in '/home/waritt/imu_force_ws/build/imu_force_description' returned '0': CMAKE_PREFIX_PATH=${CMAKE_PREFIX_PATH}:/opt/ros/humble /usr/bin/cmake /home/waritt/imu_force_ws/src/imu_force_description -DCMAKE_INSTALL_PREFIX=/home/waritt/imu_force_ws/install/imu_force_description
[1.113s] DEBUG:colcon.colcon_core.event_handler.log_command:Invoking command in '/home/waritt/imu_force_ws/build/imu_force_description': CMAKE_PREFIX_PATH=${CMAKE_PREFIX_PATH}:/opt/ros/humble /usr/bin/cmake --build /home/waritt/imu_force_ws/build/imu_force_description -- -j16 -l16
[1.381s] DEBUG:colcon.colcon_core.event_handler.log_command:Invoked command in '/home/waritt/imu_force_ws/build/imu_force_description' returned '0': CMAKE_PREFIX_PATH=${CMAKE_PREFIX_PATH}:/opt/ros/humble /usr/bin/cmake --build /home/waritt/imu_force_ws/build/imu_force_description -- -j16 -l16
[1.382s] DEBUG:colcon.colcon_core.event_handler.log_command:Invoked command in '/home/waritt/imu_force_ws/build/imu_force_gazebo' returned '0': CMAKE_PREFIX_PATH=${CMAKE_PREFIX_PATH}:/opt/ros/humble /usr/bin/cmake --build /home/waritt/imu_force_ws/build/imu_force_gazebo -- -j16 -l16
[1.410s] DEBUG:colcon.colcon_core.event_handler.log_command:Invoking command in '/home/waritt/imu_force_ws/build/imu_force_description': CMAKE_PREFIX_PATH=${CMAKE_PREFIX_PATH}:/opt/ros/humble /usr/bin/cmake --install /home/waritt/imu_force_ws/build/imu_force_description
[1.411s] DEBUG:colcon.colcon_core.event_handler.log_command:Invoking command in '/home/waritt/imu_force_ws/build/imu_force_gazebo': CMAKE_PREFIX_PATH=${CMAKE_PREFIX_PATH}:/opt/ros/humble /usr/bin/cmake --install /home/waritt/imu_force_ws/build/imu_force_gazebo
[1.447s] Level 1:colcon.colcon_core.environment:create_environment_scripts_only(imu_force_description)
[1.448s] DEBUG:colcon.colcon_core.event_handler.log_command:Invoked command in '/home/waritt/imu_force_ws/build/imu_force_description' returned '0': CMAKE_PREFIX_PATH=${CMAKE_PREFIX_PATH}:/opt/ros/humble /usr/bin/cmake --install /home/waritt/imu_force_ws/build/imu_force_description
[1.449s] Level 1:colcon.colcon_core.environment:checking '/home/waritt/imu_force_ws/install/imu_force_description' for CMake module files
[1.449s] Level 1:colcon.colcon_core.environment:checking '/home/waritt/imu_force_ws/install/imu_force_description' for CMake config files
[1.450s] Level 1:colcon.colcon_core.shell:create_environment_hook('imu_force_description', 'cmake_prefix_path')
[1.450s] INFO:colcon.colcon_core.shell:Creating environment hook '/home/waritt/imu_force_ws/install/imu_force_description/share/imu_force_description/hook/cmake_prefix_path.ps1'
[1.450s] INFO:colcon.colcon_core.shell:Creating environment descriptor '/home/waritt/imu_force_ws/install/imu_force_description/share/imu_force_description/hook/cmake_prefix_path.dsv'
[1.450s] INFO:colcon.colcon_core.shell:Creating environment hook '/home/waritt/imu_force_ws/install/imu_force_description/share/imu_force_description/hook/cmake_prefix_path.sh'
[1.451s] Level 1:colcon.colcon_core.environment:checking '/home/waritt/imu_force_ws/install/imu_force_description/lib'
[1.451s] Level 1:colcon.colcon_core.environment:checking '/home/waritt/imu_force_ws/install/imu_force_description/bin'
[1.451s] Level 1:colcon.colcon_core.environment:checking '/home/waritt/imu_force_ws/install/imu_force_description/lib/pkgconfig/imu_force_description.pc'
[1.451s] Level 1:colcon.colcon_core.environment:checking '/home/waritt/imu_force_ws/install/imu_force_description/lib/python3.10/site-packages'
[1.451s] Level 1:colcon.colcon_core.environment:checking '/home/waritt/imu_force_ws/install/imu_force_description/bin'
[1.451s] INFO:colcon.colcon_core.shell:Creating package script '/home/waritt/imu_force_ws/install/imu_force_description/share/imu_force_description/package.ps1'
[1.452s] INFO:colcon.colcon_core.shell:Creating package descriptor '/home/waritt/imu_force_ws/install/imu_force_description/share/imu_force_description/package.dsv'
[1.452s] INFO:colcon.colcon_core.shell:Creating package script '/home/waritt/imu_force_ws/install/imu_force_description/share/imu_force_description/package.sh'
[1.452s] INFO:colcon.colcon_core.shell:Creating package script '/home/waritt/imu_force_ws/install/imu_force_description/share/imu_force_description/package.bash'
[1.453s] INFO:colcon.colcon_core.shell:Creating package script '/home/waritt/imu_force_ws/install/imu_force_description/share/imu_force_description/package.zsh'
[1.453s] Level 1:colcon.colcon_core.environment:create_file_with_runtime_dependencies(/home/waritt/imu_force_ws/install/imu_force_description/share/colcon-core/packages/imu_force_description)
[1.454s] Level 1:colcon.colcon_core.environment:create_environment_scripts_only(imu_force_gazebo)
[1.454s] Level 1:colcon.colcon_core.environment:checking '/home/waritt/imu_force_ws/install/imu_force_gazebo' for CMake module files
[1.454s] DEBUG:colcon.colcon_core.event_handler.log_command:Invoked command in '/home/waritt/imu_force_ws/build/imu_force_gazebo' returned '0': CMAKE_PREFIX_PATH=${CMAKE_PREFIX_PATH}:/opt/ros/humble /usr/bin/cmake --install /home/waritt/imu_force_ws/build/imu_force_gazebo
[1.455s] Level 1:colcon.colcon_core.environment:checking '/home/waritt/imu_force_ws/install/imu_force_gazebo' for CMake config files
[1.455s] Level 1:colcon.colcon_core.shell:create_environment_hook('imu_force_gazebo', 'cmake_prefix_path')
[1.455s] INFO:colcon.colcon_core.shell:Creating environment hook '/home/waritt/imu_force_ws/install/imu_force_gazebo/share/imu_force_gazebo/hook/cmake_prefix_path.ps1'
[1.455s] INFO:colcon.colcon_core.shell:Creating environment descriptor '/home/waritt/imu_force_ws/install/imu_force_gazebo/share/imu_force_gazebo/hook/cmake_prefix_path.dsv'
[1.455s] INFO:colcon.colcon_core.shell:Creating environment hook '/home/waritt/imu_force_ws/install/imu_force_gazebo/share/imu_force_gazebo/hook/cmake_prefix_path.sh'
[1.455s] Level 1:colcon.colcon_core.environment:checking '/home/waritt/imu_force_ws/install/imu_force_gazebo/lib'
[1.455s] Level 1:colcon.colcon_core.environment:checking '/home/waritt/imu_force_ws/install/imu_force_gazebo/bin'
[1.455s] Level 1:colcon.colcon_core.environment:checking '/home/waritt/imu_force_ws/install/imu_force_gazebo/lib/pkgconfig/imu_force_gazebo.pc'
[1.456s] Level 1:colcon.colcon_core.environment:checking '/home/waritt/imu_force_ws/install/imu_force_gazebo/lib/python3.10/site-packages'
[1.456s] Level 1:colcon.colcon_core.environment:checking '/home/waritt/imu_force_ws/install/imu_force_gazebo/bin'
[1.456s] INFO:colcon.colcon_core.shell:Creating package script '/home/waritt/imu_force_ws/install/imu_force_gazebo/share/imu_force_gazebo/package.ps1'
[1.456s] INFO:colcon.colcon_core.shell:Creating package descriptor '/home/waritt/imu_force_ws/install/imu_force_gazebo/share/imu_force_gazebo/package.dsv'
[1.456s] INFO:colcon.colcon_core.shell:Creating package script '/home/waritt/imu_force_ws/install/imu_force_gazebo/share/imu_force_gazebo/package.sh'
[1.456s] INFO:colcon.colcon_core.shell:Creating package script '/home/waritt/imu_force_ws/install/imu_force_gazebo/share/imu_force_gazebo/package.bash'
[1.457s] INFO:colcon.colcon_core.shell:Creating package script '/home/waritt/imu_force_ws/install/imu_force_gazebo/share/imu_force_gazebo/package.zsh'
[1.457s] Level 1:colcon.colcon_core.environment:create_file_with_runtime_dependencies(/home/waritt/imu_force_ws/install/imu_force_gazebo/share/colcon-core/packages/imu_force_gazebo)
[1.475s] Level 1:colcon.colcon_core.environment:create_environment_scripts_only(imu_force_description)
[1.475s] Level 1:colcon.colcon_core.environment:checking '/home/waritt/imu_force_ws/install/imu_force_description' for CMake module files
[1.475s] Level 1:colcon.colcon_core.environment:checking '/home/waritt/imu_force_ws/install/imu_force_description' for CMake config files
[1.475s] Level 1:colcon.colcon_core.shell:create_environment_hook('imu_force_description', 'cmake_prefix_path')
[1.475s] INFO:colcon.colcon_core.shell:Creating environment hook '/home/waritt/imu_force_ws/install/imu_force_description/share/imu_force_description/hook/cmake_prefix_path.ps1'
[1.476s] INFO:colcon.colcon_core.shell:Creating environment descriptor '/home/waritt/imu_force_ws/install/imu_force_description/share/imu_force_description/hook/cmake_prefix_path.dsv'
[1.476s] INFO:colcon.colcon_core.shell:Creating environment hook '/home/waritt/imu_force_ws/install/imu_force_description/share/imu_force_description/hook/cmake_prefix_path.sh'
[1.476s] Level 1:colcon.colcon_core.environment:checking '/home/waritt/imu_force_ws/install/imu_force_description/lib'
[1.476s] Level 1:colcon.colcon_core.environment:checking '/home/waritt/imu_force_ws/install/imu_force_description/bin'
[1.476s] Level 1:colcon.colcon_core.environment:checking '/home/waritt/imu_force_ws/install/imu_force_description/lib/pkgconfig/imu_force_description.pc'
[1.476s] Level 1:colcon.colcon_core.environment:checking '/home/waritt/imu_force_ws/install/imu_force_description/lib/python3.10/site-packages'
[1.476s] Level 1:colcon.colcon_core.environment:checking '/home/waritt/imu_force_ws/install/imu_force_description/bin'
[1.476s] INFO:colcon.colcon_core.shell:Creating package script '/home/waritt/imu_force_ws/install/imu_force_description/share/imu_force_description/package.ps1'
[1.477s] INFO:colcon.colcon_core.shell:Creating package descriptor '/home/waritt/imu_force_ws/install/imu_force_description/share/imu_force_description/package.dsv'
[1.477s] INFO:colcon.colcon_core.shell:Creating package script '/home/waritt/imu_force_ws/install/imu_force_description/share/imu_force_description/package.sh'
[1.477s] INFO:colcon.colcon_core.shell:Creating package script '/home/waritt/imu_force_ws/install/imu_force_description/share/imu_force_description/package.bash'
[1.477s] INFO:colcon.colcon_core.shell:Creating package script '/home/waritt/imu_force_ws/install/imu_force_description/share/imu_force_description/package.zsh'
[1.478s] Level 1:colcon.colcon_core.environment:create_file_with_runtime_dependencies(/home/waritt/imu_force_ws/install/imu_force_description/share/colcon-core/packages/imu_force_description)
[1.478s] Level 1:colcon.colcon_core.environment:create_environment_scripts_only(imu_force_gazebo)
[1.478s] Level 1:colcon.colcon_core.environment:checking '/home/waritt/imu_force_ws/install/imu_force_gazebo' for CMake module files
[1.479s] Level 1:colcon.colcon_core.environment:checking '/home/waritt/imu_force_ws/install/imu_force_gazebo' for CMake config files
[1.479s] Level 1:colcon.colcon_core.shell:create_environment_hook('imu_force_gazebo', 'cmake_prefix_path')
[1.479s] INFO:colcon.colcon_core.shell:Creating environment hook '/home/waritt/imu_force_ws/install/imu_force_gazebo/share/imu_force_gazebo/hook/cmake_prefix_path.ps1'
[1.479s] INFO:colcon.colcon_core.shell:Creating environment descriptor '/home/waritt/imu_force_ws/install/imu_force_gazebo/share/imu_force_gazebo/hook/cmake_prefix_path.dsv'
[1.479s] INFO:colcon.colcon_core.shell:Creating environment hook '/home/waritt/imu_force_ws/install/imu_force_gazebo/share/imu_force_gazebo/hook/cmake_prefix_path.sh'
[1.480s] Level 1:colcon.colcon_core.environment:checking '/home/waritt/imu_force_ws/install/imu_force_gazebo/lib'
[1.480s] Level 1:colcon.colcon_core.environment:checking '/home/waritt/imu_force_ws/install/imu_force_gazebo/bin'
[1.480s] Level 1:colcon.colcon_core.environment:checking '/home/waritt/imu_force_ws/install/imu_force_gazebo/lib/pkgconfig/imu_force_gazebo.pc'
[1.480s] Level 1:colcon.colcon_core.environment:checking '/home/waritt/imu_force_ws/install/imu_force_gazebo/lib/python3.10/site-packages'
[1.480s] Level 1:colcon.colcon_core.environment:checking '/home/waritt/imu_force_ws/install/imu_force_gazebo/bin'
[1.480s] INFO:colcon.colcon_core.shell:Creating package script '/home/waritt/imu_force_ws/install/imu_force_gazebo/share/imu_force_gazebo/package.ps1'
[1.480s] INFO:colcon.colcon_core.shell:Creating package descriptor '/home/waritt/imu_force_ws/install/imu_force_gazebo/share/imu_force_gazebo/package.dsv'
[1.481s] INFO:colcon.colcon_core.shell:Creating package script '/home/waritt/imu_force_ws/install/imu_force_gazebo/share/imu_force_gazebo/package.sh'
[1.481s] INFO:colcon.colcon_core.shell:Creating package script '/home/waritt/imu_force_ws/install/imu_force_gazebo/share/imu_force_gazebo/package.bash'
[1.481s] INFO:colcon.colcon_core.shell:Creating package script '/home/waritt/imu_force_ws/install/imu_force_gazebo/share/imu_force_gazebo/package.zsh'
[1.481s] Level 1:colcon.colcon_core.environment:create_file_with_runtime_dependencies(/home/waritt/imu_force_ws/install/imu_force_gazebo/share/colcon-core/packages/imu_force_gazebo)
[1.482s] DEBUG:colcon.colcon_parallel_executor.executor.parallel:closing loop
[1.482s] DEBUG:colcon.colcon_parallel_executor.executor.parallel:loop closed
[1.482s] DEBUG:colcon.colcon_parallel_executor.executor.parallel:run_until_complete finished with '0'
[1.482s] DEBUG:colcon.colcon_core.event_reactor:joining thread
[1.485s] INFO:colcon.colcon_core.plugin_system:Skipping extension 'colcon_notification.desktop_notification.terminal_notifier': Not used on non-Darwin systems
[1.485s] INFO:colcon.colcon_core.plugin_system:Skipping extension 'colcon_notification.desktop_notification.win32': Not used on non-Windows systems
[1.485s] INFO:colcon.colcon_notification.desktop_notification:Sending desktop notification using 'notify2'
[1.493s] DEBUG:colcon.colcon_core.event_reactor:joined thread
[1.493s] INFO:colcon.colcon_core.shell:Creating prefix script '/home/waritt/imu_force_ws/install/local_setup.ps1'
[1.493s] INFO:colcon.colcon_core.shell:Creating prefix util module '/home/waritt/imu_force_ws/install/_local_setup_util_ps1.py'
[1.494s] INFO:colcon.colcon_core.shell:Creating prefix chain script '/home/waritt/imu_force_ws/install/setup.ps1'
[1.496s] INFO:colcon.colcon_core.shell:Creating prefix script '/home/waritt/imu_force_ws/install/local_setup.sh'
[1.496s] INFO:colcon.colcon_core.shell:Creating prefix util module '/home/waritt/imu_force_ws/install/_local_setup_util_sh.py'
[1.497s] INFO:colcon.colcon_core.shell:Creating prefix chain script '/home/waritt/imu_force_ws/install/setup.sh'
[1.498s] INFO:colcon.colcon_core.shell:Creating prefix script '/home/waritt/imu_force_ws/install/local_setup.bash'
[1.498s] INFO:colcon.colcon_core.shell:Creating prefix chain script '/home/waritt/imu_force_ws/install/setup.bash'
[1.499s] INFO:colcon.colcon_core.shell:Creating prefix script '/home/waritt/imu_force_ws/install/local_setup.zsh'
[1.500s] INFO:colcon.colcon_core.shell:Creating prefix chain script '/home/waritt/imu_force_ws/install/setup.zsh'
