[0.026s] Invoking command in '/home/chayanin09/uros_ws/build/imu_custom_msg': CMAKE_PREFIX_PATH=${CMAKE_PREFIX_PATH}:/opt/ros/humble /usr/bin/cmake --build /home/chayanin09/uros_ws/build/imu_custom_msg -- -j20 -l20
[0.072s] [35m[1mConsolidate compiler generated dependencies of target imu_custom_msg__rosidl_generator_c[0m
[0.079s] [  9%] Built target imu_custom_msg__cpp
[0.079s] [ 12%] Built target imu_custom_msg__rosidl_generator_c
[0.092s] [ 12%] Built target ament_cmake_python_copy_imu_custom_msg
[0.093s] [35m[1mConsolidate compiler generated dependencies of target imu_custom_msg__rosidl_typesupport_c[0m
[0.093s] [35m[1mConsolidate compiler generated dependencies of target imu_custom_msg__rosidl_typesupport_cpp[0m
[0.093s] [35m[1mConsolidate compiler generated dependencies of target imu_custom_msg__rosidl_typesupport_fastrtps_c[0m
[0.093s] [35m[1mConsolidate compiler generated dependencies of target imu_custom_msg__rosidl_typesupport_fastrtps_cpp[0m
[0.096s] [35m[1mConsolidate compiler generated dependencies of target imu_custom_msg__rosidl_typesupport_introspection_cpp[0m
[0.098s] [35m[1mConsolidate compiler generated dependencies of target imu_custom_msg__rosidl_typesupport_introspection_c[0m
[0.108s] [ 22%] Built target imu_custom_msg__rosidl_typesupport_fastrtps_c
[0.108s] [ 32%] Built target imu_custom_msg__rosidl_typesupport_cpp
[0.118s] [ 61%] Built target imu_custom_msg__rosidl_typesupport_c
[0.118s] [ 61%] Built target imu_custom_msg__rosidl_typesupport_fastrtps_cpp
[0.118s] [ 70%] Built target imu_custom_msg__rosidl_typesupport_introspection_cpp
[0.118s] [ 70%] Built target imu_custom_msg__rosidl_typesupport_introspection_c
[0.138s] [ 70%] Built target imu_custom_msg
[0.157s] [ 74%] Built target imu_custom_msg__py
[0.166s] [35m[1mConsolidate compiler generated dependencies of target imu_custom_msg__rosidl_generator_py[0m
[0.175s] [ 80%] Built target imu_custom_msg__rosidl_generator_py
[0.186s] [35m[1mConsolidate compiler generated dependencies of target imu_custom_msg__rosidl_typesupport_fastrtps_c__pyext[0m
[0.186s] [35m[1mConsolidate compiler generated dependencies of target imu_custom_msg__rosidl_typesupport_c__pyext[0m
[0.186s] [35m[1mConsolidate compiler generated dependencies of target imu_custom_msg__rosidl_typesupport_introspection_c__pyext[0m
[0.195s] [ 87%] Built target imu_custom_msg__rosidl_typesupport_fastrtps_c__pyext
[0.195s] [ 93%] Built target imu_custom_msg__rosidl_typesupport_c__pyext
[0.200s] [100%] Built target imu_custom_msg__rosidl_typesupport_introspection_c__pyext
[0.275s] running egg_info
[0.276s] writing imu_custom_msg.egg-info/PKG-INFO
[0.276s] writing dependency_links to imu_custom_msg.egg-info/dependency_links.txt
[0.276s] writing top-level names to imu_custom_msg.egg-info/top_level.txt
[0.277s] reading manifest file 'imu_custom_msg.egg-info/SOURCES.txt'
[0.278s] writing manifest file 'imu_custom_msg.egg-info/SOURCES.txt'
[0.298s] [100%] Built target ament_cmake_python_build_imu_custom_msg_egg
[0.306s] Invoked command in '/home/chayanin09/uros_ws/build/imu_custom_msg' returned '0': CMAKE_PREFIX_PATH=${CMAKE_PREFIX_PATH}:/opt/ros/humble /usr/bin/cmake --build /home/chayanin09/uros_ws/build/imu_custom_msg -- -j20 -l20
[0.354s] Invoking command in '/home/chayanin09/uros_ws/build/imu_custom_msg': CMAKE_PREFIX_PATH=${CMAKE_PREFIX_PATH}:/opt/ros/humble /usr/bin/cmake --install /home/chayanin09/uros_ws/build/imu_custom_msg
[0.360s] -- Install configuration: ""
[0.360s] -- Up-to-date: /home/chayanin09/uros_ws/install/imu_custom_msg/share/ament_index/resource_index/rosidl_interfaces/imu_custom_msg
[0.360s] -- Up-to-date: /home/chayanin09/uros_ws/install/imu_custom_msg/include/imu_custom_msg/imu_custom_msg
[0.360s] -- Up-to-date: /home/chayanin09/uros_ws/install/imu_custom_msg/include/imu_custom_msg/imu_custom_msg/msg
[0.360s] -- Up-to-date: /home/chayanin09/uros_ws/install/imu_custom_msg/include/imu_custom_msg/imu_custom_msg/msg/rosidl_generator_c__visibility_control.h
[0.360s] -- Up-to-date: /home/chayanin09/uros_ws/install/imu_custom_msg/include/imu_custom_msg/imu_custom_msg/srv
[0.360s] -- Up-to-date: /home/chayanin09/uros_ws/install/imu_custom_msg/include/imu_custom_msg/imu_custom_msg/srv/detail
[0.360s] -- Up-to-date: /home/chayanin09/uros_ws/install/imu_custom_msg/include/imu_custom_msg/imu_custom_msg/srv/detail/get_status__struct.h
[0.360s] -- Up-to-date: /home/chayanin09/uros_ws/install/imu_custom_msg/include/imu_custom_msg/imu_custom_msg/srv/detail/get_status__type_support.h
[0.361s] -- Up-to-date: /home/chayanin09/uros_ws/install/imu_custom_msg/include/imu_custom_msg/imu_custom_msg/srv/detail/get_status__functions.h
[0.361s] -- Up-to-date: /home/chayanin09/uros_ws/install/imu_custom_msg/include/imu_custom_msg/imu_custom_msg/srv/detail/get_status__functions.c
[0.361s] -- Up-to-date: /home/chayanin09/uros_ws/install/imu_custom_msg/include/imu_custom_msg/imu_custom_msg/srv/get_status.h
[0.361s] -- Up-to-date: /home/chayanin09/uros_ws/install/imu_custom_msg/share/imu_custom_msg/environment/library_path.sh
[0.361s] -- Up-to-date: /home/chayanin09/uros_ws/install/imu_custom_msg/share/imu_custom_msg/environment/library_path.dsv
[0.361s] -- Up-to-date: /home/chayanin09/uros_ws/install/imu_custom_msg/lib/libimu_custom_msg__rosidl_generator_c.so
[0.361s] -- Up-to-date: /home/chayanin09/uros_ws/install/imu_custom_msg/include/imu_custom_msg/imu_custom_msg
[0.361s] -- Up-to-date: /home/chayanin09/uros_ws/install/imu_custom_msg/include/imu_custom_msg/imu_custom_msg/msg
[0.361s] -- Up-to-date: /home/chayanin09/uros_ws/install/imu_custom_msg/include/imu_custom_msg/imu_custom_msg/msg/rosidl_typesupport_fastrtps_c__visibility_control.h
[0.361s] -- Up-to-date: /home/chayanin09/uros_ws/install/imu_custom_msg/include/imu_custom_msg/imu_custom_msg/srv
[0.361s] -- Up-to-date: /home/chayanin09/uros_ws/install/imu_custom_msg/include/imu_custom_msg/imu_custom_msg/srv/detail
[0.361s] -- Up-to-date: /home/chayanin09/uros_ws/install/imu_custom_msg/include/imu_custom_msg/imu_custom_msg/srv/detail/get_status__rosidl_typesupport_fastrtps_c.h
[0.361s] -- Up-to-date: /home/chayanin09/uros_ws/install/imu_custom_msg/lib/libimu_custom_msg__rosidl_typesupport_fastrtps_c.so
[0.361s] -- Up-to-date: /home/chayanin09/uros_ws/install/imu_custom_msg/include/imu_custom_msg/imu_custom_msg
[0.361s] -- Up-to-date: /home/chayanin09/uros_ws/install/imu_custom_msg/include/imu_custom_msg/imu_custom_msg/msg
[0.361s] -- Up-to-date: /home/chayanin09/uros_ws/install/imu_custom_msg/include/imu_custom_msg/imu_custom_msg/msg/rosidl_typesupport_introspection_c__visibility_control.h
[0.361s] -- Up-to-date: /home/chayanin09/uros_ws/install/imu_custom_msg/include/imu_custom_msg/imu_custom_msg/srv
[0.361s] -- Up-to-date: /home/chayanin09/uros_ws/install/imu_custom_msg/include/imu_custom_msg/imu_custom_msg/srv/detail
[0.361s] -- Up-to-date: /home/chayanin09/uros_ws/install/imu_custom_msg/include/imu_custom_msg/imu_custom_msg/srv/detail/get_status__type_support.c
[0.361s] -- Up-to-date: /home/chayanin09/uros_ws/install/imu_custom_msg/include/imu_custom_msg/imu_custom_msg/srv/detail/get_status__rosidl_typesupport_introspection_c.h
[0.361s] -- Up-to-date: /home/chayanin09/uros_ws/install/imu_custom_msg/lib/libimu_custom_msg__rosidl_typesupport_introspection_c.so
[0.361s] -- Up-to-date: /home/chayanin09/uros_ws/install/imu_custom_msg/lib/libimu_custom_msg__rosidl_typesupport_c.so
[0.361s] -- Up-to-date: /home/chayanin09/uros_ws/install/imu_custom_msg/include/imu_custom_msg/imu_custom_msg
[0.361s] -- Up-to-date: /home/chayanin09/uros_ws/install/imu_custom_msg/include/imu_custom_msg/imu_custom_msg/srv
[0.361s] -- Up-to-date: /home/chayanin09/uros_ws/install/imu_custom_msg/include/imu_custom_msg/imu_custom_msg/srv/get_status.hpp
[0.362s] -- Up-to-date: /home/chayanin09/uros_ws/install/imu_custom_msg/include/imu_custom_msg/imu_custom_msg/srv/detail
[0.362s] -- Up-to-date: /home/chayanin09/uros_ws/install/imu_custom_msg/include/imu_custom_msg/imu_custom_msg/srv/detail/get_status__struct.hpp
[0.362s] -- Up-to-date: /home/chayanin09/uros_ws/install/imu_custom_msg/include/imu_custom_msg/imu_custom_msg/srv/detail/get_status__builder.hpp
[0.362s] -- Up-to-date: /home/chayanin09/uros_ws/install/imu_custom_msg/include/imu_custom_msg/imu_custom_msg/srv/detail/get_status__traits.hpp
[0.362s] -- Up-to-date: /home/chayanin09/uros_ws/install/imu_custom_msg/include/imu_custom_msg/imu_custom_msg
[0.362s] -- Up-to-date: /home/chayanin09/uros_ws/install/imu_custom_msg/include/imu_custom_msg/imu_custom_msg/msg
[0.362s] -- Up-to-date: /home/chayanin09/uros_ws/install/imu_custom_msg/include/imu_custom_msg/imu_custom_msg/msg/rosidl_typesupport_fastrtps_cpp__visibility_control.h
[0.362s] -- Up-to-date: /home/chayanin09/uros_ws/install/imu_custom_msg/include/imu_custom_msg/imu_custom_msg/srv
[0.362s] -- Up-to-date: /home/chayanin09/uros_ws/install/imu_custom_msg/include/imu_custom_msg/imu_custom_msg/srv/detail
[0.362s] -- Up-to-date: /home/chayanin09/uros_ws/install/imu_custom_msg/include/imu_custom_msg/imu_custom_msg/srv/detail/get_status__rosidl_typesupport_fastrtps_cpp.hpp
[0.362s] -- Up-to-date: /home/chayanin09/uros_ws/install/imu_custom_msg/include/imu_custom_msg/imu_custom_msg/srv/detail/dds_fastrtps
[0.362s] -- Up-to-date: /home/chayanin09/uros_ws/install/imu_custom_msg/lib/libimu_custom_msg__rosidl_typesupport_fastrtps_cpp.so
[0.362s] -- Up-to-date: /home/chayanin09/uros_ws/install/imu_custom_msg/include/imu_custom_msg/imu_custom_msg
[0.362s] -- Up-to-date: /home/chayanin09/uros_ws/install/imu_custom_msg/include/imu_custom_msg/imu_custom_msg/srv
[0.362s] -- Up-to-date: /home/chayanin09/uros_ws/install/imu_custom_msg/include/imu_custom_msg/imu_custom_msg/srv/detail
[0.362s] -- Up-to-date: /home/chayanin09/uros_ws/install/imu_custom_msg/include/imu_custom_msg/imu_custom_msg/srv/detail/get_status__rosidl_typesupport_introspection_cpp.hpp
[0.362s] -- Up-to-date: /home/chayanin09/uros_ws/install/imu_custom_msg/include/imu_custom_msg/imu_custom_msg/srv/detail/get_status__type_support.cpp
[0.362s] -- Up-to-date: /home/chayanin09/uros_ws/install/imu_custom_msg/lib/libimu_custom_msg__rosidl_typesupport_introspection_cpp.so
[0.362s] -- Up-to-date: /home/chayanin09/uros_ws/install/imu_custom_msg/lib/libimu_custom_msg__rosidl_typesupport_cpp.so
[0.362s] -- Up-to-date: /home/chayanin09/uros_ws/install/imu_custom_msg/share/imu_custom_msg/environment/pythonpath.sh
[0.362s] -- Up-to-date: /home/chayanin09/uros_ws/install/imu_custom_msg/share/imu_custom_msg/environment/pythonpath.dsv
[0.362s] -- Up-to-date: /home/chayanin09/uros_ws/install/imu_custom_msg/local/lib/python3.10/dist-packages/imu_custom_msg-0.0.0-py3.10.egg-info
[0.362s] -- Installing: /home/chayanin09/uros_ws/install/imu_custom_msg/local/lib/python3.10/dist-packages/imu_custom_msg-0.0.0-py3.10.egg-info/dependency_links.txt
[0.362s] -- Installing: /home/chayanin09/uros_ws/install/imu_custom_msg/local/lib/python3.10/dist-packages/imu_custom_msg-0.0.0-py3.10.egg-info/PKG-INFO
[0.362s] -- Installing: /home/chayanin09/uros_ws/install/imu_custom_msg/local/lib/python3.10/dist-packages/imu_custom_msg-0.0.0-py3.10.egg-info/top_level.txt
[0.362s] -- Installing: /home/chayanin09/uros_ws/install/imu_custom_msg/local/lib/python3.10/dist-packages/imu_custom_msg-0.0.0-py3.10.egg-info/SOURCES.txt
[0.363s] -- Up-to-date: /home/chayanin09/uros_ws/install/imu_custom_msg/local/lib/python3.10/dist-packages/imu_custom_msg
[0.363s] -- Up-to-date: /home/chayanin09/uros_ws/install/imu_custom_msg/local/lib/python3.10/dist-packages/imu_custom_msg/imu_custom_msg_s__rosidl_typesupport_c.cpython-310-x86_64-linux-gnu.so
[0.363s] -- Up-to-date: /home/chayanin09/uros_ws/install/imu_custom_msg/local/lib/python3.10/dist-packages/imu_custom_msg/__init__.py
[0.363s] -- Up-to-date: /home/chayanin09/uros_ws/install/imu_custom_msg/local/lib/python3.10/dist-packages/imu_custom_msg/_imu_custom_msg_s.ep.rosidl_typesupport_fastrtps_c.c
[0.363s] -- Up-to-date: /home/chayanin09/uros_ws/install/imu_custom_msg/local/lib/python3.10/dist-packages/imu_custom_msg/srv
[0.363s] -- Up-to-date: /home/chayanin09/uros_ws/install/imu_custom_msg/local/lib/python3.10/dist-packages/imu_custom_msg/srv/__init__.py
[0.363s] -- Up-to-date: /home/chayanin09/uros_ws/install/imu_custom_msg/local/lib/python3.10/dist-packages/imu_custom_msg/srv/_get_status_s.c
[0.363s] -- Up-to-date: /home/chayanin09/uros_ws/install/imu_custom_msg/local/lib/python3.10/dist-packages/imu_custom_msg/srv/_get_status.py
[0.363s] -- Up-to-date: /home/chayanin09/uros_ws/install/imu_custom_msg/local/lib/python3.10/dist-packages/imu_custom_msg/_imu_custom_msg_s.ep.rosidl_typesupport_introspection_c.c
[0.363s] -- Up-to-date: /home/chayanin09/uros_ws/install/imu_custom_msg/local/lib/python3.10/dist-packages/imu_custom_msg/imu_custom_msg_s__rosidl_typesupport_introspection_c.cpython-310-x86_64-linux-gnu.so
[0.363s] -- Up-to-date: /home/chayanin09/uros_ws/install/imu_custom_msg/local/lib/python3.10/dist-packages/imu_custom_msg/imu_custom_msg_s__rosidl_typesupport_fastrtps_c.cpython-310-x86_64-linux-gnu.so
[0.363s] -- Up-to-date: /home/chayanin09/uros_ws/install/imu_custom_msg/local/lib/python3.10/dist-packages/imu_custom_msg/libimu_custom_msg__rosidl_generator_py.so
[0.363s] -- Up-to-date: /home/chayanin09/uros_ws/install/imu_custom_msg/local/lib/python3.10/dist-packages/imu_custom_msg/_imu_custom_msg_s.ep.rosidl_typesupport_c.c
[0.385s] Listing '/home/chayanin09/uros_ws/install/imu_custom_msg/local/lib/python3.10/dist-packages/imu_custom_msg'...
[0.385s] Listing '/home/chayanin09/uros_ws/install/imu_custom_msg/local/lib/python3.10/dist-packages/imu_custom_msg/srv'...
[0.387s] -- Up-to-date: /home/chayanin09/uros_ws/install/imu_custom_msg/local/lib/python3.10/dist-packages/imu_custom_msg/imu_custom_msg_s__rosidl_typesupport_fastrtps_c.cpython-310-x86_64-linux-gnu.so
[0.388s] -- Up-to-date: /home/chayanin09/uros_ws/install/imu_custom_msg/local/lib/python3.10/dist-packages/imu_custom_msg/imu_custom_msg_s__rosidl_typesupport_introspection_c.cpython-310-x86_64-linux-gnu.so
[0.388s] -- Up-to-date: /home/chayanin09/uros_ws/install/imu_custom_msg/local/lib/python3.10/dist-packages/imu_custom_msg/imu_custom_msg_s__rosidl_typesupport_c.cpython-310-x86_64-linux-gnu.so
[0.388s] -- Up-to-date: /home/chayanin09/uros_ws/install/imu_custom_msg/lib/libimu_custom_msg__rosidl_generator_py.so
[0.388s] -- Up-to-date: /home/chayanin09/uros_ws/install/imu_custom_msg/share/imu_custom_msg/srv/GetStatus.idl
[0.388s] -- Up-to-date: /home/chayanin09/uros_ws/install/imu_custom_msg/share/imu_custom_msg/srv/GetStatus.srv
[0.388s] -- Up-to-date: /home/chayanin09/uros_ws/install/imu_custom_msg/share/imu_custom_msg/srv/GetStatus_Request.msg
[0.388s] -- Up-to-date: /home/chayanin09/uros_ws/install/imu_custom_msg/share/imu_custom_msg/srv/GetStatus_Response.msg
[0.388s] -- Up-to-date: /home/chayanin09/uros_ws/install/imu_custom_msg/share/ament_index/resource_index/package_run_dependencies/imu_custom_msg
[0.388s] -- Up-to-date: /home/chayanin09/uros_ws/install/imu_custom_msg/share/ament_index/resource_index/parent_prefix_path/imu_custom_msg
[0.388s] -- Up-to-date: /home/chayanin09/uros_ws/install/imu_custom_msg/share/imu_custom_msg/environment/ament_prefix_path.sh
[0.388s] -- Up-to-date: /home/chayanin09/uros_ws/install/imu_custom_msg/share/imu_custom_msg/environment/ament_prefix_path.dsv
[0.389s] -- Up-to-date: /home/chayanin09/uros_ws/install/imu_custom_msg/share/imu_custom_msg/environment/path.sh
[0.389s] -- Up-to-date: /home/chayanin09/uros_ws/install/imu_custom_msg/share/imu_custom_msg/environment/path.dsv
[0.389s] -- Up-to-date: /home/chayanin09/uros_ws/install/imu_custom_msg/share/imu_custom_msg/local_setup.bash
[0.389s] -- Up-to-date: /home/chayanin09/uros_ws/install/imu_custom_msg/share/imu_custom_msg/local_setup.sh
[0.389s] -- Up-to-date: /home/chayanin09/uros_ws/install/imu_custom_msg/share/imu_custom_msg/local_setup.zsh
[0.389s] -- Up-to-date: /home/chayanin09/uros_ws/install/imu_custom_msg/share/imu_custom_msg/local_setup.dsv
[0.389s] -- Installing: /home/chayanin09/uros_ws/install/imu_custom_msg/share/imu_custom_msg/package.dsv
[0.389s] -- Up-to-date: /home/chayanin09/uros_ws/install/imu_custom_msg/share/ament_index/resource_index/packages/imu_custom_msg
[0.389s] -- Up-to-date: /home/chayanin09/uros_ws/install/imu_custom_msg/share/imu_custom_msg/cmake/export_imu_custom_msg__rosidl_generator_cExport.cmake
[0.389s] -- Up-to-date: /home/chayanin09/uros_ws/install/imu_custom_msg/share/imu_custom_msg/cmake/export_imu_custom_msg__rosidl_generator_cExport-noconfig.cmake
[0.390s] -- Up-to-date: /home/chayanin09/uros_ws/install/imu_custom_msg/share/imu_custom_msg/cmake/export_imu_custom_msg__rosidl_typesupport_fastrtps_cExport.cmake
[0.390s] -- Up-to-date: /home/chayanin09/uros_ws/install/imu_custom_msg/share/imu_custom_msg/cmake/export_imu_custom_msg__rosidl_typesupport_fastrtps_cExport-noconfig.cmake
[0.390s] -- Up-to-date: /home/chayanin09/uros_ws/install/imu_custom_msg/share/imu_custom_msg/cmake/imu_custom_msg__rosidl_typesupport_introspection_cExport.cmake
[0.390s] -- Up-to-date: /home/chayanin09/uros_ws/install/imu_custom_msg/share/imu_custom_msg/cmake/imu_custom_msg__rosidl_typesupport_introspection_cExport-noconfig.cmake
[0.390s] -- Up-to-date: /home/chayanin09/uros_ws/install/imu_custom_msg/share/imu_custom_msg/cmake/imu_custom_msg__rosidl_typesupport_cExport.cmake
[0.390s] -- Up-to-date: /home/chayanin09/uros_ws/install/imu_custom_msg/share/imu_custom_msg/cmake/imu_custom_msg__rosidl_typesupport_cExport-noconfig.cmake
[0.390s] -- Up-to-date: /home/chayanin09/uros_ws/install/imu_custom_msg/share/imu_custom_msg/cmake/export_imu_custom_msg__rosidl_generator_cppExport.cmake
[0.391s] -- Up-to-date: /home/chayanin09/uros_ws/install/imu_custom_msg/share/imu_custom_msg/cmake/export_imu_custom_msg__rosidl_typesupport_fastrtps_cppExport.cmake
[0.391s] -- Up-to-date: /home/chayanin09/uros_ws/install/imu_custom_msg/share/imu_custom_msg/cmake/export_imu_custom_msg__rosidl_typesupport_fastrtps_cppExport-noconfig.cmake
[0.391s] -- Up-to-date: /home/chayanin09/uros_ws/install/imu_custom_msg/share/imu_custom_msg/cmake/imu_custom_msg__rosidl_typesupport_introspection_cppExport.cmake
[0.391s] -- Up-to-date: /home/chayanin09/uros_ws/install/imu_custom_msg/share/imu_custom_msg/cmake/imu_custom_msg__rosidl_typesupport_introspection_cppExport-noconfig.cmake
[0.391s] -- Up-to-date: /home/chayanin09/uros_ws/install/imu_custom_msg/share/imu_custom_msg/cmake/imu_custom_msg__rosidl_typesupport_cppExport.cmake
[0.391s] -- Up-to-date: /home/chayanin09/uros_ws/install/imu_custom_msg/share/imu_custom_msg/cmake/imu_custom_msg__rosidl_typesupport_cppExport-noconfig.cmake
[0.392s] -- Up-to-date: /home/chayanin09/uros_ws/install/imu_custom_msg/share/imu_custom_msg/cmake/export_imu_custom_msg__rosidl_generator_pyExport.cmake
[0.392s] -- Up-to-date: /home/chayanin09/uros_ws/install/imu_custom_msg/share/imu_custom_msg/cmake/export_imu_custom_msg__rosidl_generator_pyExport-noconfig.cmake
[0.392s] -- Up-to-date: /home/chayanin09/uros_ws/install/imu_custom_msg/share/imu_custom_msg/cmake/rosidl_cmake-extras.cmake
[0.392s] -- Up-to-date: /home/chayanin09/uros_ws/install/imu_custom_msg/share/imu_custom_msg/cmake/ament_cmake_export_dependencies-extras.cmake
[0.392s] -- Up-to-date: /home/chayanin09/uros_ws/install/imu_custom_msg/share/imu_custom_msg/cmake/ament_cmake_export_include_directories-extras.cmake
[0.392s] -- Up-to-date: /home/chayanin09/uros_ws/install/imu_custom_msg/share/imu_custom_msg/cmake/ament_cmake_export_libraries-extras.cmake
[0.392s] -- Up-to-date: /home/chayanin09/uros_ws/install/imu_custom_msg/share/imu_custom_msg/cmake/ament_cmake_export_targets-extras.cmake
[0.392s] -- Up-to-date: /home/chayanin09/uros_ws/install/imu_custom_msg/share/imu_custom_msg/cmake/rosidl_cmake_export_typesupport_targets-extras.cmake
[0.392s] -- Up-to-date: /home/chayanin09/uros_ws/install/imu_custom_msg/share/imu_custom_msg/cmake/rosidl_cmake_export_typesupport_libraries-extras.cmake
[0.392s] -- Up-to-date: /home/chayanin09/uros_ws/install/imu_custom_msg/share/imu_custom_msg/cmake/imu_custom_msgConfig.cmake
[0.392s] -- Up-to-date: /home/chayanin09/uros_ws/install/imu_custom_msg/share/imu_custom_msg/cmake/imu_custom_msgConfig-version.cmake
[0.392s] -- Up-to-date: /home/chayanin09/uros_ws/install/imu_custom_msg/share/imu_custom_msg/package.xml
[0.396s] Invoked command in '/home/chayanin09/uros_ws/build/imu_custom_msg' returned '0': CMAKE_PREFIX_PATH=${CMAKE_PREFIX_PATH}:/opt/ros/humble /usr/bin/cmake --install /home/chayanin09/uros_ws/build/imu_custom_msg
