[0.012s] Invoking command in '/home/chayanin09/uros_ws/build/imu_calibration': CMAKE_PREFIX_PATH=${CMAKE_PREFIX_PATH}:/opt/ros/humble /usr/bin/cmake --build /home/chayanin09/uros_ws/build/imu_calibration -- -j20 -l20
[0.063s] Built target ament_cmake_python_copy_imu_calibration
[0.221s] running egg_info
[0.221s] writing imu_calibration.egg-info/PKG-INFO
[0.221s] writing dependency_links to imu_calibration.egg-info/dependency_links.txt
[0.221s] writing top-level names to imu_calibration.egg-info/top_level.txt
[0.222s] reading manifest file 'imu_calibration.egg-info/SOURCES.txt'
[0.223s] writing manifest file 'imu_calibration.egg-info/SOURCES.txt'
[0.245s] Built target ament_cmake_python_build_imu_calibration_egg
[0.256s] Invoked command in '/home/chayanin09/uros_ws/build/imu_calibration' returned '0': CMAKE_PREFIX_PATH=${CMAKE_PREFIX_PATH}:/opt/ros/humble /usr/bin/cmake --build /home/chayanin09/uros_ws/build/imu_calibration -- -j20 -l20
[0.276s] Invoking command in '/home/chayanin09/uros_ws/build/imu_calibration': CMAKE_PREFIX_PATH=${CMAKE_PREFIX_PATH}:/opt/ros/humble /usr/bin/cmake --install /home/chayanin09/uros_ws/build/imu_calibration
[0.282s] -- Install configuration: ""
[0.282s] -- Up-to-date: /home/chayanin09/uros_ws/install/imu_calibration/share/imu_calibration/environment/pythonpath.sh
[0.282s] -- Up-to-date: /home/chayanin09/uros_ws/install/imu_calibration/share/imu_calibration/environment/pythonpath.dsv
[0.282s] -- Up-to-date: /home/chayanin09/uros_ws/install/imu_calibration/local/lib/python3.10/dist-packages/imu_calibration-0.0.0-py3.10.egg-info
[0.282s] -- Installing: /home/chayanin09/uros_ws/install/imu_calibration/local/lib/python3.10/dist-packages/imu_calibration-0.0.0-py3.10.egg-info/dependency_links.txt
[0.283s] -- Installing: /home/chayanin09/uros_ws/install/imu_calibration/local/lib/python3.10/dist-packages/imu_calibration-0.0.0-py3.10.egg-info/PKG-INFO
[0.283s] -- Installing: /home/chayanin09/uros_ws/install/imu_calibration/local/lib/python3.10/dist-packages/imu_calibration-0.0.0-py3.10.egg-info/top_level.txt
[0.283s] -- Installing: /home/chayanin09/uros_ws/install/imu_calibration/local/lib/python3.10/dist-packages/imu_calibration-0.0.0-py3.10.egg-info/SOURCES.txt
[0.283s] -- Up-to-date: /home/chayanin09/uros_ws/install/imu_calibration/local/lib/python3.10/dist-packages/imu_calibration
[0.283s] -- Up-to-date: /home/chayanin09/uros_ws/install/imu_calibration/local/lib/python3.10/dist-packages/imu_calibration/__init__.py
[0.302s] Listing '/home/chayanin09/uros_ws/install/imu_calibration/local/lib/python3.10/dist-packages/imu_calibration'...
[0.304s] -- Installing: /home/chayanin09/uros_ws/install/imu_calibration/lib/imu_calibration/imu_calibration.py
[0.305s] -- Installing: /home/chayanin09/uros_ws/install/imu_calibration/lib/imu_calibration/dummy_node.py
[0.305s] -- Up-to-date: /home/chayanin09/uros_ws/install/imu_calibration/share/imu_calibration
[0.305s] -- Up-to-date: /home/chayanin09/uros_ws/install/imu_calibration/share/ament_index/resource_index/package_run_dependencies/imu_calibration
[0.305s] -- Up-to-date: /home/chayanin09/uros_ws/install/imu_calibration/share/ament_index/resource_index/parent_prefix_path/imu_calibration
[0.305s] -- Up-to-date: /home/chayanin09/uros_ws/install/imu_calibration/share/imu_calibration/environment/ament_prefix_path.sh
[0.305s] -- Up-to-date: /home/chayanin09/uros_ws/install/imu_calibration/share/imu_calibration/environment/ament_prefix_path.dsv
[0.305s] -- Up-to-date: /home/chayanin09/uros_ws/install/imu_calibration/share/imu_calibration/environment/path.sh
[0.305s] -- Up-to-date: /home/chayanin09/uros_ws/install/imu_calibration/share/imu_calibration/environment/path.dsv
[0.305s] -- Up-to-date: /home/chayanin09/uros_ws/install/imu_calibration/share/imu_calibration/local_setup.bash
[0.305s] -- Up-to-date: /home/chayanin09/uros_ws/install/imu_calibration/share/imu_calibration/local_setup.sh
[0.305s] -- Up-to-date: /home/chayanin09/uros_ws/install/imu_calibration/share/imu_calibration/local_setup.zsh
[0.305s] -- Up-to-date: /home/chayanin09/uros_ws/install/imu_calibration/share/imu_calibration/local_setup.dsv
[0.305s] -- Installing: /home/chayanin09/uros_ws/install/imu_calibration/share/imu_calibration/package.dsv
[0.305s] -- Up-to-date: /home/chayanin09/uros_ws/install/imu_calibration/share/ament_index/resource_index/packages/imu_calibration
[0.305s] -- Up-to-date: /home/chayanin09/uros_ws/install/imu_calibration/share/imu_calibration/cmake/imu_calibrationConfig.cmake
[0.305s] -- Up-to-date: /home/chayanin09/uros_ws/install/imu_calibration/share/imu_calibration/cmake/imu_calibrationConfig-version.cmake
[0.306s] -- Up-to-date: /home/chayanin09/uros_ws/install/imu_calibration/share/imu_calibration/package.xml
[0.306s] Invoked command in '/home/chayanin09/uros_ws/build/imu_calibration' returned '0': CMAKE_PREFIX_PATH=${CMAKE_PREFIX_PATH}:/opt/ros/humble /usr/bin/cmake --install /home/chayanin09/uros_ws/build/imu_calibration
