[0.069s] DEBUG:colcon:Command line arguments: ['/usr/bin/colcon', 'build']
[0.069s] DEBUG:colcon:Parsed command line arguments: Namespace(log_base=None, log_level=None, verb_name='build', build_base='build', install_base='install', merge_install=False, symlink_install=False, test_result_base=None, continue_on_error=False, executor='parallel', parallel_workers=20, event_handlers=None, ignore_user_meta=False, metas=['./colcon.meta'], base_paths=['.'], packages_ignore=None, packages_ignore_regex=None, paths=None, packages_up_to=None, packages_up_to_regex=None, packages_above=None, packages_above_and_dependencies=None, packages_above_depth=None, packages_select_by_dep=None, packages_skip_by_dep=None, packages_skip_up_to=None, packages_select_build_failed=False, packages_skip_build_finished=False, packages_select_test_failures=False, packages_skip_test_passed=False, packages_select=None, packages_skip=None, packages_select_regex=None, packages_skip_regex=None, packages_start=None, packages_end=None, allow_overriding=[], cmake_args=None, cmake_target=None, cmake_target_skip_unavailable=False, cmake_clean_cache=False, cmake_clean_first=False, cmake_force_configure=False, ament_cmake_args=None, catkin_cmake_args=None, catkin_skip_building_tests=False, mixin_files=None, mixin=None, verb_parser=<colcon_mixin.mixin.mixin_argument.MixinArgumentDecorator object at 0x730623c2ba60>, verb_extension=<colcon_core.verb.build.BuildVerb object at 0x730623c2b5b0>, main=<bound method BuildVerb.main of <colcon_core.verb.build.BuildVerb object at 0x730623c2b5b0>>, mixin_verb=('build',))
[0.176s] Level 1:colcon.colcon_core.package_discovery:discover_packages(colcon_meta) check parameters
[0.176s] Level 1:colcon.colcon_core.package_discovery:discover_packages(recursive) check parameters
[0.176s] Level 1:colcon.colcon_core.package_discovery:discover_packages(ignore) check parameters
[0.176s] Level 1:colcon.colcon_core.package_discovery:discover_packages(path) check parameters
[0.176s] Level 1:colcon.colcon_core.package_discovery:discover_packages(colcon_meta) discover
[0.176s] Level 1:colcon.colcon_core.package_discovery:discover_packages(recursive) discover
[0.176s] INFO:colcon.colcon_core.package_discovery:Crawling recursively for packages in '/home/chayanin09/uros_ws'
[0.176s] Level 1:colcon.colcon_core.package_identification:_identify(.) by extensions ['ignore', 'ignore_ament_install']
[0.176s] Level 1:colcon.colcon_core.package_identification:_identify(.) by extension 'ignore'
[0.176s] Level 1:colcon.colcon_core.package_identification:_identify(.) by extension 'ignore_ament_install'
[0.176s] Level 1:colcon.colcon_core.package_identification:_identify(.) by extensions ['colcon_pkg']
[0.176s] Level 1:colcon.colcon_core.package_identification:_identify(.) by extension 'colcon_pkg'
[0.176s] Level 1:colcon.colcon_core.package_identification:_identify(.) by extensions ['colcon_meta']
[0.176s] Level 1:colcon.colcon_core.package_identification:_identify(.) by extension 'colcon_meta'
[0.176s] Level 1:colcon.colcon_core.package_identification:_identify(.) by extensions ['ros']
[0.176s] Level 1:colcon.colcon_core.package_identification:_identify(.) by extension 'ros'
[0.189s] Level 1:colcon.colcon_core.package_identification:_identify(.) by extensions ['cmake', 'python']
[0.189s] Level 1:colcon.colcon_core.package_identification:_identify(.) by extension 'cmake'
[0.189s] Level 1:colcon.colcon_core.package_identification:_identify(.) by extension 'python'
[0.189s] Level 1:colcon.colcon_core.package_identification:_identify(.) by extensions ['python_setup_py']
[0.189s] Level 1:colcon.colcon_core.package_identification:_identify(.) by extension 'python_setup_py'
[0.189s] Level 1:colcon.colcon_core.package_identification:_identify(build) by extensions ['ignore', 'ignore_ament_install']
[0.189s] Level 1:colcon.colcon_core.package_identification:_identify(build) by extension 'ignore'
[0.189s] Level 1:colcon.colcon_core.package_identification:_identify(build) ignored
[0.189s] Level 1:colcon.colcon_core.package_identification:_identify(firmware) by extensions ['ignore', 'ignore_ament_install']
[0.189s] Level 1:colcon.colcon_core.package_identification:_identify(firmware) by extension 'ignore'
[0.189s] Level 1:colcon.colcon_core.package_identification:_identify(firmware) ignored
[0.189s] Level 1:colcon.colcon_core.package_identification:_identify(install) by extensions ['ignore', 'ignore_ament_install']
[0.190s] Level 1:colcon.colcon_core.package_identification:_identify(install) by extension 'ignore'
[0.190s] Level 1:colcon.colcon_core.package_identification:_identify(install) ignored
[0.190s] Level 1:colcon.colcon_core.package_identification:_identify(log) by extensions ['ignore', 'ignore_ament_install']
[0.190s] Level 1:colcon.colcon_core.package_identification:_identify(log) by extension 'ignore'
[0.190s] Level 1:colcon.colcon_core.package_identification:_identify(log) ignored
[0.190s] Level 1:colcon.colcon_core.package_identification:_identify(src) by extensions ['ignore', 'ignore_ament_install']
[0.190s] Level 1:colcon.colcon_core.package_identification:_identify(src) by extension 'ignore'
[0.190s] Level 1:colcon.colcon_core.package_identification:_identify(src) by extension 'ignore_ament_install'
[0.190s] Level 1:colcon.colcon_core.package_identification:_identify(src) by extensions ['colcon_pkg']
[0.190s] Level 1:colcon.colcon_core.package_identification:_identify(src) by extension 'colcon_pkg'
[0.190s] Level 1:colcon.colcon_core.package_identification:_identify(src) by extensions ['colcon_meta']
[0.190s] Level 1:colcon.colcon_core.package_identification:_identify(src) by extension 'colcon_meta'
[0.190s] Level 1:colcon.colcon_core.package_identification:_identify(src) by extensions ['ros']
[0.190s] Level 1:colcon.colcon_core.package_identification:_identify(src) by extension 'ros'
[0.190s] Level 1:colcon.colcon_core.package_identification:_identify(src) by extensions ['cmake', 'python']
[0.190s] Level 1:colcon.colcon_core.package_identification:_identify(src) by extension 'cmake'
[0.190s] Level 1:colcon.colcon_core.package_identification:_identify(src) by extension 'python'
[0.190s] Level 1:colcon.colcon_core.package_identification:_identify(src) by extensions ['python_setup_py']
[0.190s] Level 1:colcon.colcon_core.package_identification:_identify(src) by extension 'python_setup_py'
[0.190s] Level 1:colcon.colcon_core.package_identification:_identify(src/IMU_calibrator) by extensions ['ignore', 'ignore_ament_install']
[0.190s] Level 1:colcon.colcon_core.package_identification:_identify(src/IMU_calibrator) by extension 'ignore'
[0.190s] Level 1:colcon.colcon_core.package_identification:_identify(src/IMU_calibrator) by extension 'ignore_ament_install'
[0.190s] Level 1:colcon.colcon_core.package_identification:_identify(src/IMU_calibrator) by extensions ['colcon_pkg']
[0.190s] Level 1:colcon.colcon_core.package_identification:_identify(src/IMU_calibrator) by extension 'colcon_pkg'
[0.190s] Level 1:colcon.colcon_core.package_identification:_identify(src/IMU_calibrator) by extensions ['colcon_meta']
[0.190s] Level 1:colcon.colcon_core.package_identification:_identify(src/IMU_calibrator) by extension 'colcon_meta'
[0.190s] Level 1:colcon.colcon_core.package_identification:_identify(src/IMU_calibrator) by extensions ['ros']
[0.190s] Level 1:colcon.colcon_core.package_identification:_identify(src/IMU_calibrator) by extension 'ros'
[0.192s] DEBUG:colcon.colcon_core.package_identification:Package 'src/IMU_calibrator' with type 'ros.ament_cmake' and name 'imu_calibration'
[0.192s] Level 1:colcon.colcon_core.package_identification:_identify(src/micro_ros_setup) by extensions ['ignore', 'ignore_ament_install']
[0.192s] Level 1:colcon.colcon_core.package_identification:_identify(src/micro_ros_setup) by extension 'ignore'
[0.192s] Level 1:colcon.colcon_core.package_identification:_identify(src/micro_ros_setup) by extension 'ignore_ament_install'
[0.192s] Level 1:colcon.colcon_core.package_identification:_identify(src/micro_ros_setup) by extensions ['colcon_pkg']
[0.192s] Level 1:colcon.colcon_core.package_identification:_identify(src/micro_ros_setup) by extension 'colcon_pkg'
[0.192s] Level 1:colcon.colcon_core.package_identification:_identify(src/micro_ros_setup) by extensions ['colcon_meta']
[0.192s] Level 1:colcon.colcon_core.package_identification:_identify(src/micro_ros_setup) by extension 'colcon_meta'
[0.192s] Level 1:colcon.colcon_core.package_identification:_identify(src/micro_ros_setup) by extensions ['ros']
[0.192s] Level 1:colcon.colcon_core.package_identification:_identify(src/micro_ros_setup) by extension 'ros'
[0.193s] DEBUG:colcon.colcon_core.package_identification:Package 'src/micro_ros_setup' with type 'ros.ament_cmake' and name 'micro_ros_setup'
[0.193s] Level 1:colcon.colcon_core.package_identification:_identify(src/uros) by extensions ['ignore', 'ignore_ament_install']
[0.193s] Level 1:colcon.colcon_core.package_identification:_identify(src/uros) by extension 'ignore'
[0.193s] Level 1:colcon.colcon_core.package_identification:_identify(src/uros) by extension 'ignore_ament_install'
[0.193s] Level 1:colcon.colcon_core.package_identification:_identify(src/uros) by extensions ['colcon_pkg']
[0.193s] Level 1:colcon.colcon_core.package_identification:_identify(src/uros) by extension 'colcon_pkg'
[0.193s] Level 1:colcon.colcon_core.package_identification:_identify(src/uros) by extensions ['colcon_meta']
[0.193s] Level 1:colcon.colcon_core.package_identification:_identify(src/uros) by extension 'colcon_meta'
[0.193s] Level 1:colcon.colcon_core.package_identification:_identify(src/uros) by extensions ['ros']
[0.193s] Level 1:colcon.colcon_core.package_identification:_identify(src/uros) by extension 'ros'
[0.193s] Level 1:colcon.colcon_core.package_identification:_identify(src/uros) by extensions ['cmake', 'python']
[0.193s] Level 1:colcon.colcon_core.package_identification:_identify(src/uros) by extension 'cmake'
[0.193s] Level 1:colcon.colcon_core.package_identification:_identify(src/uros) by extension 'python'
[0.193s] Level 1:colcon.colcon_core.package_identification:_identify(src/uros) by extensions ['python_setup_py']
[0.193s] Level 1:colcon.colcon_core.package_identification:_identify(src/uros) by extension 'python_setup_py'
[0.193s] Level 1:colcon.colcon_core.package_identification:_identify(src/uros/micro-ROS-Agent) by extensions ['ignore', 'ignore_ament_install']
[0.193s] Level 1:colcon.colcon_core.package_identification:_identify(src/uros/micro-ROS-Agent) by extension 'ignore'
[0.193s] Level 1:colcon.colcon_core.package_identification:_identify(src/uros/micro-ROS-Agent) by extension 'ignore_ament_install'
[0.193s] Level 1:colcon.colcon_core.package_identification:_identify(src/uros/micro-ROS-Agent) by extensions ['colcon_pkg']
[0.193s] Level 1:colcon.colcon_core.package_identification:_identify(src/uros/micro-ROS-Agent) by extension 'colcon_pkg'
[0.193s] Level 1:colcon.colcon_core.package_identification:_identify(src/uros/micro-ROS-Agent) by extensions ['colcon_meta']
[0.193s] Level 1:colcon.colcon_core.package_identification:_identify(src/uros/micro-ROS-Agent) by extension 'colcon_meta'
[0.193s] Level 1:colcon.colcon_core.package_identification:_identify(src/uros/micro-ROS-Agent) by extensions ['ros']
[0.193s] Level 1:colcon.colcon_core.package_identification:_identify(src/uros/micro-ROS-Agent) by extension 'ros'
[0.193s] Level 1:colcon.colcon_core.package_identification:_identify(src/uros/micro-ROS-Agent) by extensions ['cmake', 'python']
[0.193s] Level 1:colcon.colcon_core.package_identification:_identify(src/uros/micro-ROS-Agent) by extension 'cmake'
[0.193s] Level 1:colcon.colcon_core.package_identification:_identify(src/uros/micro-ROS-Agent) by extension 'python'
[0.193s] Level 1:colcon.colcon_core.package_identification:_identify(src/uros/micro-ROS-Agent) by extensions ['python_setup_py']
[0.193s] Level 1:colcon.colcon_core.package_identification:_identify(src/uros/micro-ROS-Agent) by extension 'python_setup_py'
[0.193s] Level 1:colcon.colcon_core.package_identification:_identify(src/uros/micro-ROS-Agent/micro_ros_agent) by extensions ['ignore', 'ignore_ament_install']
[0.193s] Level 1:colcon.colcon_core.package_identification:_identify(src/uros/micro-ROS-Agent/micro_ros_agent) by extension 'ignore'
[0.193s] Level 1:colcon.colcon_core.package_identification:_identify(src/uros/micro-ROS-Agent/micro_ros_agent) by extension 'ignore_ament_install'
[0.193s] Level 1:colcon.colcon_core.package_identification:_identify(src/uros/micro-ROS-Agent/micro_ros_agent) by extensions ['colcon_pkg']
[0.193s] Level 1:colcon.colcon_core.package_identification:_identify(src/uros/micro-ROS-Agent/micro_ros_agent) by extension 'colcon_pkg'
[0.193s] Level 1:colcon.colcon_core.package_identification:_identify(src/uros/micro-ROS-Agent/micro_ros_agent) by extensions ['colcon_meta']
[0.193s] Level 1:colcon.colcon_core.package_identification:_identify(src/uros/micro-ROS-Agent/micro_ros_agent) by extension 'colcon_meta'
[0.193s] Level 1:colcon.colcon_core.package_identification:_identify(src/uros/micro-ROS-Agent/micro_ros_agent) by extensions ['ros']
[0.193s] Level 1:colcon.colcon_core.package_identification:_identify(src/uros/micro-ROS-Agent/micro_ros_agent) by extension 'ros'
[0.194s] DEBUG:colcon.colcon_core.package_identification:Package 'src/uros/micro-ROS-Agent/micro_ros_agent' with type 'ros.ament_cmake' and name 'micro_ros_agent'
[0.194s] Level 1:colcon.colcon_core.package_identification:_identify(src/uros/micro-ROS-Agent/snap) by extensions ['ignore', 'ignore_ament_install']
[0.194s] Level 1:colcon.colcon_core.package_identification:_identify(src/uros/micro-ROS-Agent/snap) by extension 'ignore'
[0.194s] Level 1:colcon.colcon_core.package_identification:_identify(src/uros/micro-ROS-Agent/snap) by extension 'ignore_ament_install'
[0.194s] Level 1:colcon.colcon_core.package_identification:_identify(src/uros/micro-ROS-Agent/snap) by extensions ['colcon_pkg']
[0.194s] Level 1:colcon.colcon_core.package_identification:_identify(src/uros/micro-ROS-Agent/snap) by extension 'colcon_pkg'
[0.194s] Level 1:colcon.colcon_core.package_identification:_identify(src/uros/micro-ROS-Agent/snap) by extensions ['colcon_meta']
[0.194s] Level 1:colcon.colcon_core.package_identification:_identify(src/uros/micro-ROS-Agent/snap) by extension 'colcon_meta'
[0.194s] Level 1:colcon.colcon_core.package_identification:_identify(src/uros/micro-ROS-Agent/snap) by extensions ['ros']
[0.194s] Level 1:colcon.colcon_core.package_identification:_identify(src/uros/micro-ROS-Agent/snap) by extension 'ros'
[0.194s] Level 1:colcon.colcon_core.package_identification:_identify(src/uros/micro-ROS-Agent/snap) by extensions ['cmake', 'python']
[0.194s] Level 1:colcon.colcon_core.package_identification:_identify(src/uros/micro-ROS-Agent/snap) by extension 'cmake'
[0.194s] Level 1:colcon.colcon_core.package_identification:_identify(src/uros/micro-ROS-Agent/snap) by extension 'python'
[0.194s] Level 1:colcon.colcon_core.package_identification:_identify(src/uros/micro-ROS-Agent/snap) by extensions ['python_setup_py']
[0.194s] Level 1:colcon.colcon_core.package_identification:_identify(src/uros/micro-ROS-Agent/snap) by extension 'python_setup_py'
[0.194s] Level 1:colcon.colcon_core.package_identification:_identify(src/uros/micro-ROS-Agent/snap/hooks) by extensions ['ignore', 'ignore_ament_install']
[0.194s] Level 1:colcon.colcon_core.package_identification:_identify(src/uros/micro-ROS-Agent/snap/hooks) by extension 'ignore'
[0.194s] Level 1:colcon.colcon_core.package_identification:_identify(src/uros/micro-ROS-Agent/snap/hooks) by extension 'ignore_ament_install'
[0.194s] Level 1:colcon.colcon_core.package_identification:_identify(src/uros/micro-ROS-Agent/snap/hooks) by extensions ['colcon_pkg']
[0.194s] Level 1:colcon.colcon_core.package_identification:_identify(src/uros/micro-ROS-Agent/snap/hooks) by extension 'colcon_pkg'
[0.194s] Level 1:colcon.colcon_core.package_identification:_identify(src/uros/micro-ROS-Agent/snap/hooks) by extensions ['colcon_meta']
[0.194s] Level 1:colcon.colcon_core.package_identification:_identify(src/uros/micro-ROS-Agent/snap/hooks) by extension 'colcon_meta'
[0.194s] Level 1:colcon.colcon_core.package_identification:_identify(src/uros/micro-ROS-Agent/snap/hooks) by extensions ['ros']
[0.194s] Level 1:colcon.colcon_core.package_identification:_identify(src/uros/micro-ROS-Agent/snap/hooks) by extension 'ros'
[0.195s] Level 1:colcon.colcon_core.package_identification:_identify(src/uros/micro-ROS-Agent/snap/hooks) by extensions ['cmake', 'python']
[0.195s] Level 1:colcon.colcon_core.package_identification:_identify(src/uros/micro-ROS-Agent/snap/hooks) by extension 'cmake'
[0.195s] Level 1:colcon.colcon_core.package_identification:_identify(src/uros/micro-ROS-Agent/snap/hooks) by extension 'python'
[0.195s] Level 1:colcon.colcon_core.package_identification:_identify(src/uros/micro-ROS-Agent/snap/hooks) by extensions ['python_setup_py']
[0.195s] Level 1:colcon.colcon_core.package_identification:_identify(src/uros/micro-ROS-Agent/snap/hooks) by extension 'python_setup_py'
[0.195s] Level 1:colcon.colcon_core.package_identification:_identify(src/uros/micro-ROS-Agent/snap/local) by extensions ['ignore', 'ignore_ament_install']
[0.195s] Level 1:colcon.colcon_core.package_identification:_identify(src/uros/micro-ROS-Agent/snap/local) by extension 'ignore'
[0.195s] Level 1:colcon.colcon_core.package_identification:_identify(src/uros/micro-ROS-Agent/snap/local) by extension 'ignore_ament_install'
[0.195s] Level 1:colcon.colcon_core.package_identification:_identify(src/uros/micro-ROS-Agent/snap/local) by extensions ['colcon_pkg']
[0.195s] Level 1:colcon.colcon_core.package_identification:_identify(src/uros/micro-ROS-Agent/snap/local) by extension 'colcon_pkg'
[0.195s] Level 1:colcon.colcon_core.package_identification:_identify(src/uros/micro-ROS-Agent/snap/local) by extensions ['colcon_meta']
[0.195s] Level 1:colcon.colcon_core.package_identification:_identify(src/uros/micro-ROS-Agent/snap/local) by extension 'colcon_meta'
[0.195s] Level 1:colcon.colcon_core.package_identification:_identify(src/uros/micro-ROS-Agent/snap/local) by extensions ['ros']
[0.195s] Level 1:colcon.colcon_core.package_identification:_identify(src/uros/micro-ROS-Agent/snap/local) by extension 'ros'
[0.195s] Level 1:colcon.colcon_core.package_identification:_identify(src/uros/micro-ROS-Agent/snap/local) by extensions ['cmake', 'python']
[0.195s] Level 1:colcon.colcon_core.package_identification:_identify(src/uros/micro-ROS-Agent/snap/local) by extension 'cmake'
[0.195s] Level 1:colcon.colcon_core.package_identification:_identify(src/uros/micro-ROS-Agent/snap/local) by extension 'python'
[0.195s] Level 1:colcon.colcon_core.package_identification:_identify(src/uros/micro-ROS-Agent/snap/local) by extensions ['python_setup_py']
[0.195s] Level 1:colcon.colcon_core.package_identification:_identify(src/uros/micro-ROS-Agent/snap/local) by extension 'python_setup_py'
[0.195s] Level 1:colcon.colcon_core.package_identification:_identify(src/uros/micro_ros_msgs) by extensions ['ignore', 'ignore_ament_install']
[0.195s] Level 1:colcon.colcon_core.package_identification:_identify(src/uros/micro_ros_msgs) by extension 'ignore'
[0.195s] Level 1:colcon.colcon_core.package_identification:_identify(src/uros/micro_ros_msgs) by extension 'ignore_ament_install'
[0.195s] Level 1:colcon.colcon_core.package_identification:_identify(src/uros/micro_ros_msgs) by extensions ['colcon_pkg']
[0.195s] Level 1:colcon.colcon_core.package_identification:_identify(src/uros/micro_ros_msgs) by extension 'colcon_pkg'
[0.195s] Level 1:colcon.colcon_core.package_identification:_identify(src/uros/micro_ros_msgs) by extensions ['colcon_meta']
[0.195s] Level 1:colcon.colcon_core.package_identification:_identify(src/uros/micro_ros_msgs) by extension 'colcon_meta'
[0.195s] Level 1:colcon.colcon_core.package_identification:_identify(src/uros/micro_ros_msgs) by extensions ['ros']
[0.195s] Level 1:colcon.colcon_core.package_identification:_identify(src/uros/micro_ros_msgs) by extension 'ros'
[0.195s] DEBUG:colcon.colcon_core.package_identification:Package 'src/uros/micro_ros_msgs' with type 'ros.ament_cmake' and name 'micro_ros_msgs'
[0.196s] Level 1:colcon.colcon_core.package_discovery:discover_packages(recursive) using defaults
[0.196s] Level 1:colcon.colcon_core.package_discovery:discover_packages(ignore) discover
[0.196s] Level 1:colcon.colcon_core.package_discovery:discover_packages(ignore) using defaults
[0.196s] Level 1:colcon.colcon_core.package_discovery:discover_packages(path) discover
[0.196s] Level 1:colcon.colcon_core.package_discovery:discover_packages(path) using defaults
[0.208s] Level 1:colcon.colcon_core.package_discovery:discover_packages(prefix_path) check parameters
[0.208s] Level 1:colcon.colcon_core.package_discovery:discover_packages(prefix_path) discover
[0.209s] WARNING:colcon.colcon_ros.prefix_path.ament:The path '/home/chayanin09/uros_ws/install/micro_ros_agent' in the environment variable AMENT_PREFIX_PATH doesn't exist
[0.209s] WARNING:colcon.colcon_ros.prefix_path.ament:The path '/home/chayanin09/uros_ws/install/micro_ros_msgs' in the environment variable AMENT_PREFIX_PATH doesn't exist
[0.209s] WARNING:colcon.colcon_ros.prefix_path.catkin:The path '/home/chayanin09/uros_ws/install/micro_ros_agent' in the environment variable CMAKE_PREFIX_PATH doesn't exist
[0.209s] WARNING:colcon.colcon_ros.prefix_path.catkin:The path '/home/chayanin09/uros_ws/install/micro_ros_msgs' in the environment variable CMAKE_PREFIX_PATH doesn't exist
[0.209s] DEBUG:colcon.colcon_installed_package_information.package_discovery:Found 2 installed packages in /home/chayanin09/uros_ws/install
[0.210s] DEBUG:colcon.colcon_installed_package_information.package_discovery:Found 432 installed packages in /opt/ros/humble
[0.212s] Level 1:colcon.colcon_core.package_discovery:discover_packages(prefix_path) using defaults
[0.240s] Level 5:colcon.colcon_core.verb:set package 'imu_calibration' build argument 'cmake_args' from command line to 'None'
[0.240s] Level 5:colcon.colcon_core.verb:set package 'imu_calibration' build argument 'cmake_target' from command line to 'None'
[0.240s] Level 5:colcon.colcon_core.verb:set package 'imu_calibration' build argument 'cmake_target_skip_unavailable' from command line to 'False'
[0.240s] Level 5:colcon.colcon_core.verb:set package 'imu_calibration' build argument 'cmake_clean_cache' from command line to 'False'
[0.240s] Level 5:colcon.colcon_core.verb:set package 'imu_calibration' build argument 'cmake_clean_first' from command line to 'False'
[0.240s] Level 5:colcon.colcon_core.verb:set package 'imu_calibration' build argument 'cmake_force_configure' from command line to 'False'
[0.240s] Level 5:colcon.colcon_core.verb:set package 'imu_calibration' build argument 'ament_cmake_args' from command line to 'None'
[0.240s] Level 5:colcon.colcon_core.verb:set package 'imu_calibration' build argument 'catkin_cmake_args' from command line to 'None'
[0.240s] Level 5:colcon.colcon_core.verb:set package 'imu_calibration' build argument 'catkin_skip_building_tests' from command line to 'False'
[0.240s] DEBUG:colcon.colcon_core.verb:Building package 'imu_calibration' with the following arguments: {'ament_cmake_args': None, 'build_base': '/home/chayanin09/uros_ws/build/imu_calibration', 'catkin_cmake_args': None, 'catkin_skip_building_tests': False, 'cmake_args': None, 'cmake_clean_cache': False, 'cmake_clean_first': False, 'cmake_force_configure': False, 'cmake_target': None, 'cmake_target_skip_unavailable': False, 'install_base': '/home/chayanin09/uros_ws/install/imu_calibration', 'merge_install': False, 'path': '/home/chayanin09/uros_ws/src/IMU_calibrator', 'symlink_install': False, 'test_result_base': None}
[0.240s] Level 5:colcon.colcon_core.verb:set package 'micro_ros_msgs' build argument 'cmake_args' from command line to 'None'
[0.240s] Level 5:colcon.colcon_core.verb:set package 'micro_ros_msgs' build argument 'cmake_target' from command line to 'None'
[0.240s] Level 5:colcon.colcon_core.verb:set package 'micro_ros_msgs' build argument 'cmake_target_skip_unavailable' from command line to 'False'
[0.240s] Level 5:colcon.colcon_core.verb:set package 'micro_ros_msgs' build argument 'cmake_clean_cache' from command line to 'False'
[0.240s] Level 5:colcon.colcon_core.verb:set package 'micro_ros_msgs' build argument 'cmake_clean_first' from command line to 'False'
[0.240s] Level 5:colcon.colcon_core.verb:set package 'micro_ros_msgs' build argument 'cmake_force_configure' from command line to 'False'
[0.240s] Level 5:colcon.colcon_core.verb:set package 'micro_ros_msgs' build argument 'ament_cmake_args' from command line to 'None'
[0.240s] Level 5:colcon.colcon_core.verb:set package 'micro_ros_msgs' build argument 'catkin_cmake_args' from command line to 'None'
[0.240s] Level 5:colcon.colcon_core.verb:set package 'micro_ros_msgs' build argument 'catkin_skip_building_tests' from command line to 'False'
[0.240s] DEBUG:colcon.colcon_core.verb:Building package 'micro_ros_msgs' with the following arguments: {'ament_cmake_args': None, 'build_base': '/home/chayanin09/uros_ws/build/micro_ros_msgs', 'catkin_cmake_args': None, 'catkin_skip_building_tests': False, 'cmake_args': None, 'cmake_clean_cache': False, 'cmake_clean_first': False, 'cmake_force_configure': False, 'cmake_target': None, 'cmake_target_skip_unavailable': False, 'install_base': '/home/chayanin09/uros_ws/install/micro_ros_msgs', 'merge_install': False, 'path': '/home/chayanin09/uros_ws/src/uros/micro_ros_msgs', 'symlink_install': False, 'test_result_base': None}
[0.240s] Level 5:colcon.colcon_core.verb:set package 'micro_ros_setup' build argument 'cmake_args' from command line to 'None'
[0.240s] Level 5:colcon.colcon_core.verb:set package 'micro_ros_setup' build argument 'cmake_target' from command line to 'None'
[0.240s] Level 5:colcon.colcon_core.verb:set package 'micro_ros_setup' build argument 'cmake_target_skip_unavailable' from command line to 'False'
[0.240s] Level 5:colcon.colcon_core.verb:set package 'micro_ros_setup' build argument 'cmake_clean_cache' from command line to 'False'
[0.240s] Level 5:colcon.colcon_core.verb:set package 'micro_ros_setup' build argument 'cmake_clean_first' from command line to 'False'
[0.240s] Level 5:colcon.colcon_core.verb:set package 'micro_ros_setup' build argument 'cmake_force_configure' from command line to 'False'
[0.240s] Level 5:colcon.colcon_core.verb:set package 'micro_ros_setup' build argument 'ament_cmake_args' from command line to 'None'
[0.240s] Level 5:colcon.colcon_core.verb:set package 'micro_ros_setup' build argument 'catkin_cmake_args' from command line to 'None'
[0.240s] Level 5:colcon.colcon_core.verb:set package 'micro_ros_setup' build argument 'catkin_skip_building_tests' from command line to 'False'
[0.240s] DEBUG:colcon.colcon_core.verb:Building package 'micro_ros_setup' with the following arguments: {'ament_cmake_args': None, 'build_base': '/home/chayanin09/uros_ws/build/micro_ros_setup', 'catkin_cmake_args': None, 'catkin_skip_building_tests': False, 'cmake_args': None, 'cmake_clean_cache': False, 'cmake_clean_first': False, 'cmake_force_configure': False, 'cmake_target': None, 'cmake_target_skip_unavailable': False, 'install_base': '/home/chayanin09/uros_ws/install/micro_ros_setup', 'merge_install': False, 'path': '/home/chayanin09/uros_ws/src/micro_ros_setup', 'symlink_install': False, 'test_result_base': None}
[0.241s] Level 5:colcon.colcon_core.verb:set package 'micro_ros_agent' build argument 'cmake_args' from command line to 'None'
[0.241s] Level 5:colcon.colcon_core.verb:set package 'micro_ros_agent' build argument 'cmake_target' from command line to 'None'
[0.241s] Level 5:colcon.colcon_core.verb:set package 'micro_ros_agent' build argument 'cmake_target_skip_unavailable' from command line to 'False'
[0.241s] Level 5:colcon.colcon_core.verb:set package 'micro_ros_agent' build argument 'cmake_clean_cache' from command line to 'False'
[0.241s] Level 5:colcon.colcon_core.verb:set package 'micro_ros_agent' build argument 'cmake_clean_first' from command line to 'False'
[0.241s] Level 5:colcon.colcon_core.verb:set package 'micro_ros_agent' build argument 'cmake_force_configure' from command line to 'False'
[0.241s] Level 5:colcon.colcon_core.verb:set package 'micro_ros_agent' build argument 'ament_cmake_args' from command line to 'None'
[0.241s] Level 5:colcon.colcon_core.verb:set package 'micro_ros_agent' build argument 'catkin_cmake_args' from command line to 'None'
[0.241s] Level 5:colcon.colcon_core.verb:set package 'micro_ros_agent' build argument 'catkin_skip_building_tests' from command line to 'False'
[0.241s] DEBUG:colcon.colcon_core.verb:Building package 'micro_ros_agent' with the following arguments: {'ament_cmake_args': None, 'build_base': '/home/chayanin09/uros_ws/build/micro_ros_agent', 'catkin_cmake_args': None, 'catkin_skip_building_tests': False, 'cmake_args': None, 'cmake_clean_cache': False, 'cmake_clean_first': False, 'cmake_force_configure': False, 'cmake_target': None, 'cmake_target_skip_unavailable': False, 'install_base': '/home/chayanin09/uros_ws/install/micro_ros_agent', 'merge_install': False, 'path': '/home/chayanin09/uros_ws/src/uros/micro-ROS-Agent/micro_ros_agent', 'symlink_install': False, 'test_result_base': None}
[0.241s] INFO:colcon.colcon_core.executor:Executing jobs using 'parallel' executor
[0.242s] DEBUG:colcon.colcon_parallel_executor.executor.parallel:run_until_complete
[0.242s] INFO:colcon.colcon_ros.task.ament_cmake.build:Building ROS package in '/home/chayanin09/uros_ws/src/uros/micro_ros_msgs' with build type 'ament_cmake'
[0.242s] INFO:colcon.colcon_cmake.task.cmake.build:Building CMake package in '/home/chayanin09/uros_ws/src/uros/micro_ros_msgs'
[0.243s] INFO:colcon.colcon_core.plugin_system:Skipping extension 'colcon_core.shell.bat': Not used on non-Windows systems
[0.243s] INFO:colcon.colcon_core.shell:Skip shell extension 'powershell' for command environment: Not usable outside of PowerShell
[0.243s] DEBUG:colcon.colcon_core.shell:Skip shell extension 'dsv' for command environment
[0.246s] INFO:colcon.colcon_ros.task.ament_cmake.build:Building ROS package in '/home/chayanin09/uros_ws/src/IMU_calibrator' with build type 'ament_cmake'
[0.246s] INFO:colcon.colcon_cmake.task.cmake.build:Building CMake package in '/home/chayanin09/uros_ws/src/IMU_calibrator'
[0.246s] INFO:colcon.colcon_core.shell:Skip shell extension 'powershell' for command environment: Not usable outside of PowerShell
[0.246s] DEBUG:colcon.colcon_core.shell:Skip shell extension 'dsv' for command environment
[0.248s] INFO:colcon.colcon_ros.task.ament_cmake.build:Building ROS package in '/home/chayanin09/uros_ws/src/micro_ros_setup' with build type 'ament_cmake'
[0.248s] INFO:colcon.colcon_cmake.task.cmake.build:Building CMake package in '/home/chayanin09/uros_ws/src/micro_ros_setup'
[0.248s] INFO:colcon.colcon_core.shell:Skip shell extension 'powershell' for command environment: Not usable outside of PowerShell
[0.248s] DEBUG:colcon.colcon_core.shell:Skip shell extension 'dsv' for command environment
[0.252s] DEBUG:colcon.colcon_core.event_handler.log_command:Invoking command in '/home/chayanin09/uros_ws/build/micro_ros_msgs': CMAKE_PREFIX_PATH=${CMAKE_PREFIX_PATH}:/opt/ros/humble /usr/bin/cmake --build /home/chayanin09/uros_ws/build/micro_ros_msgs -- -j20 -l20
[0.255s] DEBUG:colcon.colcon_core.event_handler.log_command:Invoking command in '/home/chayanin09/uros_ws/build/imu_calibration': CMAKE_PREFIX_PATH=${CMAKE_PREFIX_PATH}:/opt/ros/humble /usr/bin/cmake /home/chayanin09/uros_ws/src/IMU_calibrator -DCMAKE_INSTALL_PREFIX=/home/chayanin09/uros_ws/install/imu_calibration
[0.257s] DEBUG:colcon.colcon_core.event_handler.log_command:Invoking command in '/home/chayanin09/uros_ws/build/micro_ros_setup': CMAKE_PREFIX_PATH=${CMAKE_PREFIX_PATH}:/opt/ros/humble /usr/bin/cmake --build /home/chayanin09/uros_ws/build/micro_ros_setup -- -j20 -l20
[0.285s] DEBUG:colcon.colcon_core.event_handler.log_command:Invoked command in '/home/chayanin09/uros_ws/build/micro_ros_setup' returned '0': CMAKE_PREFIX_PATH=${CMAKE_PREFIX_PATH}:/opt/ros/humble /usr/bin/cmake --build /home/chayanin09/uros_ws/build/micro_ros_setup -- -j20 -l20
[0.313s] DEBUG:colcon.colcon_core.event_handler.log_command:Invoking command in '/home/chayanin09/uros_ws/build/micro_ros_setup': CMAKE_PREFIX_PATH=${CMAKE_PREFIX_PATH}:/opt/ros/humble /usr/bin/cmake --install /home/chayanin09/uros_ws/build/micro_ros_setup
[0.324s] Level 1:colcon.colcon_core.environment:create_environment_scripts_only(micro_ros_setup)
[0.328s] DEBUG:colcon.colcon_core.event_handler.log_command:Invoked command in '/home/chayanin09/uros_ws/build/micro_ros_setup' returned '0': CMAKE_PREFIX_PATH=${CMAKE_PREFIX_PATH}:/opt/ros/humble /usr/bin/cmake --install /home/chayanin09/uros_ws/build/micro_ros_setup
[0.329s] Level 1:colcon.colcon_core.environment:checking '/home/chayanin09/uros_ws/install/micro_ros_setup' for CMake module files
[0.330s] Level 1:colcon.colcon_core.environment:checking '/home/chayanin09/uros_ws/install/micro_ros_setup' for CMake config files
[0.330s] Level 1:colcon.colcon_core.shell:create_environment_hook('micro_ros_setup', 'cmake_prefix_path')
[0.330s] INFO:colcon.colcon_core.shell:Creating environment hook '/home/chayanin09/uros_ws/install/micro_ros_setup/share/micro_ros_setup/hook/cmake_prefix_path.ps1'
[0.331s] INFO:colcon.colcon_core.shell:Creating environment descriptor '/home/chayanin09/uros_ws/install/micro_ros_setup/share/micro_ros_setup/hook/cmake_prefix_path.dsv'
[0.331s] INFO:colcon.colcon_core.shell:Creating environment hook '/home/chayanin09/uros_ws/install/micro_ros_setup/share/micro_ros_setup/hook/cmake_prefix_path.sh'
[0.331s] Level 1:colcon.colcon_core.environment:checking '/home/chayanin09/uros_ws/install/micro_ros_setup/lib'
[0.331s] Level 1:colcon.colcon_core.environment:checking '/home/chayanin09/uros_ws/install/micro_ros_setup/bin'
[0.332s] Level 1:colcon.colcon_core.environment:checking '/home/chayanin09/uros_ws/install/micro_ros_setup/lib/pkgconfig/micro_ros_setup.pc'
[0.332s] Level 1:colcon.colcon_core.environment:checking '/home/chayanin09/uros_ws/install/micro_ros_setup/lib/python3.10/site-packages'
[0.332s] Level 1:colcon.colcon_core.environment:checking '/home/chayanin09/uros_ws/install/micro_ros_setup/bin'
[0.332s] INFO:colcon.colcon_core.shell:Creating package script '/home/chayanin09/uros_ws/install/micro_ros_setup/share/micro_ros_setup/package.ps1'
[0.332s] INFO:colcon.colcon_core.shell:Creating package descriptor '/home/chayanin09/uros_ws/install/micro_ros_setup/share/micro_ros_setup/package.dsv'
[0.333s] INFO:colcon.colcon_core.shell:Creating package script '/home/chayanin09/uros_ws/install/micro_ros_setup/share/micro_ros_setup/package.sh'
[0.333s] INFO:colcon.colcon_core.shell:Creating package script '/home/chayanin09/uros_ws/install/micro_ros_setup/share/micro_ros_setup/package.bash'
[0.333s] INFO:colcon.colcon_core.shell:Creating package script '/home/chayanin09/uros_ws/install/micro_ros_setup/share/micro_ros_setup/package.zsh'
[0.334s] Level 1:colcon.colcon_core.environment:create_file_with_runtime_dependencies(/home/chayanin09/uros_ws/install/micro_ros_setup/share/colcon-core/packages/micro_ros_setup)
[0.355s] Level 1:colcon.colcon_core.environment:create_environment_scripts_only(micro_ros_setup)
[0.355s] Level 1:colcon.colcon_core.environment:checking '/home/chayanin09/uros_ws/install/micro_ros_setup' for CMake module files
[0.355s] Level 1:colcon.colcon_core.environment:checking '/home/chayanin09/uros_ws/install/micro_ros_setup' for CMake config files
[0.356s] Level 1:colcon.colcon_core.shell:create_environment_hook('micro_ros_setup', 'cmake_prefix_path')
[0.356s] INFO:colcon.colcon_core.shell:Creating environment hook '/home/chayanin09/uros_ws/install/micro_ros_setup/share/micro_ros_setup/hook/cmake_prefix_path.ps1'
[0.356s] INFO:colcon.colcon_core.shell:Creating environment descriptor '/home/chayanin09/uros_ws/install/micro_ros_setup/share/micro_ros_setup/hook/cmake_prefix_path.dsv'
[0.356s] INFO:colcon.colcon_core.shell:Creating environment hook '/home/chayanin09/uros_ws/install/micro_ros_setup/share/micro_ros_setup/hook/cmake_prefix_path.sh'
[0.357s] Level 1:colcon.colcon_core.environment:checking '/home/chayanin09/uros_ws/install/micro_ros_setup/lib'
[0.357s] Level 1:colcon.colcon_core.environment:checking '/home/chayanin09/uros_ws/install/micro_ros_setup/bin'
[0.357s] Level 1:colcon.colcon_core.environment:checking '/home/chayanin09/uros_ws/install/micro_ros_setup/lib/pkgconfig/micro_ros_setup.pc'
[0.357s] Level 1:colcon.colcon_core.environment:checking '/home/chayanin09/uros_ws/install/micro_ros_setup/lib/python3.10/site-packages'
[0.357s] Level 1:colcon.colcon_core.environment:checking '/home/chayanin09/uros_ws/install/micro_ros_setup/bin'
[0.357s] INFO:colcon.colcon_core.shell:Creating package script '/home/chayanin09/uros_ws/install/micro_ros_setup/share/micro_ros_setup/package.ps1'
[0.357s] INFO:colcon.colcon_core.shell:Creating package descriptor '/home/chayanin09/uros_ws/install/micro_ros_setup/share/micro_ros_setup/package.dsv'
[0.358s] INFO:colcon.colcon_core.shell:Creating package script '/home/chayanin09/uros_ws/install/micro_ros_setup/share/micro_ros_setup/package.sh'
[0.358s] INFO:colcon.colcon_core.shell:Creating package script '/home/chayanin09/uros_ws/install/micro_ros_setup/share/micro_ros_setup/package.bash'
[0.358s] INFO:colcon.colcon_core.shell:Creating package script '/home/chayanin09/uros_ws/install/micro_ros_setup/share/micro_ros_setup/package.zsh'
[0.358s] Level 1:colcon.colcon_core.environment:create_file_with_runtime_dependencies(/home/chayanin09/uros_ws/install/micro_ros_setup/share/colcon-core/packages/micro_ros_setup)
[0.656s] DEBUG:colcon.colcon_core.event_handler.log_command:Invoked command in '/home/chayanin09/uros_ws/build/imu_calibration' returned '0': CMAKE_PREFIX_PATH=${CMAKE_PREFIX_PATH}:/opt/ros/humble /usr/bin/cmake /home/chayanin09/uros_ws/src/IMU_calibrator -DCMAKE_INSTALL_PREFIX=/home/chayanin09/uros_ws/install/imu_calibration
[0.657s] DEBUG:colcon.colcon_core.event_handler.log_command:Invoking command in '/home/chayanin09/uros_ws/build/imu_calibration': CMAKE_PREFIX_PATH=${CMAKE_PREFIX_PATH}:/opt/ros/humble /usr/bin/cmake --build /home/chayanin09/uros_ws/build/imu_calibration -- -j20 -l20
[1.099s] DEBUG:colcon.colcon_core.event_handler.log_command:Invoked command in '/home/chayanin09/uros_ws/build/imu_calibration' returned '0': CMAKE_PREFIX_PATH=${CMAKE_PREFIX_PATH}:/opt/ros/humble /usr/bin/cmake --build /home/chayanin09/uros_ws/build/imu_calibration -- -j20 -l20
[1.124s] DEBUG:colcon.colcon_core.event_handler.log_command:Invoking command in '/home/chayanin09/uros_ws/build/imu_calibration': CMAKE_PREFIX_PATH=${CMAKE_PREFIX_PATH}:/opt/ros/humble /usr/bin/cmake --install /home/chayanin09/uros_ws/build/imu_calibration
[1.182s] Level 1:colcon.colcon_core.environment:create_environment_scripts_only(imu_calibration)
[1.183s] Level 1:colcon.colcon_core.environment:checking '/home/chayanin09/uros_ws/install/imu_calibration' for CMake module files
[1.183s] DEBUG:colcon.colcon_core.event_handler.log_command:Invoked command in '/home/chayanin09/uros_ws/build/imu_calibration' returned '0': CMAKE_PREFIX_PATH=${CMAKE_PREFIX_PATH}:/opt/ros/humble /usr/bin/cmake --install /home/chayanin09/uros_ws/build/imu_calibration
[1.184s] Level 1:colcon.colcon_core.environment:checking '/home/chayanin09/uros_ws/install/imu_calibration' for CMake config files
[1.184s] Level 1:colcon.colcon_core.shell:create_environment_hook('imu_calibration', 'cmake_prefix_path')
[1.184s] INFO:colcon.colcon_core.shell:Creating environment hook '/home/chayanin09/uros_ws/install/imu_calibration/share/imu_calibration/hook/cmake_prefix_path.ps1'
[1.184s] INFO:colcon.colcon_core.shell:Creating environment descriptor '/home/chayanin09/uros_ws/install/imu_calibration/share/imu_calibration/hook/cmake_prefix_path.dsv'
[1.185s] INFO:colcon.colcon_core.shell:Creating environment hook '/home/chayanin09/uros_ws/install/imu_calibration/share/imu_calibration/hook/cmake_prefix_path.sh'
[1.185s] Level 1:colcon.colcon_core.environment:checking '/home/chayanin09/uros_ws/install/imu_calibration/lib'
[1.185s] Level 1:colcon.colcon_core.environment:checking '/home/chayanin09/uros_ws/install/imu_calibration/bin'
[1.185s] Level 1:colcon.colcon_core.environment:checking '/home/chayanin09/uros_ws/install/imu_calibration/lib/pkgconfig/imu_calibration.pc'
[1.185s] Level 1:colcon.colcon_core.environment:checking '/home/chayanin09/uros_ws/install/imu_calibration/lib/python3.10/site-packages'
[1.186s] Level 1:colcon.colcon_core.environment:checking '/home/chayanin09/uros_ws/install/imu_calibration/bin'
[1.186s] INFO:colcon.colcon_core.shell:Creating package script '/home/chayanin09/uros_ws/install/imu_calibration/share/imu_calibration/package.ps1'
[1.187s] INFO:colcon.colcon_core.shell:Creating package descriptor '/home/chayanin09/uros_ws/install/imu_calibration/share/imu_calibration/package.dsv'
[1.187s] INFO:colcon.colcon_core.shell:Creating package script '/home/chayanin09/uros_ws/install/imu_calibration/share/imu_calibration/package.sh'
[1.187s] INFO:colcon.colcon_core.shell:Creating package script '/home/chayanin09/uros_ws/install/imu_calibration/share/imu_calibration/package.bash'
[1.187s] INFO:colcon.colcon_core.shell:Creating package script '/home/chayanin09/uros_ws/install/imu_calibration/share/imu_calibration/package.zsh'
[1.187s] Level 1:colcon.colcon_core.environment:create_file_with_runtime_dependencies(/home/chayanin09/uros_ws/install/imu_calibration/share/colcon-core/packages/imu_calibration)
[1.214s] Level 1:colcon.colcon_core.environment:create_environment_scripts_only(imu_calibration)
[1.215s] Level 1:colcon.colcon_core.environment:checking '/home/chayanin09/uros_ws/install/imu_calibration' for CMake module files
[1.215s] Level 1:colcon.colcon_core.environment:checking '/home/chayanin09/uros_ws/install/imu_calibration' for CMake config files
[1.215s] Level 1:colcon.colcon_core.shell:create_environment_hook('imu_calibration', 'cmake_prefix_path')
[1.216s] INFO:colcon.colcon_core.shell:Creating environment hook '/home/chayanin09/uros_ws/install/imu_calibration/share/imu_calibration/hook/cmake_prefix_path.ps1'
[1.217s] INFO:colcon.colcon_core.shell:Creating environment descriptor '/home/chayanin09/uros_ws/install/imu_calibration/share/imu_calibration/hook/cmake_prefix_path.dsv'
[1.217s] INFO:colcon.colcon_core.shell:Creating environment hook '/home/chayanin09/uros_ws/install/imu_calibration/share/imu_calibration/hook/cmake_prefix_path.sh'
[1.218s] Level 1:colcon.colcon_core.environment:checking '/home/chayanin09/uros_ws/install/imu_calibration/lib'
[1.218s] Level 1:colcon.colcon_core.environment:checking '/home/chayanin09/uros_ws/install/imu_calibration/bin'
[1.218s] Level 1:colcon.colcon_core.environment:checking '/home/chayanin09/uros_ws/install/imu_calibration/lib/pkgconfig/imu_calibration.pc'
[1.219s] Level 1:colcon.colcon_core.environment:checking '/home/chayanin09/uros_ws/install/imu_calibration/lib/python3.10/site-packages'
[1.219s] Level 1:colcon.colcon_core.environment:checking '/home/chayanin09/uros_ws/install/imu_calibration/bin'
[1.219s] INFO:colcon.colcon_core.shell:Creating package script '/home/chayanin09/uros_ws/install/imu_calibration/share/imu_calibration/package.ps1'
[1.220s] INFO:colcon.colcon_core.shell:Creating package descriptor '/home/chayanin09/uros_ws/install/imu_calibration/share/imu_calibration/package.dsv'
[1.220s] INFO:colcon.colcon_core.shell:Creating package script '/home/chayanin09/uros_ws/install/imu_calibration/share/imu_calibration/package.sh'
[1.220s] INFO:colcon.colcon_core.shell:Creating package script '/home/chayanin09/uros_ws/install/imu_calibration/share/imu_calibration/package.bash'
[1.220s] INFO:colcon.colcon_core.shell:Creating package script '/home/chayanin09/uros_ws/install/imu_calibration/share/imu_calibration/package.zsh'
[1.221s] Level 1:colcon.colcon_core.environment:create_file_with_runtime_dependencies(/home/chayanin09/uros_ws/install/imu_calibration/share/colcon-core/packages/imu_calibration)
[1.982s] DEBUG:colcon.colcon_core.event_handler.log_command:Invoked command in '/home/chayanin09/uros_ws/build/micro_ros_msgs' returned '0': CMAKE_PREFIX_PATH=${CMAKE_PREFIX_PATH}:/opt/ros/humble /usr/bin/cmake --build /home/chayanin09/uros_ws/build/micro_ros_msgs -- -j20 -l20
[2.061s] DEBUG:colcon.colcon_core.event_handler.log_command:Invoking command in '/home/chayanin09/uros_ws/build/micro_ros_msgs': CMAKE_PREFIX_PATH=${CMAKE_PREFIX_PATH}:/opt/ros/humble /usr/bin/cmake --install /home/chayanin09/uros_ws/build/micro_ros_msgs
[2.102s] Level 1:colcon.colcon_core.environment:create_environment_scripts_only(micro_ros_msgs)
[2.102s] Level 1:colcon.colcon_core.environment:checking '/home/chayanin09/uros_ws/install/micro_ros_msgs' for CMake module files
[2.102s] DEBUG:colcon.colcon_core.event_handler.log_command:Invoked command in '/home/chayanin09/uros_ws/build/micro_ros_msgs' returned '0': CMAKE_PREFIX_PATH=${CMAKE_PREFIX_PATH}:/opt/ros/humble /usr/bin/cmake --install /home/chayanin09/uros_ws/build/micro_ros_msgs
[2.103s] Level 1:colcon.colcon_core.environment:checking '/home/chayanin09/uros_ws/install/micro_ros_msgs' for CMake config files
[2.103s] Level 1:colcon.colcon_core.shell:create_environment_hook('micro_ros_msgs', 'cmake_prefix_path')
[2.103s] INFO:colcon.colcon_core.shell:Creating environment hook '/home/chayanin09/uros_ws/install/micro_ros_msgs/share/micro_ros_msgs/hook/cmake_prefix_path.ps1'
[2.103s] INFO:colcon.colcon_core.shell:Creating environment descriptor '/home/chayanin09/uros_ws/install/micro_ros_msgs/share/micro_ros_msgs/hook/cmake_prefix_path.dsv'
[2.103s] INFO:colcon.colcon_core.shell:Creating environment hook '/home/chayanin09/uros_ws/install/micro_ros_msgs/share/micro_ros_msgs/hook/cmake_prefix_path.sh'
[2.104s] Level 1:colcon.colcon_core.environment:checking '/home/chayanin09/uros_ws/install/micro_ros_msgs/lib'
[2.104s] Level 1:colcon.colcon_core.shell:create_environment_hook('micro_ros_msgs', 'ld_library_path_lib')
[2.104s] INFO:colcon.colcon_core.shell:Creating environment hook '/home/chayanin09/uros_ws/install/micro_ros_msgs/share/micro_ros_msgs/hook/ld_library_path_lib.ps1'
[2.104s] INFO:colcon.colcon_core.shell:Creating environment descriptor '/home/chayanin09/uros_ws/install/micro_ros_msgs/share/micro_ros_msgs/hook/ld_library_path_lib.dsv'
[2.104s] INFO:colcon.colcon_core.shell:Creating environment hook '/home/chayanin09/uros_ws/install/micro_ros_msgs/share/micro_ros_msgs/hook/ld_library_path_lib.sh'
[2.104s] Level 1:colcon.colcon_core.environment:checking '/home/chayanin09/uros_ws/install/micro_ros_msgs/bin'
[2.104s] Level 1:colcon.colcon_core.environment:checking '/home/chayanin09/uros_ws/install/micro_ros_msgs/lib/pkgconfig/micro_ros_msgs.pc'
[2.105s] Level 1:colcon.colcon_core.environment:checking '/home/chayanin09/uros_ws/install/micro_ros_msgs/lib/python3.10/site-packages'
[2.105s] Level 1:colcon.colcon_core.environment:checking '/home/chayanin09/uros_ws/install/micro_ros_msgs/bin'
[2.105s] INFO:colcon.colcon_core.shell:Creating package script '/home/chayanin09/uros_ws/install/micro_ros_msgs/share/micro_ros_msgs/package.ps1'
[2.105s] INFO:colcon.colcon_core.shell:Creating package descriptor '/home/chayanin09/uros_ws/install/micro_ros_msgs/share/micro_ros_msgs/package.dsv'
[2.105s] INFO:colcon.colcon_core.shell:Creating package script '/home/chayanin09/uros_ws/install/micro_ros_msgs/share/micro_ros_msgs/package.sh'
[2.105s] INFO:colcon.colcon_core.shell:Creating package script '/home/chayanin09/uros_ws/install/micro_ros_msgs/share/micro_ros_msgs/package.bash'
[2.106s] INFO:colcon.colcon_core.shell:Creating package script '/home/chayanin09/uros_ws/install/micro_ros_msgs/share/micro_ros_msgs/package.zsh'
[2.106s] Level 1:colcon.colcon_core.environment:create_file_with_runtime_dependencies(/home/chayanin09/uros_ws/install/micro_ros_msgs/share/colcon-core/packages/micro_ros_msgs)
[2.184s] Level 1:colcon.colcon_core.environment:create_environment_scripts_only(micro_ros_msgs)
[2.184s] Level 1:colcon.colcon_core.environment:checking '/home/chayanin09/uros_ws/install/micro_ros_msgs' for CMake module files
[2.184s] Level 1:colcon.colcon_core.environment:checking '/home/chayanin09/uros_ws/install/micro_ros_msgs' for CMake config files
[2.184s] Level 1:colcon.colcon_core.shell:create_environment_hook('micro_ros_msgs', 'cmake_prefix_path')
[2.184s] INFO:colcon.colcon_core.shell:Creating environment hook '/home/chayanin09/uros_ws/install/micro_ros_msgs/share/micro_ros_msgs/hook/cmake_prefix_path.ps1'
[2.185s] INFO:colcon.colcon_core.shell:Creating environment descriptor '/home/chayanin09/uros_ws/install/micro_ros_msgs/share/micro_ros_msgs/hook/cmake_prefix_path.dsv'
[2.185s] INFO:colcon.colcon_core.shell:Creating environment hook '/home/chayanin09/uros_ws/install/micro_ros_msgs/share/micro_ros_msgs/hook/cmake_prefix_path.sh'
[2.185s] Level 1:colcon.colcon_core.environment:checking '/home/chayanin09/uros_ws/install/micro_ros_msgs/lib'
[2.185s] Level 1:colcon.colcon_core.shell:create_environment_hook('micro_ros_msgs', 'ld_library_path_lib')
[2.185s] INFO:colcon.colcon_core.shell:Creating environment hook '/home/chayanin09/uros_ws/install/micro_ros_msgs/share/micro_ros_msgs/hook/ld_library_path_lib.ps1'
[2.186s] INFO:colcon.colcon_core.shell:Creating environment descriptor '/home/chayanin09/uros_ws/install/micro_ros_msgs/share/micro_ros_msgs/hook/ld_library_path_lib.dsv'
[2.186s] INFO:colcon.colcon_core.shell:Creating environment hook '/home/chayanin09/uros_ws/install/micro_ros_msgs/share/micro_ros_msgs/hook/ld_library_path_lib.sh'
[2.186s] Level 1:colcon.colcon_core.environment:checking '/home/chayanin09/uros_ws/install/micro_ros_msgs/bin'
[2.186s] Level 1:colcon.colcon_core.environment:checking '/home/chayanin09/uros_ws/install/micro_ros_msgs/lib/pkgconfig/micro_ros_msgs.pc'
[2.186s] Level 1:colcon.colcon_core.environment:checking '/home/chayanin09/uros_ws/install/micro_ros_msgs/lib/python3.10/site-packages'
[2.186s] Level 1:colcon.colcon_core.environment:checking '/home/chayanin09/uros_ws/install/micro_ros_msgs/bin'
[2.186s] INFO:colcon.colcon_core.shell:Creating package script '/home/chayanin09/uros_ws/install/micro_ros_msgs/share/micro_ros_msgs/package.ps1'
[2.187s] INFO:colcon.colcon_core.shell:Creating package descriptor '/home/chayanin09/uros_ws/install/micro_ros_msgs/share/micro_ros_msgs/package.dsv'
[2.187s] INFO:colcon.colcon_core.shell:Creating package script '/home/chayanin09/uros_ws/install/micro_ros_msgs/share/micro_ros_msgs/package.sh'
[2.187s] INFO:colcon.colcon_core.shell:Creating package script '/home/chayanin09/uros_ws/install/micro_ros_msgs/share/micro_ros_msgs/package.bash'
[2.187s] INFO:colcon.colcon_core.shell:Creating package script '/home/chayanin09/uros_ws/install/micro_ros_msgs/share/micro_ros_msgs/package.zsh'
[2.187s] Level 1:colcon.colcon_core.environment:create_file_with_runtime_dependencies(/home/chayanin09/uros_ws/install/micro_ros_msgs/share/colcon-core/packages/micro_ros_msgs)
[2.188s] INFO:colcon.colcon_ros.task.ament_cmake.build:Building ROS package in '/home/chayanin09/uros_ws/src/uros/micro-ROS-Agent/micro_ros_agent' with build type 'ament_cmake'
[2.188s] INFO:colcon.colcon_cmake.task.cmake.build:Building CMake package in '/home/chayanin09/uros_ws/src/uros/micro-ROS-Agent/micro_ros_agent'
[2.188s] INFO:colcon.colcon_core.shell:Skip shell extension 'powershell' for command environment: Not usable outside of PowerShell
[2.188s] DEBUG:colcon.colcon_core.shell:Skip shell extension 'dsv' for command environment
[2.194s] DEBUG:colcon.colcon_core.event_handler.log_command:Invoking command in '/home/chayanin09/uros_ws/build/micro_ros_agent': CMAKE_PREFIX_PATH=/home/chayanin09/uros_ws/install/micro_ros_msgs:/home/chayanin09/uros_ws/install/micro_ros_setup:/home/chayanin09/uros_ws/install/micro_ros_agent:/opt/ros/humble LD_LIBRARY_PATH=/home/chayanin09/uros_ws/install/micro_ros_msgs/lib:/home/chayanin09/uros_ws/install/micro_ros_agent/lib:/usr/lib/x86_64-linux-gnu/gazebo-11/plugins:/opt/ros/humble/opt/rviz_ogre_vendor/lib:/opt/ros/humble/lib/x86_64-linux-gnu:/opt/ros/humble/lib:/usr/share/gazebo/../../lib/x86_64-linux-gnu/gazebo-11/plugins /usr/bin/cmake /home/chayanin09/uros_ws/src/uros/micro-ROS-Agent/micro_ros_agent -DCMAKE_INSTALL_PREFIX=/home/chayanin09/uros_ws/install/micro_ros_agent
[2.462s] DEBUG:colcon.colcon_core.event_handler.log_command:Invoked command in '/home/chayanin09/uros_ws/build/micro_ros_agent' returned '0': CMAKE_PREFIX_PATH=/home/chayanin09/uros_ws/install/micro_ros_msgs:/home/chayanin09/uros_ws/install/micro_ros_setup:/home/chayanin09/uros_ws/install/micro_ros_agent:/opt/ros/humble LD_LIBRARY_PATH=/home/chayanin09/uros_ws/install/micro_ros_msgs/lib:/home/chayanin09/uros_ws/install/micro_ros_agent/lib:/usr/lib/x86_64-linux-gnu/gazebo-11/plugins:/opt/ros/humble/opt/rviz_ogre_vendor/lib:/opt/ros/humble/lib/x86_64-linux-gnu:/opt/ros/humble/lib:/usr/share/gazebo/../../lib/x86_64-linux-gnu/gazebo-11/plugins /usr/bin/cmake /home/chayanin09/uros_ws/src/uros/micro-ROS-Agent/micro_ros_agent -DCMAKE_INSTALL_PREFIX=/home/chayanin09/uros_ws/install/micro_ros_agent
[2.463s] DEBUG:colcon.colcon_core.event_handler.log_command:Invoking command in '/home/chayanin09/uros_ws/build/micro_ros_agent': CMAKE_PREFIX_PATH=/home/chayanin09/uros_ws/install/micro_ros_msgs:/home/chayanin09/uros_ws/install/micro_ros_setup:/home/chayanin09/uros_ws/install/micro_ros_agent:/opt/ros/humble LD_LIBRARY_PATH=/home/chayanin09/uros_ws/install/micro_ros_msgs/lib:/home/chayanin09/uros_ws/install/micro_ros_agent/lib:/usr/lib/x86_64-linux-gnu/gazebo-11/plugins:/opt/ros/humble/opt/rviz_ogre_vendor/lib:/opt/ros/humble/lib/x86_64-linux-gnu:/opt/ros/humble/lib:/usr/share/gazebo/../../lib/x86_64-linux-gnu/gazebo-11/plugins /usr/bin/cmake --build /home/chayanin09/uros_ws/build/micro_ros_agent -- -j20 -l20
[25.258s] DEBUG:colcon.colcon_core.event_handler.log_command:Invoked command in '/home/chayanin09/uros_ws/build/micro_ros_agent' returned '0': CMAKE_PREFIX_PATH=/home/chayanin09/uros_ws/install/micro_ros_msgs:/home/chayanin09/uros_ws/install/micro_ros_setup:/home/chayanin09/uros_ws/install/micro_ros_agent:/opt/ros/humble LD_LIBRARY_PATH=/home/chayanin09/uros_ws/install/micro_ros_msgs/lib:/home/chayanin09/uros_ws/install/micro_ros_agent/lib:/usr/lib/x86_64-linux-gnu/gazebo-11/plugins:/opt/ros/humble/opt/rviz_ogre_vendor/lib:/opt/ros/humble/lib/x86_64-linux-gnu:/opt/ros/humble/lib:/usr/share/gazebo/../../lib/x86_64-linux-gnu/gazebo-11/plugins /usr/bin/cmake --build /home/chayanin09/uros_ws/build/micro_ros_agent -- -j20 -l20
[25.310s] DEBUG:colcon.colcon_core.event_handler.log_command:Invoking command in '/home/chayanin09/uros_ws/build/micro_ros_agent': CMAKE_PREFIX_PATH=/home/chayanin09/uros_ws/install/micro_ros_msgs:/home/chayanin09/uros_ws/install/micro_ros_setup:/home/chayanin09/uros_ws/install/micro_ros_agent:/opt/ros/humble LD_LIBRARY_PATH=/home/chayanin09/uros_ws/install/micro_ros_msgs/lib:/home/chayanin09/uros_ws/install/micro_ros_agent/lib:/usr/lib/x86_64-linux-gnu/gazebo-11/plugins:/opt/ros/humble/opt/rviz_ogre_vendor/lib:/opt/ros/humble/lib/x86_64-linux-gnu:/opt/ros/humble/lib:/usr/share/gazebo/../../lib/x86_64-linux-gnu/gazebo-11/plugins /usr/bin/cmake --install /home/chayanin09/uros_ws/build/micro_ros_agent
[25.321s] Level 1:colcon.colcon_core.environment:create_environment_scripts_only(micro_ros_agent)
[25.321s] Level 1:colcon.colcon_core.environment:checking '/home/chayanin09/uros_ws/install/micro_ros_agent' for CMake module files
[25.321s] DEBUG:colcon.colcon_core.event_handler.log_command:Invoked command in '/home/chayanin09/uros_ws/build/micro_ros_agent' returned '0': CMAKE_PREFIX_PATH=/home/chayanin09/uros_ws/install/micro_ros_msgs:/home/chayanin09/uros_ws/install/micro_ros_setup:/home/chayanin09/uros_ws/install/micro_ros_agent:/opt/ros/humble LD_LIBRARY_PATH=/home/chayanin09/uros_ws/install/micro_ros_msgs/lib:/home/chayanin09/uros_ws/install/micro_ros_agent/lib:/usr/lib/x86_64-linux-gnu/gazebo-11/plugins:/opt/ros/humble/opt/rviz_ogre_vendor/lib:/opt/ros/humble/lib/x86_64-linux-gnu:/opt/ros/humble/lib:/usr/share/gazebo/../../lib/x86_64-linux-gnu/gazebo-11/plugins /usr/bin/cmake --install /home/chayanin09/uros_ws/build/micro_ros_agent
[25.322s] Level 1:colcon.colcon_core.environment:checking '/home/chayanin09/uros_ws/install/micro_ros_agent' for CMake config files
[25.322s] Level 1:colcon.colcon_core.shell:create_environment_hook('micro_ros_agent', 'cmake_prefix_path')
[25.322s] INFO:colcon.colcon_core.shell:Creating environment hook '/home/chayanin09/uros_ws/install/micro_ros_agent/share/micro_ros_agent/hook/cmake_prefix_path.ps1'
[25.322s] INFO:colcon.colcon_core.shell:Creating environment descriptor '/home/chayanin09/uros_ws/install/micro_ros_agent/share/micro_ros_agent/hook/cmake_prefix_path.dsv'
[25.322s] INFO:colcon.colcon_core.shell:Creating environment hook '/home/chayanin09/uros_ws/install/micro_ros_agent/share/micro_ros_agent/hook/cmake_prefix_path.sh'
[25.323s] Level 1:colcon.colcon_core.environment:checking '/home/chayanin09/uros_ws/install/micro_ros_agent/lib'
[25.323s] Level 1:colcon.colcon_core.shell:create_environment_hook('micro_ros_agent', 'ld_library_path_lib')
[25.323s] INFO:colcon.colcon_core.shell:Creating environment hook '/home/chayanin09/uros_ws/install/micro_ros_agent/share/micro_ros_agent/hook/ld_library_path_lib.ps1'
[25.323s] INFO:colcon.colcon_core.shell:Creating environment descriptor '/home/chayanin09/uros_ws/install/micro_ros_agent/share/micro_ros_agent/hook/ld_library_path_lib.dsv'
[25.323s] INFO:colcon.colcon_core.shell:Creating environment hook '/home/chayanin09/uros_ws/install/micro_ros_agent/share/micro_ros_agent/hook/ld_library_path_lib.sh'
[25.324s] Level 1:colcon.colcon_core.environment:checking '/home/chayanin09/uros_ws/install/micro_ros_agent/bin'
[25.324s] Level 1:colcon.colcon_core.environment:checking '/home/chayanin09/uros_ws/install/micro_ros_agent/lib/pkgconfig/micro_ros_agent.pc'
[25.324s] Level 1:colcon.colcon_core.environment:checking '/home/chayanin09/uros_ws/install/micro_ros_agent/lib/python3.10/site-packages'
[25.324s] Level 1:colcon.colcon_core.environment:checking '/home/chayanin09/uros_ws/install/micro_ros_agent/bin'
[25.324s] INFO:colcon.colcon_core.shell:Creating package script '/home/chayanin09/uros_ws/install/micro_ros_agent/share/micro_ros_agent/package.ps1'
[25.325s] INFO:colcon.colcon_core.shell:Creating package descriptor '/home/chayanin09/uros_ws/install/micro_ros_agent/share/micro_ros_agent/package.dsv'
[25.325s] INFO:colcon.colcon_core.shell:Creating package script '/home/chayanin09/uros_ws/install/micro_ros_agent/share/micro_ros_agent/package.sh'
[25.325s] INFO:colcon.colcon_core.shell:Creating package script '/home/chayanin09/uros_ws/install/micro_ros_agent/share/micro_ros_agent/package.bash'
[25.326s] INFO:colcon.colcon_core.shell:Creating package script '/home/chayanin09/uros_ws/install/micro_ros_agent/share/micro_ros_agent/package.zsh'
[25.326s] Level 1:colcon.colcon_core.environment:create_file_with_runtime_dependencies(/home/chayanin09/uros_ws/install/micro_ros_agent/share/colcon-core/packages/micro_ros_agent)
[25.361s] Level 1:colcon.colcon_core.environment:create_environment_scripts_only(micro_ros_agent)
[25.361s] Level 1:colcon.colcon_core.environment:checking '/home/chayanin09/uros_ws/install/micro_ros_agent' for CMake module files
[25.361s] Level 1:colcon.colcon_core.environment:checking '/home/chayanin09/uros_ws/install/micro_ros_agent' for CMake config files
[25.361s] Level 1:colcon.colcon_core.shell:create_environment_hook('micro_ros_agent', 'cmake_prefix_path')
[25.362s] INFO:colcon.colcon_core.shell:Creating environment hook '/home/chayanin09/uros_ws/install/micro_ros_agent/share/micro_ros_agent/hook/cmake_prefix_path.ps1'
[25.362s] INFO:colcon.colcon_core.shell:Creating environment descriptor '/home/chayanin09/uros_ws/install/micro_ros_agent/share/micro_ros_agent/hook/cmake_prefix_path.dsv'
[25.362s] INFO:colcon.colcon_core.shell:Creating environment hook '/home/chayanin09/uros_ws/install/micro_ros_agent/share/micro_ros_agent/hook/cmake_prefix_path.sh'
[25.362s] Level 1:colcon.colcon_core.environment:checking '/home/chayanin09/uros_ws/install/micro_ros_agent/lib'
[25.362s] Level 1:colcon.colcon_core.shell:create_environment_hook('micro_ros_agent', 'ld_library_path_lib')
[25.362s] INFO:colcon.colcon_core.shell:Creating environment hook '/home/chayanin09/uros_ws/install/micro_ros_agent/share/micro_ros_agent/hook/ld_library_path_lib.ps1'
[25.363s] INFO:colcon.colcon_core.shell:Creating environment descriptor '/home/chayanin09/uros_ws/install/micro_ros_agent/share/micro_ros_agent/hook/ld_library_path_lib.dsv'
[25.363s] INFO:colcon.colcon_core.shell:Creating environment hook '/home/chayanin09/uros_ws/install/micro_ros_agent/share/micro_ros_agent/hook/ld_library_path_lib.sh'
[25.363s] Level 1:colcon.colcon_core.environment:checking '/home/chayanin09/uros_ws/install/micro_ros_agent/bin'
[25.363s] Level 1:colcon.colcon_core.environment:checking '/home/chayanin09/uros_ws/install/micro_ros_agent/lib/pkgconfig/micro_ros_agent.pc'
[25.363s] Level 1:colcon.colcon_core.environment:checking '/home/chayanin09/uros_ws/install/micro_ros_agent/lib/python3.10/site-packages'
[25.363s] Level 1:colcon.colcon_core.environment:checking '/home/chayanin09/uros_ws/install/micro_ros_agent/bin'
[25.363s] INFO:colcon.colcon_core.shell:Creating package script '/home/chayanin09/uros_ws/install/micro_ros_agent/share/micro_ros_agent/package.ps1'
[25.364s] INFO:colcon.colcon_core.shell:Creating package descriptor '/home/chayanin09/uros_ws/install/micro_ros_agent/share/micro_ros_agent/package.dsv'
[25.364s] INFO:colcon.colcon_core.shell:Creating package script '/home/chayanin09/uros_ws/install/micro_ros_agent/share/micro_ros_agent/package.sh'
[25.364s] INFO:colcon.colcon_core.shell:Creating package script '/home/chayanin09/uros_ws/install/micro_ros_agent/share/micro_ros_agent/package.bash'
[25.364s] INFO:colcon.colcon_core.shell:Creating package script '/home/chayanin09/uros_ws/install/micro_ros_agent/share/micro_ros_agent/package.zsh'
[25.364s] Level 1:colcon.colcon_core.environment:create_file_with_runtime_dependencies(/home/chayanin09/uros_ws/install/micro_ros_agent/share/colcon-core/packages/micro_ros_agent)
[25.365s] DEBUG:colcon.colcon_parallel_executor.executor.parallel:closing loop
[25.365s] DEBUG:colcon.colcon_parallel_executor.executor.parallel:loop closed
[25.365s] DEBUG:colcon.colcon_parallel_executor.executor.parallel:run_until_complete finished with '0'
[25.365s] DEBUG:colcon.colcon_core.event_reactor:joining thread
[25.369s] INFO:colcon.colcon_core.plugin_system:Skipping extension 'colcon_notification.desktop_notification.terminal_notifier': Not used on non-Darwin systems
[25.369s] INFO:colcon.colcon_core.plugin_system:Skipping extension 'colcon_notification.desktop_notification.win32': Not used on non-Windows systems
[25.369s] INFO:colcon.colcon_notification.desktop_notification:Sending desktop notification using 'notify2'
[25.381s] DEBUG:colcon.colcon_core.event_reactor:joined thread
[25.381s] INFO:colcon.colcon_core.shell:Creating prefix script '/home/chayanin09/uros_ws/install/local_setup.ps1'
[25.381s] INFO:colcon.colcon_core.shell:Creating prefix util module '/home/chayanin09/uros_ws/install/_local_setup_util_ps1.py'
[25.382s] INFO:colcon.colcon_core.shell:Creating prefix chain script '/home/chayanin09/uros_ws/install/setup.ps1'
[25.383s] INFO:colcon.colcon_core.shell:Creating prefix script '/home/chayanin09/uros_ws/install/local_setup.sh'
[25.383s] INFO:colcon.colcon_core.shell:Creating prefix util module '/home/chayanin09/uros_ws/install/_local_setup_util_sh.py'
[25.383s] INFO:colcon.colcon_core.shell:Creating prefix chain script '/home/chayanin09/uros_ws/install/setup.sh'
[25.384s] INFO:colcon.colcon_core.shell:Creating prefix script '/home/chayanin09/uros_ws/install/local_setup.bash'
[25.384s] INFO:colcon.colcon_core.shell:Creating prefix chain script '/home/chayanin09/uros_ws/install/setup.bash'
[25.385s] INFO:colcon.colcon_core.shell:Creating prefix script '/home/chayanin09/uros_ws/install/local_setup.zsh'
[25.385s] INFO:colcon.colcon_core.shell:Creating prefix chain script '/home/chayanin09/uros_ws/install/setup.zsh'
