[0.073s] DEBUG:colcon:Command line arguments: ['/usr/bin/colcon', 'build']
[0.073s] DEBUG:colcon:Parsed command line arguments: Namespace(log_base=None, log_level=None, verb_name='build', build_base='build', install_base='install', merge_install=False, symlink_install=False, test_result_base=None, continue_on_error=False, executor='parallel', parallel_workers=16, event_handlers=None, ignore_user_meta=False, metas=['./colcon.meta'], base_paths=['.'], packages_ignore=None, packages_ignore_regex=None, paths=None, packages_up_to=None, packages_up_to_regex=None, packages_above=None, packages_above_and_dependencies=None, packages_above_depth=None, packages_select_by_dep=None, packages_skip_by_dep=None, packages_skip_up_to=None, packages_select_build_failed=False, packages_skip_build_finished=False, packages_select_test_failures=False, packages_skip_test_passed=False, packages_select=None, packages_skip=None, packages_select_regex=None, packages_skip_regex=None, packages_start=None, packages_end=None, allow_overriding=[], cmake_args=None, cmake_target=None, cmake_target_skip_unavailable=False, cmake_clean_cache=False, cmake_clean_first=False, cmake_force_configure=False, ament_cmake_args=None, catkin_cmake_args=None, catkin_skip_building_tests=False, verb_parser=<colcon_defaults.argument_parser.defaults.DefaultArgumentsDecorator object at 0x7d1a11e5c430>, verb_extension=<colcon_core.verb.build.BuildVerb object at 0x7d1a11e27ee0>, main=<bound method BuildVerb.main of <colcon_core.verb.build.BuildVerb object at 0x7d1a11e27ee0>>)
[0.185s] Level 1:colcon.colcon_core.package_discovery:discover_packages(colcon_meta) check parameters
[0.185s] Level 1:colcon.colcon_core.package_discovery:discover_packages(recursive) check parameters
[0.185s] Level 1:colcon.colcon_core.package_discovery:discover_packages(ignore) check parameters
[0.185s] Level 1:colcon.colcon_core.package_discovery:discover_packages(path) check parameters
[0.185s] Level 1:colcon.colcon_core.package_discovery:discover_packages(colcon_meta) discover
[0.185s] Level 1:colcon.colcon_core.package_discovery:discover_packages(recursive) discover
[0.185s] INFO:colcon.colcon_core.package_discovery:Crawling recursively for packages in '/home/waritt/imu_force_ws'
[0.185s] Level 1:colcon.colcon_core.package_identification:_identify(.) by extensions ['ignore', 'ignore_ament_install']
[0.185s] Level 1:colcon.colcon_core.package_identification:_identify(.) by extension 'ignore'
[0.185s] Level 1:colcon.colcon_core.package_identification:_identify(.) by extension 'ignore_ament_install'
[0.185s] Level 1:colcon.colcon_core.package_identification:_identify(.) by extensions ['colcon_pkg']
[0.185s] Level 1:colcon.colcon_core.package_identification:_identify(.) by extension 'colcon_pkg'
[0.185s] Level 1:colcon.colcon_core.package_identification:_identify(.) by extensions ['colcon_meta']
[0.185s] Level 1:colcon.colcon_core.package_identification:_identify(.) by extension 'colcon_meta'
[0.185s] Level 1:colcon.colcon_core.package_identification:_identify(.) by extensions ['ros']
[0.185s] Level 1:colcon.colcon_core.package_identification:_identify(.) by extension 'ros'
[0.192s] Level 1:colcon.colcon_core.package_identification:_identify(.) by extensions ['cmake', 'python']
[0.193s] Level 1:colcon.colcon_core.package_identification:_identify(.) by extension 'cmake'
[0.193s] Level 1:colcon.colcon_core.package_identification:_identify(.) by extension 'python'
[0.193s] Level 1:colcon.colcon_core.package_identification:_identify(.) by extensions ['python_setup_py']
[0.193s] Level 1:colcon.colcon_core.package_identification:_identify(.) by extension 'python_setup_py'
[0.193s] Level 1:colcon.colcon_core.package_identification:_identify(build) by extensions ['ignore', 'ignore_ament_install']
[0.193s] Level 1:colcon.colcon_core.package_identification:_identify(build) by extension 'ignore'
[0.193s] Level 1:colcon.colcon_core.package_identification:_identify(build) ignored
[0.193s] Level 1:colcon.colcon_core.package_identification:_identify(firmware) by extensions ['ignore', 'ignore_ament_install']
[0.193s] Level 1:colcon.colcon_core.package_identification:_identify(firmware) by extension 'ignore'
[0.193s] Level 1:colcon.colcon_core.package_identification:_identify(firmware) ignored
[0.193s] Level 1:colcon.colcon_core.package_identification:_identify(install) by extensions ['ignore', 'ignore_ament_install']
[0.193s] Level 1:colcon.colcon_core.package_identification:_identify(install) by extension 'ignore'
[0.193s] Level 1:colcon.colcon_core.package_identification:_identify(install) ignored
[0.193s] Level 1:colcon.colcon_core.package_identification:_identify(log) by extensions ['ignore', 'ignore_ament_install']
[0.193s] Level 1:colcon.colcon_core.package_identification:_identify(log) by extension 'ignore'
[0.193s] Level 1:colcon.colcon_core.package_identification:_identify(log) ignored
[0.193s] Level 1:colcon.colcon_core.package_identification:_identify(src) by extensions ['ignore', 'ignore_ament_install']
[0.193s] Level 1:colcon.colcon_core.package_identification:_identify(src) by extension 'ignore'
[0.193s] Level 1:colcon.colcon_core.package_identification:_identify(src) by extension 'ignore_ament_install'
[0.193s] Level 1:colcon.colcon_core.package_identification:_identify(src) by extensions ['colcon_pkg']
[0.193s] Level 1:colcon.colcon_core.package_identification:_identify(src) by extension 'colcon_pkg'
[0.193s] Level 1:colcon.colcon_core.package_identification:_identify(src) by extensions ['colcon_meta']
[0.193s] Level 1:colcon.colcon_core.package_identification:_identify(src) by extension 'colcon_meta'
[0.193s] Level 1:colcon.colcon_core.package_identification:_identify(src) by extensions ['ros']
[0.193s] Level 1:colcon.colcon_core.package_identification:_identify(src) by extension 'ros'
[0.193s] Level 1:colcon.colcon_core.package_identification:_identify(src) by extensions ['cmake', 'python']
[0.194s] Level 1:colcon.colcon_core.package_identification:_identify(src) by extension 'cmake'
[0.194s] Level 1:colcon.colcon_core.package_identification:_identify(src) by extension 'python'
[0.194s] Level 1:colcon.colcon_core.package_identification:_identify(src) by extensions ['python_setup_py']
[0.194s] Level 1:colcon.colcon_core.package_identification:_identify(src) by extension 'python_setup_py'
[0.194s] Level 1:colcon.colcon_core.package_identification:_identify(src/imu_force_description) by extensions ['ignore', 'ignore_ament_install']
[0.194s] Level 1:colcon.colcon_core.package_identification:_identify(src/imu_force_description) by extension 'ignore'
[0.194s] Level 1:colcon.colcon_core.package_identification:_identify(src/imu_force_description) by extension 'ignore_ament_install'
[0.194s] Level 1:colcon.colcon_core.package_identification:_identify(src/imu_force_description) by extensions ['colcon_pkg']
[0.194s] Level 1:colcon.colcon_core.package_identification:_identify(src/imu_force_description) by extension 'colcon_pkg'
[0.194s] Level 1:colcon.colcon_core.package_identification:_identify(src/imu_force_description) by extensions ['colcon_meta']
[0.194s] Level 1:colcon.colcon_core.package_identification:_identify(src/imu_force_description) by extension 'colcon_meta'
[0.194s] Level 1:colcon.colcon_core.package_identification:_identify(src/imu_force_description) by extensions ['ros']
[0.194s] Level 1:colcon.colcon_core.package_identification:_identify(src/imu_force_description) by extension 'ros'
[0.196s] DEBUG:colcon.colcon_core.package_identification:Package 'src/imu_force_description' with type 'ros.ament_cmake' and name 'imu_force_description'
[0.196s] Level 1:colcon.colcon_core.package_identification:_identify(src/imu_force_gazebo) by extensions ['ignore', 'ignore_ament_install']
[0.196s] Level 1:colcon.colcon_core.package_identification:_identify(src/imu_force_gazebo) by extension 'ignore'
[0.196s] Level 1:colcon.colcon_core.package_identification:_identify(src/imu_force_gazebo) by extension 'ignore_ament_install'
[0.196s] Level 1:colcon.colcon_core.package_identification:_identify(src/imu_force_gazebo) by extensions ['colcon_pkg']
[0.196s] Level 1:colcon.colcon_core.package_identification:_identify(src/imu_force_gazebo) by extension 'colcon_pkg'
[0.196s] Level 1:colcon.colcon_core.package_identification:_identify(src/imu_force_gazebo) by extensions ['colcon_meta']
[0.196s] Level 1:colcon.colcon_core.package_identification:_identify(src/imu_force_gazebo) by extension 'colcon_meta'
[0.196s] Level 1:colcon.colcon_core.package_identification:_identify(src/imu_force_gazebo) by extensions ['ros']
[0.196s] Level 1:colcon.colcon_core.package_identification:_identify(src/imu_force_gazebo) by extension 'ros'
[0.196s] DEBUG:colcon.colcon_core.package_identification:Package 'src/imu_force_gazebo' with type 'ros.ament_cmake' and name 'imu_force_gazebo'
[0.196s] Level 1:colcon.colcon_core.package_discovery:discover_packages(recursive) using defaults
[0.196s] Level 1:colcon.colcon_core.package_discovery:discover_packages(ignore) discover
[0.196s] Level 1:colcon.colcon_core.package_discovery:discover_packages(ignore) using defaults
[0.196s] Level 1:colcon.colcon_core.package_discovery:discover_packages(path) discover
[0.196s] Level 1:colcon.colcon_core.package_discovery:discover_packages(path) using defaults
[0.217s] Level 1:colcon.colcon_core.package_discovery:discover_packages(prefix_path) check parameters
[0.217s] Level 1:colcon.colcon_core.package_discovery:discover_packages(prefix_path) discover
[0.218s] DEBUG:colcon.colcon_installed_package_information.package_discovery:Found 2 installed packages in /home/waritt/imu_force_ws/install
[0.219s] DEBUG:colcon.colcon_installed_package_information.package_discovery:Found 2 installed packages in /home/waritt/fun5mini_ws/install
[0.219s] DEBUG:colcon.colcon_installed_package_information.package_discovery:Found 6 installed packages in /home/waritt/urosrobotsim_ws/install
[0.219s] DEBUG:colcon.colcon_installed_package_information.package_discovery:Found 5 installed packages in /home/waritt/uros_ws/install
[0.220s] DEBUG:colcon.colcon_installed_package_information.package_discovery:Found 2 installed packages in /home/waritt/robotsim_ws/install
[0.220s] DEBUG:colcon.colcon_installed_package_information.package_discovery:Found 12 installed packages in /home/waritt/ros2_ws/install
[0.221s] DEBUG:colcon.colcon_installed_package_information.package_discovery:Found 421 installed packages in /opt/ros/humble
[0.222s] Level 1:colcon.colcon_core.package_discovery:discover_packages(prefix_path) using defaults
[0.254s] Level 5:colcon.colcon_core.verb:set package 'imu_force_description' build argument 'cmake_args' from command line to 'None'
[0.254s] Level 5:colcon.colcon_core.verb:set package 'imu_force_description' build argument 'cmake_target' from command line to 'None'
[0.254s] Level 5:colcon.colcon_core.verb:set package 'imu_force_description' build argument 'cmake_target_skip_unavailable' from command line to 'False'
[0.254s] Level 5:colcon.colcon_core.verb:set package 'imu_force_description' build argument 'cmake_clean_cache' from command line to 'False'
[0.254s] Level 5:colcon.colcon_core.verb:set package 'imu_force_description' build argument 'cmake_clean_first' from command line to 'False'
[0.254s] Level 5:colcon.colcon_core.verb:set package 'imu_force_description' build argument 'cmake_force_configure' from command line to 'False'
[0.254s] Level 5:colcon.colcon_core.verb:set package 'imu_force_description' build argument 'ament_cmake_args' from command line to 'None'
[0.254s] Level 5:colcon.colcon_core.verb:set package 'imu_force_description' build argument 'catkin_cmake_args' from command line to 'None'
[0.254s] Level 5:colcon.colcon_core.verb:set package 'imu_force_description' build argument 'catkin_skip_building_tests' from command line to 'False'
[0.254s] DEBUG:colcon.colcon_core.verb:Building package 'imu_force_description' with the following arguments: {'ament_cmake_args': None, 'build_base': '/home/waritt/imu_force_ws/build/imu_force_description', 'catkin_cmake_args': None, 'catkin_skip_building_tests': False, 'cmake_args': None, 'cmake_clean_cache': False, 'cmake_clean_first': False, 'cmake_force_configure': False, 'cmake_target': None, 'cmake_target_skip_unavailable': False, 'install_base': '/home/waritt/imu_force_ws/install/imu_force_description', 'merge_install': False, 'path': '/home/waritt/imu_force_ws/src/imu_force_description', 'symlink_install': False, 'test_result_base': None}
[0.254s] Level 5:colcon.colcon_core.verb:set package 'imu_force_gazebo' build argument 'cmake_args' from command line to 'None'
[0.254s] Level 5:colcon.colcon_core.verb:set package 'imu_force_gazebo' build argument 'cmake_target' from command line to 'None'
[0.254s] Level 5:colcon.colcon_core.verb:set package 'imu_force_gazebo' build argument 'cmake_target_skip_unavailable' from command line to 'False'
[0.254s] Level 5:colcon.colcon_core.verb:set package 'imu_force_gazebo' build argument 'cmake_clean_cache' from command line to 'False'
[0.254s] Level 5:colcon.colcon_core.verb:set package 'imu_force_gazebo' build argument 'cmake_clean_first' from command line to 'False'
[0.254s] Level 5:colcon.colcon_core.verb:set package 'imu_force_gazebo' build argument 'cmake_force_configure' from command line to 'False'
[0.254s] Level 5:colcon.colcon_core.verb:set package 'imu_force_gazebo' build argument 'ament_cmake_args' from command line to 'None'
[0.254s] Level 5:colcon.colcon_core.verb:set package 'imu_force_gazebo' build argument 'catkin_cmake_args' from command line to 'None'
[0.254s] Level 5:colcon.colcon_core.verb:set package 'imu_force_gazebo' build argument 'catkin_skip_building_tests' from command line to 'False'
[0.254s] DEBUG:colcon.colcon_core.verb:Building package 'imu_force_gazebo' with the following arguments: {'ament_cmake_args': None, 'build_base': '/home/waritt/imu_force_ws/build/imu_force_gazebo', 'catkin_cmake_args': None, 'catkin_skip_building_tests': False, 'cmake_args': None, 'cmake_clean_cache': False, 'cmake_clean_first': False, 'cmake_force_configure': False, 'cmake_target': None, 'cmake_target_skip_unavailable': False, 'install_base': '/home/waritt/imu_force_ws/install/imu_force_gazebo', 'merge_install': False, 'path': '/home/waritt/imu_force_ws/src/imu_force_gazebo', 'symlink_install': False, 'test_result_base': None}
[0.254s] INFO:colcon.colcon_core.executor:Executing jobs using 'parallel' executor
[0.255s] DEBUG:colcon.colcon_parallel_executor.executor.parallel:run_until_complete
[0.255s] INFO:colcon.colcon_ros.task.ament_cmake.build:Building ROS package in '/home/waritt/imu_force_ws/src/imu_force_description' with build type 'ament_cmake'
[0.256s] INFO:colcon.colcon_cmake.task.cmake.build:Building CMake package in '/home/waritt/imu_force_ws/src/imu_force_description'
[0.257s] INFO:colcon.colcon_core.plugin_system:Skipping extension 'colcon_core.shell.bat': Not used on non-Windows systems
[0.257s] INFO:colcon.colcon_core.shell:Skip shell extension 'powershell' for command environment: Not usable outside of PowerShell
[0.257s] DEBUG:colcon.colcon_core.shell:Skip shell extension 'dsv' for command environment
[0.261s] INFO:colcon.colcon_ros.task.ament_cmake.build:Building ROS package in '/home/waritt/imu_force_ws/src/imu_force_gazebo' with build type 'ament_cmake'
[0.261s] INFO:colcon.colcon_cmake.task.cmake.build:Building CMake package in '/home/waritt/imu_force_ws/src/imu_force_gazebo'
[0.261s] INFO:colcon.colcon_core.shell:Skip shell extension 'powershell' for command environment: Not usable outside of PowerShell
[0.261s] DEBUG:colcon.colcon_core.shell:Skip shell extension 'dsv' for command environment
[0.267s] DEBUG:colcon.colcon_core.event_handler.log_command:Invoking command in '/home/waritt/imu_force_ws/build/imu_force_description': CMAKE_PREFIX_PATH=${CMAKE_PREFIX_PATH}:/opt/ros/humble /usr/bin/cmake --build /home/waritt/imu_force_ws/build/imu_force_description -- -j16 -l16
[0.271s] DEBUG:colcon.colcon_core.event_handler.log_command:Invoking command in '/home/waritt/imu_force_ws/build/imu_force_gazebo': CMAKE_PREFIX_PATH=${CMAKE_PREFIX_PATH}:/opt/ros/humble /usr/bin/cmake --build /home/waritt/imu_force_ws/build/imu_force_gazebo -- -j16 -l16
[0.513s] DEBUG:colcon.colcon_core.event_handler.log_command:Invoked command in '/home/waritt/imu_force_ws/build/imu_force_description' returned '0': CMAKE_PREFIX_PATH=${CMAKE_PREFIX_PATH}:/opt/ros/humble /usr/bin/cmake --build /home/waritt/imu_force_ws/build/imu_force_description -- -j16 -l16
[0.514s] DEBUG:colcon.colcon_core.event_handler.log_command:Invoked command in '/home/waritt/imu_force_ws/build/imu_force_gazebo' returned '0': CMAKE_PREFIX_PATH=${CMAKE_PREFIX_PATH}:/opt/ros/humble /usr/bin/cmake --build /home/waritt/imu_force_ws/build/imu_force_gazebo -- -j16 -l16
[0.542s] DEBUG:colcon.colcon_core.event_handler.log_command:Invoking command in '/home/waritt/imu_force_ws/build/imu_force_description': CMAKE_PREFIX_PATH=${CMAKE_PREFIX_PATH}:/opt/ros/humble /usr/bin/cmake --install /home/waritt/imu_force_ws/build/imu_force_description
[0.544s] DEBUG:colcon.colcon_core.event_handler.log_command:Invoking command in '/home/waritt/imu_force_ws/build/imu_force_gazebo': CMAKE_PREFIX_PATH=${CMAKE_PREFIX_PATH}:/opt/ros/humble /usr/bin/cmake --install /home/waritt/imu_force_ws/build/imu_force_gazebo
[0.579s] Level 1:colcon.colcon_core.environment:create_environment_scripts_only(imu_force_description)
[0.580s] DEBUG:colcon.colcon_core.event_handler.log_command:Invoked command in '/home/waritt/imu_force_ws/build/imu_force_description' returned '0': CMAKE_PREFIX_PATH=${CMAKE_PREFIX_PATH}:/opt/ros/humble /usr/bin/cmake --install /home/waritt/imu_force_ws/build/imu_force_description
[0.581s] Level 1:colcon.colcon_core.environment:checking '/home/waritt/imu_force_ws/install/imu_force_description' for CMake module files
[0.582s] Level 1:colcon.colcon_core.environment:checking '/home/waritt/imu_force_ws/install/imu_force_description' for CMake config files
[0.582s] Level 1:colcon.colcon_core.shell:create_environment_hook('imu_force_description', 'cmake_prefix_path')
[0.582s] INFO:colcon.colcon_core.shell:Creating environment hook '/home/waritt/imu_force_ws/install/imu_force_description/share/imu_force_description/hook/cmake_prefix_path.ps1'
[0.582s] INFO:colcon.colcon_core.shell:Creating environment descriptor '/home/waritt/imu_force_ws/install/imu_force_description/share/imu_force_description/hook/cmake_prefix_path.dsv'
[0.582s] INFO:colcon.colcon_core.shell:Creating environment hook '/home/waritt/imu_force_ws/install/imu_force_description/share/imu_force_description/hook/cmake_prefix_path.sh'
[0.583s] Level 1:colcon.colcon_core.environment:checking '/home/waritt/imu_force_ws/install/imu_force_description/lib'
[0.583s] Level 1:colcon.colcon_core.environment:checking '/home/waritt/imu_force_ws/install/imu_force_description/bin'
[0.583s] Level 1:colcon.colcon_core.environment:checking '/home/waritt/imu_force_ws/install/imu_force_description/lib/pkgconfig/imu_force_description.pc'
[0.583s] Level 1:colcon.colcon_core.environment:checking '/home/waritt/imu_force_ws/install/imu_force_description/lib/python3.10/site-packages'
[0.583s] Level 1:colcon.colcon_core.environment:checking '/home/waritt/imu_force_ws/install/imu_force_description/bin'
[0.584s] INFO:colcon.colcon_core.shell:Creating package script '/home/waritt/imu_force_ws/install/imu_force_description/share/imu_force_description/package.ps1'
[0.584s] INFO:colcon.colcon_core.shell:Creating package descriptor '/home/waritt/imu_force_ws/install/imu_force_description/share/imu_force_description/package.dsv'
[0.584s] INFO:colcon.colcon_core.shell:Creating package script '/home/waritt/imu_force_ws/install/imu_force_description/share/imu_force_description/package.sh'
[0.585s] INFO:colcon.colcon_core.shell:Creating package script '/home/waritt/imu_force_ws/install/imu_force_description/share/imu_force_description/package.bash'
[0.585s] INFO:colcon.colcon_core.shell:Creating package script '/home/waritt/imu_force_ws/install/imu_force_description/share/imu_force_description/package.zsh'
[0.586s] Level 1:colcon.colcon_core.environment:create_file_with_runtime_dependencies(/home/waritt/imu_force_ws/install/imu_force_description/share/colcon-core/packages/imu_force_description)
[0.587s] Level 1:colcon.colcon_core.environment:create_environment_scripts_only(imu_force_gazebo)
[0.587s] Level 1:colcon.colcon_core.environment:checking '/home/waritt/imu_force_ws/install/imu_force_gazebo' for CMake module files
[0.587s] DEBUG:colcon.colcon_core.event_handler.log_command:Invoked command in '/home/waritt/imu_force_ws/build/imu_force_gazebo' returned '0': CMAKE_PREFIX_PATH=${CMAKE_PREFIX_PATH}:/opt/ros/humble /usr/bin/cmake --install /home/waritt/imu_force_ws/build/imu_force_gazebo
[0.587s] Level 1:colcon.colcon_core.environment:checking '/home/waritt/imu_force_ws/install/imu_force_gazebo' for CMake config files
[0.588s] Level 1:colcon.colcon_core.shell:create_environment_hook('imu_force_gazebo', 'cmake_prefix_path')
[0.588s] INFO:colcon.colcon_core.shell:Creating environment hook '/home/waritt/imu_force_ws/install/imu_force_gazebo/share/imu_force_gazebo/hook/cmake_prefix_path.ps1'
[0.588s] INFO:colcon.colcon_core.shell:Creating environment descriptor '/home/waritt/imu_force_ws/install/imu_force_gazebo/share/imu_force_gazebo/hook/cmake_prefix_path.dsv'
[0.588s] INFO:colcon.colcon_core.shell:Creating environment hook '/home/waritt/imu_force_ws/install/imu_force_gazebo/share/imu_force_gazebo/hook/cmake_prefix_path.sh'
[0.588s] Level 1:colcon.colcon_core.environment:checking '/home/waritt/imu_force_ws/install/imu_force_gazebo/lib'
[0.588s] Level 1:colcon.colcon_core.environment:checking '/home/waritt/imu_force_ws/install/imu_force_gazebo/bin'
[0.588s] Level 1:colcon.colcon_core.environment:checking '/home/waritt/imu_force_ws/install/imu_force_gazebo/lib/pkgconfig/imu_force_gazebo.pc'
[0.589s] Level 1:colcon.colcon_core.environment:checking '/home/waritt/imu_force_ws/install/imu_force_gazebo/lib/python3.10/site-packages'
[0.589s] Level 1:colcon.colcon_core.environment:checking '/home/waritt/imu_force_ws/install/imu_force_gazebo/bin'
[0.589s] INFO:colcon.colcon_core.shell:Creating package script '/home/waritt/imu_force_ws/install/imu_force_gazebo/share/imu_force_gazebo/package.ps1'
[0.589s] INFO:colcon.colcon_core.shell:Creating package descriptor '/home/waritt/imu_force_ws/install/imu_force_gazebo/share/imu_force_gazebo/package.dsv'
[0.589s] INFO:colcon.colcon_core.shell:Creating package script '/home/waritt/imu_force_ws/install/imu_force_gazebo/share/imu_force_gazebo/package.sh'
[0.590s] INFO:colcon.colcon_core.shell:Creating package script '/home/waritt/imu_force_ws/install/imu_force_gazebo/share/imu_force_gazebo/package.bash'
[0.590s] INFO:colcon.colcon_core.shell:Creating package script '/home/waritt/imu_force_ws/install/imu_force_gazebo/share/imu_force_gazebo/package.zsh'
[0.590s] Level 1:colcon.colcon_core.environment:create_file_with_runtime_dependencies(/home/waritt/imu_force_ws/install/imu_force_gazebo/share/colcon-core/packages/imu_force_gazebo)
[0.608s] Level 1:colcon.colcon_core.environment:create_environment_scripts_only(imu_force_description)
[0.608s] Level 1:colcon.colcon_core.environment:checking '/home/waritt/imu_force_ws/install/imu_force_description' for CMake module files
[0.609s] Level 1:colcon.colcon_core.environment:checking '/home/waritt/imu_force_ws/install/imu_force_description' for CMake config files
[0.609s] Level 1:colcon.colcon_core.shell:create_environment_hook('imu_force_description', 'cmake_prefix_path')
[0.609s] INFO:colcon.colcon_core.shell:Creating environment hook '/home/waritt/imu_force_ws/install/imu_force_description/share/imu_force_description/hook/cmake_prefix_path.ps1'
[0.609s] INFO:colcon.colcon_core.shell:Creating environment descriptor '/home/waritt/imu_force_ws/install/imu_force_description/share/imu_force_description/hook/cmake_prefix_path.dsv'
[0.610s] INFO:colcon.colcon_core.shell:Creating environment hook '/home/waritt/imu_force_ws/install/imu_force_description/share/imu_force_description/hook/cmake_prefix_path.sh'
[0.610s] Level 1:colcon.colcon_core.environment:checking '/home/waritt/imu_force_ws/install/imu_force_description/lib'
[0.610s] Level 1:colcon.colcon_core.environment:checking '/home/waritt/imu_force_ws/install/imu_force_description/bin'
[0.610s] Level 1:colcon.colcon_core.environment:checking '/home/waritt/imu_force_ws/install/imu_force_description/lib/pkgconfig/imu_force_description.pc'
[0.610s] Level 1:colcon.colcon_core.environment:checking '/home/waritt/imu_force_ws/install/imu_force_description/lib/python3.10/site-packages'
[0.611s] Level 1:colcon.colcon_core.environment:checking '/home/waritt/imu_force_ws/install/imu_force_description/bin'
[0.611s] INFO:colcon.colcon_core.shell:Creating package script '/home/waritt/imu_force_ws/install/imu_force_description/share/imu_force_description/package.ps1'
[0.611s] INFO:colcon.colcon_core.shell:Creating package descriptor '/home/waritt/imu_force_ws/install/imu_force_description/share/imu_force_description/package.dsv'
[0.611s] INFO:colcon.colcon_core.shell:Creating package script '/home/waritt/imu_force_ws/install/imu_force_description/share/imu_force_description/package.sh'
[0.612s] INFO:colcon.colcon_core.shell:Creating package script '/home/waritt/imu_force_ws/install/imu_force_description/share/imu_force_description/package.bash'
[0.612s] INFO:colcon.colcon_core.shell:Creating package script '/home/waritt/imu_force_ws/install/imu_force_description/share/imu_force_description/package.zsh'
[0.612s] Level 1:colcon.colcon_core.environment:create_file_with_runtime_dependencies(/home/waritt/imu_force_ws/install/imu_force_description/share/colcon-core/packages/imu_force_description)
[0.613s] Level 1:colcon.colcon_core.environment:create_environment_scripts_only(imu_force_gazebo)
[0.613s] Level 1:colcon.colcon_core.environment:checking '/home/waritt/imu_force_ws/install/imu_force_gazebo' for CMake module files
[0.614s] Level 1:colcon.colcon_core.environment:checking '/home/waritt/imu_force_ws/install/imu_force_gazebo' for CMake config files
[0.614s] Level 1:colcon.colcon_core.shell:create_environment_hook('imu_force_gazebo', 'cmake_prefix_path')
[0.614s] INFO:colcon.colcon_core.shell:Creating environment hook '/home/waritt/imu_force_ws/install/imu_force_gazebo/share/imu_force_gazebo/hook/cmake_prefix_path.ps1'
[0.614s] INFO:colcon.colcon_core.shell:Creating environment descriptor '/home/waritt/imu_force_ws/install/imu_force_gazebo/share/imu_force_gazebo/hook/cmake_prefix_path.dsv'
[0.614s] INFO:colcon.colcon_core.shell:Creating environment hook '/home/waritt/imu_force_ws/install/imu_force_gazebo/share/imu_force_gazebo/hook/cmake_prefix_path.sh'
[0.615s] Level 1:colcon.colcon_core.environment:checking '/home/waritt/imu_force_ws/install/imu_force_gazebo/lib'
[0.615s] Level 1:colcon.colcon_core.environment:checking '/home/waritt/imu_force_ws/install/imu_force_gazebo/bin'
[0.615s] Level 1:colcon.colcon_core.environment:checking '/home/waritt/imu_force_ws/install/imu_force_gazebo/lib/pkgconfig/imu_force_gazebo.pc'
[0.615s] Level 1:colcon.colcon_core.environment:checking '/home/waritt/imu_force_ws/install/imu_force_gazebo/lib/python3.10/site-packages'
[0.615s] Level 1:colcon.colcon_core.environment:checking '/home/waritt/imu_force_ws/install/imu_force_gazebo/bin'
[0.616s] INFO:colcon.colcon_core.shell:Creating package script '/home/waritt/imu_force_ws/install/imu_force_gazebo/share/imu_force_gazebo/package.ps1'
[0.616s] INFO:colcon.colcon_core.shell:Creating package descriptor '/home/waritt/imu_force_ws/install/imu_force_gazebo/share/imu_force_gazebo/package.dsv'
[0.616s] INFO:colcon.colcon_core.shell:Creating package script '/home/waritt/imu_force_ws/install/imu_force_gazebo/share/imu_force_gazebo/package.sh'
[0.616s] INFO:colcon.colcon_core.shell:Creating package script '/home/waritt/imu_force_ws/install/imu_force_gazebo/share/imu_force_gazebo/package.bash'
[0.617s] INFO:colcon.colcon_core.shell:Creating package script '/home/waritt/imu_force_ws/install/imu_force_gazebo/share/imu_force_gazebo/package.zsh'
[0.617s] Level 1:colcon.colcon_core.environment:create_file_with_runtime_dependencies(/home/waritt/imu_force_ws/install/imu_force_gazebo/share/colcon-core/packages/imu_force_gazebo)
[0.617s] DEBUG:colcon.colcon_parallel_executor.executor.parallel:closing loop
[0.617s] DEBUG:colcon.colcon_parallel_executor.executor.parallel:loop closed
[0.618s] DEBUG:colcon.colcon_parallel_executor.executor.parallel:run_until_complete finished with '0'
[0.618s] DEBUG:colcon.colcon_core.event_reactor:joining thread
[0.621s] INFO:colcon.colcon_core.plugin_system:Skipping extension 'colcon_notification.desktop_notification.terminal_notifier': Not used on non-Darwin systems
[0.621s] INFO:colcon.colcon_core.plugin_system:Skipping extension 'colcon_notification.desktop_notification.win32': Not used on non-Windows systems
[0.621s] INFO:colcon.colcon_notification.desktop_notification:Sending desktop notification using 'notify2'
[0.628s] DEBUG:colcon.colcon_core.event_reactor:joined thread
[0.628s] INFO:colcon.colcon_core.shell:Creating prefix script '/home/waritt/imu_force_ws/install/local_setup.ps1'
[0.629s] INFO:colcon.colcon_core.shell:Creating prefix util module '/home/waritt/imu_force_ws/install/_local_setup_util_ps1.py'
[0.630s] INFO:colcon.colcon_core.shell:Creating prefix chain script '/home/waritt/imu_force_ws/install/setup.ps1'
[0.631s] INFO:colcon.colcon_core.shell:Creating prefix script '/home/waritt/imu_force_ws/install/local_setup.sh'
[0.631s] INFO:colcon.colcon_core.shell:Creating prefix util module '/home/waritt/imu_force_ws/install/_local_setup_util_sh.py'
[0.632s] INFO:colcon.colcon_core.shell:Creating prefix chain script '/home/waritt/imu_force_ws/install/setup.sh'
[0.633s] INFO:colcon.colcon_core.shell:Creating prefix script '/home/waritt/imu_force_ws/install/local_setup.bash'
[0.633s] INFO:colcon.colcon_core.shell:Creating prefix chain script '/home/waritt/imu_force_ws/install/setup.bash'
[0.634s] INFO:colcon.colcon_core.shell:Creating prefix script '/home/waritt/imu_force_ws/install/local_setup.zsh'
[0.635s] INFO:colcon.colcon_core.shell:Creating prefix chain script '/home/waritt/imu_force_ws/install/setup.zsh'
