[100%] Built target cpp_node_test
[100%] Built target ament_cmake_python_copy_imu_force_description
running egg_info
writing imu_force_description.egg-info/PKG-INFO
writing dependency_links to imu_force_description.egg-info/dependency_links.txt
writing top-level names to imu_force_description.egg-info/top_level.txt
reading manifest file 'imu_force_description.egg-info/SOURCES.txt'
writing manifest file 'imu_force_description.egg-info/SOURCES.txt'
[100%] Built target ament_cmake_python_build_imu_force_description_egg
-- Install configuration: ""
-- Up-to-date: /home/waritt/imu_force_ws/install/imu_force_description/share/imu_force_description/environment/pythonpath.sh
-- Up-to-date: /home/waritt/imu_force_ws/install/imu_force_description/share/imu_force_description/environment/pythonpath.dsv
-- Up-to-date: /home/waritt/imu_force_ws/install/imu_force_description/local/lib/python3.10/dist-packages/imu_force_description-0.0.0-py3.10.egg-info
-- Installing: /home/waritt/imu_force_ws/install/imu_force_description/local/lib/python3.10/dist-packages/imu_force_description-0.0.0-py3.10.egg-info/SOURCES.txt
-- Installing: /home/waritt/imu_force_ws/install/imu_force_description/local/lib/python3.10/dist-packages/imu_force_description-0.0.0-py3.10.egg-info/top_level.txt
-- Installing: /home/waritt/imu_force_ws/install/imu_force_description/local/lib/python3.10/dist-packages/imu_force_description-0.0.0-py3.10.egg-info/PKG-INFO
-- Installing: /home/waritt/imu_force_ws/install/imu_force_description/local/lib/python3.10/dist-packages/imu_force_description-0.0.0-py3.10.egg-info/dependency_links.txt
-- Up-to-date: /home/waritt/imu_force_ws/install/imu_force_description/local/lib/python3.10/dist-packages/imu_force_description
-- Up-to-date: /home/waritt/imu_force_ws/install/imu_force_description/local/lib/python3.10/dist-packages/imu_force_description/__init__.py
-- Up-to-date: /home/waritt/imu_force_ws/install/imu_force_description/local/lib/python3.10/dist-packages/imu_force_description/dummy_module.py
Listing '/home/waritt/imu_force_ws/install/imu_force_description/local/lib/python3.10/dist-packages/imu_force_description'...
-- Up-to-date: /home/waritt/imu_force_ws/install/imu_force_description/lib/imu_force_description/dummy_script.py
-- Up-to-date: /home/waritt/imu_force_ws/install/imu_force_description/lib/imu_force_description/cpp_node_test
-- Up-to-date: /home/waritt/imu_force_ws/install/imu_force_description/share/imu_force_description/config
-- Up-to-date: /home/waritt/imu_force_ws/install/imu_force_description/share/imu_force_description/launch
-- Up-to-date: /home/waritt/imu_force_ws/install/imu_force_description/share/imu_force_description/launch/cylinder_description.launch.py
-- Up-to-date: /home/waritt/imu_force_ws/install/imu_force_description/share/imu_force_description/launch/cylinder_display.launch.py
-- Up-to-date: /home/waritt/imu_force_ws/install/imu_force_description/share/imu_force_description/model
-- Up-to-date: /home/waritt/imu_force_ws/install/imu_force_description/share/imu_force_description/model/inertial.xacro
-- Installing: /home/waritt/imu_force_ws/install/imu_force_description/share/imu_force_description/model/gazebo.xacro
-- Installing: /home/waritt/imu_force_ws/install/imu_force_description/share/imu_force_description/model/my-cylinder.xacro
-- Up-to-date: /home/waritt/imu_force_ws/install/imu_force_description/share/ament_index/resource_index/package_run_dependencies/imu_force_description
-- Up-to-date: /home/waritt/imu_force_ws/install/imu_force_description/share/ament_index/resource_index/parent_prefix_path/imu_force_description
-- Up-to-date: /home/waritt/imu_force_ws/install/imu_force_description/share/imu_force_description/environment/ament_prefix_path.sh
-- Up-to-date: /home/waritt/imu_force_ws/install/imu_force_description/share/imu_force_description/environment/ament_prefix_path.dsv
-- Up-to-date: /home/waritt/imu_force_ws/install/imu_force_description/share/imu_force_description/environment/path.sh
-- Up-to-date: /home/waritt/imu_force_ws/install/imu_force_description/share/imu_force_description/environment/path.dsv
-- Up-to-date: /home/waritt/imu_force_ws/install/imu_force_description/share/imu_force_description/local_setup.bash
-- Up-to-date: /home/waritt/imu_force_ws/install/imu_force_description/share/imu_force_description/local_setup.sh
-- Up-to-date: /home/waritt/imu_force_ws/install/imu_force_description/share/imu_force_description/local_setup.zsh
-- Up-to-date: /home/waritt/imu_force_ws/install/imu_force_description/share/imu_force_description/local_setup.dsv
-- Installing: /home/waritt/imu_force_ws/install/imu_force_description/share/imu_force_description/package.dsv
-- Up-to-date: /home/waritt/imu_force_ws/install/imu_force_description/share/ament_index/resource_index/packages/imu_force_description
-- Up-to-date: /home/waritt/imu_force_ws/install/imu_force_description/share/imu_force_description/cmake/imu_force_descriptionConfig.cmake
-- Up-to-date: /home/waritt/imu_force_ws/install/imu_force_description/share/imu_force_description/cmake/imu_force_descriptionConfig-version.cmake
-- Up-to-date: /home/waritt/imu_force_ws/install/imu_force_description/share/imu_force_description/package.xml
