[100%] Built target cpp_node_test
[100%] Built target ament_cmake_python_copy_imu_force_gazebo
running egg_info
writing imu_force_gazebo.egg-info/PKG-INFO
writing dependency_links to imu_force_gazebo.egg-info/dependency_links.txt
writing top-level names to imu_force_gazebo.egg-info/top_level.txt
reading manifest file 'imu_force_gazebo.egg-info/SOURCES.txt'
writing manifest file 'imu_force_gazebo.egg-info/SOURCES.txt'
[100%] Built target ament_cmake_python_build_imu_force_gazebo_egg
-- Install configuration: ""
-- Up-to-date: /home/waritt/imu_force_ws/install/imu_force_gazebo/share/imu_force_gazebo/environment/pythonpath.sh
-- Up-to-date: /home/waritt/imu_force_ws/install/imu_force_gazebo/share/imu_force_gazebo/environment/pythonpath.dsv
-- Up-to-date: /home/waritt/imu_force_ws/install/imu_force_gazebo/local/lib/python3.10/dist-packages/imu_force_gazebo-0.0.0-py3.10.egg-info
-- Installing: /home/waritt/imu_force_ws/install/imu_force_gazebo/local/lib/python3.10/dist-packages/imu_force_gazebo-0.0.0-py3.10.egg-info/SOURCES.txt
-- Installing: /home/waritt/imu_force_ws/install/imu_force_gazebo/local/lib/python3.10/dist-packages/imu_force_gazebo-0.0.0-py3.10.egg-info/top_level.txt
-- Installing: /home/waritt/imu_force_ws/install/imu_force_gazebo/local/lib/python3.10/dist-packages/imu_force_gazebo-0.0.0-py3.10.egg-info/PKG-INFO
-- Installing: /home/waritt/imu_force_ws/install/imu_force_gazebo/local/lib/python3.10/dist-packages/imu_force_gazebo-0.0.0-py3.10.egg-info/dependency_links.txt
-- Up-to-date: /home/waritt/imu_force_ws/install/imu_force_gazebo/local/lib/python3.10/dist-packages/imu_force_gazebo
-- Up-to-date: /home/waritt/imu_force_ws/install/imu_force_gazebo/local/lib/python3.10/dist-packages/imu_force_gazebo/__init__.py
-- Up-to-date: /home/waritt/imu_force_ws/install/imu_force_gazebo/local/lib/python3.10/dist-packages/imu_force_gazebo/dummy_module.py
Listing '/home/waritt/imu_force_ws/install/imu_force_gazebo/local/lib/python3.10/dist-packages/imu_force_gazebo'...
-- Up-to-date: /home/waritt/imu_force_ws/install/imu_force_gazebo/lib/imu_force_gazebo/force_controller.py
-- Up-to-date: /home/waritt/imu_force_ws/install/imu_force_gazebo/lib/imu_force_gazebo/dummy_imu_acceleration.py
-- Up-to-date: /home/waritt/imu_force_ws/install/imu_force_gazebo/lib/imu_force_gazebo/cpp_node_test
-- Up-to-date: /home/waritt/imu_force_ws/install/imu_force_gazebo/share/imu_force_gazebo/config
-- Installing: /home/waritt/imu_force_ws/install/imu_force_gazebo/share/imu_force_gazebo/config/display.rviz
-- Up-to-date: /home/waritt/imu_force_ws/install/imu_force_gazebo/share/imu_force_gazebo/launch
-- Installing: /home/waritt/imu_force_ws/install/imu_force_gazebo/share/imu_force_gazebo/launch/sim.launch.py
-- Up-to-date: /home/waritt/imu_force_ws/install/imu_force_gazebo/share/ament_index/resource_index/package_run_dependencies/imu_force_gazebo
-- Up-to-date: /home/waritt/imu_force_ws/install/imu_force_gazebo/share/ament_index/resource_index/parent_prefix_path/imu_force_gazebo
-- Up-to-date: /home/waritt/imu_force_ws/install/imu_force_gazebo/share/imu_force_gazebo/environment/ament_prefix_path.sh
-- Up-to-date: /home/waritt/imu_force_ws/install/imu_force_gazebo/share/imu_force_gazebo/environment/ament_prefix_path.dsv
-- Up-to-date: /home/waritt/imu_force_ws/install/imu_force_gazebo/share/imu_force_gazebo/environment/path.sh
-- Up-to-date: /home/waritt/imu_force_ws/install/imu_force_gazebo/share/imu_force_gazebo/environment/path.dsv
-- Up-to-date: /home/waritt/imu_force_ws/install/imu_force_gazebo/share/imu_force_gazebo/local_setup.bash
-- Up-to-date: /home/waritt/imu_force_ws/install/imu_force_gazebo/share/imu_force_gazebo/local_setup.sh
-- Up-to-date: /home/waritt/imu_force_ws/install/imu_force_gazebo/share/imu_force_gazebo/local_setup.zsh
-- Up-to-date: /home/waritt/imu_force_ws/install/imu_force_gazebo/share/imu_force_gazebo/local_setup.dsv
-- Installing: /home/waritt/imu_force_ws/install/imu_force_gazebo/share/imu_force_gazebo/package.dsv
-- Up-to-date: /home/waritt/imu_force_ws/install/imu_force_gazebo/share/ament_index/resource_index/packages/imu_force_gazebo
-- Up-to-date: /home/waritt/imu_force_ws/install/imu_force_gazebo/share/imu_force_gazebo/cmake/imu_force_gazeboConfig.cmake
-- Up-to-date: /home/waritt/imu_force_ws/install/imu_force_gazebo/share/imu_force_gazebo/cmake/imu_force_gazeboConfig-version.cmake
-- Up-to-date: /home/waritt/imu_force_ws/install/imu_force_gazebo/share/imu_force_gazebo/package.xml
