-- Found ament_cmake: 1.3.10 (/opt/ros/humble/share/ament_cmake/cmake)
-- Found rclcpp: 16.0.10 (/opt/ros/humble/share/rclcpp/cmake)
-- Found rosidl_generator_c: 3.1.5 (/opt/ros/humble/share/rosidl_generator_c/cmake)
-- Found rosidl_adapter: 3.1.5 (/opt/ros/humble/share/rosidl_adapter/cmake)
-- Found rosidl_generator_cpp: 3.1.5 (/opt/ros/humble/share/rosidl_generator_cpp/cmake)
-- Using all available rosidl_typesupport_c: rosidl_typesupport_fastrtps_c;rosidl_typesupport_introspection_c
-- Using all available rosidl_typesupport_cpp: rosidl_typesupport_fastrtps_cpp;rosidl_typesupport_introspection_cpp
-- Found rmw_implementation_cmake: 6.1.2 (/opt/ros/humble/share/rmw_implementation_cmake/cmake)
-- Found rmw_fastrtps_cpp: 6.2.7 (/opt/ros/humble/share/rmw_fastrtps_cpp/cmake)
-- Using RMW implementation 'rmw_fastrtps_cpp' as default
-- Found rclpy: 3.3.14 (/opt/ros/humble/share/rclpy/cmake)
-- Configuring done
-- Generating done
-- Build files have been written to: /home/chayanin09/uros_ws/build/imu_calibration
Built target ament_cmake_python_copy_imu_calibration
running egg_info
creating imu_calibration.egg-info
writing imu_calibration.egg-info/PKG-INFO
writing dependency_links to imu_calibration.egg-info/dependency_links.txt
writing top-level names to imu_calibration.egg-info/top_level.txt
writing manifest file 'imu_calibration.egg-info/SOURCES.txt'
reading manifest file 'imu_calibration.egg-info/SOURCES.txt'
writing manifest file 'imu_calibration.egg-info/SOURCES.txt'
Built target ament_cmake_python_build_imu_calibration_egg
-- Install configuration: ""
-- Installing: /home/chayanin09/uros_ws/install/imu_calibration/share/imu_calibration/environment/pythonpath.sh
-- Installing: /home/chayanin09/uros_ws/install/imu_calibration/share/imu_calibration/environment/pythonpath.dsv
-- Installing: /home/chayanin09/uros_ws/install/imu_calibration/local/lib/python3.10/dist-packages/imu_calibration-0.0.0-py3.10.egg-info
-- Installing: /home/chayanin09/uros_ws/install/imu_calibration/local/lib/python3.10/dist-packages/imu_calibration-0.0.0-py3.10.egg-info/dependency_links.txt
-- Installing: /home/chayanin09/uros_ws/install/imu_calibration/local/lib/python3.10/dist-packages/imu_calibration-0.0.0-py3.10.egg-info/PKG-INFO
-- Installing: /home/chayanin09/uros_ws/install/imu_calibration/local/lib/python3.10/dist-packages/imu_calibration-0.0.0-py3.10.egg-info/top_level.txt
-- Installing: /home/chayanin09/uros_ws/install/imu_calibration/local/lib/python3.10/dist-packages/imu_calibration-0.0.0-py3.10.egg-info/SOURCES.txt
-- Installing: /home/chayanin09/uros_ws/install/imu_calibration/local/lib/python3.10/dist-packages/imu_calibration
-- Installing: /home/chayanin09/uros_ws/install/imu_calibration/local/lib/python3.10/dist-packages/imu_calibration/__init__.py
Listing '/home/chayanin09/uros_ws/install/imu_calibration/local/lib/python3.10/dist-packages/imu_calibration'...
Compiling '/home/chayanin09/uros_ws/install/imu_calibration/local/lib/python3.10/dist-packages/imu_calibration/__init__.py'...
-- Installing: /home/chayanin09/uros_ws/install/imu_calibration/lib/imu_calibration/imu_calibration.py
-- Up-to-date: /home/chayanin09/uros_ws/install/imu_calibration/share/imu_calibration
-- Installing: /home/chayanin09/uros_ws/install/imu_calibration/share/ament_index/resource_index/package_run_dependencies/imu_calibration
-- Installing: /home/chayanin09/uros_ws/install/imu_calibration/share/ament_index/resource_index/parent_prefix_path/imu_calibration
-- Installing: /home/chayanin09/uros_ws/install/imu_calibration/share/imu_calibration/environment/ament_prefix_path.sh
-- Installing: /home/chayanin09/uros_ws/install/imu_calibration/share/imu_calibration/environment/ament_prefix_path.dsv
-- Installing: /home/chayanin09/uros_ws/install/imu_calibration/share/imu_calibration/environment/path.sh
-- Installing: /home/chayanin09/uros_ws/install/imu_calibration/share/imu_calibration/environment/path.dsv
-- Installing: /home/chayanin09/uros_ws/install/imu_calibration/share/imu_calibration/local_setup.bash
-- Installing: /home/chayanin09/uros_ws/install/imu_calibration/share/imu_calibration/local_setup.sh
-- Installing: /home/chayanin09/uros_ws/install/imu_calibration/share/imu_calibration/local_setup.zsh
-- Installing: /home/chayanin09/uros_ws/install/imu_calibration/share/imu_calibration/local_setup.dsv
-- Installing: /home/chayanin09/uros_ws/install/imu_calibration/share/imu_calibration/package.dsv
-- Installing: /home/chayanin09/uros_ws/install/imu_calibration/share/ament_index/resource_index/packages/imu_calibration
-- Installing: /home/chayanin09/uros_ws/install/imu_calibration/share/imu_calibration/cmake/imu_calibrationConfig.cmake
-- Installing: /home/chayanin09/uros_ws/install/imu_calibration/share/imu_calibration/cmake/imu_calibrationConfig-version.cmake
-- Installing: /home/chayanin09/uros_ws/install/imu_calibration/share/imu_calibration/package.xml
