[0.008s] Invoking command in '/home/chayanin09/uros_ws/build/imu_calibration': CMAKE_PREFIX_PATH=${CMAKE_PREFIX_PATH}:/opt/ros/humble /usr/bin/cmake /home/chayanin09/uros_ws/src/IMU_calibrator -DCMAKE_INSTALL_PREFIX=/home/chayanin09/uros_ws/install/imu_calibration
[0.017s] -- Found ament_cmake: 1.3.10 (/opt/ros/humble/share/ament_cmake/cmake)
[0.104s] -- Found rclcpp: 16.0.10 (/opt/ros/humble/share/rclcpp/cmake)
[0.128s] -- Found rosidl_generator_c: 3.1.5 (/opt/ros/humble/share/rosidl_generator_c/cmake)
[0.130s] -- Found rosidl_adapter: 3.1.5 (/opt/ros/humble/share/rosidl_adapter/cmake)
[0.134s] -- Found rosidl_generator_cpp: 3.1.5 (/opt/ros/humble/share/rosidl_generator_cpp/cmake)
[0.141s] -- Using all available rosidl_typesupport_c: rosidl_typesupport_fastrtps_c;rosidl_typesupport_introspection_c
[0.149s] -- Using all available rosidl_typesupport_cpp: rosidl_typesupport_fastrtps_cpp;rosidl_typesupport_introspection_cpp
[0.170s] -- Found rmw_implementation_cmake: 6.1.2 (/opt/ros/humble/share/rmw_implementation_cmake/cmake)
[0.171s] -- Found rmw_fastrtps_cpp: 6.2.7 (/opt/ros/humble/share/rmw_fastrtps_cpp/cmake)
[0.255s] -- Using RMW implementation 'rmw_fastrtps_cpp' as default
[0.292s] -- Found rclpy: 3.3.14 (/opt/ros/humble/share/rclpy/cmake)
[0.397s] -- Configuring done
[0.400s] -- Generating done
[0.401s] -- Build files have been written to: /home/chayanin09/uros_ws/build/imu_calibration
[0.410s] Invoked command in '/home/chayanin09/uros_ws/build/imu_calibration' returned '0': CMAKE_PREFIX_PATH=${CMAKE_PREFIX_PATH}:/opt/ros/humble /usr/bin/cmake /home/chayanin09/uros_ws/src/IMU_calibrator -DCMAKE_INSTALL_PREFIX=/home/chayanin09/uros_ws/install/imu_calibration
[0.411s] Invoking command in '/home/chayanin09/uros_ws/build/imu_calibration': CMAKE_PREFIX_PATH=${CMAKE_PREFIX_PATH}:/opt/ros/humble /usr/bin/cmake --build /home/chayanin09/uros_ws/build/imu_calibration -- -j20 -l20
[0.472s] Built target ament_cmake_python_copy_imu_calibration
[0.771s] running egg_info
[0.772s] creating imu_calibration.egg-info
[0.772s] writing imu_calibration.egg-info/PKG-INFO
[0.772s] writing dependency_links to imu_calibration.egg-info/dependency_links.txt
[0.772s] writing top-level names to imu_calibration.egg-info/top_level.txt
[0.773s] writing manifest file 'imu_calibration.egg-info/SOURCES.txt'
[0.776s] reading manifest file 'imu_calibration.egg-info/SOURCES.txt'
[0.777s] writing manifest file 'imu_calibration.egg-info/SOURCES.txt'
[0.838s] Built target ament_cmake_python_build_imu_calibration_egg
[0.853s] Invoked command in '/home/chayanin09/uros_ws/build/imu_calibration' returned '0': CMAKE_PREFIX_PATH=${CMAKE_PREFIX_PATH}:/opt/ros/humble /usr/bin/cmake --build /home/chayanin09/uros_ws/build/imu_calibration -- -j20 -l20
[0.878s] Invoking command in '/home/chayanin09/uros_ws/build/imu_calibration': CMAKE_PREFIX_PATH=${CMAKE_PREFIX_PATH}:/opt/ros/humble /usr/bin/cmake --install /home/chayanin09/uros_ws/build/imu_calibration
[0.887s] -- Install configuration: ""
[0.888s] -- Installing: /home/chayanin09/uros_ws/install/imu_calibration/share/imu_calibration/environment/pythonpath.sh
[0.888s] -- Installing: /home/chayanin09/uros_ws/install/imu_calibration/share/imu_calibration/environment/pythonpath.dsv
[0.888s] -- Installing: /home/chayanin09/uros_ws/install/imu_calibration/local/lib/python3.10/dist-packages/imu_calibration-0.0.0-py3.10.egg-info
[0.888s] -- Installing: /home/chayanin09/uros_ws/install/imu_calibration/local/lib/python3.10/dist-packages/imu_calibration-0.0.0-py3.10.egg-info/dependency_links.txt
[0.888s] -- Installing: /home/chayanin09/uros_ws/install/imu_calibration/local/lib/python3.10/dist-packages/imu_calibration-0.0.0-py3.10.egg-info/PKG-INFO
[0.888s] -- Installing: /home/chayanin09/uros_ws/install/imu_calibration/local/lib/python3.10/dist-packages/imu_calibration-0.0.0-py3.10.egg-info/top_level.txt
[0.888s] -- Installing: /home/chayanin09/uros_ws/install/imu_calibration/local/lib/python3.10/dist-packages/imu_calibration-0.0.0-py3.10.egg-info/SOURCES.txt
[0.888s] -- Installing: /home/chayanin09/uros_ws/install/imu_calibration/local/lib/python3.10/dist-packages/imu_calibration
[0.888s] -- Installing: /home/chayanin09/uros_ws/install/imu_calibration/local/lib/python3.10/dist-packages/imu_calibration/__init__.py
[0.928s] Listing '/home/chayanin09/uros_ws/install/imu_calibration/local/lib/python3.10/dist-packages/imu_calibration'...
[0.928s] Compiling '/home/chayanin09/uros_ws/install/imu_calibration/local/lib/python3.10/dist-packages/imu_calibration/__init__.py'...
[0.934s] -- Installing: /home/chayanin09/uros_ws/install/imu_calibration/lib/imu_calibration/imu_calibration.py
[0.934s] -- Up-to-date: /home/chayanin09/uros_ws/install/imu_calibration/share/imu_calibration
[0.934s] -- Installing: /home/chayanin09/uros_ws/install/imu_calibration/share/ament_index/resource_index/package_run_dependencies/imu_calibration
[0.934s] -- Installing: /home/chayanin09/uros_ws/install/imu_calibration/share/ament_index/resource_index/parent_prefix_path/imu_calibration
[0.934s] -- Installing: /home/chayanin09/uros_ws/install/imu_calibration/share/imu_calibration/environment/ament_prefix_path.sh
[0.934s] -- Installing: /home/chayanin09/uros_ws/install/imu_calibration/share/imu_calibration/environment/ament_prefix_path.dsv
[0.935s] -- Installing: /home/chayanin09/uros_ws/install/imu_calibration/share/imu_calibration/environment/path.sh
[0.935s] -- Installing: /home/chayanin09/uros_ws/install/imu_calibration/share/imu_calibration/environment/path.dsv
[0.935s] -- Installing: /home/chayanin09/uros_ws/install/imu_calibration/share/imu_calibration/local_setup.bash
[0.935s] -- Installing: /home/chayanin09/uros_ws/install/imu_calibration/share/imu_calibration/local_setup.sh
[0.935s] -- Installing: /home/chayanin09/uros_ws/install/imu_calibration/share/imu_calibration/local_setup.zsh
[0.935s] -- Installing: /home/chayanin09/uros_ws/install/imu_calibration/share/imu_calibration/local_setup.dsv
[0.935s] -- Installing: /home/chayanin09/uros_ws/install/imu_calibration/share/imu_calibration/package.dsv
[0.935s] -- Installing: /home/chayanin09/uros_ws/install/imu_calibration/share/ament_index/resource_index/packages/imu_calibration
[0.935s] -- Installing: /home/chayanin09/uros_ws/install/imu_calibration/share/imu_calibration/cmake/imu_calibrationConfig.cmake
[0.935s] -- Installing: /home/chayanin09/uros_ws/install/imu_calibration/share/imu_calibration/cmake/imu_calibrationConfig-version.cmake
[0.935s] -- Installing: /home/chayanin09/uros_ws/install/imu_calibration/share/imu_calibration/package.xml
[0.937s] Invoked command in '/home/chayanin09/uros_ws/build/imu_calibration' returned '0': CMAKE_PREFIX_PATH=${CMAKE_PREFIX_PATH}:/opt/ros/humble /usr/bin/cmake --install /home/chayanin09/uros_ws/build/imu_calibration
