[0.009s] Invoking command in '/home/waritt/imu_force_ws/build/imu_force_gazebo': CMAKE_PREFIX_PATH=${CMAKE_PREFIX_PATH}:/opt/ros/humble /usr/bin/cmake --build /home/waritt/imu_force_ws/build/imu_force_gazebo -- -j16 -l16
[0.024s] -- Found ament_cmake: 1.3.10 (/opt/ros/humble/share/ament_cmake/cmake)
[0.117s] -- Found rclcpp: 16.0.10 (/opt/ros/humble/share/rclcpp/cmake)
[0.134s] -- Found rosidl_generator_c: 3.1.5 (/opt/ros/humble/share/rosidl_generator_c/cmake)
[0.135s] -- Found rosidl_adapter: 3.1.5 (/opt/ros/humble/share/rosidl_adapter/cmake)
[0.139s] -- Found rosidl_generator_cpp: 3.1.5 (/opt/ros/humble/share/rosidl_generator_cpp/cmake)
[0.145s] -- Using all available rosidl_typesupport_c: rosidl_typesupport_fastrtps_c;rosidl_typesupport_introspection_c
[0.152s] -- Using all available rosidl_typesupport_cpp: rosidl_typesupport_fastrtps_cpp;rosidl_typesupport_introspection_cpp
[0.172s] -- Found rmw_implementation_cmake: 6.1.2 (/opt/ros/humble/share/rmw_implementation_cmake/cmake)
[0.173s] -- Found rmw_fastrtps_cpp: 6.2.7 (/opt/ros/humble/share/rmw_fastrtps_cpp/cmake)
[0.244s] -- Using RMW implementation 'rmw_fastrtps_cpp' as default
[0.274s] -- Found rclpy: 3.3.14 (/opt/ros/humble/share/rclpy/cmake)
[0.367s] -- Configuring done
[0.372s] -- Generating done
[0.373s] -- Build files have been written to: /home/waritt/imu_force_ws/build/imu_force_gazebo
[0.391s] [35m[1mConsolidate compiler generated dependencies of target cpp_node_test[0m
[0.399s] [100%] Built target cpp_node_test
[0.402s] [100%] Built target ament_cmake_python_copy_imu_force_gazebo
[0.570s] running egg_info
[0.570s] writing imu_force_gazebo.egg-info/PKG-INFO
[0.570s] writing dependency_links to imu_force_gazebo.egg-info/dependency_links.txt
[0.570s] writing top-level names to imu_force_gazebo.egg-info/top_level.txt
[0.572s] reading manifest file 'imu_force_gazebo.egg-info/SOURCES.txt'
[0.572s] writing manifest file 'imu_force_gazebo.egg-info/SOURCES.txt'
[0.588s] [100%] Built target ament_cmake_python_build_imu_force_gazebo_egg
[0.595s] Invoked command in '/home/waritt/imu_force_ws/build/imu_force_gazebo' returned '0': CMAKE_PREFIX_PATH=${CMAKE_PREFIX_PATH}:/opt/ros/humble /usr/bin/cmake --build /home/waritt/imu_force_ws/build/imu_force_gazebo -- -j16 -l16
[0.620s] Invoking command in '/home/waritt/imu_force_ws/build/imu_force_gazebo': CMAKE_PREFIX_PATH=${CMAKE_PREFIX_PATH}:/opt/ros/humble /usr/bin/cmake --install /home/waritt/imu_force_ws/build/imu_force_gazebo
[0.626s] -- Install configuration: ""
[0.626s] -- Up-to-date: /home/waritt/imu_force_ws/install/imu_force_gazebo/share/imu_force_gazebo/environment/pythonpath.sh
[0.626s] -- Installing: /home/waritt/imu_force_ws/install/imu_force_gazebo/share/imu_force_gazebo/environment/pythonpath.dsv
[0.627s] -- Up-to-date: /home/waritt/imu_force_ws/install/imu_force_gazebo/local/lib/python3.10/dist-packages/imu_force_gazebo-0.0.0-py3.10.egg-info
[0.627s] -- Installing: /home/waritt/imu_force_ws/install/imu_force_gazebo/local/lib/python3.10/dist-packages/imu_force_gazebo-0.0.0-py3.10.egg-info/SOURCES.txt
[0.627s] -- Installing: /home/waritt/imu_force_ws/install/imu_force_gazebo/local/lib/python3.10/dist-packages/imu_force_gazebo-0.0.0-py3.10.egg-info/top_level.txt
[0.627s] -- Installing: /home/waritt/imu_force_ws/install/imu_force_gazebo/local/lib/python3.10/dist-packages/imu_force_gazebo-0.0.0-py3.10.egg-info/PKG-INFO
[0.627s] -- Installing: /home/waritt/imu_force_ws/install/imu_force_gazebo/local/lib/python3.10/dist-packages/imu_force_gazebo-0.0.0-py3.10.egg-info/dependency_links.txt
[0.627s] -- Up-to-date: /home/waritt/imu_force_ws/install/imu_force_gazebo/local/lib/python3.10/dist-packages/imu_force_gazebo
[0.627s] -- Up-to-date: /home/waritt/imu_force_ws/install/imu_force_gazebo/local/lib/python3.10/dist-packages/imu_force_gazebo/__init__.py
[0.627s] -- Up-to-date: /home/waritt/imu_force_ws/install/imu_force_gazebo/local/lib/python3.10/dist-packages/imu_force_gazebo/dummy_module.py
[0.653s] Listing '/home/waritt/imu_force_ws/install/imu_force_gazebo/local/lib/python3.10/dist-packages/imu_force_gazebo'...
[0.656s] -- Installing: /home/waritt/imu_force_ws/install/imu_force_gazebo/lib/imu_force_gazebo/force_controller.py
[0.656s] -- Up-to-date: /home/waritt/imu_force_ws/install/imu_force_gazebo/lib/imu_force_gazebo/dummy_imu_acceleration.py
[0.656s] -- Up-to-date: /home/waritt/imu_force_ws/install/imu_force_gazebo/lib/imu_force_gazebo/cpp_node_test
[0.656s] -- Up-to-date: /home/waritt/imu_force_ws/install/imu_force_gazebo/share/imu_force_gazebo/config
[0.656s] -- Up-to-date: /home/waritt/imu_force_ws/install/imu_force_gazebo/share/imu_force_gazebo/launch
[0.656s] -- Up-to-date: /home/waritt/imu_force_ws/install/imu_force_gazebo/share/imu_force_gazebo/launch/sim.launch.py
[0.656s] -- Up-to-date: /home/waritt/imu_force_ws/install/imu_force_gazebo/share/ament_index/resource_index/package_run_dependencies/imu_force_gazebo
[0.656s] -- Up-to-date: /home/waritt/imu_force_ws/install/imu_force_gazebo/share/ament_index/resource_index/parent_prefix_path/imu_force_gazebo
[0.656s] -- Up-to-date: /home/waritt/imu_force_ws/install/imu_force_gazebo/share/imu_force_gazebo/environment/ament_prefix_path.sh
[0.656s] -- Installing: /home/waritt/imu_force_ws/install/imu_force_gazebo/share/imu_force_gazebo/environment/ament_prefix_path.dsv
[0.656s] -- Up-to-date: /home/waritt/imu_force_ws/install/imu_force_gazebo/share/imu_force_gazebo/environment/path.sh
[0.656s] -- Installing: /home/waritt/imu_force_ws/install/imu_force_gazebo/share/imu_force_gazebo/environment/path.dsv
[0.656s] -- Up-to-date: /home/waritt/imu_force_ws/install/imu_force_gazebo/share/imu_force_gazebo/local_setup.bash
[0.656s] -- Up-to-date: /home/waritt/imu_force_ws/install/imu_force_gazebo/share/imu_force_gazebo/local_setup.sh
[0.656s] -- Up-to-date: /home/waritt/imu_force_ws/install/imu_force_gazebo/share/imu_force_gazebo/local_setup.zsh
[0.656s] -- Installing: /home/waritt/imu_force_ws/install/imu_force_gazebo/share/imu_force_gazebo/local_setup.dsv
[0.656s] -- Installing: /home/waritt/imu_force_ws/install/imu_force_gazebo/share/imu_force_gazebo/package.dsv
[0.656s] -- Up-to-date: /home/waritt/imu_force_ws/install/imu_force_gazebo/share/ament_index/resource_index/packages/imu_force_gazebo
[0.656s] -- Up-to-date: /home/waritt/imu_force_ws/install/imu_force_gazebo/share/imu_force_gazebo/cmake/imu_force_gazeboConfig.cmake
[0.656s] -- Up-to-date: /home/waritt/imu_force_ws/install/imu_force_gazebo/share/imu_force_gazebo/cmake/imu_force_gazeboConfig-version.cmake
[0.656s] -- Up-to-date: /home/waritt/imu_force_ws/install/imu_force_gazebo/share/imu_force_gazebo/package.xml
[0.658s] Invoked command in '/home/waritt/imu_force_ws/build/imu_force_gazebo' returned '0': CMAKE_PREFIX_PATH=${CMAKE_PREFIX_PATH}:/opt/ros/humble /usr/bin/cmake --install /home/waritt/imu_force_ws/build/imu_force_gazebo
