[0.011s] Invoking command in '/home/chayanin09/uros_ws/build/imu_custom_msg': CMAKE_PREFIX_PATH=${CMAKE_PREFIX_PATH}:/opt/ros/humble /usr/bin/cmake --build /home/chayanin09/uros_ws/build/imu_custom_msg -- -j20 -l20
[0.032s] -- Found ament_cmake: 1.3.10 (/opt/ros/humble/share/ament_cmake/cmake)
[0.131s] -- Found rosidl_default_generators: 1.2.0 (/opt/ros/humble/share/rosidl_default_generators/cmake)
[0.132s] -- Using all available rosidl_typesupport_c: rosidl_typesupport_fastrtps_c;rosidl_typesupport_introspection_c
[0.134s] -- Found rosidl_adapter: 3.1.5 (/opt/ros/humble/share/rosidl_adapter/cmake)
[0.154s] -- Using all available rosidl_typesupport_cpp: rosidl_typesupport_fastrtps_cpp;rosidl_typesupport_introspection_cpp
[0.168s] -- Found std_msgs: 4.2.4 (/opt/ros/humble/share/std_msgs/cmake)
[0.375s] -- Found ament_cmake_ros: 0.10.0 (/opt/ros/humble/share/ament_cmake_ros/cmake)
[0.548s] -- Using all available rosidl_typesupport_c: rosidl_typesupport_fastrtps_c;rosidl_typesupport_introspection_c
[0.755s] -- Using all available rosidl_typesupport_cpp: rosidl_typesupport_fastrtps_cpp;rosidl_typesupport_introspection_cpp
[0.778s] -- Found python_cmake_module: 0.10.0 (/opt/ros/humble/share/python_cmake_module/cmake)
[0.798s] -- Using PYTHON_EXECUTABLE: /usr/bin/python3
[0.798s] -- Using PYTHON_INCLUDE_DIRS: /usr/include/python3.10
[0.798s] -- Using PYTHON_LIBRARIES: /usr/lib/x86_64-linux-gnu/libpython3.10.so
[0.817s] -- Configuring done
[0.834s] -- Generating done
[0.835s] -- Build files have been written to: /home/chayanin09/uros_ws/build/imu_custom_msg
[0.857s] [  2%] [34m[1mGenerating C code for ROS interfaces[0m
[0.865s] [  5%] [34m[1mGenerating C++ code for ROS interfaces[0m
[0.871s] [  5%] Built target ament_cmake_python_copy_imu_custom_msg
[1.036s] running egg_info
[1.037s] writing imu_custom_msg.egg-info/PKG-INFO
[1.037s] writing dependency_links to imu_custom_msg.egg-info/dependency_links.txt
[1.037s] writing top-level names to imu_custom_msg.egg-info/top_level.txt
[1.038s] reading manifest file 'imu_custom_msg.egg-info/SOURCES.txt'
[1.039s] writing manifest file 'imu_custom_msg.egg-info/SOURCES.txt'
[1.058s] [  5%] Built target ament_cmake_python_build_imu_custom_msg_egg
[1.076s] [  5%] Built target imu_custom_msg__cpp
[1.083s] [  7%] [34m[1mGenerating C++ type support dispatch for ROS interfaces[0m
[1.083s] [35m[1mConsolidate compiler generated dependencies of target imu_custom_msg__rosidl_generator_c[0m
[1.084s] [ 10%] [34m[1mGenerating C++ type support for eProsima Fast-RTPS[0m
[1.085s] [ 12%] [34m[1mGenerating C++ introspection for ROS interfaces[0m
[1.092s] [ 15%] [32mBuilding C object CMakeFiles/imu_custom_msg__rosidl_generator_c.dir/rosidl_generator_c/imu_custom_msg/srv/detail/calibrate__functions.c.o[0m
[1.093s] [ 17%] [32mBuilding C object CMakeFiles/imu_custom_msg__rosidl_generator_c.dir/rosidl_generator_c/imu_custom_msg/srv/detail/get_status__functions.c.o[0m
[1.138s] [ 20%] [32m[1mLinking C shared library libimu_custom_msg__rosidl_generator_c.so[0m
[1.167s] [ 20%] Built target imu_custom_msg__rosidl_generator_c
[1.175s] [ 25%] [34m[1mGenerating C type support dispatch for ROS interfaces[0m
[1.175s] [ 25%] [34m[1mGenerating C type support for eProsima Fast-RTPS[0m
[1.175s] [ 28%] [34m[1mGenerating C introspection for ROS interfaces[0m
[1.268s] [35m[1mConsolidate compiler generated dependencies of target imu_custom_msg__rosidl_typesupport_cpp[0m
[1.278s] [35m[1mConsolidate compiler generated dependencies of target imu_custom_msg__rosidl_typesupport_introspection_cpp[0m
[1.278s] [ 30%] [32mBuilding CXX object CMakeFiles/imu_custom_msg__rosidl_typesupport_cpp.dir/rosidl_typesupport_cpp/imu_custom_msg/srv/get_status__type_support.cpp.o[0m
[1.278s] [ 33%] [32mBuilding CXX object CMakeFiles/imu_custom_msg__rosidl_typesupport_cpp.dir/rosidl_typesupport_cpp/imu_custom_msg/srv/calibrate__type_support.cpp.o[0m
[1.288s] [ 38%] [32mBuilding CXX object CMakeFiles/imu_custom_msg__rosidl_typesupport_introspection_cpp.dir/rosidl_typesupport_introspection_cpp/imu_custom_msg/srv/detail/calibrate__type_support.cpp.o[0m
[1.289s] [ 38%] [32mBuilding CXX object CMakeFiles/imu_custom_msg__rosidl_typesupport_introspection_cpp.dir/rosidl_typesupport_introspection_cpp/imu_custom_msg/srv/detail/get_status__type_support.cpp.o[0m
[1.305s] [35m[1mConsolidate compiler generated dependencies of target imu_custom_msg__rosidl_typesupport_fastrtps_cpp[0m
[1.317s] [ 41%] [32mBuilding CXX object CMakeFiles/imu_custom_msg__rosidl_typesupport_fastrtps_cpp.dir/rosidl_typesupport_fastrtps_cpp/imu_custom_msg/srv/detail/dds_fastrtps/calibrate__type_support.cpp.o[0m
[1.317s] [ 43%] [32mBuilding CXX object CMakeFiles/imu_custom_msg__rosidl_typesupport_fastrtps_cpp.dir/rosidl_typesupport_fastrtps_cpp/imu_custom_msg/srv/detail/dds_fastrtps/get_status__type_support.cpp.o[0m
[1.386s] [35m[1mConsolidate compiler generated dependencies of target imu_custom_msg__rosidl_typesupport_fastrtps_c[0m
[1.405s] [ 48%] [32mBuilding CXX object CMakeFiles/imu_custom_msg__rosidl_typesupport_fastrtps_c.dir/rosidl_typesupport_fastrtps_c/imu_custom_msg/srv/detail/get_status__type_support_c.cpp.o[0m
[1.405s] [ 48%] [32mBuilding CXX object CMakeFiles/imu_custom_msg__rosidl_typesupport_fastrtps_c.dir/rosidl_typesupport_fastrtps_c/imu_custom_msg/srv/detail/calibrate__type_support_c.cpp.o[0m
[1.440s] [35m[1mConsolidate compiler generated dependencies of target imu_custom_msg__rosidl_typesupport_introspection_c[0m
[1.450s] [ 51%] [32mBuilding C object CMakeFiles/imu_custom_msg__rosidl_typesupport_introspection_c.dir/rosidl_typesupport_introspection_c/imu_custom_msg/srv/detail/get_status__type_support.c.o[0m
[1.452s] [ 53%] [32mBuilding C object CMakeFiles/imu_custom_msg__rosidl_typesupport_introspection_c.dir/rosidl_typesupport_introspection_c/imu_custom_msg/srv/detail/calibrate__type_support.c.o[0m
[1.458s] [35m[1mConsolidate compiler generated dependencies of target imu_custom_msg__rosidl_typesupport_c[0m
[1.473s] [ 58%] [32mBuilding CXX object CMakeFiles/imu_custom_msg__rosidl_typesupport_c.dir/rosidl_typesupport_c/imu_custom_msg/srv/get_status__type_support.cpp.o[0m
[1.473s] [ 58%] [32mBuilding CXX object CMakeFiles/imu_custom_msg__rosidl_typesupport_c.dir/rosidl_typesupport_c/imu_custom_msg/srv/calibrate__type_support.cpp.o[0m
[1.489s] [ 61%] [32m[1mLinking C shared library libimu_custom_msg__rosidl_typesupport_introspection_c.so[0m
[1.507s] [ 64%] [32m[1mLinking CXX shared library libimu_custom_msg__rosidl_typesupport_c.so[0m
[1.527s] [ 64%] Built target imu_custom_msg__rosidl_typesupport_introspection_c
[1.546s] [ 64%] Built target imu_custom_msg__rosidl_typesupport_c
[1.577s] [ 66%] [32m[1mLinking CXX shared library libimu_custom_msg__rosidl_typesupport_cpp.so[0m
[1.617s] [ 66%] Built target imu_custom_msg__rosidl_typesupport_cpp
[1.642s] [ 69%] [32m[1mLinking CXX shared library libimu_custom_msg__rosidl_typesupport_fastrtps_cpp.so[0m
[1.647s] [ 71%] [32m[1mLinking CXX shared library libimu_custom_msg__rosidl_typesupport_introspection_cpp.so[0m
[1.667s] [ 74%] [32m[1mLinking CXX shared library libimu_custom_msg__rosidl_typesupport_fastrtps_c.so[0m
[1.700s] [ 74%] Built target imu_custom_msg__rosidl_typesupport_fastrtps_cpp
[1.706s] [ 74%] Built target imu_custom_msg__rosidl_typesupport_introspection_cpp
[1.737s] [ 74%] Built target imu_custom_msg__rosidl_typesupport_fastrtps_c
[1.754s] [ 74%] Built target imu_custom_msg
[1.771s] [ 76%] [34m[1mGenerating Python code for ROS interfaces[0m
[2.061s] [ 76%] Built target imu_custom_msg__py
[2.069s] [35m[1mConsolidate compiler generated dependencies of target imu_custom_msg__rosidl_generator_py[0m
[2.078s] [ 79%] [32mBuilding C object CMakeFiles/imu_custom_msg__rosidl_generator_py.dir/rosidl_generator_py/imu_custom_msg/srv/_get_status_s.c.o[0m
[2.079s] [ 82%] [32mBuilding C object CMakeFiles/imu_custom_msg__rosidl_generator_py.dir/rosidl_generator_py/imu_custom_msg/srv/_calibrate_s.c.o[0m
[2.149s] [ 84%] [32m[1mLinking C shared library rosidl_generator_py/imu_custom_msg/libimu_custom_msg__rosidl_generator_py.so[0m
[2.179s] [ 84%] Built target imu_custom_msg__rosidl_generator_py
[2.190s] [35m[1mConsolidate compiler generated dependencies of target imu_custom_msg__rosidl_typesupport_introspection_c__pyext[0m
[2.191s] [35m[1mConsolidate compiler generated dependencies of target imu_custom_msg__rosidl_typesupport_c__pyext[0m
[2.192s] [35m[1mConsolidate compiler generated dependencies of target imu_custom_msg__rosidl_typesupport_fastrtps_c__pyext[0m
[2.201s] [ 87%] [32mBuilding C object CMakeFiles/imu_custom_msg__rosidl_typesupport_c__pyext.dir/rosidl_generator_py/imu_custom_msg/_imu_custom_msg_s.ep.rosidl_typesupport_c.c.o[0m
[2.201s] [ 89%] [32mBuilding C object CMakeFiles/imu_custom_msg__rosidl_typesupport_introspection_c__pyext.dir/rosidl_generator_py/imu_custom_msg/_imu_custom_msg_s.ep.rosidl_typesupport_introspection_c.c.o[0m
[2.201s] [ 92%] [32mBuilding C object CMakeFiles/imu_custom_msg__rosidl_typesupport_fastrtps_c__pyext.dir/rosidl_generator_py/imu_custom_msg/_imu_custom_msg_s.ep.rosidl_typesupport_fastrtps_c.c.o[0m
[2.263s] [ 94%] [32m[1mLinking C shared library rosidl_generator_py/imu_custom_msg/imu_custom_msg_s__rosidl_typesupport_fastrtps_c.cpython-310-x86_64-linux-gnu.so[0m
[2.272s] [ 97%] [32m[1mLinking C shared library rosidl_generator_py/imu_custom_msg/imu_custom_msg_s__rosidl_typesupport_introspection_c.cpython-310-x86_64-linux-gnu.so[0m
[2.272s] [100%] [32m[1mLinking C shared library rosidl_generator_py/imu_custom_msg/imu_custom_msg_s__rosidl_typesupport_c.cpython-310-x86_64-linux-gnu.so[0m
[2.293s] [100%] Built target imu_custom_msg__rosidl_typesupport_fastrtps_c__pyext
[2.301s] [100%] Built target imu_custom_msg__rosidl_typesupport_c__pyext
[2.301s] [100%] Built target imu_custom_msg__rosidl_typesupport_introspection_c__pyext
[2.314s] Invoked command in '/home/chayanin09/uros_ws/build/imu_custom_msg' returned '0': CMAKE_PREFIX_PATH=${CMAKE_PREFIX_PATH}:/opt/ros/humble /usr/bin/cmake --build /home/chayanin09/uros_ws/build/imu_custom_msg -- -j20 -l20
[2.378s] Invoking command in '/home/chayanin09/uros_ws/build/imu_custom_msg': CMAKE_PREFIX_PATH=${CMAKE_PREFIX_PATH}:/opt/ros/humble /usr/bin/cmake --install /home/chayanin09/uros_ws/build/imu_custom_msg
[2.384s] -- Install configuration: ""
[2.384s] -- Installing: /home/chayanin09/uros_ws/install/imu_custom_msg/share/ament_index/resource_index/rosidl_interfaces/imu_custom_msg
[2.384s] -- Up-to-date: /home/chayanin09/uros_ws/install/imu_custom_msg/include/imu_custom_msg/imu_custom_msg
[2.384s] -- Up-to-date: /home/chayanin09/uros_ws/install/imu_custom_msg/include/imu_custom_msg/imu_custom_msg/msg
[2.384s] -- Up-to-date: /home/chayanin09/uros_ws/install/imu_custom_msg/include/imu_custom_msg/imu_custom_msg/msg/rosidl_generator_c__visibility_control.h
[2.385s] -- Up-to-date: /home/chayanin09/uros_ws/install/imu_custom_msg/include/imu_custom_msg/imu_custom_msg/srv
[2.385s] -- Up-to-date: /home/chayanin09/uros_ws/install/imu_custom_msg/include/imu_custom_msg/imu_custom_msg/srv/detail
[2.385s] -- Installing: /home/chayanin09/uros_ws/install/imu_custom_msg/include/imu_custom_msg/imu_custom_msg/srv/detail/calibrate__functions.c
[2.385s] -- Installing: /home/chayanin09/uros_ws/install/imu_custom_msg/include/imu_custom_msg/imu_custom_msg/srv/detail/get_status__struct.h
[2.385s] -- Installing: /home/chayanin09/uros_ws/install/imu_custom_msg/include/imu_custom_msg/imu_custom_msg/srv/detail/get_status__type_support.h
[2.385s] -- Installing: /home/chayanin09/uros_ws/install/imu_custom_msg/include/imu_custom_msg/imu_custom_msg/srv/detail/calibrate__functions.h
[2.385s] -- Installing: /home/chayanin09/uros_ws/install/imu_custom_msg/include/imu_custom_msg/imu_custom_msg/srv/detail/calibrate__struct.h
[2.385s] -- Installing: /home/chayanin09/uros_ws/install/imu_custom_msg/include/imu_custom_msg/imu_custom_msg/srv/detail/calibrate__type_support.h
[2.385s] -- Installing: /home/chayanin09/uros_ws/install/imu_custom_msg/include/imu_custom_msg/imu_custom_msg/srv/detail/get_status__functions.h
[2.385s] -- Installing: /home/chayanin09/uros_ws/install/imu_custom_msg/include/imu_custom_msg/imu_custom_msg/srv/detail/get_status__functions.c
[2.385s] -- Installing: /home/chayanin09/uros_ws/install/imu_custom_msg/include/imu_custom_msg/imu_custom_msg/srv/calibrate.h
[2.385s] -- Installing: /home/chayanin09/uros_ws/install/imu_custom_msg/include/imu_custom_msg/imu_custom_msg/srv/get_status.h
[2.385s] -- Up-to-date: /home/chayanin09/uros_ws/install/imu_custom_msg/share/imu_custom_msg/environment/library_path.sh
[2.385s] -- Installing: /home/chayanin09/uros_ws/install/imu_custom_msg/share/imu_custom_msg/environment/library_path.dsv
[2.385s] -- Installing: /home/chayanin09/uros_ws/install/imu_custom_msg/lib/libimu_custom_msg__rosidl_generator_c.so
[2.385s] -- Set runtime path of "/home/chayanin09/uros_ws/install/imu_custom_msg/lib/libimu_custom_msg__rosidl_generator_c.so" to ""
[2.385s] -- Up-to-date: /home/chayanin09/uros_ws/install/imu_custom_msg/include/imu_custom_msg/imu_custom_msg
[2.385s] -- Up-to-date: /home/chayanin09/uros_ws/install/imu_custom_msg/include/imu_custom_msg/imu_custom_msg/msg
[2.386s] -- Up-to-date: /home/chayanin09/uros_ws/install/imu_custom_msg/include/imu_custom_msg/imu_custom_msg/msg/rosidl_typesupport_fastrtps_c__visibility_control.h
[2.386s] -- Up-to-date: /home/chayanin09/uros_ws/install/imu_custom_msg/include/imu_custom_msg/imu_custom_msg/srv
[2.386s] -- Up-to-date: /home/chayanin09/uros_ws/install/imu_custom_msg/include/imu_custom_msg/imu_custom_msg/srv/detail
[2.386s] -- Installing: /home/chayanin09/uros_ws/install/imu_custom_msg/include/imu_custom_msg/imu_custom_msg/srv/detail/calibrate__rosidl_typesupport_fastrtps_c.h
[2.386s] -- Installing: /home/chayanin09/uros_ws/install/imu_custom_msg/include/imu_custom_msg/imu_custom_msg/srv/detail/get_status__rosidl_typesupport_fastrtps_c.h
[2.386s] -- Installing: /home/chayanin09/uros_ws/install/imu_custom_msg/lib/libimu_custom_msg__rosidl_typesupport_fastrtps_c.so
[2.386s] -- Set runtime path of "/home/chayanin09/uros_ws/install/imu_custom_msg/lib/libimu_custom_msg__rosidl_typesupport_fastrtps_c.so" to ""
[2.386s] -- Up-to-date: /home/chayanin09/uros_ws/install/imu_custom_msg/include/imu_custom_msg/imu_custom_msg
[2.386s] -- Up-to-date: /home/chayanin09/uros_ws/install/imu_custom_msg/include/imu_custom_msg/imu_custom_msg/msg
[2.386s] -- Up-to-date: /home/chayanin09/uros_ws/install/imu_custom_msg/include/imu_custom_msg/imu_custom_msg/msg/rosidl_typesupport_introspection_c__visibility_control.h
[2.386s] -- Up-to-date: /home/chayanin09/uros_ws/install/imu_custom_msg/include/imu_custom_msg/imu_custom_msg/srv
[2.386s] -- Up-to-date: /home/chayanin09/uros_ws/install/imu_custom_msg/include/imu_custom_msg/imu_custom_msg/srv/detail
[2.386s] -- Installing: /home/chayanin09/uros_ws/install/imu_custom_msg/include/imu_custom_msg/imu_custom_msg/srv/detail/get_status__type_support.c
[2.386s] -- Installing: /home/chayanin09/uros_ws/install/imu_custom_msg/include/imu_custom_msg/imu_custom_msg/srv/detail/calibrate__type_support.c
[2.386s] -- Installing: /home/chayanin09/uros_ws/install/imu_custom_msg/include/imu_custom_msg/imu_custom_msg/srv/detail/calibrate__rosidl_typesupport_introspection_c.h
[2.386s] -- Installing: /home/chayanin09/uros_ws/install/imu_custom_msg/include/imu_custom_msg/imu_custom_msg/srv/detail/get_status__rosidl_typesupport_introspection_c.h
[2.386s] -- Installing: /home/chayanin09/uros_ws/install/imu_custom_msg/lib/libimu_custom_msg__rosidl_typesupport_introspection_c.so
[2.386s] -- Set runtime path of "/home/chayanin09/uros_ws/install/imu_custom_msg/lib/libimu_custom_msg__rosidl_typesupport_introspection_c.so" to ""
[2.386s] -- Installing: /home/chayanin09/uros_ws/install/imu_custom_msg/lib/libimu_custom_msg__rosidl_typesupport_c.so
[2.386s] -- Set runtime path of "/home/chayanin09/uros_ws/install/imu_custom_msg/lib/libimu_custom_msg__rosidl_typesupport_c.so" to ""
[2.386s] -- Up-to-date: /home/chayanin09/uros_ws/install/imu_custom_msg/include/imu_custom_msg/imu_custom_msg
[2.386s] -- Up-to-date: /home/chayanin09/uros_ws/install/imu_custom_msg/include/imu_custom_msg/imu_custom_msg/srv
[2.386s] -- Installing: /home/chayanin09/uros_ws/install/imu_custom_msg/include/imu_custom_msg/imu_custom_msg/srv/get_status.hpp
[2.386s] -- Up-to-date: /home/chayanin09/uros_ws/install/imu_custom_msg/include/imu_custom_msg/imu_custom_msg/srv/detail
[2.386s] -- Installing: /home/chayanin09/uros_ws/install/imu_custom_msg/include/imu_custom_msg/imu_custom_msg/srv/detail/calibrate__builder.hpp
[2.386s] -- Installing: /home/chayanin09/uros_ws/install/imu_custom_msg/include/imu_custom_msg/imu_custom_msg/srv/detail/calibrate__struct.hpp
[2.386s] -- Installing: /home/chayanin09/uros_ws/install/imu_custom_msg/include/imu_custom_msg/imu_custom_msg/srv/detail/calibrate__traits.hpp
[2.387s] -- Installing: /home/chayanin09/uros_ws/install/imu_custom_msg/include/imu_custom_msg/imu_custom_msg/srv/detail/get_status__struct.hpp
[2.387s] -- Installing: /home/chayanin09/uros_ws/install/imu_custom_msg/include/imu_custom_msg/imu_custom_msg/srv/detail/get_status__builder.hpp
[2.387s] -- Installing: /home/chayanin09/uros_ws/install/imu_custom_msg/include/imu_custom_msg/imu_custom_msg/srv/detail/get_status__traits.hpp
[2.387s] -- Installing: /home/chayanin09/uros_ws/install/imu_custom_msg/include/imu_custom_msg/imu_custom_msg/srv/calibrate.hpp
[2.387s] -- Up-to-date: /home/chayanin09/uros_ws/install/imu_custom_msg/include/imu_custom_msg/imu_custom_msg
[2.387s] -- Up-to-date: /home/chayanin09/uros_ws/install/imu_custom_msg/include/imu_custom_msg/imu_custom_msg/msg
[2.387s] -- Up-to-date: /home/chayanin09/uros_ws/install/imu_custom_msg/include/imu_custom_msg/imu_custom_msg/msg/rosidl_typesupport_fastrtps_cpp__visibility_control.h
[2.387s] -- Up-to-date: /home/chayanin09/uros_ws/install/imu_custom_msg/include/imu_custom_msg/imu_custom_msg/srv
[2.387s] -- Up-to-date: /home/chayanin09/uros_ws/install/imu_custom_msg/include/imu_custom_msg/imu_custom_msg/srv/detail
[2.387s] -- Installing: /home/chayanin09/uros_ws/install/imu_custom_msg/include/imu_custom_msg/imu_custom_msg/srv/detail/get_status__rosidl_typesupport_fastrtps_cpp.hpp
[2.387s] -- Up-to-date: /home/chayanin09/uros_ws/install/imu_custom_msg/include/imu_custom_msg/imu_custom_msg/srv/detail/dds_fastrtps
[2.387s] -- Installing: /home/chayanin09/uros_ws/install/imu_custom_msg/include/imu_custom_msg/imu_custom_msg/srv/detail/calibrate__rosidl_typesupport_fastrtps_cpp.hpp
[2.387s] -- Installing: /home/chayanin09/uros_ws/install/imu_custom_msg/lib/libimu_custom_msg__rosidl_typesupport_fastrtps_cpp.so
[2.387s] -- Set runtime path of "/home/chayanin09/uros_ws/install/imu_custom_msg/lib/libimu_custom_msg__rosidl_typesupport_fastrtps_cpp.so" to ""
[2.387s] -- Up-to-date: /home/chayanin09/uros_ws/install/imu_custom_msg/include/imu_custom_msg/imu_custom_msg
[2.387s] -- Up-to-date: /home/chayanin09/uros_ws/install/imu_custom_msg/include/imu_custom_msg/imu_custom_msg/srv
[2.387s] -- Up-to-date: /home/chayanin09/uros_ws/install/imu_custom_msg/include/imu_custom_msg/imu_custom_msg/srv/detail
[2.387s] -- Installing: /home/chayanin09/uros_ws/install/imu_custom_msg/include/imu_custom_msg/imu_custom_msg/srv/detail/get_status__rosidl_typesupport_introspection_cpp.hpp
[2.387s] -- Installing: /home/chayanin09/uros_ws/install/imu_custom_msg/include/imu_custom_msg/imu_custom_msg/srv/detail/calibrate__rosidl_typesupport_introspection_cpp.hpp
[2.387s] -- Installing: /home/chayanin09/uros_ws/install/imu_custom_msg/include/imu_custom_msg/imu_custom_msg/srv/detail/calibrate__type_support.cpp
[2.387s] -- Installing: /home/chayanin09/uros_ws/install/imu_custom_msg/include/imu_custom_msg/imu_custom_msg/srv/detail/get_status__type_support.cpp
[2.387s] -- Installing: /home/chayanin09/uros_ws/install/imu_custom_msg/lib/libimu_custom_msg__rosidl_typesupport_introspection_cpp.so
[2.387s] -- Set runtime path of "/home/chayanin09/uros_ws/install/imu_custom_msg/lib/libimu_custom_msg__rosidl_typesupport_introspection_cpp.so" to ""
[2.387s] -- Installing: /home/chayanin09/uros_ws/install/imu_custom_msg/lib/libimu_custom_msg__rosidl_typesupport_cpp.so
[2.388s] -- Set runtime path of "/home/chayanin09/uros_ws/install/imu_custom_msg/lib/libimu_custom_msg__rosidl_typesupport_cpp.so" to ""
[2.388s] -- Up-to-date: /home/chayanin09/uros_ws/install/imu_custom_msg/share/imu_custom_msg/environment/pythonpath.sh
[2.388s] -- Installing: /home/chayanin09/uros_ws/install/imu_custom_msg/share/imu_custom_msg/environment/pythonpath.dsv
[2.388s] -- Up-to-date: /home/chayanin09/uros_ws/install/imu_custom_msg/local/lib/python3.10/dist-packages/imu_custom_msg-0.0.0-py3.10.egg-info
[2.388s] -- Installing: /home/chayanin09/uros_ws/install/imu_custom_msg/local/lib/python3.10/dist-packages/imu_custom_msg-0.0.0-py3.10.egg-info/dependency_links.txt
[2.388s] -- Installing: /home/chayanin09/uros_ws/install/imu_custom_msg/local/lib/python3.10/dist-packages/imu_custom_msg-0.0.0-py3.10.egg-info/PKG-INFO
[2.388s] -- Installing: /home/chayanin09/uros_ws/install/imu_custom_msg/local/lib/python3.10/dist-packages/imu_custom_msg-0.0.0-py3.10.egg-info/top_level.txt
[2.388s] -- Installing: /home/chayanin09/uros_ws/install/imu_custom_msg/local/lib/python3.10/dist-packages/imu_custom_msg-0.0.0-py3.10.egg-info/SOURCES.txt
[2.388s] -- Up-to-date: /home/chayanin09/uros_ws/install/imu_custom_msg/local/lib/python3.10/dist-packages/imu_custom_msg
[2.388s] -- Installing: /home/chayanin09/uros_ws/install/imu_custom_msg/local/lib/python3.10/dist-packages/imu_custom_msg/imu_custom_msg_s__rosidl_typesupport_c.cpython-310-x86_64-linux-gnu.so
[2.388s] -- Installing: /home/chayanin09/uros_ws/install/imu_custom_msg/local/lib/python3.10/dist-packages/imu_custom_msg/__init__.py
[2.388s] -- Installing: /home/chayanin09/uros_ws/install/imu_custom_msg/local/lib/python3.10/dist-packages/imu_custom_msg/_imu_custom_msg_s.ep.rosidl_typesupport_fastrtps_c.c
[2.388s] -- Up-to-date: /home/chayanin09/uros_ws/install/imu_custom_msg/local/lib/python3.10/dist-packages/imu_custom_msg/srv
[2.388s] -- Installing: /home/chayanin09/uros_ws/install/imu_custom_msg/local/lib/python3.10/dist-packages/imu_custom_msg/srv/_calibrate.py
[2.388s] -- Installing: /home/chayanin09/uros_ws/install/imu_custom_msg/local/lib/python3.10/dist-packages/imu_custom_msg/srv/__init__.py
[2.388s] -- Installing: /home/chayanin09/uros_ws/install/imu_custom_msg/local/lib/python3.10/dist-packages/imu_custom_msg/srv/_calibrate_s.c
[2.388s] -- Installing: /home/chayanin09/uros_ws/install/imu_custom_msg/local/lib/python3.10/dist-packages/imu_custom_msg/srv/_get_status_s.c
[2.388s] -- Installing: /home/chayanin09/uros_ws/install/imu_custom_msg/local/lib/python3.10/dist-packages/imu_custom_msg/srv/_get_status.py
[2.388s] -- Installing: /home/chayanin09/uros_ws/install/imu_custom_msg/local/lib/python3.10/dist-packages/imu_custom_msg/_imu_custom_msg_s.ep.rosidl_typesupport_introspection_c.c
[2.388s] -- Installing: /home/chayanin09/uros_ws/install/imu_custom_msg/local/lib/python3.10/dist-packages/imu_custom_msg/imu_custom_msg_s__rosidl_typesupport_introspection_c.cpython-310-x86_64-linux-gnu.so
[2.388s] -- Installing: /home/chayanin09/uros_ws/install/imu_custom_msg/local/lib/python3.10/dist-packages/imu_custom_msg/imu_custom_msg_s__rosidl_typesupport_fastrtps_c.cpython-310-x86_64-linux-gnu.so
[2.389s] -- Installing: /home/chayanin09/uros_ws/install/imu_custom_msg/local/lib/python3.10/dist-packages/imu_custom_msg/libimu_custom_msg__rosidl_generator_py.so
[2.389s] -- Installing: /home/chayanin09/uros_ws/install/imu_custom_msg/local/lib/python3.10/dist-packages/imu_custom_msg/_imu_custom_msg_s.ep.rosidl_typesupport_c.c
[2.412s] Listing '/home/chayanin09/uros_ws/install/imu_custom_msg/local/lib/python3.10/dist-packages/imu_custom_msg'...
[2.413s] Compiling '/home/chayanin09/uros_ws/install/imu_custom_msg/local/lib/python3.10/dist-packages/imu_custom_msg/__init__.py'...
[2.413s] Listing '/home/chayanin09/uros_ws/install/imu_custom_msg/local/lib/python3.10/dist-packages/imu_custom_msg/srv'...
[2.413s] Compiling '/home/chayanin09/uros_ws/install/imu_custom_msg/local/lib/python3.10/dist-packages/imu_custom_msg/srv/__init__.py'...
[2.413s] Compiling '/home/chayanin09/uros_ws/install/imu_custom_msg/local/lib/python3.10/dist-packages/imu_custom_msg/srv/_calibrate.py'...
[2.413s] Compiling '/home/chayanin09/uros_ws/install/imu_custom_msg/local/lib/python3.10/dist-packages/imu_custom_msg/srv/_get_status.py'...
[2.415s] -- Installing: /home/chayanin09/uros_ws/install/imu_custom_msg/local/lib/python3.10/dist-packages/imu_custom_msg/imu_custom_msg_s__rosidl_typesupport_fastrtps_c.cpython-310-x86_64-linux-gnu.so
[2.415s] -- Set runtime path of "/home/chayanin09/uros_ws/install/imu_custom_msg/local/lib/python3.10/dist-packages/imu_custom_msg/imu_custom_msg_s__rosidl_typesupport_fastrtps_c.cpython-310-x86_64-linux-gnu.so" to ""
[2.415s] -- Installing: /home/chayanin09/uros_ws/install/imu_custom_msg/local/lib/python3.10/dist-packages/imu_custom_msg/imu_custom_msg_s__rosidl_typesupport_introspection_c.cpython-310-x86_64-linux-gnu.so
[2.416s] -- Set runtime path of "/home/chayanin09/uros_ws/install/imu_custom_msg/local/lib/python3.10/dist-packages/imu_custom_msg/imu_custom_msg_s__rosidl_typesupport_introspection_c.cpython-310-x86_64-linux-gnu.so" to ""
[2.416s] -- Installing: /home/chayanin09/uros_ws/install/imu_custom_msg/local/lib/python3.10/dist-packages/imu_custom_msg/imu_custom_msg_s__rosidl_typesupport_c.cpython-310-x86_64-linux-gnu.so
[2.416s] -- Set runtime path of "/home/chayanin09/uros_ws/install/imu_custom_msg/local/lib/python3.10/dist-packages/imu_custom_msg/imu_custom_msg_s__rosidl_typesupport_c.cpython-310-x86_64-linux-gnu.so" to ""
[2.416s] -- Installing: /home/chayanin09/uros_ws/install/imu_custom_msg/lib/libimu_custom_msg__rosidl_generator_py.so
[2.416s] -- Set runtime path of "/home/chayanin09/uros_ws/install/imu_custom_msg/lib/libimu_custom_msg__rosidl_generator_py.so" to ""
[2.416s] -- Up-to-date: /home/chayanin09/uros_ws/install/imu_custom_msg/share/imu_custom_msg/srv/GetStatus.idl
[2.416s] -- Installing: /home/chayanin09/uros_ws/install/imu_custom_msg/share/imu_custom_msg/srv/Calibrate.idl
[2.416s] -- Up-to-date: /home/chayanin09/uros_ws/install/imu_custom_msg/share/imu_custom_msg/srv/GetStatus.srv
[2.416s] -- Up-to-date: /home/chayanin09/uros_ws/install/imu_custom_msg/share/imu_custom_msg/srv/GetStatus_Request.msg
[2.416s] -- Up-to-date: /home/chayanin09/uros_ws/install/imu_custom_msg/share/imu_custom_msg/srv/GetStatus_Response.msg
[2.416s] -- Installing: /home/chayanin09/uros_ws/install/imu_custom_msg/share/imu_custom_msg/srv/Calibrate.srv
[2.416s] -- Installing: /home/chayanin09/uros_ws/install/imu_custom_msg/share/imu_custom_msg/srv/Calibrate_Request.msg
[2.416s] -- Installing: /home/chayanin09/uros_ws/install/imu_custom_msg/share/imu_custom_msg/srv/Calibrate_Response.msg
[2.416s] -- Up-to-date: /home/chayanin09/uros_ws/install/imu_custom_msg/share/ament_index/resource_index/package_run_dependencies/imu_custom_msg
[2.416s] -- Installing: /home/chayanin09/uros_ws/install/imu_custom_msg/share/ament_index/resource_index/parent_prefix_path/imu_custom_msg
[2.416s] -- Up-to-date: /home/chayanin09/uros_ws/install/imu_custom_msg/share/imu_custom_msg/environment/ament_prefix_path.sh
[2.416s] -- Installing: /home/chayanin09/uros_ws/install/imu_custom_msg/share/imu_custom_msg/environment/ament_prefix_path.dsv
[2.416s] -- Up-to-date: /home/chayanin09/uros_ws/install/imu_custom_msg/share/imu_custom_msg/environment/path.sh
[2.416s] -- Installing: /home/chayanin09/uros_ws/install/imu_custom_msg/share/imu_custom_msg/environment/path.dsv
[2.416s] -- Up-to-date: /home/chayanin09/uros_ws/install/imu_custom_msg/share/imu_custom_msg/local_setup.bash
[2.416s] -- Up-to-date: /home/chayanin09/uros_ws/install/imu_custom_msg/share/imu_custom_msg/local_setup.sh
[2.416s] -- Up-to-date: /home/chayanin09/uros_ws/install/imu_custom_msg/share/imu_custom_msg/local_setup.zsh
[2.416s] -- Installing: /home/chayanin09/uros_ws/install/imu_custom_msg/share/imu_custom_msg/local_setup.dsv
[2.416s] -- Installing: /home/chayanin09/uros_ws/install/imu_custom_msg/share/imu_custom_msg/package.dsv
[2.417s] -- Up-to-date: /home/chayanin09/uros_ws/install/imu_custom_msg/share/ament_index/resource_index/packages/imu_custom_msg
[2.417s] -- Up-to-date: /home/chayanin09/uros_ws/install/imu_custom_msg/share/imu_custom_msg/cmake/export_imu_custom_msg__rosidl_generator_cExport.cmake
[2.417s] -- Up-to-date: /home/chayanin09/uros_ws/install/imu_custom_msg/share/imu_custom_msg/cmake/export_imu_custom_msg__rosidl_generator_cExport-noconfig.cmake
[2.417s] -- Up-to-date: /home/chayanin09/uros_ws/install/imu_custom_msg/share/imu_custom_msg/cmake/export_imu_custom_msg__rosidl_typesupport_fastrtps_cExport.cmake
[2.417s] -- Up-to-date: /home/chayanin09/uros_ws/install/imu_custom_msg/share/imu_custom_msg/cmake/export_imu_custom_msg__rosidl_typesupport_fastrtps_cExport-noconfig.cmake
[2.417s] -- Up-to-date: /home/chayanin09/uros_ws/install/imu_custom_msg/share/imu_custom_msg/cmake/imu_custom_msg__rosidl_typesupport_introspection_cExport.cmake
[2.417s] -- Up-to-date: /home/chayanin09/uros_ws/install/imu_custom_msg/share/imu_custom_msg/cmake/imu_custom_msg__rosidl_typesupport_introspection_cExport-noconfig.cmake
[2.417s] -- Up-to-date: /home/chayanin09/uros_ws/install/imu_custom_msg/share/imu_custom_msg/cmake/imu_custom_msg__rosidl_typesupport_cExport.cmake
[2.417s] -- Up-to-date: /home/chayanin09/uros_ws/install/imu_custom_msg/share/imu_custom_msg/cmake/imu_custom_msg__rosidl_typesupport_cExport-noconfig.cmake
[2.417s] -- Up-to-date: /home/chayanin09/uros_ws/install/imu_custom_msg/share/imu_custom_msg/cmake/export_imu_custom_msg__rosidl_generator_cppExport.cmake
[2.417s] -- Up-to-date: /home/chayanin09/uros_ws/install/imu_custom_msg/share/imu_custom_msg/cmake/export_imu_custom_msg__rosidl_typesupport_fastrtps_cppExport.cmake
[2.417s] -- Up-to-date: /home/chayanin09/uros_ws/install/imu_custom_msg/share/imu_custom_msg/cmake/export_imu_custom_msg__rosidl_typesupport_fastrtps_cppExport-noconfig.cmake
[2.417s] -- Up-to-date: /home/chayanin09/uros_ws/install/imu_custom_msg/share/imu_custom_msg/cmake/imu_custom_msg__rosidl_typesupport_introspection_cppExport.cmake
[2.417s] -- Up-to-date: /home/chayanin09/uros_ws/install/imu_custom_msg/share/imu_custom_msg/cmake/imu_custom_msg__rosidl_typesupport_introspection_cppExport-noconfig.cmake
[2.417s] -- Up-to-date: /home/chayanin09/uros_ws/install/imu_custom_msg/share/imu_custom_msg/cmake/imu_custom_msg__rosidl_typesupport_cppExport.cmake
[2.417s] -- Up-to-date: /home/chayanin09/uros_ws/install/imu_custom_msg/share/imu_custom_msg/cmake/imu_custom_msg__rosidl_typesupport_cppExport-noconfig.cmake
[2.417s] -- Up-to-date: /home/chayanin09/uros_ws/install/imu_custom_msg/share/imu_custom_msg/cmake/export_imu_custom_msg__rosidl_generator_pyExport.cmake
[2.417s] -- Up-to-date: /home/chayanin09/uros_ws/install/imu_custom_msg/share/imu_custom_msg/cmake/export_imu_custom_msg__rosidl_generator_pyExport-noconfig.cmake
[2.417s] -- Installing: /home/chayanin09/uros_ws/install/imu_custom_msg/share/imu_custom_msg/cmake/rosidl_cmake-extras.cmake
[2.417s] -- Up-to-date: /home/chayanin09/uros_ws/install/imu_custom_msg/share/imu_custom_msg/cmake/ament_cmake_export_dependencies-extras.cmake
[2.417s] -- Up-to-date: /home/chayanin09/uros_ws/install/imu_custom_msg/share/imu_custom_msg/cmake/ament_cmake_export_include_directories-extras.cmake
[2.417s] -- Up-to-date: /home/chayanin09/uros_ws/install/imu_custom_msg/share/imu_custom_msg/cmake/ament_cmake_export_libraries-extras.cmake
[2.417s] -- Up-to-date: /home/chayanin09/uros_ws/install/imu_custom_msg/share/imu_custom_msg/cmake/ament_cmake_export_targets-extras.cmake
[2.417s] -- Up-to-date: /home/chayanin09/uros_ws/install/imu_custom_msg/share/imu_custom_msg/cmake/rosidl_cmake_export_typesupport_targets-extras.cmake
[2.417s] -- Up-to-date: /home/chayanin09/uros_ws/install/imu_custom_msg/share/imu_custom_msg/cmake/rosidl_cmake_export_typesupport_libraries-extras.cmake
[2.417s] -- Up-to-date: /home/chayanin09/uros_ws/install/imu_custom_msg/share/imu_custom_msg/cmake/imu_custom_msgConfig.cmake
[2.417s] -- Up-to-date: /home/chayanin09/uros_ws/install/imu_custom_msg/share/imu_custom_msg/cmake/imu_custom_msgConfig-version.cmake
[2.417s] -- Up-to-date: /home/chayanin09/uros_ws/install/imu_custom_msg/share/imu_custom_msg/package.xml
[2.419s] Invoked command in '/home/chayanin09/uros_ws/build/imu_custom_msg' returned '0': CMAKE_PREFIX_PATH=${CMAKE_PREFIX_PATH}:/opt/ros/humble /usr/bin/cmake --install /home/chayanin09/uros_ws/build/imu_custom_msg
