-- The C compiler identification is GNU 11.4.0
-- The CXX compiler identification is GNU 11.4.0
-- Detecting C compiler ABI info
-- Detecting C compiler ABI info - done
-- Check for working C compiler: /usr/bin/cc - skipped
-- Detecting C compile features
-- Detecting C compile features - done
-- Detecting CXX compiler ABI info
-- Detecting CXX compiler ABI info - done
-- Check for working CXX compiler: /usr/bin/c++ - skipped
-- Detecting CXX compile features
-- Detecting CXX compile features - done
-- Found ament_cmake: 1.3.10 (/opt/ros/humble/share/ament_cmake/cmake)
-- Found Python3: /usr/bin/python3 (found version "3.10.12") found components: Interpreter 
-- Found rclcpp: 16.0.10 (/opt/ros/humble/share/rclcpp/cmake)
-- Found rosidl_generator_c: 3.1.5 (/opt/ros/humble/share/rosidl_generator_c/cmake)
-- Found rosidl_adapter: 3.1.5 (/opt/ros/humble/share/rosidl_adapter/cmake)
-- Found rosidl_generator_cpp: 3.1.5 (/opt/ros/humble/share/rosidl_generator_cpp/cmake)
-- Using all available rosidl_typesupport_c: rosidl_typesupport_fastrtps_c;rosidl_typesupport_introspection_c
-- Using all available rosidl_typesupport_cpp: rosidl_typesupport_fastrtps_cpp;rosidl_typesupport_introspection_cpp
-- Found rmw_implementation_cmake: 6.1.2 (/opt/ros/humble/share/rmw_implementation_cmake/cmake)
-- Found rmw_fastrtps_cpp: 6.2.7 (/opt/ros/humble/share/rmw_fastrtps_cpp/cmake)
-- Found OpenSSL: /usr/lib/x86_64-linux-gnu/libcrypto.so (found version "3.0.2")  
-- Found FastRTPS: /opt/ros/humble/include  
-- Using RMW implementation 'rmw_fastrtps_cpp' as default
-- Looking for pthread.h
-- Looking for pthread.h - found
-- Performing Test CMAKE_HAVE_LIBC_PTHREAD
-- Performing Test CMAKE_HAVE_LIBC_PTHREAD - Success
-- Found Threads: TRUE  
-- Found rclpy: 3.3.14 (/opt/ros/humble/share/rclpy/cmake)
-- Configuring done
-- Generating done
-- Build files have been written to: /home/waritt/imu_force_ws_main/build/imu_calibration
Built target ament_cmake_python_copy_imu_calibration
running egg_info
creating imu_calibration.egg-info
writing imu_calibration.egg-info/PKG-INFO
writing dependency_links to imu_calibration.egg-info/dependency_links.txt
writing top-level names to imu_calibration.egg-info/top_level.txt
writing manifest file 'imu_calibration.egg-info/SOURCES.txt'
reading manifest file 'imu_calibration.egg-info/SOURCES.txt'
writing manifest file 'imu_calibration.egg-info/SOURCES.txt'
Built target ament_cmake_python_build_imu_calibration_egg
-- Install configuration: ""
-- Installing: /home/waritt/imu_force_ws_main/install/imu_calibration/share/imu_calibration/environment/pythonpath.sh
-- Installing: /home/waritt/imu_force_ws_main/install/imu_calibration/share/imu_calibration/environment/pythonpath.dsv
-- Installing: /home/waritt/imu_force_ws_main/install/imu_calibration/local/lib/python3.10/dist-packages/imu_calibration-0.0.0-py3.10.egg-info
-- Installing: /home/waritt/imu_force_ws_main/install/imu_calibration/local/lib/python3.10/dist-packages/imu_calibration-0.0.0-py3.10.egg-info/SOURCES.txt
-- Installing: /home/waritt/imu_force_ws_main/install/imu_calibration/local/lib/python3.10/dist-packages/imu_calibration-0.0.0-py3.10.egg-info/top_level.txt
-- Installing: /home/waritt/imu_force_ws_main/install/imu_calibration/local/lib/python3.10/dist-packages/imu_calibration-0.0.0-py3.10.egg-info/PKG-INFO
-- Installing: /home/waritt/imu_force_ws_main/install/imu_calibration/local/lib/python3.10/dist-packages/imu_calibration-0.0.0-py3.10.egg-info/dependency_links.txt
-- Installing: /home/waritt/imu_force_ws_main/install/imu_calibration/local/lib/python3.10/dist-packages/imu_calibration
-- Installing: /home/waritt/imu_force_ws_main/install/imu_calibration/local/lib/python3.10/dist-packages/imu_calibration/__init__.py
Listing '/home/waritt/imu_force_ws_main/install/imu_calibration/local/lib/python3.10/dist-packages/imu_calibration'...
Compiling '/home/waritt/imu_force_ws_main/install/imu_calibration/local/lib/python3.10/dist-packages/imu_calibration/__init__.py'...
-- Installing: /home/waritt/imu_force_ws_main/install/imu_calibration/lib/imu_calibration/imu_calibration.py
-- Installing: /home/waritt/imu_force_ws_main/install/imu_calibration/lib/imu_calibration/dummy_node.py
-- Up-to-date: /home/waritt/imu_force_ws_main/install/imu_calibration/share/imu_calibration
-- Installing: /home/waritt/imu_force_ws_main/install/imu_calibration/share/ament_index/resource_index/package_run_dependencies/imu_calibration
-- Installing: /home/waritt/imu_force_ws_main/install/imu_calibration/share/ament_index/resource_index/parent_prefix_path/imu_calibration
-- Installing: /home/waritt/imu_force_ws_main/install/imu_calibration/share/imu_calibration/environment/ament_prefix_path.sh
-- Installing: /home/waritt/imu_force_ws_main/install/imu_calibration/share/imu_calibration/environment/ament_prefix_path.dsv
-- Installing: /home/waritt/imu_force_ws_main/install/imu_calibration/share/imu_calibration/environment/path.sh
-- Installing: /home/waritt/imu_force_ws_main/install/imu_calibration/share/imu_calibration/environment/path.dsv
-- Installing: /home/waritt/imu_force_ws_main/install/imu_calibration/share/imu_calibration/local_setup.bash
-- Installing: /home/waritt/imu_force_ws_main/install/imu_calibration/share/imu_calibration/local_setup.sh
-- Installing: /home/waritt/imu_force_ws_main/install/imu_calibration/share/imu_calibration/local_setup.zsh
-- Installing: /home/waritt/imu_force_ws_main/install/imu_calibration/share/imu_calibration/local_setup.dsv
-- Installing: /home/waritt/imu_force_ws_main/install/imu_calibration/share/imu_calibration/package.dsv
-- Installing: /home/waritt/imu_force_ws_main/install/imu_calibration/share/ament_index/resource_index/packages/imu_calibration
-- Installing: /home/waritt/imu_force_ws_main/install/imu_calibration/share/imu_calibration/cmake/imu_calibrationConfig.cmake
-- Installing: /home/waritt/imu_force_ws_main/install/imu_calibration/share/imu_calibration/cmake/imu_calibrationConfig-version.cmake
-- Installing: /home/waritt/imu_force_ws_main/install/imu_calibration/share/imu_calibration/package.xml
