[0.018s] Invoking command in '/home/waritt/imu_force_ws_main/build/imu_calibration': CMAKE_PREFIX_PATH=${CMAKE_PREFIX_PATH}:/opt/ros/humble /usr/bin/cmake /home/waritt/imu_force_ws_main/src/IMU_calibrator -DCMAKE_INSTALL_PREFIX=/home/waritt/imu_force_ws_main/install/imu_calibration
[0.056s] -- The C compiler identification is GNU 11.4.0
[0.092s] -- The CXX compiler identification is GNU 11.4.0
[0.097s] -- Detecting C compiler ABI info
[0.143s] -- Detecting C compiler ABI info - done
[0.153s] -- Check for working C compiler: /usr/bin/cc - skipped
[0.153s] -- Detecting C compile features
[0.153s] -- Detecting C compile features - done
[0.156s] -- Detecting CXX compiler ABI info
[0.210s] -- Detecting CXX compiler ABI info - done
[0.215s] -- Check for working CXX compiler: /usr/bin/c++ - skipped
[0.215s] -- Detecting CXX compile features
[0.216s] -- Detecting CXX compile features - done
[0.218s] -- Found ament_cmake: 1.3.10 (/opt/ros/humble/share/ament_cmake/cmake)
[0.342s] -- Found Python3: /usr/bin/python3 (found version "3.10.12") found components: Interpreter 
[0.423s] -- Found rclcpp: 16.0.10 (/opt/ros/humble/share/rclcpp/cmake)
[0.464s] -- Found rosidl_generator_c: 3.1.5 (/opt/ros/humble/share/rosidl_generator_c/cmake)
[0.469s] -- Found rosidl_adapter: 3.1.5 (/opt/ros/humble/share/rosidl_adapter/cmake)
[0.477s] -- Found rosidl_generator_cpp: 3.1.5 (/opt/ros/humble/share/rosidl_generator_cpp/cmake)
[0.487s] -- Using all available rosidl_typesupport_c: rosidl_typesupport_fastrtps_c;rosidl_typesupport_introspection_c
[0.501s] -- Using all available rosidl_typesupport_cpp: rosidl_typesupport_fastrtps_cpp;rosidl_typesupport_introspection_cpp
[0.541s] -- Found rmw_implementation_cmake: 6.1.2 (/opt/ros/humble/share/rmw_implementation_cmake/cmake)
[0.545s] -- Found rmw_fastrtps_cpp: 6.2.7 (/opt/ros/humble/share/rmw_fastrtps_cpp/cmake)
[0.612s] -- Found OpenSSL: /usr/lib/x86_64-linux-gnu/libcrypto.so (found version "3.0.2")  
[0.633s] -- Found FastRTPS: /opt/ros/humble/include  
[0.663s] -- Using RMW implementation 'rmw_fastrtps_cpp' as default
[0.672s] -- Looking for pthread.h
[0.722s] -- Looking for pthread.h - found
[0.722s] -- Performing Test CMAKE_HAVE_LIBC_PTHREAD
[0.772s] -- Performing Test CMAKE_HAVE_LIBC_PTHREAD - Success
[0.773s] -- Found Threads: TRUE  
[0.812s] -- Found rclpy: 3.3.14 (/opt/ros/humble/share/rclpy/cmake)
[0.925s] -- Configuring done
[0.928s] -- Generating done
[0.929s] -- Build files have been written to: /home/waritt/imu_force_ws_main/build/imu_calibration
[0.935s] Invoked command in '/home/waritt/imu_force_ws_main/build/imu_calibration' returned '0': CMAKE_PREFIX_PATH=${CMAKE_PREFIX_PATH}:/opt/ros/humble /usr/bin/cmake /home/waritt/imu_force_ws_main/src/IMU_calibrator -DCMAKE_INSTALL_PREFIX=/home/waritt/imu_force_ws_main/install/imu_calibration
[0.936s] Invoking command in '/home/waritt/imu_force_ws_main/build/imu_calibration': CMAKE_PREFIX_PATH=${CMAKE_PREFIX_PATH}:/opt/ros/humble /usr/bin/cmake --build /home/waritt/imu_force_ws_main/build/imu_calibration -- -j16 -l16
[0.977s] Built target ament_cmake_python_copy_imu_calibration
[1.185s] running egg_info
[1.185s] creating imu_calibration.egg-info
[1.186s] writing imu_calibration.egg-info/PKG-INFO
[1.186s] writing dependency_links to imu_calibration.egg-info/dependency_links.txt
[1.186s] writing top-level names to imu_calibration.egg-info/top_level.txt
[1.186s] writing manifest file 'imu_calibration.egg-info/SOURCES.txt'
[1.187s] reading manifest file 'imu_calibration.egg-info/SOURCES.txt'
[1.188s] writing manifest file 'imu_calibration.egg-info/SOURCES.txt'
[1.214s] Built target ament_cmake_python_build_imu_calibration_egg
[1.222s] Invoked command in '/home/waritt/imu_force_ws_main/build/imu_calibration' returned '0': CMAKE_PREFIX_PATH=${CMAKE_PREFIX_PATH}:/opt/ros/humble /usr/bin/cmake --build /home/waritt/imu_force_ws_main/build/imu_calibration -- -j16 -l16
[1.249s] Invoking command in '/home/waritt/imu_force_ws_main/build/imu_calibration': CMAKE_PREFIX_PATH=${CMAKE_PREFIX_PATH}:/opt/ros/humble /usr/bin/cmake --install /home/waritt/imu_force_ws_main/build/imu_calibration
[1.254s] -- Install configuration: ""
[1.254s] -- Installing: /home/waritt/imu_force_ws_main/install/imu_calibration/share/imu_calibration/environment/pythonpath.sh
[1.254s] -- Installing: /home/waritt/imu_force_ws_main/install/imu_calibration/share/imu_calibration/environment/pythonpath.dsv
[1.254s] -- Installing: /home/waritt/imu_force_ws_main/install/imu_calibration/local/lib/python3.10/dist-packages/imu_calibration-0.0.0-py3.10.egg-info
[1.254s] -- Installing: /home/waritt/imu_force_ws_main/install/imu_calibration/local/lib/python3.10/dist-packages/imu_calibration-0.0.0-py3.10.egg-info/SOURCES.txt
[1.254s] -- Installing: /home/waritt/imu_force_ws_main/install/imu_calibration/local/lib/python3.10/dist-packages/imu_calibration-0.0.0-py3.10.egg-info/top_level.txt
[1.254s] -- Installing: /home/waritt/imu_force_ws_main/install/imu_calibration/local/lib/python3.10/dist-packages/imu_calibration-0.0.0-py3.10.egg-info/PKG-INFO
[1.254s] -- Installing: /home/waritt/imu_force_ws_main/install/imu_calibration/local/lib/python3.10/dist-packages/imu_calibration-0.0.0-py3.10.egg-info/dependency_links.txt
[1.254s] -- Installing: /home/waritt/imu_force_ws_main/install/imu_calibration/local/lib/python3.10/dist-packages/imu_calibration
[1.255s] -- Installing: /home/waritt/imu_force_ws_main/install/imu_calibration/local/lib/python3.10/dist-packages/imu_calibration/__init__.py
[1.282s] Listing '/home/waritt/imu_force_ws_main/install/imu_calibration/local/lib/python3.10/dist-packages/imu_calibration'...
[1.282s] Compiling '/home/waritt/imu_force_ws_main/install/imu_calibration/local/lib/python3.10/dist-packages/imu_calibration/__init__.py'...
[1.285s] -- Installing: /home/waritt/imu_force_ws_main/install/imu_calibration/lib/imu_calibration/imu_calibration.py
[1.285s] -- Installing: /home/waritt/imu_force_ws_main/install/imu_calibration/lib/imu_calibration/dummy_node.py
[1.285s] -- Up-to-date: /home/waritt/imu_force_ws_main/install/imu_calibration/share/imu_calibration
[1.285s] -- Installing: /home/waritt/imu_force_ws_main/install/imu_calibration/share/ament_index/resource_index/package_run_dependencies/imu_calibration
[1.285s] -- Installing: /home/waritt/imu_force_ws_main/install/imu_calibration/share/ament_index/resource_index/parent_prefix_path/imu_calibration
[1.285s] -- Installing: /home/waritt/imu_force_ws_main/install/imu_calibration/share/imu_calibration/environment/ament_prefix_path.sh
[1.285s] -- Installing: /home/waritt/imu_force_ws_main/install/imu_calibration/share/imu_calibration/environment/ament_prefix_path.dsv
[1.285s] -- Installing: /home/waritt/imu_force_ws_main/install/imu_calibration/share/imu_calibration/environment/path.sh
[1.285s] -- Installing: /home/waritt/imu_force_ws_main/install/imu_calibration/share/imu_calibration/environment/path.dsv
[1.285s] -- Installing: /home/waritt/imu_force_ws_main/install/imu_calibration/share/imu_calibration/local_setup.bash
[1.285s] -- Installing: /home/waritt/imu_force_ws_main/install/imu_calibration/share/imu_calibration/local_setup.sh
[1.285s] -- Installing: /home/waritt/imu_force_ws_main/install/imu_calibration/share/imu_calibration/local_setup.zsh
[1.285s] -- Installing: /home/waritt/imu_force_ws_main/install/imu_calibration/share/imu_calibration/local_setup.dsv
[1.285s] -- Installing: /home/waritt/imu_force_ws_main/install/imu_calibration/share/imu_calibration/package.dsv
[1.285s] -- Installing: /home/waritt/imu_force_ws_main/install/imu_calibration/share/ament_index/resource_index/packages/imu_calibration
[1.286s] -- Installing: /home/waritt/imu_force_ws_main/install/imu_calibration/share/imu_calibration/cmake/imu_calibrationConfig.cmake
[1.286s] -- Installing: /home/waritt/imu_force_ws_main/install/imu_calibration/share/imu_calibration/cmake/imu_calibrationConfig-version.cmake
[1.286s] -- Installing: /home/waritt/imu_force_ws_main/install/imu_calibration/share/imu_calibration/package.xml
[1.287s] Invoked command in '/home/waritt/imu_force_ws_main/build/imu_calibration' returned '0': CMAKE_PREFIX_PATH=${CMAKE_PREFIX_PATH}:/opt/ros/humble /usr/bin/cmake --install /home/waritt/imu_force_ws_main/build/imu_calibration
