[0.012s] Invoking command in '/home/chayanin09/uros_ws/build/imu_custom_msg': CMAKE_PREFIX_PATH=${CMAKE_PREFIX_PATH}:/opt/ros/humble /usr/bin/cmake /home/chayanin09/uros_ws/src/imu_custom_msg -DCMAKE_INSTALL_PREFIX=/home/chayanin09/uros_ws/install/imu_custom_msg
[0.098s] -- The C compiler identification is GNU 11.4.0
[0.148s] -- The CXX compiler identification is GNU 11.4.0
[0.157s] -- Detecting C compiler ABI info
[0.213s] -- Detecting C compiler ABI info - done
[0.218s] -- Check for working C compiler: /usr/bin/cc - skipped
[0.219s] -- Detecting C compile features
[0.219s] -- Detecting C compile features - done
[0.221s] -- Detecting CXX compiler ABI info
[0.278s] -- Detecting CXX compiler ABI info - done
[0.286s] -- Check for working CXX compiler: /usr/bin/c++ - skipped
[0.286s] -- Detecting CXX compile features
[0.286s] -- Detecting CXX compile features - done
[0.290s] -- Found ament_cmake: 1.3.10 (/opt/ros/humble/share/ament_cmake/cmake)
[0.392s] -- Found Python3: /usr/bin/python3 (found version "3.10.12") found components: Interpreter 
[0.454s] -- Found rosidl_default_generators: 1.2.0 (/opt/ros/humble/share/rosidl_default_generators/cmake)
[0.457s] -- Using all available rosidl_typesupport_c: rosidl_typesupport_fastrtps_c;rosidl_typesupport_introspection_c
[0.463s] -- Found rosidl_adapter: 3.1.5 (/opt/ros/humble/share/rosidl_adapter/cmake)
[0.496s] -- Using all available rosidl_typesupport_cpp: rosidl_typesupport_fastrtps_cpp;rosidl_typesupport_introspection_cpp
[0.530s] -- Found std_msgs: 4.2.4 (/opt/ros/humble/share/std_msgs/cmake)
[0.649s] [31mCMake Error at /opt/ros/humble/share/rosidl_adapter/cmake/rosidl_adapt_interfaces.cmake:59 (message):
[0.649s]   execute_process(/usr/bin/python3 -m rosidl_adapter --package-name
[0.649s]   imu_custom_msg --arguments-file
[0.649s]   /home/chayanin09/uros_ws/build/imu_custom_msg/rosidl_adapter__arguments__imu_custom_msg.json
[0.649s]   --output-dir
[0.649s]   /home/chayanin09/uros_ws/build/imu_custom_msg/rosidl_adapter/imu_custom_msg
[0.649s]   --output-file
[0.649s]   /home/chayanin09/uros_ws/build/imu_custom_msg/rosidl_adapter/imu_custom_msg.idls)
[0.649s]   returned error code 1:
[0.649s] 
[0.649s]   Traceback (most recent call last):
[0.649s] 
[0.649s]     File "/usr/lib/python3.10/runpy.py", line 196, in _run_module_as_main
[0.649s]       return _run_code(code, main_globals, None,
[0.650s]     File "/usr/lib/python3.10/runpy.py", line 86, in _run_code
[0.650s]       exec(code, run_globals)
[0.650s]     File "/opt/ros/humble/local/lib/python3.10/dist-packages/rosidl_adapter/__main__.py", line 19, in <module>
[0.650s]       sys.exit(main())
[0.650s]     File "/opt/ros/humble/local/lib/python3.10/dist-packages/rosidl_adapter/main.py", line 53, in main
[0.650s]       abs_idl_file = convert_to_idl(
[0.650s]     File "/opt/ros/humble/local/lib/python3.10/dist-packages/rosidl_adapter/__init__.py", line 24, in convert_to_idl
[0.650s]       return convert_srv_to_idl(
[0.650s]     File "/opt/ros/humble/local/lib/python3.10/dist-packages/rosidl_adapter/srv/__init__.py", line 28, in convert_srv_to_idl
[0.650s]       srv = parse_service_string(package_name, input_file.stem, content)
[0.650s]     File "/opt/ros/humble/local/lib/python3.10/dist-packages/rosidl_adapter/parser.py", line 859, in parse_service_string
[0.650s]       request_message = parse_message_string(
[0.650s]     File "/opt/ros/humble/local/lib/python3.10/dist-packages/rosidl_adapter/parser.py", line 544, in parse_message_string
[0.650s]       msg = MessageSpecification(pkg_name, msg_name, fields, constants)
[0.651s]     File "/opt/ros/humble/local/lib/python3.10/dist-packages/rosidl_adapter/parser.py", line 388, in __init__
[0.651s]       self.base_type = BaseType(
[0.651s]     File "/opt/ros/humble/local/lib/python3.10/dist-packages/rosidl_adapter/parser.py", line 205, in __init__
[0.651s]       raise InvalidResourceName(
[0.651s] 
[0.651s]   rosidl_adapter.parser.InvalidResourceName: 'getStatus_Request' is an
[0.651s]   invalid message name.  It should have the pattern '^[A-Z][A-Za-z0-9]*$'
[0.651s] 
[0.651s] Call Stack (most recent call first):
[0.651s]   /opt/ros/humble/share/rosidl_cmake/cmake/rosidl_generate_interfaces.cmake:130 (rosidl_adapt_interfaces)
[0.651s]   CMakeLists.txt:16 (rosidl_generate_interfaces)
[0.651s] 
[0.651s] [0m
[0.651s] -- Configuring incomplete, errors occurred!
[0.651s] See also "/home/chayanin09/uros_ws/build/imu_custom_msg/CMakeFiles/CMakeOutput.log".
[0.654s] Invoked command in '/home/chayanin09/uros_ws/build/imu_custom_msg' returned '1': CMAKE_PREFIX_PATH=${CMAKE_PREFIX_PATH}:/opt/ros/humble /usr/bin/cmake /home/chayanin09/uros_ws/src/imu_custom_msg -DCMAKE_INSTALL_PREFIX=/home/chayanin09/uros_ws/install/imu_custom_msg
