[0.168s] DEBUG:colcon:Command line arguments: ['/usr/bin/colcon', 'build', '--packages-select', 'imu_force_gazebo']
[0.169s] DEBUG:colcon:Parsed command line arguments: Namespace(log_base=None, log_level=None, verb_name='build', build_base='build', install_base='install', merge_install=False, symlink_install=False, test_result_base=None, continue_on_error=False, executor='parallel', parallel_workers=16, event_handlers=None, ignore_user_meta=False, metas=['./colcon.meta'], base_paths=['.'], packages_ignore=None, packages_ignore_regex=None, paths=None, packages_up_to=None, packages_up_to_regex=None, packages_above=None, packages_above_and_dependencies=None, packages_above_depth=None, packages_select_by_dep=None, packages_skip_by_dep=None, packages_skip_up_to=None, packages_select_build_failed=False, packages_skip_build_finished=False, packages_select_test_failures=False, packages_skip_test_passed=False, packages_select=['imu_force_gazebo'], packages_skip=None, packages_select_regex=None, packages_skip_regex=None, packages_start=None, packages_end=None, allow_overriding=[], cmake_args=None, cmake_target=None, cmake_target_skip_unavailable=False, cmake_clean_cache=False, cmake_clean_first=False, cmake_force_configure=False, ament_cmake_args=None, catkin_cmake_args=None, catkin_skip_building_tests=False, verb_parser=<colcon_defaults.argument_parser.defaults.DefaultArgumentsDecorator object at 0x7bcd6f7041f0>, verb_extension=<colcon_core.verb.build.BuildVerb object at 0x7bcd6f6cbd30>, main=<bound method BuildVerb.main of <colcon_core.verb.build.BuildVerb object at 0x7bcd6f6cbd30>>)
[0.339s] Level 1:colcon.colcon_core.package_discovery:discover_packages(colcon_meta) check parameters
[0.339s] Level 1:colcon.colcon_core.package_discovery:discover_packages(recursive) check parameters
[0.339s] Level 1:colcon.colcon_core.package_discovery:discover_packages(ignore) check parameters
[0.339s] Level 1:colcon.colcon_core.package_discovery:discover_packages(path) check parameters
[0.339s] Level 1:colcon.colcon_core.package_discovery:discover_packages(colcon_meta) discover
[0.339s] Level 1:colcon.colcon_core.package_discovery:discover_packages(recursive) discover
[0.339s] INFO:colcon.colcon_core.package_discovery:Crawling recursively for packages in '/home/waritt/imu_force_ws'
[0.340s] Level 1:colcon.colcon_core.package_identification:_identify(.) by extensions ['ignore', 'ignore_ament_install']
[0.340s] Level 1:colcon.colcon_core.package_identification:_identify(.) by extension 'ignore'
[0.340s] Level 1:colcon.colcon_core.package_identification:_identify(.) by extension 'ignore_ament_install'
[0.340s] Level 1:colcon.colcon_core.package_identification:_identify(.) by extensions ['colcon_pkg']
[0.340s] Level 1:colcon.colcon_core.package_identification:_identify(.) by extension 'colcon_pkg'
[0.340s] Level 1:colcon.colcon_core.package_identification:_identify(.) by extensions ['colcon_meta']
[0.340s] Level 1:colcon.colcon_core.package_identification:_identify(.) by extension 'colcon_meta'
[0.340s] Level 1:colcon.colcon_core.package_identification:_identify(.) by extensions ['ros']
[0.340s] Level 1:colcon.colcon_core.package_identification:_identify(.) by extension 'ros'
[0.348s] Level 1:colcon.colcon_core.package_identification:_identify(.) by extensions ['cmake', 'python']
[0.348s] Level 1:colcon.colcon_core.package_identification:_identify(.) by extension 'cmake'
[0.348s] Level 1:colcon.colcon_core.package_identification:_identify(.) by extension 'python'
[0.348s] Level 1:colcon.colcon_core.package_identification:_identify(.) by extensions ['python_setup_py']
[0.348s] Level 1:colcon.colcon_core.package_identification:_identify(.) by extension 'python_setup_py'
[0.348s] Level 1:colcon.colcon_core.package_identification:_identify(build) by extensions ['ignore', 'ignore_ament_install']
[0.348s] Level 1:colcon.colcon_core.package_identification:_identify(build) by extension 'ignore'
[0.348s] Level 1:colcon.colcon_core.package_identification:_identify(build) ignored
[0.348s] Level 1:colcon.colcon_core.package_identification:_identify(firmware) by extensions ['ignore', 'ignore_ament_install']
[0.348s] Level 1:colcon.colcon_core.package_identification:_identify(firmware) by extension 'ignore'
[0.348s] Level 1:colcon.colcon_core.package_identification:_identify(firmware) ignored
[0.348s] Level 1:colcon.colcon_core.package_identification:_identify(install) by extensions ['ignore', 'ignore_ament_install']
[0.348s] Level 1:colcon.colcon_core.package_identification:_identify(install) by extension 'ignore'
[0.348s] Level 1:colcon.colcon_core.package_identification:_identify(install) ignored
[0.348s] Level 1:colcon.colcon_core.package_identification:_identify(log) by extensions ['ignore', 'ignore_ament_install']
[0.348s] Level 1:colcon.colcon_core.package_identification:_identify(log) by extension 'ignore'
[0.348s] Level 1:colcon.colcon_core.package_identification:_identify(log) ignored
[0.348s] Level 1:colcon.colcon_core.package_identification:_identify(src) by extensions ['ignore', 'ignore_ament_install']
[0.348s] Level 1:colcon.colcon_core.package_identification:_identify(src) by extension 'ignore'
[0.348s] Level 1:colcon.colcon_core.package_identification:_identify(src) by extension 'ignore_ament_install'
[0.349s] Level 1:colcon.colcon_core.package_identification:_identify(src) by extensions ['colcon_pkg']
[0.349s] Level 1:colcon.colcon_core.package_identification:_identify(src) by extension 'colcon_pkg'
[0.349s] Level 1:colcon.colcon_core.package_identification:_identify(src) by extensions ['colcon_meta']
[0.349s] Level 1:colcon.colcon_core.package_identification:_identify(src) by extension 'colcon_meta'
[0.349s] Level 1:colcon.colcon_core.package_identification:_identify(src) by extensions ['ros']
[0.349s] Level 1:colcon.colcon_core.package_identification:_identify(src) by extension 'ros'
[0.349s] Level 1:colcon.colcon_core.package_identification:_identify(src) by extensions ['cmake', 'python']
[0.349s] Level 1:colcon.colcon_core.package_identification:_identify(src) by extension 'cmake'
[0.349s] Level 1:colcon.colcon_core.package_identification:_identify(src) by extension 'python'
[0.349s] Level 1:colcon.colcon_core.package_identification:_identify(src) by extensions ['python_setup_py']
[0.349s] Level 1:colcon.colcon_core.package_identification:_identify(src) by extension 'python_setup_py'
[0.349s] Level 1:colcon.colcon_core.package_identification:_identify(src/imu_force_gazebo) by extensions ['ignore', 'ignore_ament_install']
[0.349s] Level 1:colcon.colcon_core.package_identification:_identify(src/imu_force_gazebo) by extension 'ignore'
[0.349s] Level 1:colcon.colcon_core.package_identification:_identify(src/imu_force_gazebo) by extension 'ignore_ament_install'
[0.349s] Level 1:colcon.colcon_core.package_identification:_identify(src/imu_force_gazebo) by extensions ['colcon_pkg']
[0.349s] Level 1:colcon.colcon_core.package_identification:_identify(src/imu_force_gazebo) by extension 'colcon_pkg'
[0.349s] Level 1:colcon.colcon_core.package_identification:_identify(src/imu_force_gazebo) by extensions ['colcon_meta']
[0.349s] Level 1:colcon.colcon_core.package_identification:_identify(src/imu_force_gazebo) by extension 'colcon_meta'
[0.349s] Level 1:colcon.colcon_core.package_identification:_identify(src/imu_force_gazebo) by extensions ['ros']
[0.349s] Level 1:colcon.colcon_core.package_identification:_identify(src/imu_force_gazebo) by extension 'ros'
[0.351s] DEBUG:colcon.colcon_core.package_identification:Package 'src/imu_force_gazebo' with type 'ros.ament_cmake' and name 'imu_force_gazebo'
[0.351s] Level 1:colcon.colcon_core.package_discovery:discover_packages(recursive) using defaults
[0.351s] Level 1:colcon.colcon_core.package_discovery:discover_packages(ignore) discover
[0.351s] Level 1:colcon.colcon_core.package_discovery:discover_packages(ignore) using defaults
[0.351s] Level 1:colcon.colcon_core.package_discovery:discover_packages(path) discover
[0.351s] Level 1:colcon.colcon_core.package_discovery:discover_packages(path) using defaults
[0.375s] Level 1:colcon.colcon_core.package_discovery:discover_packages(prefix_path) check parameters
[0.375s] Level 1:colcon.colcon_core.package_discovery:discover_packages(prefix_path) discover
[0.378s] DEBUG:colcon.colcon_installed_package_information.package_discovery:Found 2 installed packages in /home/waritt/fun5mini_ws/install
[0.378s] DEBUG:colcon.colcon_installed_package_information.package_discovery:Found 6 installed packages in /home/waritt/urosrobotsim_ws/install
[0.378s] DEBUG:colcon.colcon_installed_package_information.package_discovery:Found 5 installed packages in /home/waritt/uros_ws/install
[0.379s] DEBUG:colcon.colcon_installed_package_information.package_discovery:Found 2 installed packages in /home/waritt/robotsim_ws/install
[0.379s] DEBUG:colcon.colcon_installed_package_information.package_discovery:Found 12 installed packages in /home/waritt/ros2_ws/install
[0.380s] DEBUG:colcon.colcon_installed_package_information.package_discovery:Found 421 installed packages in /opt/ros/humble
[0.381s] Level 1:colcon.colcon_core.package_discovery:discover_packages(prefix_path) using defaults
[0.424s] Level 5:colcon.colcon_core.verb:set package 'imu_force_gazebo' build argument 'cmake_args' from command line to 'None'
[0.424s] Level 5:colcon.colcon_core.verb:set package 'imu_force_gazebo' build argument 'cmake_target' from command line to 'None'
[0.424s] Level 5:colcon.colcon_core.verb:set package 'imu_force_gazebo' build argument 'cmake_target_skip_unavailable' from command line to 'False'
[0.424s] Level 5:colcon.colcon_core.verb:set package 'imu_force_gazebo' build argument 'cmake_clean_cache' from command line to 'False'
[0.424s] Level 5:colcon.colcon_core.verb:set package 'imu_force_gazebo' build argument 'cmake_clean_first' from command line to 'False'
[0.424s] Level 5:colcon.colcon_core.verb:set package 'imu_force_gazebo' build argument 'cmake_force_configure' from command line to 'False'
[0.424s] Level 5:colcon.colcon_core.verb:set package 'imu_force_gazebo' build argument 'ament_cmake_args' from command line to 'None'
[0.424s] Level 5:colcon.colcon_core.verb:set package 'imu_force_gazebo' build argument 'catkin_cmake_args' from command line to 'None'
[0.424s] Level 5:colcon.colcon_core.verb:set package 'imu_force_gazebo' build argument 'catkin_skip_building_tests' from command line to 'False'
[0.424s] DEBUG:colcon.colcon_core.verb:Building package 'imu_force_gazebo' with the following arguments: {'ament_cmake_args': None, 'build_base': '/home/waritt/imu_force_ws/build/imu_force_gazebo', 'catkin_cmake_args': None, 'catkin_skip_building_tests': False, 'cmake_args': None, 'cmake_clean_cache': False, 'cmake_clean_first': False, 'cmake_force_configure': False, 'cmake_target': None, 'cmake_target_skip_unavailable': False, 'install_base': '/home/waritt/imu_force_ws/install/imu_force_gazebo', 'merge_install': False, 'path': '/home/waritt/imu_force_ws/src/imu_force_gazebo', 'symlink_install': False, 'test_result_base': None}
[0.424s] INFO:colcon.colcon_core.executor:Executing jobs using 'parallel' executor
[0.425s] DEBUG:colcon.colcon_parallel_executor.executor.parallel:run_until_complete
[0.425s] INFO:colcon.colcon_ros.task.ament_cmake.build:Building ROS package in '/home/waritt/imu_force_ws/src/imu_force_gazebo' with build type 'ament_cmake'
[0.425s] INFO:colcon.colcon_cmake.task.cmake.build:Building CMake package in '/home/waritt/imu_force_ws/src/imu_force_gazebo'
[0.428s] INFO:colcon.colcon_core.plugin_system:Skipping extension 'colcon_core.shell.bat': Not used on non-Windows systems
[0.428s] INFO:colcon.colcon_core.shell:Skip shell extension 'powershell' for command environment: Not usable outside of PowerShell
[0.428s] DEBUG:colcon.colcon_core.shell:Skip shell extension 'dsv' for command environment
[0.434s] DEBUG:colcon.colcon_core.event_handler.log_command:Invoking command in '/home/waritt/imu_force_ws/build/imu_force_gazebo': CMAKE_PREFIX_PATH=${CMAKE_PREFIX_PATH}:/opt/ros/humble /usr/bin/cmake /home/waritt/imu_force_ws/src/imu_force_gazebo -DCMAKE_INSTALL_PREFIX=/home/waritt/imu_force_ws/install/imu_force_gazebo
[1.462s] DEBUG:colcon.colcon_core.event_handler.log_command:Invoked command in '/home/waritt/imu_force_ws/build/imu_force_gazebo' returned '0': CMAKE_PREFIX_PATH=${CMAKE_PREFIX_PATH}:/opt/ros/humble /usr/bin/cmake /home/waritt/imu_force_ws/src/imu_force_gazebo -DCMAKE_INSTALL_PREFIX=/home/waritt/imu_force_ws/install/imu_force_gazebo
[1.462s] DEBUG:colcon.colcon_core.event_handler.log_command:Invoking command in '/home/waritt/imu_force_ws/build/imu_force_gazebo': CMAKE_PREFIX_PATH=${CMAKE_PREFIX_PATH}:/opt/ros/humble /usr/bin/cmake --build /home/waritt/imu_force_ws/build/imu_force_gazebo -- -j16 -l16
[1.763s] DEBUG:colcon.colcon_core.event_handler.log_command:Invoked command in '/home/waritt/imu_force_ws/build/imu_force_gazebo' returned '0': CMAKE_PREFIX_PATH=${CMAKE_PREFIX_PATH}:/opt/ros/humble /usr/bin/cmake --build /home/waritt/imu_force_ws/build/imu_force_gazebo -- -j16 -l16
[1.806s] DEBUG:colcon.colcon_core.event_handler.log_command:Invoking command in '/home/waritt/imu_force_ws/build/imu_force_gazebo': CMAKE_PREFIX_PATH=${CMAKE_PREFIX_PATH}:/opt/ros/humble /usr/bin/cmake --install /home/waritt/imu_force_ws/build/imu_force_gazebo
[1.842s] Level 1:colcon.colcon_core.environment:create_environment_scripts_only(imu_force_gazebo)
[1.843s] DEBUG:colcon.colcon_core.event_handler.log_command:Invoked command in '/home/waritt/imu_force_ws/build/imu_force_gazebo' returned '0': CMAKE_PREFIX_PATH=${CMAKE_PREFIX_PATH}:/opt/ros/humble /usr/bin/cmake --install /home/waritt/imu_force_ws/build/imu_force_gazebo
[1.846s] Level 1:colcon.colcon_core.environment:checking '/home/waritt/imu_force_ws/install/imu_force_gazebo' for CMake module files
[1.846s] Level 1:colcon.colcon_core.environment:checking '/home/waritt/imu_force_ws/install/imu_force_gazebo' for CMake config files
[1.846s] Level 1:colcon.colcon_core.shell:create_environment_hook('imu_force_gazebo', 'cmake_prefix_path')
[1.847s] INFO:colcon.colcon_core.shell:Creating environment hook '/home/waritt/imu_force_ws/install/imu_force_gazebo/share/imu_force_gazebo/hook/cmake_prefix_path.ps1'
[1.847s] INFO:colcon.colcon_core.shell:Creating environment descriptor '/home/waritt/imu_force_ws/install/imu_force_gazebo/share/imu_force_gazebo/hook/cmake_prefix_path.dsv'
[1.848s] INFO:colcon.colcon_core.shell:Creating environment hook '/home/waritt/imu_force_ws/install/imu_force_gazebo/share/imu_force_gazebo/hook/cmake_prefix_path.sh'
[1.848s] Level 1:colcon.colcon_core.environment:checking '/home/waritt/imu_force_ws/install/imu_force_gazebo/lib'
[1.848s] Level 1:colcon.colcon_core.environment:checking '/home/waritt/imu_force_ws/install/imu_force_gazebo/bin'
[1.848s] Level 1:colcon.colcon_core.environment:checking '/home/waritt/imu_force_ws/install/imu_force_gazebo/lib/pkgconfig/imu_force_gazebo.pc'
[1.849s] Level 1:colcon.colcon_core.environment:checking '/home/waritt/imu_force_ws/install/imu_force_gazebo/lib/python3.10/site-packages'
[1.849s] Level 1:colcon.colcon_core.environment:checking '/home/waritt/imu_force_ws/install/imu_force_gazebo/bin'
[1.849s] INFO:colcon.colcon_core.shell:Creating package script '/home/waritt/imu_force_ws/install/imu_force_gazebo/share/imu_force_gazebo/package.ps1'
[1.849s] INFO:colcon.colcon_core.shell:Creating package descriptor '/home/waritt/imu_force_ws/install/imu_force_gazebo/share/imu_force_gazebo/package.dsv'
[1.850s] INFO:colcon.colcon_core.shell:Creating package script '/home/waritt/imu_force_ws/install/imu_force_gazebo/share/imu_force_gazebo/package.sh'
[1.850s] INFO:colcon.colcon_core.shell:Creating package script '/home/waritt/imu_force_ws/install/imu_force_gazebo/share/imu_force_gazebo/package.bash'
[1.851s] INFO:colcon.colcon_core.shell:Creating package script '/home/waritt/imu_force_ws/install/imu_force_gazebo/share/imu_force_gazebo/package.zsh'
[1.851s] Level 1:colcon.colcon_core.environment:create_file_with_runtime_dependencies(/home/waritt/imu_force_ws/install/imu_force_gazebo/share/colcon-core/packages/imu_force_gazebo)
[1.873s] Level 1:colcon.colcon_core.environment:create_environment_scripts_only(imu_force_gazebo)
[1.874s] Level 1:colcon.colcon_core.environment:checking '/home/waritt/imu_force_ws/install/imu_force_gazebo' for CMake module files
[1.874s] Level 1:colcon.colcon_core.environment:checking '/home/waritt/imu_force_ws/install/imu_force_gazebo' for CMake config files
[1.874s] Level 1:colcon.colcon_core.shell:create_environment_hook('imu_force_gazebo', 'cmake_prefix_path')
[1.874s] INFO:colcon.colcon_core.shell:Creating environment hook '/home/waritt/imu_force_ws/install/imu_force_gazebo/share/imu_force_gazebo/hook/cmake_prefix_path.ps1'
[1.874s] INFO:colcon.colcon_core.shell:Creating environment descriptor '/home/waritt/imu_force_ws/install/imu_force_gazebo/share/imu_force_gazebo/hook/cmake_prefix_path.dsv'
[1.875s] INFO:colcon.colcon_core.shell:Creating environment hook '/home/waritt/imu_force_ws/install/imu_force_gazebo/share/imu_force_gazebo/hook/cmake_prefix_path.sh'
[1.875s] Level 1:colcon.colcon_core.environment:checking '/home/waritt/imu_force_ws/install/imu_force_gazebo/lib'
[1.875s] Level 1:colcon.colcon_core.environment:checking '/home/waritt/imu_force_ws/install/imu_force_gazebo/bin'
[1.875s] Level 1:colcon.colcon_core.environment:checking '/home/waritt/imu_force_ws/install/imu_force_gazebo/lib/pkgconfig/imu_force_gazebo.pc'
[1.875s] Level 1:colcon.colcon_core.environment:checking '/home/waritt/imu_force_ws/install/imu_force_gazebo/lib/python3.10/site-packages'
[1.875s] Level 1:colcon.colcon_core.environment:checking '/home/waritt/imu_force_ws/install/imu_force_gazebo/bin'
[1.875s] INFO:colcon.colcon_core.shell:Creating package script '/home/waritt/imu_force_ws/install/imu_force_gazebo/share/imu_force_gazebo/package.ps1'
[1.876s] INFO:colcon.colcon_core.shell:Creating package descriptor '/home/waritt/imu_force_ws/install/imu_force_gazebo/share/imu_force_gazebo/package.dsv'
[1.876s] INFO:colcon.colcon_core.shell:Creating package script '/home/waritt/imu_force_ws/install/imu_force_gazebo/share/imu_force_gazebo/package.sh'
[1.876s] INFO:colcon.colcon_core.shell:Creating package script '/home/waritt/imu_force_ws/install/imu_force_gazebo/share/imu_force_gazebo/package.bash'
[1.876s] INFO:colcon.colcon_core.shell:Creating package script '/home/waritt/imu_force_ws/install/imu_force_gazebo/share/imu_force_gazebo/package.zsh'
[1.876s] Level 1:colcon.colcon_core.environment:create_file_with_runtime_dependencies(/home/waritt/imu_force_ws/install/imu_force_gazebo/share/colcon-core/packages/imu_force_gazebo)
[1.877s] DEBUG:colcon.colcon_parallel_executor.executor.parallel:closing loop
[1.877s] DEBUG:colcon.colcon_parallel_executor.executor.parallel:loop closed
[1.877s] DEBUG:colcon.colcon_parallel_executor.executor.parallel:run_until_complete finished with '0'
[1.877s] DEBUG:colcon.colcon_core.event_reactor:joining thread
[1.881s] INFO:colcon.colcon_core.plugin_system:Skipping extension 'colcon_notification.desktop_notification.terminal_notifier': Not used on non-Darwin systems
[1.881s] INFO:colcon.colcon_core.plugin_system:Skipping extension 'colcon_notification.desktop_notification.win32': Not used on non-Windows systems
[1.881s] INFO:colcon.colcon_notification.desktop_notification:Sending desktop notification using 'notify2'
[1.888s] DEBUG:colcon.colcon_core.event_reactor:joined thread
[1.888s] INFO:colcon.colcon_core.shell:Creating prefix script '/home/waritt/imu_force_ws/install/local_setup.ps1'
[1.889s] INFO:colcon.colcon_core.shell:Creating prefix util module '/home/waritt/imu_force_ws/install/_local_setup_util_ps1.py'
[1.890s] INFO:colcon.colcon_core.shell:Creating prefix chain script '/home/waritt/imu_force_ws/install/setup.ps1'
[1.891s] INFO:colcon.colcon_core.shell:Creating prefix script '/home/waritt/imu_force_ws/install/local_setup.sh'
[1.891s] INFO:colcon.colcon_core.shell:Creating prefix util module '/home/waritt/imu_force_ws/install/_local_setup_util_sh.py'
[1.892s] INFO:colcon.colcon_core.shell:Creating prefix chain script '/home/waritt/imu_force_ws/install/setup.sh'
[1.893s] INFO:colcon.colcon_core.shell:Creating prefix script '/home/waritt/imu_force_ws/install/local_setup.bash'
[1.893s] INFO:colcon.colcon_core.shell:Creating prefix chain script '/home/waritt/imu_force_ws/install/setup.bash'
[1.894s] INFO:colcon.colcon_core.shell:Creating prefix script '/home/waritt/imu_force_ws/install/local_setup.zsh'
[1.895s] INFO:colcon.colcon_core.shell:Creating prefix chain script '/home/waritt/imu_force_ws/install/setup.zsh'
