[0.008s] Invoking command in '/home/waritt/imu_force_ws/build/imu_force_description': CMAKE_PREFIX_PATH=${CMAKE_PREFIX_PATH}:/opt/ros/humble /usr/bin/cmake /home/waritt/imu_force_ws/src/imu_force_description -DCMAKE_INSTALL_PREFIX=/home/waritt/imu_force_ws/install/imu_force_description
[0.051s] -- The C compiler identification is GNU 11.4.0
[0.097s] -- The CXX compiler identification is GNU 11.4.0
[0.102s] -- Detecting C compiler ABI info
[0.148s] -- Detecting C compiler ABI info - done
[0.153s] -- Check for working C compiler: /usr/bin/cc - skipped
[0.153s] -- Detecting C compile features
[0.153s] -- Detecting C compile features - done
[0.155s] -- Detecting CXX compiler ABI info
[0.249s] -- Detecting CXX compiler ABI info - done
[0.254s] -- Check for working CXX compiler: /usr/bin/c++ - skipped
[0.254s] -- Detecting CXX compile features
[0.254s] -- Detecting CXX compile features - done
[0.257s] -- Found ament_cmake: 1.3.10 (/opt/ros/humble/share/ament_cmake/cmake)
[0.376s] -- Found Python3: /usr/bin/python3 (found version "3.10.12") found components: Interpreter 
[0.451s] -- Found rclcpp: 16.0.10 (/opt/ros/humble/share/rclcpp/cmake)
[0.487s] -- Found rosidl_generator_c: 3.1.5 (/opt/ros/humble/share/rosidl_generator_c/cmake)
[0.493s] -- Found rosidl_adapter: 3.1.5 (/opt/ros/humble/share/rosidl_adapter/cmake)
[0.500s] -- Found rosidl_generator_cpp: 3.1.5 (/opt/ros/humble/share/rosidl_generator_cpp/cmake)
[0.509s] -- Using all available rosidl_typesupport_c: rosidl_typesupport_fastrtps_c;rosidl_typesupport_introspection_c
[0.523s] -- Using all available rosidl_typesupport_cpp: rosidl_typesupport_fastrtps_cpp;rosidl_typesupport_introspection_cpp
[0.560s] -- Found rmw_implementation_cmake: 6.1.2 (/opt/ros/humble/share/rmw_implementation_cmake/cmake)
[0.563s] -- Found rmw_fastrtps_cpp: 6.2.7 (/opt/ros/humble/share/rmw_fastrtps_cpp/cmake)
[0.625s] -- Found OpenSSL: /usr/lib/x86_64-linux-gnu/libcrypto.so (found version "3.0.2")  
[0.644s] -- Found FastRTPS: /opt/ros/humble/include  
[0.671s] -- Using RMW implementation 'rmw_fastrtps_cpp' as default
[0.680s] -- Looking for pthread.h
[0.745s] -- Looking for pthread.h - found
[0.745s] -- Performing Test CMAKE_HAVE_LIBC_PTHREAD
[0.829s] -- Performing Test CMAKE_HAVE_LIBC_PTHREAD - Success
[0.830s] -- Found Threads: TRUE  
[0.868s] -- Found rclpy: 3.3.14 (/opt/ros/humble/share/rclpy/cmake)
[0.976s] -- Configuring done
[0.981s] -- Generating done
[0.982s] -- Build files have been written to: /home/waritt/imu_force_ws/build/imu_force_description
[0.989s] Invoked command in '/home/waritt/imu_force_ws/build/imu_force_description' returned '0': CMAKE_PREFIX_PATH=${CMAKE_PREFIX_PATH}:/opt/ros/humble /usr/bin/cmake /home/waritt/imu_force_ws/src/imu_force_description -DCMAKE_INSTALL_PREFIX=/home/waritt/imu_force_ws/install/imu_force_description
[0.990s] Invoking command in '/home/waritt/imu_force_ws/build/imu_force_description': CMAKE_PREFIX_PATH=${CMAKE_PREFIX_PATH}:/opt/ros/humble /usr/bin/cmake --build /home/waritt/imu_force_ws/build/imu_force_description -- -j16 -l16
[1.029s] [ 50%] [32mBuilding CXX object CMakeFiles/cpp_node_test.dir/src/cpp_node.cpp.o[0m
[1.035s] [ 50%] Built target ament_cmake_python_copy_imu_force_description
[1.193s] [100%] [32m[1mLinking CXX executable cpp_node_test[0m
[1.201s] running egg_info
[1.201s] creating imu_force_description.egg-info
[1.201s] writing imu_force_description.egg-info/PKG-INFO
[1.202s] writing dependency_links to imu_force_description.egg-info/dependency_links.txt
[1.202s] writing top-level names to imu_force_description.egg-info/top_level.txt
[1.202s] writing manifest file 'imu_force_description.egg-info/SOURCES.txt'
[1.203s] reading manifest file 'imu_force_description.egg-info/SOURCES.txt'
[1.203s] writing manifest file 'imu_force_description.egg-info/SOURCES.txt'
[1.220s] [100%] Built target ament_cmake_python_build_imu_force_description_egg
[1.250s] [100%] Built target cpp_node_test
[1.257s] Invoked command in '/home/waritt/imu_force_ws/build/imu_force_description' returned '0': CMAKE_PREFIX_PATH=${CMAKE_PREFIX_PATH}:/opt/ros/humble /usr/bin/cmake --build /home/waritt/imu_force_ws/build/imu_force_description -- -j16 -l16
[1.324s] Invoking command in '/home/waritt/imu_force_ws/build/imu_force_description': CMAKE_PREFIX_PATH=${CMAKE_PREFIX_PATH}:/opt/ros/humble /usr/bin/cmake --install /home/waritt/imu_force_ws/build/imu_force_description
[1.337s] -- Install configuration: ""
[1.337s] -- Installing: /home/waritt/imu_force_ws/install/imu_force_description/share/imu_force_description/environment/pythonpath.sh
[1.337s] -- Installing: /home/waritt/imu_force_ws/install/imu_force_description/share/imu_force_description/environment/pythonpath.dsv
[1.338s] -- Installing: /home/waritt/imu_force_ws/install/imu_force_description/local/lib/python3.10/dist-packages/imu_force_description-0.0.0-py3.10.egg-info
[1.338s] -- Installing: /home/waritt/imu_force_ws/install/imu_force_description/local/lib/python3.10/dist-packages/imu_force_description-0.0.0-py3.10.egg-info/SOURCES.txt
[1.338s] -- Installing: /home/waritt/imu_force_ws/install/imu_force_description/local/lib/python3.10/dist-packages/imu_force_description-0.0.0-py3.10.egg-info/top_level.txt
[1.338s] -- Installing: /home/waritt/imu_force_ws/install/imu_force_description/local/lib/python3.10/dist-packages/imu_force_description-0.0.0-py3.10.egg-info/PKG-INFO
[1.338s] -- Installing: /home/waritt/imu_force_ws/install/imu_force_description/local/lib/python3.10/dist-packages/imu_force_description-0.0.0-py3.10.egg-info/dependency_links.txt
[1.339s] -- Installing: /home/waritt/imu_force_ws/install/imu_force_description/local/lib/python3.10/dist-packages/imu_force_description
[1.339s] -- Installing: /home/waritt/imu_force_ws/install/imu_force_description/local/lib/python3.10/dist-packages/imu_force_description/__init__.py
[1.339s] -- Installing: /home/waritt/imu_force_ws/install/imu_force_description/local/lib/python3.10/dist-packages/imu_force_description/dummy_module.py
[1.373s] Listing '/home/waritt/imu_force_ws/install/imu_force_description/local/lib/python3.10/dist-packages/imu_force_description'...
[1.373s] Compiling '/home/waritt/imu_force_ws/install/imu_force_description/local/lib/python3.10/dist-packages/imu_force_description/__init__.py'...
[1.373s] Compiling '/home/waritt/imu_force_ws/install/imu_force_description/local/lib/python3.10/dist-packages/imu_force_description/dummy_module.py'...
[1.375s] -- Installing: /home/waritt/imu_force_ws/install/imu_force_description/lib/imu_force_description/dummy_script.py
[1.375s] -- Installing: /home/waritt/imu_force_ws/install/imu_force_description/lib/imu_force_description/cpp_node_test
[1.375s] -- Set runtime path of "/home/waritt/imu_force_ws/install/imu_force_description/lib/imu_force_description/cpp_node_test" to ""
[1.375s] -- Up-to-date: /home/waritt/imu_force_ws/install/imu_force_description/share/imu_force_description
[1.375s] -- Installing: /home/waritt/imu_force_ws/install/imu_force_description/share/ament_index/resource_index/package_run_dependencies/imu_force_description
[1.376s] -- Installing: /home/waritt/imu_force_ws/install/imu_force_description/share/ament_index/resource_index/parent_prefix_path/imu_force_description
[1.376s] -- Installing: /home/waritt/imu_force_ws/install/imu_force_description/share/imu_force_description/environment/ament_prefix_path.sh
[1.376s] -- Installing: /home/waritt/imu_force_ws/install/imu_force_description/share/imu_force_description/environment/ament_prefix_path.dsv
[1.376s] -- Installing: /home/waritt/imu_force_ws/install/imu_force_description/share/imu_force_description/environment/path.sh
[1.376s] -- Installing: /home/waritt/imu_force_ws/install/imu_force_description/share/imu_force_description/environment/path.dsv
[1.376s] -- Installing: /home/waritt/imu_force_ws/install/imu_force_description/share/imu_force_description/local_setup.bash
[1.376s] -- Installing: /home/waritt/imu_force_ws/install/imu_force_description/share/imu_force_description/local_setup.sh
[1.376s] -- Installing: /home/waritt/imu_force_ws/install/imu_force_description/share/imu_force_description/local_setup.zsh
[1.376s] -- Installing: /home/waritt/imu_force_ws/install/imu_force_description/share/imu_force_description/local_setup.dsv
[1.376s] -- Installing: /home/waritt/imu_force_ws/install/imu_force_description/share/imu_force_description/package.dsv
[1.376s] -- Installing: /home/waritt/imu_force_ws/install/imu_force_description/share/ament_index/resource_index/packages/imu_force_description
[1.376s] -- Installing: /home/waritt/imu_force_ws/install/imu_force_description/share/imu_force_description/cmake/imu_force_descriptionConfig.cmake
[1.376s] -- Installing: /home/waritt/imu_force_ws/install/imu_force_description/share/imu_force_description/cmake/imu_force_descriptionConfig-version.cmake
[1.376s] -- Installing: /home/waritt/imu_force_ws/install/imu_force_description/share/imu_force_description/package.xml
[1.378s] Invoked command in '/home/waritt/imu_force_ws/build/imu_force_description' returned '0': CMAKE_PREFIX_PATH=${CMAKE_PREFIX_PATH}:/opt/ros/humble /usr/bin/cmake --install /home/waritt/imu_force_ws/build/imu_force_description
