-- Found ament_cmake: 1.3.10 (/opt/ros/humble/share/ament_cmake/cmake)
-- Found rosidl_default_generators: 1.2.0 (/opt/ros/humble/share/rosidl_default_generators/cmake)
-- Using all available rosidl_typesupport_c: rosidl_typesupport_fastrtps_c;rosidl_typesupport_introspection_c
-- Found rosidl_adapter: 3.1.5 (/opt/ros/humble/share/rosidl_adapter/cmake)
-- Using all available rosidl_typesupport_cpp: rosidl_typesupport_fastrtps_cpp;rosidl_typesupport_introspection_cpp
-- Found std_msgs: 4.2.4 (/opt/ros/humble/share/std_msgs/cmake)
-- Found ament_cmake_ros: 0.10.0 (/opt/ros/humble/share/ament_cmake_ros/cmake)
-- Using all available rosidl_typesupport_c: rosidl_typesupport_fastrtps_c;rosidl_typesupport_introspection_c
-- Using all available rosidl_typesupport_cpp: rosidl_typesupport_fastrtps_cpp;rosidl_typesupport_introspection_cpp
-- Found PythonInterp: /usr/bin/python3 (found suitable version "3.10.12", minimum required is "3.6") 
-- Found python_cmake_module: 0.10.0 (/opt/ros/humble/share/python_cmake_module/cmake)
-- Found PythonLibs: /usr/lib/x86_64-linux-gnu/libpython3.10.so (found suitable version "3.10.12", minimum required is "3.5") 
-- Using PYTHON_EXECUTABLE: /usr/bin/python3
-- Using PYTHON_INCLUDE_DIRS: /usr/include/python3.10
-- Using PYTHON_LIBRARIES: /usr/lib/x86_64-linux-gnu/libpython3.10.so
-- Found PythonExtra: .so  
-- Configuring done
-- Generating done
-- Build files have been written to: /home/chayanin09/uros_ws/build/imu_custom_msg
[  3%] [34m[1mGenerating C code for ROS interfaces[0m
[  6%] [34m[1mGenerating C++ code for ROS interfaces[0m
[  6%] Built target ament_cmake_python_copy_imu_custom_msg
[  6%] Built target imu_custom_msg__cpp
[  9%] [34m[1mGenerating C++ type support for eProsima Fast-RTPS[0m
[ 12%] [32mBuilding C object CMakeFiles/imu_custom_msg__rosidl_generator_c.dir/rosidl_generator_c/imu_custom_msg/srv/detail/get_status__functions.c.o[0m
running egg_info
[ 16%] [34m[1mGenerating C++ type support dispatch for ROS interfaces[0m
creating imu_custom_msg.egg-info
writing imu_custom_msg.egg-info/PKG-INFO
writing dependency_links to imu_custom_msg.egg-info/dependency_links.txt
writing top-level names to imu_custom_msg.egg-info/top_level.txt
writing manifest file 'imu_custom_msg.egg-info/SOURCES.txt'
[ 19%] [34m[1mGenerating C++ introspection for ROS interfaces[0m
reading manifest file 'imu_custom_msg.egg-info/SOURCES.txt'
writing manifest file 'imu_custom_msg.egg-info/SOURCES.txt'
[ 19%] Built target ament_cmake_python_build_imu_custom_msg_egg
[ 22%] [32m[1mLinking C shared library libimu_custom_msg__rosidl_generator_c.so[0m
[ 22%] Built target imu_custom_msg__rosidl_generator_c
[ 25%] [34m[1mGenerating C introspection for ROS interfaces[0m
[ 29%] [34m[1mGenerating C type support dispatch for ROS interfaces[0m
[ 32%] [34m[1mGenerating C type support for eProsima Fast-RTPS[0m
[ 35%] [32mBuilding CXX object CMakeFiles/imu_custom_msg__rosidl_typesupport_cpp.dir/rosidl_typesupport_cpp/imu_custom_msg/srv/get_status__type_support.cpp.o[0m
[ 38%] [32mBuilding CXX object CMakeFiles/imu_custom_msg__rosidl_typesupport_introspection_cpp.dir/rosidl_typesupport_introspection_cpp/imu_custom_msg/srv/detail/get_status__type_support.cpp.o[0m
[ 41%] [32mBuilding CXX object CMakeFiles/imu_custom_msg__rosidl_typesupport_fastrtps_cpp.dir/rosidl_typesupport_fastrtps_cpp/imu_custom_msg/srv/detail/dds_fastrtps/get_status__type_support.cpp.o[0m
[ 45%] [32mBuilding CXX object CMakeFiles/imu_custom_msg__rosidl_typesupport_c.dir/rosidl_typesupport_c/imu_custom_msg/srv/get_status__type_support.cpp.o[0m
[ 48%] [32mBuilding C object CMakeFiles/imu_custom_msg__rosidl_typesupport_introspection_c.dir/rosidl_typesupport_introspection_c/imu_custom_msg/srv/detail/get_status__type_support.c.o[0m
[ 51%] [32mBuilding CXX object CMakeFiles/imu_custom_msg__rosidl_typesupport_fastrtps_c.dir/rosidl_typesupport_fastrtps_c/imu_custom_msg/srv/detail/get_status__type_support_c.cpp.o[0m
[ 54%] [32m[1mLinking CXX shared library libimu_custom_msg__rosidl_typesupport_c.so[0m
[ 58%] [32m[1mLinking C shared library libimu_custom_msg__rosidl_typesupport_introspection_c.so[0m
[ 58%] Built target imu_custom_msg__rosidl_typesupport_c
[ 58%] Built target imu_custom_msg__rosidl_typesupport_introspection_c
[ 61%] [32m[1mLinking CXX shared library libimu_custom_msg__rosidl_typesupport_cpp.so[0m
[ 61%] Built target imu_custom_msg__rosidl_typesupport_cpp
[ 64%] [32m[1mLinking CXX shared library libimu_custom_msg__rosidl_typesupport_introspection_cpp.so[0m
[ 67%] [32m[1mLinking CXX shared library libimu_custom_msg__rosidl_typesupport_fastrtps_cpp.so[0m
[ 67%] Built target imu_custom_msg__rosidl_typesupport_introspection_cpp
[ 67%] Built target imu_custom_msg__rosidl_typesupport_fastrtps_cpp
[ 70%] [32m[1mLinking CXX shared library libimu_custom_msg__rosidl_typesupport_fastrtps_c.so[0m
[ 70%] Built target imu_custom_msg__rosidl_typesupport_fastrtps_c
[ 70%] Built target imu_custom_msg
[ 74%] [34m[1mGenerating Python code for ROS interfaces[0m
[ 74%] Built target imu_custom_msg__py
[ 77%] [32mBuilding C object CMakeFiles/imu_custom_msg__rosidl_generator_py.dir/rosidl_generator_py/imu_custom_msg/srv/_get_status_s.c.o[0m
[ 80%] [32m[1mLinking C shared library rosidl_generator_py/imu_custom_msg/libimu_custom_msg__rosidl_generator_py.so[0m
[ 80%] Built target imu_custom_msg__rosidl_generator_py
[ 83%] [32mBuilding C object CMakeFiles/imu_custom_msg__rosidl_typesupport_introspection_c__pyext.dir/rosidl_generator_py/imu_custom_msg/_imu_custom_msg_s.ep.rosidl_typesupport_introspection_c.c.o[0m
[ 87%] [32mBuilding C object CMakeFiles/imu_custom_msg__rosidl_typesupport_fastrtps_c__pyext.dir/rosidl_generator_py/imu_custom_msg/_imu_custom_msg_s.ep.rosidl_typesupport_fastrtps_c.c.o[0m
[ 90%] [32mBuilding C object CMakeFiles/imu_custom_msg__rosidl_typesupport_c__pyext.dir/rosidl_generator_py/imu_custom_msg/_imu_custom_msg_s.ep.rosidl_typesupport_c.c.o[0m
[ 93%] [32m[1mLinking C shared library rosidl_generator_py/imu_custom_msg/imu_custom_msg_s__rosidl_typesupport_fastrtps_c.cpython-310-x86_64-linux-gnu.so[0m
[ 96%] [32m[1mLinking C shared library rosidl_generator_py/imu_custom_msg/imu_custom_msg_s__rosidl_typesupport_introspection_c.cpython-310-x86_64-linux-gnu.so[0m
[100%] [32m[1mLinking C shared library rosidl_generator_py/imu_custom_msg/imu_custom_msg_s__rosidl_typesupport_c.cpython-310-x86_64-linux-gnu.so[0m
[100%] Built target imu_custom_msg__rosidl_typesupport_fastrtps_c__pyext
[100%] Built target imu_custom_msg__rosidl_typesupport_c__pyext
[100%] Built target imu_custom_msg__rosidl_typesupport_introspection_c__pyext
-- Install configuration: ""
-- Installing: /home/chayanin09/uros_ws/install/imu_custom_msg/share/ament_index/resource_index/rosidl_interfaces/imu_custom_msg
-- Installing: /home/chayanin09/uros_ws/install/imu_custom_msg/include/imu_custom_msg/imu_custom_msg
-- Installing: /home/chayanin09/uros_ws/install/imu_custom_msg/include/imu_custom_msg/imu_custom_msg/msg
-- Installing: /home/chayanin09/uros_ws/install/imu_custom_msg/include/imu_custom_msg/imu_custom_msg/msg/rosidl_generator_c__visibility_control.h
-- Installing: /home/chayanin09/uros_ws/install/imu_custom_msg/include/imu_custom_msg/imu_custom_msg/srv
-- Installing: /home/chayanin09/uros_ws/install/imu_custom_msg/include/imu_custom_msg/imu_custom_msg/srv/detail
-- Installing: /home/chayanin09/uros_ws/install/imu_custom_msg/include/imu_custom_msg/imu_custom_msg/srv/detail/get_status__struct.h
-- Installing: /home/chayanin09/uros_ws/install/imu_custom_msg/include/imu_custom_msg/imu_custom_msg/srv/detail/get_status__type_support.h
-- Installing: /home/chayanin09/uros_ws/install/imu_custom_msg/include/imu_custom_msg/imu_custom_msg/srv/detail/get_status__functions.h
-- Installing: /home/chayanin09/uros_ws/install/imu_custom_msg/include/imu_custom_msg/imu_custom_msg/srv/detail/get_status__functions.c
-- Installing: /home/chayanin09/uros_ws/install/imu_custom_msg/include/imu_custom_msg/imu_custom_msg/srv/get_status.h
-- Installing: /home/chayanin09/uros_ws/install/imu_custom_msg/share/imu_custom_msg/environment/library_path.sh
-- Installing: /home/chayanin09/uros_ws/install/imu_custom_msg/share/imu_custom_msg/environment/library_path.dsv
-- Installing: /home/chayanin09/uros_ws/install/imu_custom_msg/lib/libimu_custom_msg__rosidl_generator_c.so
-- Set runtime path of "/home/chayanin09/uros_ws/install/imu_custom_msg/lib/libimu_custom_msg__rosidl_generator_c.so" to ""
-- Up-to-date: /home/chayanin09/uros_ws/install/imu_custom_msg/include/imu_custom_msg/imu_custom_msg
-- Up-to-date: /home/chayanin09/uros_ws/install/imu_custom_msg/include/imu_custom_msg/imu_custom_msg/msg
-- Installing: /home/chayanin09/uros_ws/install/imu_custom_msg/include/imu_custom_msg/imu_custom_msg/msg/rosidl_typesupport_fastrtps_c__visibility_control.h
-- Up-to-date: /home/chayanin09/uros_ws/install/imu_custom_msg/include/imu_custom_msg/imu_custom_msg/srv
-- Up-to-date: /home/chayanin09/uros_ws/install/imu_custom_msg/include/imu_custom_msg/imu_custom_msg/srv/detail
-- Installing: /home/chayanin09/uros_ws/install/imu_custom_msg/include/imu_custom_msg/imu_custom_msg/srv/detail/get_status__rosidl_typesupport_fastrtps_c.h
-- Installing: /home/chayanin09/uros_ws/install/imu_custom_msg/lib/libimu_custom_msg__rosidl_typesupport_fastrtps_c.so
-- Set runtime path of "/home/chayanin09/uros_ws/install/imu_custom_msg/lib/libimu_custom_msg__rosidl_typesupport_fastrtps_c.so" to ""
-- Up-to-date: /home/chayanin09/uros_ws/install/imu_custom_msg/include/imu_custom_msg/imu_custom_msg
-- Up-to-date: /home/chayanin09/uros_ws/install/imu_custom_msg/include/imu_custom_msg/imu_custom_msg/msg
-- Installing: /home/chayanin09/uros_ws/install/imu_custom_msg/include/imu_custom_msg/imu_custom_msg/msg/rosidl_typesupport_introspection_c__visibility_control.h
-- Up-to-date: /home/chayanin09/uros_ws/install/imu_custom_msg/include/imu_custom_msg/imu_custom_msg/srv
-- Up-to-date: /home/chayanin09/uros_ws/install/imu_custom_msg/include/imu_custom_msg/imu_custom_msg/srv/detail
-- Installing: /home/chayanin09/uros_ws/install/imu_custom_msg/include/imu_custom_msg/imu_custom_msg/srv/detail/get_status__type_support.c
-- Installing: /home/chayanin09/uros_ws/install/imu_custom_msg/include/imu_custom_msg/imu_custom_msg/srv/detail/get_status__rosidl_typesupport_introspection_c.h
-- Installing: /home/chayanin09/uros_ws/install/imu_custom_msg/lib/libimu_custom_msg__rosidl_typesupport_introspection_c.so
-- Set runtime path of "/home/chayanin09/uros_ws/install/imu_custom_msg/lib/libimu_custom_msg__rosidl_typesupport_introspection_c.so" to ""
-- Installing: /home/chayanin09/uros_ws/install/imu_custom_msg/lib/libimu_custom_msg__rosidl_typesupport_c.so
-- Set runtime path of "/home/chayanin09/uros_ws/install/imu_custom_msg/lib/libimu_custom_msg__rosidl_typesupport_c.so" to ""
-- Up-to-date: /home/chayanin09/uros_ws/install/imu_custom_msg/include/imu_custom_msg/imu_custom_msg
-- Up-to-date: /home/chayanin09/uros_ws/install/imu_custom_msg/include/imu_custom_msg/imu_custom_msg/srv
-- Installing: /home/chayanin09/uros_ws/install/imu_custom_msg/include/imu_custom_msg/imu_custom_msg/srv/get_status.hpp
-- Up-to-date: /home/chayanin09/uros_ws/install/imu_custom_msg/include/imu_custom_msg/imu_custom_msg/srv/detail
-- Installing: /home/chayanin09/uros_ws/install/imu_custom_msg/include/imu_custom_msg/imu_custom_msg/srv/detail/get_status__struct.hpp
-- Installing: /home/chayanin09/uros_ws/install/imu_custom_msg/include/imu_custom_msg/imu_custom_msg/srv/detail/get_status__builder.hpp
-- Installing: /home/chayanin09/uros_ws/install/imu_custom_msg/include/imu_custom_msg/imu_custom_msg/srv/detail/get_status__traits.hpp
-- Up-to-date: /home/chayanin09/uros_ws/install/imu_custom_msg/include/imu_custom_msg/imu_custom_msg
-- Up-to-date: /home/chayanin09/uros_ws/install/imu_custom_msg/include/imu_custom_msg/imu_custom_msg/msg
-- Installing: /home/chayanin09/uros_ws/install/imu_custom_msg/include/imu_custom_msg/imu_custom_msg/msg/rosidl_typesupport_fastrtps_cpp__visibility_control.h
-- Up-to-date: /home/chayanin09/uros_ws/install/imu_custom_msg/include/imu_custom_msg/imu_custom_msg/srv
-- Up-to-date: /home/chayanin09/uros_ws/install/imu_custom_msg/include/imu_custom_msg/imu_custom_msg/srv/detail
-- Installing: /home/chayanin09/uros_ws/install/imu_custom_msg/include/imu_custom_msg/imu_custom_msg/srv/detail/get_status__rosidl_typesupport_fastrtps_cpp.hpp
-- Installing: /home/chayanin09/uros_ws/install/imu_custom_msg/include/imu_custom_msg/imu_custom_msg/srv/detail/dds_fastrtps
-- Installing: /home/chayanin09/uros_ws/install/imu_custom_msg/lib/libimu_custom_msg__rosidl_typesupport_fastrtps_cpp.so
-- Set runtime path of "/home/chayanin09/uros_ws/install/imu_custom_msg/lib/libimu_custom_msg__rosidl_typesupport_fastrtps_cpp.so" to ""
-- Up-to-date: /home/chayanin09/uros_ws/install/imu_custom_msg/include/imu_custom_msg/imu_custom_msg
-- Up-to-date: /home/chayanin09/uros_ws/install/imu_custom_msg/include/imu_custom_msg/imu_custom_msg/srv
-- Up-to-date: /home/chayanin09/uros_ws/install/imu_custom_msg/include/imu_custom_msg/imu_custom_msg/srv/detail
-- Installing: /home/chayanin09/uros_ws/install/imu_custom_msg/include/imu_custom_msg/imu_custom_msg/srv/detail/get_status__rosidl_typesupport_introspection_cpp.hpp
-- Installing: /home/chayanin09/uros_ws/install/imu_custom_msg/include/imu_custom_msg/imu_custom_msg/srv/detail/get_status__type_support.cpp
-- Installing: /home/chayanin09/uros_ws/install/imu_custom_msg/lib/libimu_custom_msg__rosidl_typesupport_introspection_cpp.so
-- Set runtime path of "/home/chayanin09/uros_ws/install/imu_custom_msg/lib/libimu_custom_msg__rosidl_typesupport_introspection_cpp.so" to ""
-- Installing: /home/chayanin09/uros_ws/install/imu_custom_msg/lib/libimu_custom_msg__rosidl_typesupport_cpp.so
-- Set runtime path of "/home/chayanin09/uros_ws/install/imu_custom_msg/lib/libimu_custom_msg__rosidl_typesupport_cpp.so" to ""
-- Installing: /home/chayanin09/uros_ws/install/imu_custom_msg/share/imu_custom_msg/environment/pythonpath.sh
-- Installing: /home/chayanin09/uros_ws/install/imu_custom_msg/share/imu_custom_msg/environment/pythonpath.dsv
-- Installing: /home/chayanin09/uros_ws/install/imu_custom_msg/local/lib/python3.10/dist-packages/imu_custom_msg-0.0.0-py3.10.egg-info
-- Installing: /home/chayanin09/uros_ws/install/imu_custom_msg/local/lib/python3.10/dist-packages/imu_custom_msg-0.0.0-py3.10.egg-info/dependency_links.txt
-- Installing: /home/chayanin09/uros_ws/install/imu_custom_msg/local/lib/python3.10/dist-packages/imu_custom_msg-0.0.0-py3.10.egg-info/PKG-INFO
-- Installing: /home/chayanin09/uros_ws/install/imu_custom_msg/local/lib/python3.10/dist-packages/imu_custom_msg-0.0.0-py3.10.egg-info/top_level.txt
-- Installing: /home/chayanin09/uros_ws/install/imu_custom_msg/local/lib/python3.10/dist-packages/imu_custom_msg-0.0.0-py3.10.egg-info/SOURCES.txt
-- Installing: /home/chayanin09/uros_ws/install/imu_custom_msg/local/lib/python3.10/dist-packages/imu_custom_msg
-- Installing: /home/chayanin09/uros_ws/install/imu_custom_msg/local/lib/python3.10/dist-packages/imu_custom_msg/imu_custom_msg_s__rosidl_typesupport_c.cpython-310-x86_64-linux-gnu.so
-- Installing: /home/chayanin09/uros_ws/install/imu_custom_msg/local/lib/python3.10/dist-packages/imu_custom_msg/__init__.py
-- Installing: /home/chayanin09/uros_ws/install/imu_custom_msg/local/lib/python3.10/dist-packages/imu_custom_msg/_imu_custom_msg_s.ep.rosidl_typesupport_fastrtps_c.c
-- Installing: /home/chayanin09/uros_ws/install/imu_custom_msg/local/lib/python3.10/dist-packages/imu_custom_msg/srv
-- Installing: /home/chayanin09/uros_ws/install/imu_custom_msg/local/lib/python3.10/dist-packages/imu_custom_msg/srv/__init__.py
-- Installing: /home/chayanin09/uros_ws/install/imu_custom_msg/local/lib/python3.10/dist-packages/imu_custom_msg/srv/_get_status_s.c
-- Installing: /home/chayanin09/uros_ws/install/imu_custom_msg/local/lib/python3.10/dist-packages/imu_custom_msg/srv/_get_status.py
-- Installing: /home/chayanin09/uros_ws/install/imu_custom_msg/local/lib/python3.10/dist-packages/imu_custom_msg/_imu_custom_msg_s.ep.rosidl_typesupport_introspection_c.c
-- Installing: /home/chayanin09/uros_ws/install/imu_custom_msg/local/lib/python3.10/dist-packages/imu_custom_msg/imu_custom_msg_s__rosidl_typesupport_introspection_c.cpython-310-x86_64-linux-gnu.so
-- Installing: /home/chayanin09/uros_ws/install/imu_custom_msg/local/lib/python3.10/dist-packages/imu_custom_msg/imu_custom_msg_s__rosidl_typesupport_fastrtps_c.cpython-310-x86_64-linux-gnu.so
-- Installing: /home/chayanin09/uros_ws/install/imu_custom_msg/local/lib/python3.10/dist-packages/imu_custom_msg/libimu_custom_msg__rosidl_generator_py.so
-- Installing: /home/chayanin09/uros_ws/install/imu_custom_msg/local/lib/python3.10/dist-packages/imu_custom_msg/_imu_custom_msg_s.ep.rosidl_typesupport_c.c
Listing '/home/chayanin09/uros_ws/install/imu_custom_msg/local/lib/python3.10/dist-packages/imu_custom_msg'...
Compiling '/home/chayanin09/uros_ws/install/imu_custom_msg/local/lib/python3.10/dist-packages/imu_custom_msg/__init__.py'...
Listing '/home/chayanin09/uros_ws/install/imu_custom_msg/local/lib/python3.10/dist-packages/imu_custom_msg/srv'...
Compiling '/home/chayanin09/uros_ws/install/imu_custom_msg/local/lib/python3.10/dist-packages/imu_custom_msg/srv/__init__.py'...
Compiling '/home/chayanin09/uros_ws/install/imu_custom_msg/local/lib/python3.10/dist-packages/imu_custom_msg/srv/_get_status.py'...
-- Installing: /home/chayanin09/uros_ws/install/imu_custom_msg/local/lib/python3.10/dist-packages/imu_custom_msg/imu_custom_msg_s__rosidl_typesupport_fastrtps_c.cpython-310-x86_64-linux-gnu.so
-- Set runtime path of "/home/chayanin09/uros_ws/install/imu_custom_msg/local/lib/python3.10/dist-packages/imu_custom_msg/imu_custom_msg_s__rosidl_typesupport_fastrtps_c.cpython-310-x86_64-linux-gnu.so" to ""
-- Installing: /home/chayanin09/uros_ws/install/imu_custom_msg/local/lib/python3.10/dist-packages/imu_custom_msg/imu_custom_msg_s__rosidl_typesupport_introspection_c.cpython-310-x86_64-linux-gnu.so
-- Set runtime path of "/home/chayanin09/uros_ws/install/imu_custom_msg/local/lib/python3.10/dist-packages/imu_custom_msg/imu_custom_msg_s__rosidl_typesupport_introspection_c.cpython-310-x86_64-linux-gnu.so" to ""
-- Installing: /home/chayanin09/uros_ws/install/imu_custom_msg/local/lib/python3.10/dist-packages/imu_custom_msg/imu_custom_msg_s__rosidl_typesupport_c.cpython-310-x86_64-linux-gnu.so
-- Set runtime path of "/home/chayanin09/uros_ws/install/imu_custom_msg/local/lib/python3.10/dist-packages/imu_custom_msg/imu_custom_msg_s__rosidl_typesupport_c.cpython-310-x86_64-linux-gnu.so" to ""
-- Installing: /home/chayanin09/uros_ws/install/imu_custom_msg/lib/libimu_custom_msg__rosidl_generator_py.so
-- Set runtime path of "/home/chayanin09/uros_ws/install/imu_custom_msg/lib/libimu_custom_msg__rosidl_generator_py.so" to ""
-- Installing: /home/chayanin09/uros_ws/install/imu_custom_msg/share/imu_custom_msg/srv/GetStatus.idl
-- Installing: /home/chayanin09/uros_ws/install/imu_custom_msg/share/imu_custom_msg/srv/GetStatus.srv
-- Installing: /home/chayanin09/uros_ws/install/imu_custom_msg/share/imu_custom_msg/srv/GetStatus_Request.msg
-- Installing: /home/chayanin09/uros_ws/install/imu_custom_msg/share/imu_custom_msg/srv/GetStatus_Response.msg
-- Installing: /home/chayanin09/uros_ws/install/imu_custom_msg/share/ament_index/resource_index/package_run_dependencies/imu_custom_msg
-- Installing: /home/chayanin09/uros_ws/install/imu_custom_msg/share/ament_index/resource_index/parent_prefix_path/imu_custom_msg
-- Installing: /home/chayanin09/uros_ws/install/imu_custom_msg/share/imu_custom_msg/environment/ament_prefix_path.sh
-- Installing: /home/chayanin09/uros_ws/install/imu_custom_msg/share/imu_custom_msg/environment/ament_prefix_path.dsv
-- Installing: /home/chayanin09/uros_ws/install/imu_custom_msg/share/imu_custom_msg/environment/path.sh
-- Installing: /home/chayanin09/uros_ws/install/imu_custom_msg/share/imu_custom_msg/environment/path.dsv
-- Installing: /home/chayanin09/uros_ws/install/imu_custom_msg/share/imu_custom_msg/local_setup.bash
-- Installing: /home/chayanin09/uros_ws/install/imu_custom_msg/share/imu_custom_msg/local_setup.sh
-- Installing: /home/chayanin09/uros_ws/install/imu_custom_msg/share/imu_custom_msg/local_setup.zsh
-- Installing: /home/chayanin09/uros_ws/install/imu_custom_msg/share/imu_custom_msg/local_setup.dsv
-- Installing: /home/chayanin09/uros_ws/install/imu_custom_msg/share/imu_custom_msg/package.dsv
-- Installing: /home/chayanin09/uros_ws/install/imu_custom_msg/share/ament_index/resource_index/packages/imu_custom_msg
-- Installing: /home/chayanin09/uros_ws/install/imu_custom_msg/share/imu_custom_msg/cmake/export_imu_custom_msg__rosidl_generator_cExport.cmake
-- Installing: /home/chayanin09/uros_ws/install/imu_custom_msg/share/imu_custom_msg/cmake/export_imu_custom_msg__rosidl_generator_cExport-noconfig.cmake
-- Installing: /home/chayanin09/uros_ws/install/imu_custom_msg/share/imu_custom_msg/cmake/export_imu_custom_msg__rosidl_typesupport_fastrtps_cExport.cmake
-- Installing: /home/chayanin09/uros_ws/install/imu_custom_msg/share/imu_custom_msg/cmake/export_imu_custom_msg__rosidl_typesupport_fastrtps_cExport-noconfig.cmake
-- Installing: /home/chayanin09/uros_ws/install/imu_custom_msg/share/imu_custom_msg/cmake/imu_custom_msg__rosidl_typesupport_introspection_cExport.cmake
-- Installing: /home/chayanin09/uros_ws/install/imu_custom_msg/share/imu_custom_msg/cmake/imu_custom_msg__rosidl_typesupport_introspection_cExport-noconfig.cmake
-- Installing: /home/chayanin09/uros_ws/install/imu_custom_msg/share/imu_custom_msg/cmake/imu_custom_msg__rosidl_typesupport_cExport.cmake
-- Installing: /home/chayanin09/uros_ws/install/imu_custom_msg/share/imu_custom_msg/cmake/imu_custom_msg__rosidl_typesupport_cExport-noconfig.cmake
-- Installing: /home/chayanin09/uros_ws/install/imu_custom_msg/share/imu_custom_msg/cmake/export_imu_custom_msg__rosidl_generator_cppExport.cmake
-- Installing: /home/chayanin09/uros_ws/install/imu_custom_msg/share/imu_custom_msg/cmake/export_imu_custom_msg__rosidl_typesupport_fastrtps_cppExport.cmake
-- Installing: /home/chayanin09/uros_ws/install/imu_custom_msg/share/imu_custom_msg/cmake/export_imu_custom_msg__rosidl_typesupport_fastrtps_cppExport-noconfig.cmake
-- Installing: /home/chayanin09/uros_ws/install/imu_custom_msg/share/imu_custom_msg/cmake/imu_custom_msg__rosidl_typesupport_introspection_cppExport.cmake
-- Installing: /home/chayanin09/uros_ws/install/imu_custom_msg/share/imu_custom_msg/cmake/imu_custom_msg__rosidl_typesupport_introspection_cppExport-noconfig.cmake
-- Installing: /home/chayanin09/uros_ws/install/imu_custom_msg/share/imu_custom_msg/cmake/imu_custom_msg__rosidl_typesupport_cppExport.cmake
-- Installing: /home/chayanin09/uros_ws/install/imu_custom_msg/share/imu_custom_msg/cmake/imu_custom_msg__rosidl_typesupport_cppExport-noconfig.cmake
-- Installing: /home/chayanin09/uros_ws/install/imu_custom_msg/share/imu_custom_msg/cmake/export_imu_custom_msg__rosidl_generator_pyExport.cmake
-- Installing: /home/chayanin09/uros_ws/install/imu_custom_msg/share/imu_custom_msg/cmake/export_imu_custom_msg__rosidl_generator_pyExport-noconfig.cmake
-- Installing: /home/chayanin09/uros_ws/install/imu_custom_msg/share/imu_custom_msg/cmake/rosidl_cmake-extras.cmake
-- Installing: /home/chayanin09/uros_ws/install/imu_custom_msg/share/imu_custom_msg/cmake/ament_cmake_export_dependencies-extras.cmake
-- Installing: /home/chayanin09/uros_ws/install/imu_custom_msg/share/imu_custom_msg/cmake/ament_cmake_export_include_directories-extras.cmake
-- Installing: /home/chayanin09/uros_ws/install/imu_custom_msg/share/imu_custom_msg/cmake/ament_cmake_export_libraries-extras.cmake
-- Installing: /home/chayanin09/uros_ws/install/imu_custom_msg/share/imu_custom_msg/cmake/ament_cmake_export_targets-extras.cmake
-- Installing: /home/chayanin09/uros_ws/install/imu_custom_msg/share/imu_custom_msg/cmake/rosidl_cmake_export_typesupport_targets-extras.cmake
-- Installing: /home/chayanin09/uros_ws/install/imu_custom_msg/share/imu_custom_msg/cmake/rosidl_cmake_export_typesupport_libraries-extras.cmake
-- Installing: /home/chayanin09/uros_ws/install/imu_custom_msg/share/imu_custom_msg/cmake/imu_custom_msgConfig.cmake
-- Installing: /home/chayanin09/uros_ws/install/imu_custom_msg/share/imu_custom_msg/cmake/imu_custom_msgConfig-version.cmake
-- Installing: /home/chayanin09/uros_ws/install/imu_custom_msg/share/imu_custom_msg/package.xml
