[0.013s] Invoking command in '/home/chayanin09/uros_ws/build/imu_custom_msg': CMAKE_PREFIX_PATH=${CMAKE_PREFIX_PATH}:/opt/ros/humble /usr/bin/cmake /home/chayanin09/uros_ws/src/imu_custom_msg -DCMAKE_INSTALL_PREFIX=/home/chayanin09/uros_ws/install/imu_custom_msg
[0.015s] -- Found ament_cmake: 1.3.10 (/opt/ros/humble/share/ament_cmake/cmake)
[0.107s] -- Found rosidl_default_generators: 1.2.0 (/opt/ros/humble/share/rosidl_default_generators/cmake)
[0.108s] -- Using all available rosidl_typesupport_c: rosidl_typesupport_fastrtps_c;rosidl_typesupport_introspection_c
[0.110s] -- Found rosidl_adapter: 3.1.5 (/opt/ros/humble/share/rosidl_adapter/cmake)
[0.128s] -- Using all available rosidl_typesupport_cpp: rosidl_typesupport_fastrtps_cpp;rosidl_typesupport_introspection_cpp
[0.142s] -- Found std_msgs: 4.2.4 (/opt/ros/humble/share/std_msgs/cmake)
[0.334s] -- Found ament_cmake_ros: 0.10.0 (/opt/ros/humble/share/ament_cmake_ros/cmake)
[0.477s] -- Using all available rosidl_typesupport_c: rosidl_typesupport_fastrtps_c;rosidl_typesupport_introspection_c
[0.664s] -- Using all available rosidl_typesupport_cpp: rosidl_typesupport_fastrtps_cpp;rosidl_typesupport_introspection_cpp
[0.682s] -- Found PythonInterp: /usr/bin/python3 (found suitable version "3.10.12", minimum required is "3.6") 
[0.683s] -- Found python_cmake_module: 0.10.0 (/opt/ros/humble/share/python_cmake_module/cmake)
[0.703s] -- Found PythonLibs: /usr/lib/x86_64-linux-gnu/libpython3.10.so (found suitable version "3.10.12", minimum required is "3.5") 
[0.703s] -- Using PYTHON_EXECUTABLE: /usr/bin/python3
[0.703s] -- Using PYTHON_INCLUDE_DIRS: /usr/include/python3.10
[0.703s] -- Using PYTHON_LIBRARIES: /usr/lib/x86_64-linux-gnu/libpython3.10.so
[0.717s] -- Found PythonExtra: .so  
[0.748s] -- Configuring done
[0.763s] -- Generating done
[0.764s] -- Build files have been written to: /home/chayanin09/uros_ws/build/imu_custom_msg
[0.768s] Invoked command in '/home/chayanin09/uros_ws/build/imu_custom_msg' returned '0': CMAKE_PREFIX_PATH=${CMAKE_PREFIX_PATH}:/opt/ros/humble /usr/bin/cmake /home/chayanin09/uros_ws/src/imu_custom_msg -DCMAKE_INSTALL_PREFIX=/home/chayanin09/uros_ws/install/imu_custom_msg
[0.769s] Invoking command in '/home/chayanin09/uros_ws/build/imu_custom_msg': CMAKE_PREFIX_PATH=${CMAKE_PREFIX_PATH}:/opt/ros/humble /usr/bin/cmake --build /home/chayanin09/uros_ws/build/imu_custom_msg -- -j20 -l20
[0.797s] [  3%] [34m[1mGenerating C code for ROS interfaces[0m
[0.808s] [  6%] [34m[1mGenerating C++ code for ROS interfaces[0m
[0.815s] [  6%] Built target ament_cmake_python_copy_imu_custom_msg
[0.959s] [  6%] Built target imu_custom_msg__cpp
[0.966s] [  9%] [34m[1mGenerating C++ type support for eProsima Fast-RTPS[0m
[0.967s] [ 12%] [32mBuilding C object CMakeFiles/imu_custom_msg__rosidl_generator_c.dir/rosidl_generator_c/imu_custom_msg/srv/detail/get_status__functions.c.o[0m
[0.968s] running egg_info
[0.968s] [ 16%] [34m[1mGenerating C++ type support dispatch for ROS interfaces[0m
[0.968s] creating imu_custom_msg.egg-info
[0.968s] writing imu_custom_msg.egg-info/PKG-INFO
[0.968s] writing dependency_links to imu_custom_msg.egg-info/dependency_links.txt
[0.968s] writing top-level names to imu_custom_msg.egg-info/top_level.txt
[0.968s] writing manifest file 'imu_custom_msg.egg-info/SOURCES.txt'
[0.968s] [ 19%] [34m[1mGenerating C++ introspection for ROS interfaces[0m
[0.969s] reading manifest file 'imu_custom_msg.egg-info/SOURCES.txt'
[0.970s] writing manifest file 'imu_custom_msg.egg-info/SOURCES.txt'
[0.990s] [ 19%] Built target ament_cmake_python_build_imu_custom_msg_egg
[1.013s] [ 22%] [32m[1mLinking C shared library libimu_custom_msg__rosidl_generator_c.so[0m
[1.044s] [ 22%] Built target imu_custom_msg__rosidl_generator_c
[1.052s] [ 25%] [34m[1mGenerating C introspection for ROS interfaces[0m
[1.053s] [ 29%] [34m[1mGenerating C type support dispatch for ROS interfaces[0m
[1.053s] [ 32%] [34m[1mGenerating C type support for eProsima Fast-RTPS[0m
[1.111s] [ 35%] [32mBuilding CXX object CMakeFiles/imu_custom_msg__rosidl_typesupport_cpp.dir/rosidl_typesupport_cpp/imu_custom_msg/srv/get_status__type_support.cpp.o[0m
[1.121s] [ 38%] [32mBuilding CXX object CMakeFiles/imu_custom_msg__rosidl_typesupport_introspection_cpp.dir/rosidl_typesupport_introspection_cpp/imu_custom_msg/srv/detail/get_status__type_support.cpp.o[0m
[1.131s] [ 41%] [32mBuilding CXX object CMakeFiles/imu_custom_msg__rosidl_typesupport_fastrtps_cpp.dir/rosidl_typesupport_fastrtps_cpp/imu_custom_msg/srv/detail/dds_fastrtps/get_status__type_support.cpp.o[0m
[1.202s] [ 45%] [32mBuilding CXX object CMakeFiles/imu_custom_msg__rosidl_typesupport_c.dir/rosidl_typesupport_c/imu_custom_msg/srv/get_status__type_support.cpp.o[0m
[1.216s] [ 48%] [32mBuilding C object CMakeFiles/imu_custom_msg__rosidl_typesupport_introspection_c.dir/rosidl_typesupport_introspection_c/imu_custom_msg/srv/detail/get_status__type_support.c.o[0m
[1.227s] [ 51%] [32mBuilding CXX object CMakeFiles/imu_custom_msg__rosidl_typesupport_fastrtps_c.dir/rosidl_typesupport_fastrtps_c/imu_custom_msg/srv/detail/get_status__type_support_c.cpp.o[0m
[1.228s] [ 54%] [32m[1mLinking CXX shared library libimu_custom_msg__rosidl_typesupport_c.so[0m
[1.246s] [ 58%] [32m[1mLinking C shared library libimu_custom_msg__rosidl_typesupport_introspection_c.so[0m
[1.264s] [ 58%] Built target imu_custom_msg__rosidl_typesupport_c
[1.274s] [ 58%] Built target imu_custom_msg__rosidl_typesupport_introspection_c
[1.290s] [ 61%] [32m[1mLinking CXX shared library libimu_custom_msg__rosidl_typesupport_cpp.so[0m
[1.321s] [ 61%] Built target imu_custom_msg__rosidl_typesupport_cpp
[1.337s] [ 64%] [32m[1mLinking CXX shared library libimu_custom_msg__rosidl_typesupport_introspection_cpp.so[0m
[1.357s] [ 67%] [32m[1mLinking CXX shared library libimu_custom_msg__rosidl_typesupport_fastrtps_cpp.so[0m
[1.379s] [ 67%] Built target imu_custom_msg__rosidl_typesupport_introspection_cpp
[1.407s] [ 67%] Built target imu_custom_msg__rosidl_typesupport_fastrtps_cpp
[1.433s] [ 70%] [32m[1mLinking CXX shared library libimu_custom_msg__rosidl_typesupport_fastrtps_c.so[0m
[1.485s] [ 70%] Built target imu_custom_msg__rosidl_typesupport_fastrtps_c
[1.503s] [ 70%] Built target imu_custom_msg
[1.521s] [ 74%] [34m[1mGenerating Python code for ROS interfaces[0m
[1.707s] [ 74%] Built target imu_custom_msg__py
[1.720s] [ 77%] [32mBuilding C object CMakeFiles/imu_custom_msg__rosidl_generator_py.dir/rosidl_generator_py/imu_custom_msg/srv/_get_status_s.c.o[0m
[1.794s] [ 80%] [32m[1mLinking C shared library rosidl_generator_py/imu_custom_msg/libimu_custom_msg__rosidl_generator_py.so[0m
[1.831s] [ 80%] Built target imu_custom_msg__rosidl_generator_py
[1.847s] [ 83%] [32mBuilding C object CMakeFiles/imu_custom_msg__rosidl_typesupport_introspection_c__pyext.dir/rosidl_generator_py/imu_custom_msg/_imu_custom_msg_s.ep.rosidl_typesupport_introspection_c.c.o[0m
[1.847s] [ 87%] [32mBuilding C object CMakeFiles/imu_custom_msg__rosidl_typesupport_fastrtps_c__pyext.dir/rosidl_generator_py/imu_custom_msg/_imu_custom_msg_s.ep.rosidl_typesupport_fastrtps_c.c.o[0m
[1.848s] [ 90%] [32mBuilding C object CMakeFiles/imu_custom_msg__rosidl_typesupport_c__pyext.dir/rosidl_generator_py/imu_custom_msg/_imu_custom_msg_s.ep.rosidl_typesupport_c.c.o[0m
[1.906s] [ 93%] [32m[1mLinking C shared library rosidl_generator_py/imu_custom_msg/imu_custom_msg_s__rosidl_typesupport_fastrtps_c.cpython-310-x86_64-linux-gnu.so[0m
[1.908s] [ 96%] [32m[1mLinking C shared library rosidl_generator_py/imu_custom_msg/imu_custom_msg_s__rosidl_typesupport_introspection_c.cpython-310-x86_64-linux-gnu.so[0m
[1.908s] [100%] [32m[1mLinking C shared library rosidl_generator_py/imu_custom_msg/imu_custom_msg_s__rosidl_typesupport_c.cpython-310-x86_64-linux-gnu.so[0m
[1.934s] [100%] Built target imu_custom_msg__rosidl_typesupport_fastrtps_c__pyext
[1.934s] [100%] Built target imu_custom_msg__rosidl_typesupport_c__pyext
[1.934s] [100%] Built target imu_custom_msg__rosidl_typesupport_introspection_c__pyext
[1.942s] Invoked command in '/home/chayanin09/uros_ws/build/imu_custom_msg' returned '0': CMAKE_PREFIX_PATH=${CMAKE_PREFIX_PATH}:/opt/ros/humble /usr/bin/cmake --build /home/chayanin09/uros_ws/build/imu_custom_msg -- -j20 -l20
[1.991s] Invoking command in '/home/chayanin09/uros_ws/build/imu_custom_msg': CMAKE_PREFIX_PATH=${CMAKE_PREFIX_PATH}:/opt/ros/humble /usr/bin/cmake --install /home/chayanin09/uros_ws/build/imu_custom_msg
[1.997s] -- Install configuration: ""
[1.997s] -- Installing: /home/chayanin09/uros_ws/install/imu_custom_msg/share/ament_index/resource_index/rosidl_interfaces/imu_custom_msg
[1.997s] -- Installing: /home/chayanin09/uros_ws/install/imu_custom_msg/include/imu_custom_msg/imu_custom_msg
[1.997s] -- Installing: /home/chayanin09/uros_ws/install/imu_custom_msg/include/imu_custom_msg/imu_custom_msg/msg
[1.997s] -- Installing: /home/chayanin09/uros_ws/install/imu_custom_msg/include/imu_custom_msg/imu_custom_msg/msg/rosidl_generator_c__visibility_control.h
[1.998s] -- Installing: /home/chayanin09/uros_ws/install/imu_custom_msg/include/imu_custom_msg/imu_custom_msg/srv
[1.998s] -- Installing: /home/chayanin09/uros_ws/install/imu_custom_msg/include/imu_custom_msg/imu_custom_msg/srv/detail
[1.998s] -- Installing: /home/chayanin09/uros_ws/install/imu_custom_msg/include/imu_custom_msg/imu_custom_msg/srv/detail/get_status__struct.h
[1.998s] -- Installing: /home/chayanin09/uros_ws/install/imu_custom_msg/include/imu_custom_msg/imu_custom_msg/srv/detail/get_status__type_support.h
[1.998s] -- Installing: /home/chayanin09/uros_ws/install/imu_custom_msg/include/imu_custom_msg/imu_custom_msg/srv/detail/get_status__functions.h
[1.998s] -- Installing: /home/chayanin09/uros_ws/install/imu_custom_msg/include/imu_custom_msg/imu_custom_msg/srv/detail/get_status__functions.c
[1.998s] -- Installing: /home/chayanin09/uros_ws/install/imu_custom_msg/include/imu_custom_msg/imu_custom_msg/srv/get_status.h
[1.998s] -- Installing: /home/chayanin09/uros_ws/install/imu_custom_msg/share/imu_custom_msg/environment/library_path.sh
[1.998s] -- Installing: /home/chayanin09/uros_ws/install/imu_custom_msg/share/imu_custom_msg/environment/library_path.dsv
[1.998s] -- Installing: /home/chayanin09/uros_ws/install/imu_custom_msg/lib/libimu_custom_msg__rosidl_generator_c.so
[1.998s] -- Set runtime path of "/home/chayanin09/uros_ws/install/imu_custom_msg/lib/libimu_custom_msg__rosidl_generator_c.so" to ""
[1.998s] -- Up-to-date: /home/chayanin09/uros_ws/install/imu_custom_msg/include/imu_custom_msg/imu_custom_msg
[1.998s] -- Up-to-date: /home/chayanin09/uros_ws/install/imu_custom_msg/include/imu_custom_msg/imu_custom_msg/msg
[1.998s] -- Installing: /home/chayanin09/uros_ws/install/imu_custom_msg/include/imu_custom_msg/imu_custom_msg/msg/rosidl_typesupport_fastrtps_c__visibility_control.h
[1.999s] -- Up-to-date: /home/chayanin09/uros_ws/install/imu_custom_msg/include/imu_custom_msg/imu_custom_msg/srv
[1.999s] -- Up-to-date: /home/chayanin09/uros_ws/install/imu_custom_msg/include/imu_custom_msg/imu_custom_msg/srv/detail
[1.999s] -- Installing: /home/chayanin09/uros_ws/install/imu_custom_msg/include/imu_custom_msg/imu_custom_msg/srv/detail/get_status__rosidl_typesupport_fastrtps_c.h
[1.999s] -- Installing: /home/chayanin09/uros_ws/install/imu_custom_msg/lib/libimu_custom_msg__rosidl_typesupport_fastrtps_c.so
[1.999s] -- Set runtime path of "/home/chayanin09/uros_ws/install/imu_custom_msg/lib/libimu_custom_msg__rosidl_typesupport_fastrtps_c.so" to ""
[1.999s] -- Up-to-date: /home/chayanin09/uros_ws/install/imu_custom_msg/include/imu_custom_msg/imu_custom_msg
[1.999s] -- Up-to-date: /home/chayanin09/uros_ws/install/imu_custom_msg/include/imu_custom_msg/imu_custom_msg/msg
[1.999s] -- Installing: /home/chayanin09/uros_ws/install/imu_custom_msg/include/imu_custom_msg/imu_custom_msg/msg/rosidl_typesupport_introspection_c__visibility_control.h
[1.999s] -- Up-to-date: /home/chayanin09/uros_ws/install/imu_custom_msg/include/imu_custom_msg/imu_custom_msg/srv
[1.999s] -- Up-to-date: /home/chayanin09/uros_ws/install/imu_custom_msg/include/imu_custom_msg/imu_custom_msg/srv/detail
[1.999s] -- Installing: /home/chayanin09/uros_ws/install/imu_custom_msg/include/imu_custom_msg/imu_custom_msg/srv/detail/get_status__type_support.c
[1.999s] -- Installing: /home/chayanin09/uros_ws/install/imu_custom_msg/include/imu_custom_msg/imu_custom_msg/srv/detail/get_status__rosidl_typesupport_introspection_c.h
[1.999s] -- Installing: /home/chayanin09/uros_ws/install/imu_custom_msg/lib/libimu_custom_msg__rosidl_typesupport_introspection_c.so
[1.999s] -- Set runtime path of "/home/chayanin09/uros_ws/install/imu_custom_msg/lib/libimu_custom_msg__rosidl_typesupport_introspection_c.so" to ""
[1.999s] -- Installing: /home/chayanin09/uros_ws/install/imu_custom_msg/lib/libimu_custom_msg__rosidl_typesupport_c.so
[1.999s] -- Set runtime path of "/home/chayanin09/uros_ws/install/imu_custom_msg/lib/libimu_custom_msg__rosidl_typesupport_c.so" to ""
[1.999s] -- Up-to-date: /home/chayanin09/uros_ws/install/imu_custom_msg/include/imu_custom_msg/imu_custom_msg
[1.999s] -- Up-to-date: /home/chayanin09/uros_ws/install/imu_custom_msg/include/imu_custom_msg/imu_custom_msg/srv
[1.999s] -- Installing: /home/chayanin09/uros_ws/install/imu_custom_msg/include/imu_custom_msg/imu_custom_msg/srv/get_status.hpp
[1.999s] -- Up-to-date: /home/chayanin09/uros_ws/install/imu_custom_msg/include/imu_custom_msg/imu_custom_msg/srv/detail
[1.999s] -- Installing: /home/chayanin09/uros_ws/install/imu_custom_msg/include/imu_custom_msg/imu_custom_msg/srv/detail/get_status__struct.hpp
[1.999s] -- Installing: /home/chayanin09/uros_ws/install/imu_custom_msg/include/imu_custom_msg/imu_custom_msg/srv/detail/get_status__builder.hpp
[1.999s] -- Installing: /home/chayanin09/uros_ws/install/imu_custom_msg/include/imu_custom_msg/imu_custom_msg/srv/detail/get_status__traits.hpp
[1.999s] -- Up-to-date: /home/chayanin09/uros_ws/install/imu_custom_msg/include/imu_custom_msg/imu_custom_msg
[1.999s] -- Up-to-date: /home/chayanin09/uros_ws/install/imu_custom_msg/include/imu_custom_msg/imu_custom_msg/msg
[1.999s] -- Installing: /home/chayanin09/uros_ws/install/imu_custom_msg/include/imu_custom_msg/imu_custom_msg/msg/rosidl_typesupport_fastrtps_cpp__visibility_control.h
[1.999s] -- Up-to-date: /home/chayanin09/uros_ws/install/imu_custom_msg/include/imu_custom_msg/imu_custom_msg/srv
[1.999s] -- Up-to-date: /home/chayanin09/uros_ws/install/imu_custom_msg/include/imu_custom_msg/imu_custom_msg/srv/detail
[2.000s] -- Installing: /home/chayanin09/uros_ws/install/imu_custom_msg/include/imu_custom_msg/imu_custom_msg/srv/detail/get_status__rosidl_typesupport_fastrtps_cpp.hpp
[2.000s] -- Installing: /home/chayanin09/uros_ws/install/imu_custom_msg/include/imu_custom_msg/imu_custom_msg/srv/detail/dds_fastrtps
[2.000s] -- Installing: /home/chayanin09/uros_ws/install/imu_custom_msg/lib/libimu_custom_msg__rosidl_typesupport_fastrtps_cpp.so
[2.000s] -- Set runtime path of "/home/chayanin09/uros_ws/install/imu_custom_msg/lib/libimu_custom_msg__rosidl_typesupport_fastrtps_cpp.so" to ""
[2.000s] -- Up-to-date: /home/chayanin09/uros_ws/install/imu_custom_msg/include/imu_custom_msg/imu_custom_msg
[2.000s] -- Up-to-date: /home/chayanin09/uros_ws/install/imu_custom_msg/include/imu_custom_msg/imu_custom_msg/srv
[2.000s] -- Up-to-date: /home/chayanin09/uros_ws/install/imu_custom_msg/include/imu_custom_msg/imu_custom_msg/srv/detail
[2.000s] -- Installing: /home/chayanin09/uros_ws/install/imu_custom_msg/include/imu_custom_msg/imu_custom_msg/srv/detail/get_status__rosidl_typesupport_introspection_cpp.hpp
[2.000s] -- Installing: /home/chayanin09/uros_ws/install/imu_custom_msg/include/imu_custom_msg/imu_custom_msg/srv/detail/get_status__type_support.cpp
[2.000s] -- Installing: /home/chayanin09/uros_ws/install/imu_custom_msg/lib/libimu_custom_msg__rosidl_typesupport_introspection_cpp.so
[2.000s] -- Set runtime path of "/home/chayanin09/uros_ws/install/imu_custom_msg/lib/libimu_custom_msg__rosidl_typesupport_introspection_cpp.so" to ""
[2.000s] -- Installing: /home/chayanin09/uros_ws/install/imu_custom_msg/lib/libimu_custom_msg__rosidl_typesupport_cpp.so
[2.000s] -- Set runtime path of "/home/chayanin09/uros_ws/install/imu_custom_msg/lib/libimu_custom_msg__rosidl_typesupport_cpp.so" to ""
[2.000s] -- Installing: /home/chayanin09/uros_ws/install/imu_custom_msg/share/imu_custom_msg/environment/pythonpath.sh
[2.000s] -- Installing: /home/chayanin09/uros_ws/install/imu_custom_msg/share/imu_custom_msg/environment/pythonpath.dsv
[2.000s] -- Installing: /home/chayanin09/uros_ws/install/imu_custom_msg/local/lib/python3.10/dist-packages/imu_custom_msg-0.0.0-py3.10.egg-info
[2.000s] -- Installing: /home/chayanin09/uros_ws/install/imu_custom_msg/local/lib/python3.10/dist-packages/imu_custom_msg-0.0.0-py3.10.egg-info/dependency_links.txt
[2.000s] -- Installing: /home/chayanin09/uros_ws/install/imu_custom_msg/local/lib/python3.10/dist-packages/imu_custom_msg-0.0.0-py3.10.egg-info/PKG-INFO
[2.000s] -- Installing: /home/chayanin09/uros_ws/install/imu_custom_msg/local/lib/python3.10/dist-packages/imu_custom_msg-0.0.0-py3.10.egg-info/top_level.txt
[2.000s] -- Installing: /home/chayanin09/uros_ws/install/imu_custom_msg/local/lib/python3.10/dist-packages/imu_custom_msg-0.0.0-py3.10.egg-info/SOURCES.txt
[2.000s] -- Installing: /home/chayanin09/uros_ws/install/imu_custom_msg/local/lib/python3.10/dist-packages/imu_custom_msg
[2.000s] -- Installing: /home/chayanin09/uros_ws/install/imu_custom_msg/local/lib/python3.10/dist-packages/imu_custom_msg/imu_custom_msg_s__rosidl_typesupport_c.cpython-310-x86_64-linux-gnu.so
[2.000s] -- Installing: /home/chayanin09/uros_ws/install/imu_custom_msg/local/lib/python3.10/dist-packages/imu_custom_msg/__init__.py
[2.000s] -- Installing: /home/chayanin09/uros_ws/install/imu_custom_msg/local/lib/python3.10/dist-packages/imu_custom_msg/_imu_custom_msg_s.ep.rosidl_typesupport_fastrtps_c.c
[2.000s] -- Installing: /home/chayanin09/uros_ws/install/imu_custom_msg/local/lib/python3.10/dist-packages/imu_custom_msg/srv
[2.000s] -- Installing: /home/chayanin09/uros_ws/install/imu_custom_msg/local/lib/python3.10/dist-packages/imu_custom_msg/srv/__init__.py
[2.000s] -- Installing: /home/chayanin09/uros_ws/install/imu_custom_msg/local/lib/python3.10/dist-packages/imu_custom_msg/srv/_get_status_s.c
[2.000s] -- Installing: /home/chayanin09/uros_ws/install/imu_custom_msg/local/lib/python3.10/dist-packages/imu_custom_msg/srv/_get_status.py
[2.000s] -- Installing: /home/chayanin09/uros_ws/install/imu_custom_msg/local/lib/python3.10/dist-packages/imu_custom_msg/_imu_custom_msg_s.ep.rosidl_typesupport_introspection_c.c
[2.000s] -- Installing: /home/chayanin09/uros_ws/install/imu_custom_msg/local/lib/python3.10/dist-packages/imu_custom_msg/imu_custom_msg_s__rosidl_typesupport_introspection_c.cpython-310-x86_64-linux-gnu.so
[2.000s] -- Installing: /home/chayanin09/uros_ws/install/imu_custom_msg/local/lib/python3.10/dist-packages/imu_custom_msg/imu_custom_msg_s__rosidl_typesupport_fastrtps_c.cpython-310-x86_64-linux-gnu.so
[2.000s] -- Installing: /home/chayanin09/uros_ws/install/imu_custom_msg/local/lib/python3.10/dist-packages/imu_custom_msg/libimu_custom_msg__rosidl_generator_py.so
[2.000s] -- Installing: /home/chayanin09/uros_ws/install/imu_custom_msg/local/lib/python3.10/dist-packages/imu_custom_msg/_imu_custom_msg_s.ep.rosidl_typesupport_c.c
[2.021s] Listing '/home/chayanin09/uros_ws/install/imu_custom_msg/local/lib/python3.10/dist-packages/imu_custom_msg'...
[2.021s] Compiling '/home/chayanin09/uros_ws/install/imu_custom_msg/local/lib/python3.10/dist-packages/imu_custom_msg/__init__.py'...
[2.021s] Listing '/home/chayanin09/uros_ws/install/imu_custom_msg/local/lib/python3.10/dist-packages/imu_custom_msg/srv'...
[2.021s] Compiling '/home/chayanin09/uros_ws/install/imu_custom_msg/local/lib/python3.10/dist-packages/imu_custom_msg/srv/__init__.py'...
[2.021s] Compiling '/home/chayanin09/uros_ws/install/imu_custom_msg/local/lib/python3.10/dist-packages/imu_custom_msg/srv/_get_status.py'...
[2.025s] -- Installing: /home/chayanin09/uros_ws/install/imu_custom_msg/local/lib/python3.10/dist-packages/imu_custom_msg/imu_custom_msg_s__rosidl_typesupport_fastrtps_c.cpython-310-x86_64-linux-gnu.so
[2.025s] -- Set runtime path of "/home/chayanin09/uros_ws/install/imu_custom_msg/local/lib/python3.10/dist-packages/imu_custom_msg/imu_custom_msg_s__rosidl_typesupport_fastrtps_c.cpython-310-x86_64-linux-gnu.so" to ""
[2.025s] -- Installing: /home/chayanin09/uros_ws/install/imu_custom_msg/local/lib/python3.10/dist-packages/imu_custom_msg/imu_custom_msg_s__rosidl_typesupport_introspection_c.cpython-310-x86_64-linux-gnu.so
[2.025s] -- Set runtime path of "/home/chayanin09/uros_ws/install/imu_custom_msg/local/lib/python3.10/dist-packages/imu_custom_msg/imu_custom_msg_s__rosidl_typesupport_introspection_c.cpython-310-x86_64-linux-gnu.so" to ""
[2.025s] -- Installing: /home/chayanin09/uros_ws/install/imu_custom_msg/local/lib/python3.10/dist-packages/imu_custom_msg/imu_custom_msg_s__rosidl_typesupport_c.cpython-310-x86_64-linux-gnu.so
[2.025s] -- Set runtime path of "/home/chayanin09/uros_ws/install/imu_custom_msg/local/lib/python3.10/dist-packages/imu_custom_msg/imu_custom_msg_s__rosidl_typesupport_c.cpython-310-x86_64-linux-gnu.so" to ""
[2.025s] -- Installing: /home/chayanin09/uros_ws/install/imu_custom_msg/lib/libimu_custom_msg__rosidl_generator_py.so
[2.025s] -- Set runtime path of "/home/chayanin09/uros_ws/install/imu_custom_msg/lib/libimu_custom_msg__rosidl_generator_py.so" to ""
[2.025s] -- Installing: /home/chayanin09/uros_ws/install/imu_custom_msg/share/imu_custom_msg/srv/GetStatus.idl
[2.025s] -- Installing: /home/chayanin09/uros_ws/install/imu_custom_msg/share/imu_custom_msg/srv/GetStatus.srv
[2.025s] -- Installing: /home/chayanin09/uros_ws/install/imu_custom_msg/share/imu_custom_msg/srv/GetStatus_Request.msg
[2.025s] -- Installing: /home/chayanin09/uros_ws/install/imu_custom_msg/share/imu_custom_msg/srv/GetStatus_Response.msg
[2.025s] -- Installing: /home/chayanin09/uros_ws/install/imu_custom_msg/share/ament_index/resource_index/package_run_dependencies/imu_custom_msg
[2.026s] -- Installing: /home/chayanin09/uros_ws/install/imu_custom_msg/share/ament_index/resource_index/parent_prefix_path/imu_custom_msg
[2.026s] -- Installing: /home/chayanin09/uros_ws/install/imu_custom_msg/share/imu_custom_msg/environment/ament_prefix_path.sh
[2.026s] -- Installing: /home/chayanin09/uros_ws/install/imu_custom_msg/share/imu_custom_msg/environment/ament_prefix_path.dsv
[2.026s] -- Installing: /home/chayanin09/uros_ws/install/imu_custom_msg/share/imu_custom_msg/environment/path.sh
[2.026s] -- Installing: /home/chayanin09/uros_ws/install/imu_custom_msg/share/imu_custom_msg/environment/path.dsv
[2.026s] -- Installing: /home/chayanin09/uros_ws/install/imu_custom_msg/share/imu_custom_msg/local_setup.bash
[2.026s] -- Installing: /home/chayanin09/uros_ws/install/imu_custom_msg/share/imu_custom_msg/local_setup.sh
[2.026s] -- Installing: /home/chayanin09/uros_ws/install/imu_custom_msg/share/imu_custom_msg/local_setup.zsh
[2.026s] -- Installing: /home/chayanin09/uros_ws/install/imu_custom_msg/share/imu_custom_msg/local_setup.dsv
[2.026s] -- Installing: /home/chayanin09/uros_ws/install/imu_custom_msg/share/imu_custom_msg/package.dsv
[2.026s] -- Installing: /home/chayanin09/uros_ws/install/imu_custom_msg/share/ament_index/resource_index/packages/imu_custom_msg
[2.026s] -- Installing: /home/chayanin09/uros_ws/install/imu_custom_msg/share/imu_custom_msg/cmake/export_imu_custom_msg__rosidl_generator_cExport.cmake
[2.026s] -- Installing: /home/chayanin09/uros_ws/install/imu_custom_msg/share/imu_custom_msg/cmake/export_imu_custom_msg__rosidl_generator_cExport-noconfig.cmake
[2.026s] -- Installing: /home/chayanin09/uros_ws/install/imu_custom_msg/share/imu_custom_msg/cmake/export_imu_custom_msg__rosidl_typesupport_fastrtps_cExport.cmake
[2.026s] -- Installing: /home/chayanin09/uros_ws/install/imu_custom_msg/share/imu_custom_msg/cmake/export_imu_custom_msg__rosidl_typesupport_fastrtps_cExport-noconfig.cmake
[2.026s] -- Installing: /home/chayanin09/uros_ws/install/imu_custom_msg/share/imu_custom_msg/cmake/imu_custom_msg__rosidl_typesupport_introspection_cExport.cmake
[2.026s] -- Installing: /home/chayanin09/uros_ws/install/imu_custom_msg/share/imu_custom_msg/cmake/imu_custom_msg__rosidl_typesupport_introspection_cExport-noconfig.cmake
[2.026s] -- Installing: /home/chayanin09/uros_ws/install/imu_custom_msg/share/imu_custom_msg/cmake/imu_custom_msg__rosidl_typesupport_cExport.cmake
[2.026s] -- Installing: /home/chayanin09/uros_ws/install/imu_custom_msg/share/imu_custom_msg/cmake/imu_custom_msg__rosidl_typesupport_cExport-noconfig.cmake
[2.026s] -- Installing: /home/chayanin09/uros_ws/install/imu_custom_msg/share/imu_custom_msg/cmake/export_imu_custom_msg__rosidl_generator_cppExport.cmake
[2.026s] -- Installing: /home/chayanin09/uros_ws/install/imu_custom_msg/share/imu_custom_msg/cmake/export_imu_custom_msg__rosidl_typesupport_fastrtps_cppExport.cmake
[2.026s] -- Installing: /home/chayanin09/uros_ws/install/imu_custom_msg/share/imu_custom_msg/cmake/export_imu_custom_msg__rosidl_typesupport_fastrtps_cppExport-noconfig.cmake
[2.027s] -- Installing: /home/chayanin09/uros_ws/install/imu_custom_msg/share/imu_custom_msg/cmake/imu_custom_msg__rosidl_typesupport_introspection_cppExport.cmake
[2.027s] -- Installing: /home/chayanin09/uros_ws/install/imu_custom_msg/share/imu_custom_msg/cmake/imu_custom_msg__rosidl_typesupport_introspection_cppExport-noconfig.cmake
[2.027s] -- Installing: /home/chayanin09/uros_ws/install/imu_custom_msg/share/imu_custom_msg/cmake/imu_custom_msg__rosidl_typesupport_cppExport.cmake
[2.027s] -- Installing: /home/chayanin09/uros_ws/install/imu_custom_msg/share/imu_custom_msg/cmake/imu_custom_msg__rosidl_typesupport_cppExport-noconfig.cmake
[2.027s] -- Installing: /home/chayanin09/uros_ws/install/imu_custom_msg/share/imu_custom_msg/cmake/export_imu_custom_msg__rosidl_generator_pyExport.cmake
[2.027s] -- Installing: /home/chayanin09/uros_ws/install/imu_custom_msg/share/imu_custom_msg/cmake/export_imu_custom_msg__rosidl_generator_pyExport-noconfig.cmake
[2.027s] -- Installing: /home/chayanin09/uros_ws/install/imu_custom_msg/share/imu_custom_msg/cmake/rosidl_cmake-extras.cmake
[2.027s] -- Installing: /home/chayanin09/uros_ws/install/imu_custom_msg/share/imu_custom_msg/cmake/ament_cmake_export_dependencies-extras.cmake
[2.027s] -- Installing: /home/chayanin09/uros_ws/install/imu_custom_msg/share/imu_custom_msg/cmake/ament_cmake_export_include_directories-extras.cmake
[2.027s] -- Installing: /home/chayanin09/uros_ws/install/imu_custom_msg/share/imu_custom_msg/cmake/ament_cmake_export_libraries-extras.cmake
[2.027s] -- Installing: /home/chayanin09/uros_ws/install/imu_custom_msg/share/imu_custom_msg/cmake/ament_cmake_export_targets-extras.cmake
[2.027s] -- Installing: /home/chayanin09/uros_ws/install/imu_custom_msg/share/imu_custom_msg/cmake/rosidl_cmake_export_typesupport_targets-extras.cmake
[2.027s] -- Installing: /home/chayanin09/uros_ws/install/imu_custom_msg/share/imu_custom_msg/cmake/rosidl_cmake_export_typesupport_libraries-extras.cmake
[2.027s] -- Installing: /home/chayanin09/uros_ws/install/imu_custom_msg/share/imu_custom_msg/cmake/imu_custom_msgConfig.cmake
[2.027s] -- Installing: /home/chayanin09/uros_ws/install/imu_custom_msg/share/imu_custom_msg/cmake/imu_custom_msgConfig-version.cmake
[2.027s] -- Installing: /home/chayanin09/uros_ws/install/imu_custom_msg/share/imu_custom_msg/package.xml
[2.029s] Invoked command in '/home/chayanin09/uros_ws/build/imu_custom_msg' returned '0': CMAKE_PREFIX_PATH=${CMAKE_PREFIX_PATH}:/opt/ros/humble /usr/bin/cmake --install /home/chayanin09/uros_ws/build/imu_custom_msg
