[35m[1mConsolidate compiler generated dependencies of target imu_custom_msg__rosidl_generator_c[0m
[ 10%] Built target imu_custom_msg__rosidl_generator_c
[ 12%] Built target imu_custom_msg__cpp
[ 12%] Built target ament_cmake_python_copy_imu_custom_msg
[35m[1mConsolidate compiler generated dependencies of target imu_custom_msg__rosidl_typesupport_introspection_c[0m
[35m[1mConsolidate compiler generated dependencies of target imu_custom_msg__rosidl_typesupport_fastrtps_c[0m
[35m[1mConsolidate compiler generated dependencies of target imu_custom_msg__rosidl_typesupport_c[0m
[35m[1mConsolidate compiler generated dependencies of target imu_custom_msg__rosidl_typesupport_fastrtps_cpp[0m
[35m[1mConsolidate compiler generated dependencies of target imu_custom_msg__rosidl_typesupport_cpp[0m
[35m[1mConsolidate compiler generated dependencies of target imu_custom_msg__rosidl_typesupport_introspection_cpp[0m
[ 28%] Built target imu_custom_msg__rosidl_typesupport_c
[ 33%] Built target imu_custom_msg__rosidl_typesupport_introspection_c
[ 43%] Built target imu_custom_msg__rosidl_typesupport_fastrtps_c
[ 53%] Built target imu_custom_msg__rosidl_typesupport_fastrtps_cpp
[ 64%] Built target imu_custom_msg__rosidl_typesupport_introspection_cpp
[ 74%] Built target imu_custom_msg__rosidl_typesupport_cpp
[ 74%] Built target imu_custom_msg
[ 76%] Built target imu_custom_msg__py
[35m[1mConsolidate compiler generated dependencies of target imu_custom_msg__rosidl_generator_py[0m
[ 84%] Built target imu_custom_msg__rosidl_generator_py
[35m[1mConsolidate compiler generated dependencies of target imu_custom_msg__rosidl_typesupport_fastrtps_c__pyext[0m
[35m[1mConsolidate compiler generated dependencies of target imu_custom_msg__rosidl_typesupport_introspection_c__pyext[0m
[35m[1mConsolidate compiler generated dependencies of target imu_custom_msg__rosidl_typesupport_c__pyext[0m
[ 89%] Built target imu_custom_msg__rosidl_typesupport_fastrtps_c__pyext
[ 94%] Built target imu_custom_msg__rosidl_typesupport_c__pyext
[100%] Built target imu_custom_msg__rosidl_typesupport_introspection_c__pyext
running egg_info
writing imu_custom_msg.egg-info/PKG-INFO
writing dependency_links to imu_custom_msg.egg-info/dependency_links.txt
writing top-level names to imu_custom_msg.egg-info/top_level.txt
reading manifest file 'imu_custom_msg.egg-info/SOURCES.txt'
writing manifest file 'imu_custom_msg.egg-info/SOURCES.txt'
[100%] Built target ament_cmake_python_build_imu_custom_msg_egg
-- Install configuration: ""
-- Up-to-date: /home/chayanin09/uros_ws/install/imu_custom_msg/share/ament_index/resource_index/rosidl_interfaces/imu_custom_msg
-- Up-to-date: /home/chayanin09/uros_ws/install/imu_custom_msg/include/imu_custom_msg/imu_custom_msg
-- Up-to-date: /home/chayanin09/uros_ws/install/imu_custom_msg/include/imu_custom_msg/imu_custom_msg/msg
-- Up-to-date: /home/chayanin09/uros_ws/install/imu_custom_msg/include/imu_custom_msg/imu_custom_msg/msg/rosidl_generator_c__visibility_control.h
-- Up-to-date: /home/chayanin09/uros_ws/install/imu_custom_msg/include/imu_custom_msg/imu_custom_msg/srv
-- Up-to-date: /home/chayanin09/uros_ws/install/imu_custom_msg/include/imu_custom_msg/imu_custom_msg/srv/detail
-- Up-to-date: /home/chayanin09/uros_ws/install/imu_custom_msg/include/imu_custom_msg/imu_custom_msg/srv/detail/calibrate__functions.c
-- Up-to-date: /home/chayanin09/uros_ws/install/imu_custom_msg/include/imu_custom_msg/imu_custom_msg/srv/detail/get_status__struct.h
-- Up-to-date: /home/chayanin09/uros_ws/install/imu_custom_msg/include/imu_custom_msg/imu_custom_msg/srv/detail/get_status__type_support.h
-- Up-to-date: /home/chayanin09/uros_ws/install/imu_custom_msg/include/imu_custom_msg/imu_custom_msg/srv/detail/calibrate__functions.h
-- Up-to-date: /home/chayanin09/uros_ws/install/imu_custom_msg/include/imu_custom_msg/imu_custom_msg/srv/detail/calibrate__struct.h
-- Up-to-date: /home/chayanin09/uros_ws/install/imu_custom_msg/include/imu_custom_msg/imu_custom_msg/srv/detail/calibrate__type_support.h
-- Up-to-date: /home/chayanin09/uros_ws/install/imu_custom_msg/include/imu_custom_msg/imu_custom_msg/srv/detail/get_status__functions.h
-- Up-to-date: /home/chayanin09/uros_ws/install/imu_custom_msg/include/imu_custom_msg/imu_custom_msg/srv/detail/get_status__functions.c
-- Up-to-date: /home/chayanin09/uros_ws/install/imu_custom_msg/include/imu_custom_msg/imu_custom_msg/srv/calibrate.h
-- Up-to-date: /home/chayanin09/uros_ws/install/imu_custom_msg/include/imu_custom_msg/imu_custom_msg/srv/get_status.h
-- Up-to-date: /home/chayanin09/uros_ws/install/imu_custom_msg/share/imu_custom_msg/environment/library_path.sh
-- Up-to-date: /home/chayanin09/uros_ws/install/imu_custom_msg/share/imu_custom_msg/environment/library_path.dsv
-- Up-to-date: /home/chayanin09/uros_ws/install/imu_custom_msg/lib/libimu_custom_msg__rosidl_generator_c.so
-- Up-to-date: /home/chayanin09/uros_ws/install/imu_custom_msg/include/imu_custom_msg/imu_custom_msg
-- Up-to-date: /home/chayanin09/uros_ws/install/imu_custom_msg/include/imu_custom_msg/imu_custom_msg/msg
-- Up-to-date: /home/chayanin09/uros_ws/install/imu_custom_msg/include/imu_custom_msg/imu_custom_msg/msg/rosidl_typesupport_fastrtps_c__visibility_control.h
-- Up-to-date: /home/chayanin09/uros_ws/install/imu_custom_msg/include/imu_custom_msg/imu_custom_msg/srv
-- Up-to-date: /home/chayanin09/uros_ws/install/imu_custom_msg/include/imu_custom_msg/imu_custom_msg/srv/detail
-- Up-to-date: /home/chayanin09/uros_ws/install/imu_custom_msg/include/imu_custom_msg/imu_custom_msg/srv/detail/calibrate__rosidl_typesupport_fastrtps_c.h
-- Up-to-date: /home/chayanin09/uros_ws/install/imu_custom_msg/include/imu_custom_msg/imu_custom_msg/srv/detail/get_status__rosidl_typesupport_fastrtps_c.h
-- Up-to-date: /home/chayanin09/uros_ws/install/imu_custom_msg/lib/libimu_custom_msg__rosidl_typesupport_fastrtps_c.so
-- Up-to-date: /home/chayanin09/uros_ws/install/imu_custom_msg/include/imu_custom_msg/imu_custom_msg
-- Up-to-date: /home/chayanin09/uros_ws/install/imu_custom_msg/include/imu_custom_msg/imu_custom_msg/msg
-- Up-to-date: /home/chayanin09/uros_ws/install/imu_custom_msg/include/imu_custom_msg/imu_custom_msg/msg/rosidl_typesupport_introspection_c__visibility_control.h
-- Up-to-date: /home/chayanin09/uros_ws/install/imu_custom_msg/include/imu_custom_msg/imu_custom_msg/srv
-- Up-to-date: /home/chayanin09/uros_ws/install/imu_custom_msg/include/imu_custom_msg/imu_custom_msg/srv/detail
-- Up-to-date: /home/chayanin09/uros_ws/install/imu_custom_msg/include/imu_custom_msg/imu_custom_msg/srv/detail/get_status__type_support.c
-- Up-to-date: /home/chayanin09/uros_ws/install/imu_custom_msg/include/imu_custom_msg/imu_custom_msg/srv/detail/calibrate__type_support.c
-- Up-to-date: /home/chayanin09/uros_ws/install/imu_custom_msg/include/imu_custom_msg/imu_custom_msg/srv/detail/calibrate__rosidl_typesupport_introspection_c.h
-- Up-to-date: /home/chayanin09/uros_ws/install/imu_custom_msg/include/imu_custom_msg/imu_custom_msg/srv/detail/get_status__rosidl_typesupport_introspection_c.h
-- Up-to-date: /home/chayanin09/uros_ws/install/imu_custom_msg/lib/libimu_custom_msg__rosidl_typesupport_introspection_c.so
-- Up-to-date: /home/chayanin09/uros_ws/install/imu_custom_msg/lib/libimu_custom_msg__rosidl_typesupport_c.so
-- Up-to-date: /home/chayanin09/uros_ws/install/imu_custom_msg/include/imu_custom_msg/imu_custom_msg
-- Up-to-date: /home/chayanin09/uros_ws/install/imu_custom_msg/include/imu_custom_msg/imu_custom_msg/srv
-- Up-to-date: /home/chayanin09/uros_ws/install/imu_custom_msg/include/imu_custom_msg/imu_custom_msg/srv/get_status.hpp
-- Up-to-date: /home/chayanin09/uros_ws/install/imu_custom_msg/include/imu_custom_msg/imu_custom_msg/srv/detail
-- Up-to-date: /home/chayanin09/uros_ws/install/imu_custom_msg/include/imu_custom_msg/imu_custom_msg/srv/detail/calibrate__builder.hpp
-- Up-to-date: /home/chayanin09/uros_ws/install/imu_custom_msg/include/imu_custom_msg/imu_custom_msg/srv/detail/calibrate__struct.hpp
-- Up-to-date: /home/chayanin09/uros_ws/install/imu_custom_msg/include/imu_custom_msg/imu_custom_msg/srv/detail/calibrate__traits.hpp
-- Up-to-date: /home/chayanin09/uros_ws/install/imu_custom_msg/include/imu_custom_msg/imu_custom_msg/srv/detail/get_status__struct.hpp
-- Up-to-date: /home/chayanin09/uros_ws/install/imu_custom_msg/include/imu_custom_msg/imu_custom_msg/srv/detail/get_status__builder.hpp
-- Up-to-date: /home/chayanin09/uros_ws/install/imu_custom_msg/include/imu_custom_msg/imu_custom_msg/srv/detail/get_status__traits.hpp
-- Up-to-date: /home/chayanin09/uros_ws/install/imu_custom_msg/include/imu_custom_msg/imu_custom_msg/srv/calibrate.hpp
-- Up-to-date: /home/chayanin09/uros_ws/install/imu_custom_msg/include/imu_custom_msg/imu_custom_msg
-- Up-to-date: /home/chayanin09/uros_ws/install/imu_custom_msg/include/imu_custom_msg/imu_custom_msg/msg
-- Up-to-date: /home/chayanin09/uros_ws/install/imu_custom_msg/include/imu_custom_msg/imu_custom_msg/msg/rosidl_typesupport_fastrtps_cpp__visibility_control.h
-- Up-to-date: /home/chayanin09/uros_ws/install/imu_custom_msg/include/imu_custom_msg/imu_custom_msg/srv
-- Up-to-date: /home/chayanin09/uros_ws/install/imu_custom_msg/include/imu_custom_msg/imu_custom_msg/srv/detail
-- Up-to-date: /home/chayanin09/uros_ws/install/imu_custom_msg/include/imu_custom_msg/imu_custom_msg/srv/detail/get_status__rosidl_typesupport_fastrtps_cpp.hpp
-- Up-to-date: /home/chayanin09/uros_ws/install/imu_custom_msg/include/imu_custom_msg/imu_custom_msg/srv/detail/dds_fastrtps
-- Up-to-date: /home/chayanin09/uros_ws/install/imu_custom_msg/include/imu_custom_msg/imu_custom_msg/srv/detail/calibrate__rosidl_typesupport_fastrtps_cpp.hpp
-- Up-to-date: /home/chayanin09/uros_ws/install/imu_custom_msg/lib/libimu_custom_msg__rosidl_typesupport_fastrtps_cpp.so
-- Up-to-date: /home/chayanin09/uros_ws/install/imu_custom_msg/include/imu_custom_msg/imu_custom_msg
-- Up-to-date: /home/chayanin09/uros_ws/install/imu_custom_msg/include/imu_custom_msg/imu_custom_msg/srv
-- Up-to-date: /home/chayanin09/uros_ws/install/imu_custom_msg/include/imu_custom_msg/imu_custom_msg/srv/detail
-- Up-to-date: /home/chayanin09/uros_ws/install/imu_custom_msg/include/imu_custom_msg/imu_custom_msg/srv/detail/get_status__rosidl_typesupport_introspection_cpp.hpp
-- Up-to-date: /home/chayanin09/uros_ws/install/imu_custom_msg/include/imu_custom_msg/imu_custom_msg/srv/detail/calibrate__rosidl_typesupport_introspection_cpp.hpp
-- Up-to-date: /home/chayanin09/uros_ws/install/imu_custom_msg/include/imu_custom_msg/imu_custom_msg/srv/detail/calibrate__type_support.cpp
-- Up-to-date: /home/chayanin09/uros_ws/install/imu_custom_msg/include/imu_custom_msg/imu_custom_msg/srv/detail/get_status__type_support.cpp
-- Up-to-date: /home/chayanin09/uros_ws/install/imu_custom_msg/lib/libimu_custom_msg__rosidl_typesupport_introspection_cpp.so
-- Up-to-date: /home/chayanin09/uros_ws/install/imu_custom_msg/lib/libimu_custom_msg__rosidl_typesupport_cpp.so
-- Up-to-date: /home/chayanin09/uros_ws/install/imu_custom_msg/share/imu_custom_msg/environment/pythonpath.sh
-- Up-to-date: /home/chayanin09/uros_ws/install/imu_custom_msg/share/imu_custom_msg/environment/pythonpath.dsv
-- Up-to-date: /home/chayanin09/uros_ws/install/imu_custom_msg/local/lib/python3.10/dist-packages/imu_custom_msg-0.0.0-py3.10.egg-info
-- Installing: /home/chayanin09/uros_ws/install/imu_custom_msg/local/lib/python3.10/dist-packages/imu_custom_msg-0.0.0-py3.10.egg-info/dependency_links.txt
-- Installing: /home/chayanin09/uros_ws/install/imu_custom_msg/local/lib/python3.10/dist-packages/imu_custom_msg-0.0.0-py3.10.egg-info/PKG-INFO
-- Installing: /home/chayanin09/uros_ws/install/imu_custom_msg/local/lib/python3.10/dist-packages/imu_custom_msg-0.0.0-py3.10.egg-info/top_level.txt
-- Installing: /home/chayanin09/uros_ws/install/imu_custom_msg/local/lib/python3.10/dist-packages/imu_custom_msg-0.0.0-py3.10.egg-info/SOURCES.txt
-- Up-to-date: /home/chayanin09/uros_ws/install/imu_custom_msg/local/lib/python3.10/dist-packages/imu_custom_msg
-- Up-to-date: /home/chayanin09/uros_ws/install/imu_custom_msg/local/lib/python3.10/dist-packages/imu_custom_msg/imu_custom_msg_s__rosidl_typesupport_c.cpython-310-x86_64-linux-gnu.so
-- Up-to-date: /home/chayanin09/uros_ws/install/imu_custom_msg/local/lib/python3.10/dist-packages/imu_custom_msg/__init__.py
-- Up-to-date: /home/chayanin09/uros_ws/install/imu_custom_msg/local/lib/python3.10/dist-packages/imu_custom_msg/_imu_custom_msg_s.ep.rosidl_typesupport_fastrtps_c.c
-- Up-to-date: /home/chayanin09/uros_ws/install/imu_custom_msg/local/lib/python3.10/dist-packages/imu_custom_msg/srv
-- Up-to-date: /home/chayanin09/uros_ws/install/imu_custom_msg/local/lib/python3.10/dist-packages/imu_custom_msg/srv/_calibrate.py
-- Up-to-date: /home/chayanin09/uros_ws/install/imu_custom_msg/local/lib/python3.10/dist-packages/imu_custom_msg/srv/__init__.py
-- Up-to-date: /home/chayanin09/uros_ws/install/imu_custom_msg/local/lib/python3.10/dist-packages/imu_custom_msg/srv/_calibrate_s.c
-- Up-to-date: /home/chayanin09/uros_ws/install/imu_custom_msg/local/lib/python3.10/dist-packages/imu_custom_msg/srv/_get_status_s.c
-- Up-to-date: /home/chayanin09/uros_ws/install/imu_custom_msg/local/lib/python3.10/dist-packages/imu_custom_msg/srv/_get_status.py
-- Up-to-date: /home/chayanin09/uros_ws/install/imu_custom_msg/local/lib/python3.10/dist-packages/imu_custom_msg/_imu_custom_msg_s.ep.rosidl_typesupport_introspection_c.c
-- Up-to-date: /home/chayanin09/uros_ws/install/imu_custom_msg/local/lib/python3.10/dist-packages/imu_custom_msg/imu_custom_msg_s__rosidl_typesupport_introspection_c.cpython-310-x86_64-linux-gnu.so
-- Up-to-date: /home/chayanin09/uros_ws/install/imu_custom_msg/local/lib/python3.10/dist-packages/imu_custom_msg/imu_custom_msg_s__rosidl_typesupport_fastrtps_c.cpython-310-x86_64-linux-gnu.so
-- Up-to-date: /home/chayanin09/uros_ws/install/imu_custom_msg/local/lib/python3.10/dist-packages/imu_custom_msg/libimu_custom_msg__rosidl_generator_py.so
-- Up-to-date: /home/chayanin09/uros_ws/install/imu_custom_msg/local/lib/python3.10/dist-packages/imu_custom_msg/_imu_custom_msg_s.ep.rosidl_typesupport_c.c
Listing '/home/chayanin09/uros_ws/install/imu_custom_msg/local/lib/python3.10/dist-packages/imu_custom_msg'...
Listing '/home/chayanin09/uros_ws/install/imu_custom_msg/local/lib/python3.10/dist-packages/imu_custom_msg/srv'...
-- Up-to-date: /home/chayanin09/uros_ws/install/imu_custom_msg/local/lib/python3.10/dist-packages/imu_custom_msg/imu_custom_msg_s__rosidl_typesupport_fastrtps_c.cpython-310-x86_64-linux-gnu.so
-- Up-to-date: /home/chayanin09/uros_ws/install/imu_custom_msg/local/lib/python3.10/dist-packages/imu_custom_msg/imu_custom_msg_s__rosidl_typesupport_introspection_c.cpython-310-x86_64-linux-gnu.so
-- Up-to-date: /home/chayanin09/uros_ws/install/imu_custom_msg/local/lib/python3.10/dist-packages/imu_custom_msg/imu_custom_msg_s__rosidl_typesupport_c.cpython-310-x86_64-linux-gnu.so
-- Up-to-date: /home/chayanin09/uros_ws/install/imu_custom_msg/lib/libimu_custom_msg__rosidl_generator_py.so
-- Up-to-date: /home/chayanin09/uros_ws/install/imu_custom_msg/share/imu_custom_msg/srv/GetStatus.idl
-- Up-to-date: /home/chayanin09/uros_ws/install/imu_custom_msg/share/imu_custom_msg/srv/Calibrate.idl
-- Up-to-date: /home/chayanin09/uros_ws/install/imu_custom_msg/share/imu_custom_msg/srv/GetStatus.srv
-- Up-to-date: /home/chayanin09/uros_ws/install/imu_custom_msg/share/imu_custom_msg/srv/GetStatus_Request.msg
-- Up-to-date: /home/chayanin09/uros_ws/install/imu_custom_msg/share/imu_custom_msg/srv/GetStatus_Response.msg
-- Up-to-date: /home/chayanin09/uros_ws/install/imu_custom_msg/share/imu_custom_msg/srv/Calibrate.srv
-- Up-to-date: /home/chayanin09/uros_ws/install/imu_custom_msg/share/imu_custom_msg/srv/Calibrate_Request.msg
-- Up-to-date: /home/chayanin09/uros_ws/install/imu_custom_msg/share/imu_custom_msg/srv/Calibrate_Response.msg
-- Up-to-date: /home/chayanin09/uros_ws/install/imu_custom_msg/share/ament_index/resource_index/package_run_dependencies/imu_custom_msg
-- Up-to-date: /home/chayanin09/uros_ws/install/imu_custom_msg/share/ament_index/resource_index/parent_prefix_path/imu_custom_msg
-- Up-to-date: /home/chayanin09/uros_ws/install/imu_custom_msg/share/imu_custom_msg/environment/ament_prefix_path.sh
-- Up-to-date: /home/chayanin09/uros_ws/install/imu_custom_msg/share/imu_custom_msg/environment/ament_prefix_path.dsv
-- Up-to-date: /home/chayanin09/uros_ws/install/imu_custom_msg/share/imu_custom_msg/environment/path.sh
-- Up-to-date: /home/chayanin09/uros_ws/install/imu_custom_msg/share/imu_custom_msg/environment/path.dsv
-- Up-to-date: /home/chayanin09/uros_ws/install/imu_custom_msg/share/imu_custom_msg/local_setup.bash
-- Up-to-date: /home/chayanin09/uros_ws/install/imu_custom_msg/share/imu_custom_msg/local_setup.sh
-- Up-to-date: /home/chayanin09/uros_ws/install/imu_custom_msg/share/imu_custom_msg/local_setup.zsh
-- Up-to-date: /home/chayanin09/uros_ws/install/imu_custom_msg/share/imu_custom_msg/local_setup.dsv
-- Installing: /home/chayanin09/uros_ws/install/imu_custom_msg/share/imu_custom_msg/package.dsv
-- Up-to-date: /home/chayanin09/uros_ws/install/imu_custom_msg/share/ament_index/resource_index/packages/imu_custom_msg
-- Up-to-date: /home/chayanin09/uros_ws/install/imu_custom_msg/share/imu_custom_msg/cmake/export_imu_custom_msg__rosidl_generator_cExport.cmake
-- Up-to-date: /home/chayanin09/uros_ws/install/imu_custom_msg/share/imu_custom_msg/cmake/export_imu_custom_msg__rosidl_generator_cExport-noconfig.cmake
-- Up-to-date: /home/chayanin09/uros_ws/install/imu_custom_msg/share/imu_custom_msg/cmake/export_imu_custom_msg__rosidl_typesupport_fastrtps_cExport.cmake
-- Up-to-date: /home/chayanin09/uros_ws/install/imu_custom_msg/share/imu_custom_msg/cmake/export_imu_custom_msg__rosidl_typesupport_fastrtps_cExport-noconfig.cmake
-- Up-to-date: /home/chayanin09/uros_ws/install/imu_custom_msg/share/imu_custom_msg/cmake/imu_custom_msg__rosidl_typesupport_introspection_cExport.cmake
-- Up-to-date: /home/chayanin09/uros_ws/install/imu_custom_msg/share/imu_custom_msg/cmake/imu_custom_msg__rosidl_typesupport_introspection_cExport-noconfig.cmake
-- Up-to-date: /home/chayanin09/uros_ws/install/imu_custom_msg/share/imu_custom_msg/cmake/imu_custom_msg__rosidl_typesupport_cExport.cmake
-- Up-to-date: /home/chayanin09/uros_ws/install/imu_custom_msg/share/imu_custom_msg/cmake/imu_custom_msg__rosidl_typesupport_cExport-noconfig.cmake
-- Up-to-date: /home/chayanin09/uros_ws/install/imu_custom_msg/share/imu_custom_msg/cmake/export_imu_custom_msg__rosidl_generator_cppExport.cmake
-- Up-to-date: /home/chayanin09/uros_ws/install/imu_custom_msg/share/imu_custom_msg/cmake/export_imu_custom_msg__rosidl_typesupport_fastrtps_cppExport.cmake
-- Up-to-date: /home/chayanin09/uros_ws/install/imu_custom_msg/share/imu_custom_msg/cmake/export_imu_custom_msg__rosidl_typesupport_fastrtps_cppExport-noconfig.cmake
-- Up-to-date: /home/chayanin09/uros_ws/install/imu_custom_msg/share/imu_custom_msg/cmake/imu_custom_msg__rosidl_typesupport_introspection_cppExport.cmake
-- Up-to-date: /home/chayanin09/uros_ws/install/imu_custom_msg/share/imu_custom_msg/cmake/imu_custom_msg__rosidl_typesupport_introspection_cppExport-noconfig.cmake
-- Up-to-date: /home/chayanin09/uros_ws/install/imu_custom_msg/share/imu_custom_msg/cmake/imu_custom_msg__rosidl_typesupport_cppExport.cmake
-- Up-to-date: /home/chayanin09/uros_ws/install/imu_custom_msg/share/imu_custom_msg/cmake/imu_custom_msg__rosidl_typesupport_cppExport-noconfig.cmake
-- Up-to-date: /home/chayanin09/uros_ws/install/imu_custom_msg/share/imu_custom_msg/cmake/export_imu_custom_msg__rosidl_generator_pyExport.cmake
-- Up-to-date: /home/chayanin09/uros_ws/install/imu_custom_msg/share/imu_custom_msg/cmake/export_imu_custom_msg__rosidl_generator_pyExport-noconfig.cmake
-- Up-to-date: /home/chayanin09/uros_ws/install/imu_custom_msg/share/imu_custom_msg/cmake/rosidl_cmake-extras.cmake
-- Up-to-date: /home/chayanin09/uros_ws/install/imu_custom_msg/share/imu_custom_msg/cmake/ament_cmake_export_dependencies-extras.cmake
-- Up-to-date: /home/chayanin09/uros_ws/install/imu_custom_msg/share/imu_custom_msg/cmake/ament_cmake_export_include_directories-extras.cmake
-- Up-to-date: /home/chayanin09/uros_ws/install/imu_custom_msg/share/imu_custom_msg/cmake/ament_cmake_export_libraries-extras.cmake
-- Up-to-date: /home/chayanin09/uros_ws/install/imu_custom_msg/share/imu_custom_msg/cmake/ament_cmake_export_targets-extras.cmake
-- Up-to-date: /home/chayanin09/uros_ws/install/imu_custom_msg/share/imu_custom_msg/cmake/rosidl_cmake_export_typesupport_targets-extras.cmake
-- Up-to-date: /home/chayanin09/uros_ws/install/imu_custom_msg/share/imu_custom_msg/cmake/rosidl_cmake_export_typesupport_libraries-extras.cmake
-- Up-to-date: /home/chayanin09/uros_ws/install/imu_custom_msg/share/imu_custom_msg/cmake/imu_custom_msgConfig.cmake
-- Up-to-date: /home/chayanin09/uros_ws/install/imu_custom_msg/share/imu_custom_msg/cmake/imu_custom_msgConfig-version.cmake
-- Up-to-date: /home/chayanin09/uros_ws/install/imu_custom_msg/share/imu_custom_msg/package.xml
