[0.063s] DEBUG:colcon:Command line arguments: ['/usr/bin/colcon', 'build']
[0.063s] DEBUG:colcon:Parsed command line arguments: Namespace(log_base=None, log_level=None, verb_name='build', build_base='build', install_base='install', merge_install=False, symlink_install=False, test_result_base=None, continue_on_error=False, executor='parallel', parallel_workers=20, event_handlers=None, ignore_user_meta=False, metas=['./colcon.meta'], base_paths=['.'], packages_ignore=None, packages_ignore_regex=None, paths=None, packages_up_to=None, packages_up_to_regex=None, packages_above=None, packages_above_and_dependencies=None, packages_above_depth=None, packages_select_by_dep=None, packages_skip_by_dep=None, packages_skip_up_to=None, packages_select_build_failed=False, packages_skip_build_finished=False, packages_select_test_failures=False, packages_skip_test_passed=False, packages_select=None, packages_skip=None, packages_select_regex=None, packages_skip_regex=None, packages_start=None, packages_end=None, allow_overriding=[], cmake_args=None, cmake_target=None, cmake_target_skip_unavailable=False, cmake_clean_cache=False, cmake_clean_first=False, cmake_force_configure=False, ament_cmake_args=None, catkin_cmake_args=None, catkin_skip_building_tests=False, mixin_files=None, mixin=None, verb_parser=<colcon_mixin.mixin.mixin_argument.MixinArgumentDecorator object at 0x79e5aba3f700>, verb_extension=<colcon_core.verb.build.BuildVerb object at 0x79e5aba3f250>, main=<bound method BuildVerb.main of <colcon_core.verb.build.BuildVerb object at 0x79e5aba3f250>>, mixin_verb=('build',))
[0.159s] Level 1:colcon.colcon_core.package_discovery:discover_packages(colcon_meta) check parameters
[0.159s] Level 1:colcon.colcon_core.package_discovery:discover_packages(recursive) check parameters
[0.159s] Level 1:colcon.colcon_core.package_discovery:discover_packages(ignore) check parameters
[0.159s] Level 1:colcon.colcon_core.package_discovery:discover_packages(path) check parameters
[0.159s] Level 1:colcon.colcon_core.package_discovery:discover_packages(colcon_meta) discover
[0.159s] Level 1:colcon.colcon_core.package_discovery:discover_packages(recursive) discover
[0.159s] INFO:colcon.colcon_core.package_discovery:Crawling recursively for packages in '/home/chayanin09/uros_ws'
[0.159s] Level 1:colcon.colcon_core.package_identification:_identify(.) by extensions ['ignore', 'ignore_ament_install']
[0.159s] Level 1:colcon.colcon_core.package_identification:_identify(.) by extension 'ignore'
[0.159s] Level 1:colcon.colcon_core.package_identification:_identify(.) by extension 'ignore_ament_install'
[0.159s] Level 1:colcon.colcon_core.package_identification:_identify(.) by extensions ['colcon_pkg']
[0.159s] Level 1:colcon.colcon_core.package_identification:_identify(.) by extension 'colcon_pkg'
[0.159s] Level 1:colcon.colcon_core.package_identification:_identify(.) by extensions ['colcon_meta']
[0.159s] Level 1:colcon.colcon_core.package_identification:_identify(.) by extension 'colcon_meta'
[0.159s] Level 1:colcon.colcon_core.package_identification:_identify(.) by extensions ['ros']
[0.159s] Level 1:colcon.colcon_core.package_identification:_identify(.) by extension 'ros'
[0.170s] Level 1:colcon.colcon_core.package_identification:_identify(.) by extensions ['cmake', 'python']
[0.170s] Level 1:colcon.colcon_core.package_identification:_identify(.) by extension 'cmake'
[0.170s] Level 1:colcon.colcon_core.package_identification:_identify(.) by extension 'python'
[0.170s] Level 1:colcon.colcon_core.package_identification:_identify(.) by extensions ['python_setup_py']
[0.170s] Level 1:colcon.colcon_core.package_identification:_identify(.) by extension 'python_setup_py'
[0.170s] Level 1:colcon.colcon_core.package_identification:_identify(build) by extensions ['ignore', 'ignore_ament_install']
[0.170s] Level 1:colcon.colcon_core.package_identification:_identify(build) by extension 'ignore'
[0.170s] Level 1:colcon.colcon_core.package_identification:_identify(build) ignored
[0.170s] Level 1:colcon.colcon_core.package_identification:_identify(firmware) by extensions ['ignore', 'ignore_ament_install']
[0.170s] Level 1:colcon.colcon_core.package_identification:_identify(firmware) by extension 'ignore'
[0.170s] Level 1:colcon.colcon_core.package_identification:_identify(firmware) ignored
[0.171s] Level 1:colcon.colcon_core.package_identification:_identify(install) by extensions ['ignore', 'ignore_ament_install']
[0.171s] Level 1:colcon.colcon_core.package_identification:_identify(install) by extension 'ignore'
[0.171s] Level 1:colcon.colcon_core.package_identification:_identify(install) ignored
[0.171s] Level 1:colcon.colcon_core.package_identification:_identify(log) by extensions ['ignore', 'ignore_ament_install']
[0.171s] Level 1:colcon.colcon_core.package_identification:_identify(log) by extension 'ignore'
[0.171s] Level 1:colcon.colcon_core.package_identification:_identify(log) ignored
[0.171s] Level 1:colcon.colcon_core.package_identification:_identify(src) by extensions ['ignore', 'ignore_ament_install']
[0.171s] Level 1:colcon.colcon_core.package_identification:_identify(src) by extension 'ignore'
[0.171s] Level 1:colcon.colcon_core.package_identification:_identify(src) by extension 'ignore_ament_install'
[0.171s] Level 1:colcon.colcon_core.package_identification:_identify(src) by extensions ['colcon_pkg']
[0.171s] Level 1:colcon.colcon_core.package_identification:_identify(src) by extension 'colcon_pkg'
[0.171s] Level 1:colcon.colcon_core.package_identification:_identify(src) by extensions ['colcon_meta']
[0.171s] Level 1:colcon.colcon_core.package_identification:_identify(src) by extension 'colcon_meta'
[0.171s] Level 1:colcon.colcon_core.package_identification:_identify(src) by extensions ['ros']
[0.171s] Level 1:colcon.colcon_core.package_identification:_identify(src) by extension 'ros'
[0.171s] Level 1:colcon.colcon_core.package_identification:_identify(src) by extensions ['cmake', 'python']
[0.171s] Level 1:colcon.colcon_core.package_identification:_identify(src) by extension 'cmake'
[0.171s] Level 1:colcon.colcon_core.package_identification:_identify(src) by extension 'python'
[0.171s] Level 1:colcon.colcon_core.package_identification:_identify(src) by extensions ['python_setup_py']
[0.171s] Level 1:colcon.colcon_core.package_identification:_identify(src) by extension 'python_setup_py'
[0.171s] Level 1:colcon.colcon_core.package_identification:_identify(src/IMU_calibrator) by extensions ['ignore', 'ignore_ament_install']
[0.171s] Level 1:colcon.colcon_core.package_identification:_identify(src/IMU_calibrator) by extension 'ignore'
[0.171s] Level 1:colcon.colcon_core.package_identification:_identify(src/IMU_calibrator) by extension 'ignore_ament_install'
[0.171s] Level 1:colcon.colcon_core.package_identification:_identify(src/IMU_calibrator) by extensions ['colcon_pkg']
[0.171s] Level 1:colcon.colcon_core.package_identification:_identify(src/IMU_calibrator) by extension 'colcon_pkg'
[0.171s] Level 1:colcon.colcon_core.package_identification:_identify(src/IMU_calibrator) by extensions ['colcon_meta']
[0.171s] Level 1:colcon.colcon_core.package_identification:_identify(src/IMU_calibrator) by extension 'colcon_meta'
[0.171s] Level 1:colcon.colcon_core.package_identification:_identify(src/IMU_calibrator) by extensions ['ros']
[0.171s] Level 1:colcon.colcon_core.package_identification:_identify(src/IMU_calibrator) by extension 'ros'
[0.173s] DEBUG:colcon.colcon_core.package_identification:Package 'src/IMU_calibrator' with type 'ros.ament_cmake' and name 'imu_calibration'
[0.173s] Level 1:colcon.colcon_core.package_identification:_identify(src/imu_custom_msg) by extensions ['ignore', 'ignore_ament_install']
[0.173s] Level 1:colcon.colcon_core.package_identification:_identify(src/imu_custom_msg) by extension 'ignore'
[0.173s] Level 1:colcon.colcon_core.package_identification:_identify(src/imu_custom_msg) by extension 'ignore_ament_install'
[0.173s] Level 1:colcon.colcon_core.package_identification:_identify(src/imu_custom_msg) by extensions ['colcon_pkg']
[0.173s] Level 1:colcon.colcon_core.package_identification:_identify(src/imu_custom_msg) by extension 'colcon_pkg'
[0.173s] Level 1:colcon.colcon_core.package_identification:_identify(src/imu_custom_msg) by extensions ['colcon_meta']
[0.173s] Level 1:colcon.colcon_core.package_identification:_identify(src/imu_custom_msg) by extension 'colcon_meta'
[0.173s] Level 1:colcon.colcon_core.package_identification:_identify(src/imu_custom_msg) by extensions ['ros']
[0.173s] Level 1:colcon.colcon_core.package_identification:_identify(src/imu_custom_msg) by extension 'ros'
[0.173s] DEBUG:colcon.colcon_core.package_identification:Package 'src/imu_custom_msg' with type 'ros.ament_cmake' and name 'imu_custom_msg'
[0.173s] Level 1:colcon.colcon_core.package_identification:_identify(src/micro_ros_setup) by extensions ['ignore', 'ignore_ament_install']
[0.173s] Level 1:colcon.colcon_core.package_identification:_identify(src/micro_ros_setup) by extension 'ignore'
[0.173s] Level 1:colcon.colcon_core.package_identification:_identify(src/micro_ros_setup) by extension 'ignore_ament_install'
[0.173s] Level 1:colcon.colcon_core.package_identification:_identify(src/micro_ros_setup) by extensions ['colcon_pkg']
[0.173s] Level 1:colcon.colcon_core.package_identification:_identify(src/micro_ros_setup) by extension 'colcon_pkg'
[0.173s] Level 1:colcon.colcon_core.package_identification:_identify(src/micro_ros_setup) by extensions ['colcon_meta']
[0.173s] Level 1:colcon.colcon_core.package_identification:_identify(src/micro_ros_setup) by extension 'colcon_meta'
[0.173s] Level 1:colcon.colcon_core.package_identification:_identify(src/micro_ros_setup) by extensions ['ros']
[0.173s] Level 1:colcon.colcon_core.package_identification:_identify(src/micro_ros_setup) by extension 'ros'
[0.174s] DEBUG:colcon.colcon_core.package_identification:Package 'src/micro_ros_setup' with type 'ros.ament_cmake' and name 'micro_ros_setup'
[0.174s] Level 1:colcon.colcon_core.package_identification:_identify(src/uros) by extensions ['ignore', 'ignore_ament_install']
[0.174s] Level 1:colcon.colcon_core.package_identification:_identify(src/uros) by extension 'ignore'
[0.174s] Level 1:colcon.colcon_core.package_identification:_identify(src/uros) by extension 'ignore_ament_install'
[0.174s] Level 1:colcon.colcon_core.package_identification:_identify(src/uros) by extensions ['colcon_pkg']
[0.174s] Level 1:colcon.colcon_core.package_identification:_identify(src/uros) by extension 'colcon_pkg'
[0.174s] Level 1:colcon.colcon_core.package_identification:_identify(src/uros) by extensions ['colcon_meta']
[0.174s] Level 1:colcon.colcon_core.package_identification:_identify(src/uros) by extension 'colcon_meta'
[0.174s] Level 1:colcon.colcon_core.package_identification:_identify(src/uros) by extensions ['ros']
[0.174s] Level 1:colcon.colcon_core.package_identification:_identify(src/uros) by extension 'ros'
[0.174s] Level 1:colcon.colcon_core.package_identification:_identify(src/uros) by extensions ['cmake', 'python']
[0.174s] Level 1:colcon.colcon_core.package_identification:_identify(src/uros) by extension 'cmake'
[0.174s] Level 1:colcon.colcon_core.package_identification:_identify(src/uros) by extension 'python'
[0.174s] Level 1:colcon.colcon_core.package_identification:_identify(src/uros) by extensions ['python_setup_py']
[0.174s] Level 1:colcon.colcon_core.package_identification:_identify(src/uros) by extension 'python_setup_py'
[0.174s] Level 1:colcon.colcon_core.package_identification:_identify(src/uros/micro-ROS-Agent) by extensions ['ignore', 'ignore_ament_install']
[0.174s] Level 1:colcon.colcon_core.package_identification:_identify(src/uros/micro-ROS-Agent) by extension 'ignore'
[0.174s] Level 1:colcon.colcon_core.package_identification:_identify(src/uros/micro-ROS-Agent) by extension 'ignore_ament_install'
[0.174s] Level 1:colcon.colcon_core.package_identification:_identify(src/uros/micro-ROS-Agent) by extensions ['colcon_pkg']
[0.174s] Level 1:colcon.colcon_core.package_identification:_identify(src/uros/micro-ROS-Agent) by extension 'colcon_pkg'
[0.174s] Level 1:colcon.colcon_core.package_identification:_identify(src/uros/micro-ROS-Agent) by extensions ['colcon_meta']
[0.174s] Level 1:colcon.colcon_core.package_identification:_identify(src/uros/micro-ROS-Agent) by extension 'colcon_meta'
[0.174s] Level 1:colcon.colcon_core.package_identification:_identify(src/uros/micro-ROS-Agent) by extensions ['ros']
[0.174s] Level 1:colcon.colcon_core.package_identification:_identify(src/uros/micro-ROS-Agent) by extension 'ros'
[0.174s] Level 1:colcon.colcon_core.package_identification:_identify(src/uros/micro-ROS-Agent) by extensions ['cmake', 'python']
[0.174s] Level 1:colcon.colcon_core.package_identification:_identify(src/uros/micro-ROS-Agent) by extension 'cmake'
[0.174s] Level 1:colcon.colcon_core.package_identification:_identify(src/uros/micro-ROS-Agent) by extension 'python'
[0.174s] Level 1:colcon.colcon_core.package_identification:_identify(src/uros/micro-ROS-Agent) by extensions ['python_setup_py']
[0.174s] Level 1:colcon.colcon_core.package_identification:_identify(src/uros/micro-ROS-Agent) by extension 'python_setup_py'
[0.174s] Level 1:colcon.colcon_core.package_identification:_identify(src/uros/micro-ROS-Agent/micro_ros_agent) by extensions ['ignore', 'ignore_ament_install']
[0.174s] Level 1:colcon.colcon_core.package_identification:_identify(src/uros/micro-ROS-Agent/micro_ros_agent) by extension 'ignore'
[0.174s] Level 1:colcon.colcon_core.package_identification:_identify(src/uros/micro-ROS-Agent/micro_ros_agent) by extension 'ignore_ament_install'
[0.174s] Level 1:colcon.colcon_core.package_identification:_identify(src/uros/micro-ROS-Agent/micro_ros_agent) by extensions ['colcon_pkg']
[0.174s] Level 1:colcon.colcon_core.package_identification:_identify(src/uros/micro-ROS-Agent/micro_ros_agent) by extension 'colcon_pkg'
[0.175s] Level 1:colcon.colcon_core.package_identification:_identify(src/uros/micro-ROS-Agent/micro_ros_agent) by extensions ['colcon_meta']
[0.175s] Level 1:colcon.colcon_core.package_identification:_identify(src/uros/micro-ROS-Agent/micro_ros_agent) by extension 'colcon_meta'
[0.175s] Level 1:colcon.colcon_core.package_identification:_identify(src/uros/micro-ROS-Agent/micro_ros_agent) by extensions ['ros']
[0.175s] Level 1:colcon.colcon_core.package_identification:_identify(src/uros/micro-ROS-Agent/micro_ros_agent) by extension 'ros'
[0.175s] DEBUG:colcon.colcon_core.package_identification:Package 'src/uros/micro-ROS-Agent/micro_ros_agent' with type 'ros.ament_cmake' and name 'micro_ros_agent'
[0.175s] Level 1:colcon.colcon_core.package_identification:_identify(src/uros/micro-ROS-Agent/snap) by extensions ['ignore', 'ignore_ament_install']
[0.175s] Level 1:colcon.colcon_core.package_identification:_identify(src/uros/micro-ROS-Agent/snap) by extension 'ignore'
[0.175s] Level 1:colcon.colcon_core.package_identification:_identify(src/uros/micro-ROS-Agent/snap) by extension 'ignore_ament_install'
[0.175s] Level 1:colcon.colcon_core.package_identification:_identify(src/uros/micro-ROS-Agent/snap) by extensions ['colcon_pkg']
[0.175s] Level 1:colcon.colcon_core.package_identification:_identify(src/uros/micro-ROS-Agent/snap) by extension 'colcon_pkg'
[0.175s] Level 1:colcon.colcon_core.package_identification:_identify(src/uros/micro-ROS-Agent/snap) by extensions ['colcon_meta']
[0.175s] Level 1:colcon.colcon_core.package_identification:_identify(src/uros/micro-ROS-Agent/snap) by extension 'colcon_meta'
[0.175s] Level 1:colcon.colcon_core.package_identification:_identify(src/uros/micro-ROS-Agent/snap) by extensions ['ros']
[0.175s] Level 1:colcon.colcon_core.package_identification:_identify(src/uros/micro-ROS-Agent/snap) by extension 'ros'
[0.175s] Level 1:colcon.colcon_core.package_identification:_identify(src/uros/micro-ROS-Agent/snap) by extensions ['cmake', 'python']
[0.175s] Level 1:colcon.colcon_core.package_identification:_identify(src/uros/micro-ROS-Agent/snap) by extension 'cmake'
[0.175s] Level 1:colcon.colcon_core.package_identification:_identify(src/uros/micro-ROS-Agent/snap) by extension 'python'
[0.175s] Level 1:colcon.colcon_core.package_identification:_identify(src/uros/micro-ROS-Agent/snap) by extensions ['python_setup_py']
[0.175s] Level 1:colcon.colcon_core.package_identification:_identify(src/uros/micro-ROS-Agent/snap) by extension 'python_setup_py'
[0.175s] Level 1:colcon.colcon_core.package_identification:_identify(src/uros/micro-ROS-Agent/snap/hooks) by extensions ['ignore', 'ignore_ament_install']
[0.175s] Level 1:colcon.colcon_core.package_identification:_identify(src/uros/micro-ROS-Agent/snap/hooks) by extension 'ignore'
[0.175s] Level 1:colcon.colcon_core.package_identification:_identify(src/uros/micro-ROS-Agent/snap/hooks) by extension 'ignore_ament_install'
[0.175s] Level 1:colcon.colcon_core.package_identification:_identify(src/uros/micro-ROS-Agent/snap/hooks) by extensions ['colcon_pkg']
[0.175s] Level 1:colcon.colcon_core.package_identification:_identify(src/uros/micro-ROS-Agent/snap/hooks) by extension 'colcon_pkg'
[0.176s] Level 1:colcon.colcon_core.package_identification:_identify(src/uros/micro-ROS-Agent/snap/hooks) by extensions ['colcon_meta']
[0.176s] Level 1:colcon.colcon_core.package_identification:_identify(src/uros/micro-ROS-Agent/snap/hooks) by extension 'colcon_meta'
[0.176s] Level 1:colcon.colcon_core.package_identification:_identify(src/uros/micro-ROS-Agent/snap/hooks) by extensions ['ros']
[0.176s] Level 1:colcon.colcon_core.package_identification:_identify(src/uros/micro-ROS-Agent/snap/hooks) by extension 'ros'
[0.176s] Level 1:colcon.colcon_core.package_identification:_identify(src/uros/micro-ROS-Agent/snap/hooks) by extensions ['cmake', 'python']
[0.176s] Level 1:colcon.colcon_core.package_identification:_identify(src/uros/micro-ROS-Agent/snap/hooks) by extension 'cmake'
[0.176s] Level 1:colcon.colcon_core.package_identification:_identify(src/uros/micro-ROS-Agent/snap/hooks) by extension 'python'
[0.176s] Level 1:colcon.colcon_core.package_identification:_identify(src/uros/micro-ROS-Agent/snap/hooks) by extensions ['python_setup_py']
[0.176s] Level 1:colcon.colcon_core.package_identification:_identify(src/uros/micro-ROS-Agent/snap/hooks) by extension 'python_setup_py'
[0.176s] Level 1:colcon.colcon_core.package_identification:_identify(src/uros/micro-ROS-Agent/snap/local) by extensions ['ignore', 'ignore_ament_install']
[0.176s] Level 1:colcon.colcon_core.package_identification:_identify(src/uros/micro-ROS-Agent/snap/local) by extension 'ignore'
[0.176s] Level 1:colcon.colcon_core.package_identification:_identify(src/uros/micro-ROS-Agent/snap/local) by extension 'ignore_ament_install'
[0.176s] Level 1:colcon.colcon_core.package_identification:_identify(src/uros/micro-ROS-Agent/snap/local) by extensions ['colcon_pkg']
[0.176s] Level 1:colcon.colcon_core.package_identification:_identify(src/uros/micro-ROS-Agent/snap/local) by extension 'colcon_pkg'
[0.176s] Level 1:colcon.colcon_core.package_identification:_identify(src/uros/micro-ROS-Agent/snap/local) by extensions ['colcon_meta']
[0.176s] Level 1:colcon.colcon_core.package_identification:_identify(src/uros/micro-ROS-Agent/snap/local) by extension 'colcon_meta'
[0.176s] Level 1:colcon.colcon_core.package_identification:_identify(src/uros/micro-ROS-Agent/snap/local) by extensions ['ros']
[0.176s] Level 1:colcon.colcon_core.package_identification:_identify(src/uros/micro-ROS-Agent/snap/local) by extension 'ros'
[0.176s] Level 1:colcon.colcon_core.package_identification:_identify(src/uros/micro-ROS-Agent/snap/local) by extensions ['cmake', 'python']
[0.176s] Level 1:colcon.colcon_core.package_identification:_identify(src/uros/micro-ROS-Agent/snap/local) by extension 'cmake'
[0.176s] Level 1:colcon.colcon_core.package_identification:_identify(src/uros/micro-ROS-Agent/snap/local) by extension 'python'
[0.176s] Level 1:colcon.colcon_core.package_identification:_identify(src/uros/micro-ROS-Agent/snap/local) by extensions ['python_setup_py']
[0.176s] Level 1:colcon.colcon_core.package_identification:_identify(src/uros/micro-ROS-Agent/snap/local) by extension 'python_setup_py'
[0.176s] Level 1:colcon.colcon_core.package_identification:_identify(src/uros/micro_ros_msgs) by extensions ['ignore', 'ignore_ament_install']
[0.176s] Level 1:colcon.colcon_core.package_identification:_identify(src/uros/micro_ros_msgs) by extension 'ignore'
[0.176s] Level 1:colcon.colcon_core.package_identification:_identify(src/uros/micro_ros_msgs) by extension 'ignore_ament_install'
[0.176s] Level 1:colcon.colcon_core.package_identification:_identify(src/uros/micro_ros_msgs) by extensions ['colcon_pkg']
[0.176s] Level 1:colcon.colcon_core.package_identification:_identify(src/uros/micro_ros_msgs) by extension 'colcon_pkg'
[0.176s] Level 1:colcon.colcon_core.package_identification:_identify(src/uros/micro_ros_msgs) by extensions ['colcon_meta']
[0.176s] Level 1:colcon.colcon_core.package_identification:_identify(src/uros/micro_ros_msgs) by extension 'colcon_meta'
[0.176s] Level 1:colcon.colcon_core.package_identification:_identify(src/uros/micro_ros_msgs) by extensions ['ros']
[0.176s] Level 1:colcon.colcon_core.package_identification:_identify(src/uros/micro_ros_msgs) by extension 'ros'
[0.176s] DEBUG:colcon.colcon_core.package_identification:Package 'src/uros/micro_ros_msgs' with type 'ros.ament_cmake' and name 'micro_ros_msgs'
[0.177s] Level 1:colcon.colcon_core.package_discovery:discover_packages(recursive) using defaults
[0.177s] Level 1:colcon.colcon_core.package_discovery:discover_packages(ignore) discover
[0.177s] Level 1:colcon.colcon_core.package_discovery:discover_packages(ignore) using defaults
[0.177s] Level 1:colcon.colcon_core.package_discovery:discover_packages(path) discover
[0.177s] Level 1:colcon.colcon_core.package_discovery:discover_packages(path) using defaults
[0.188s] Level 1:colcon.colcon_core.package_discovery:discover_packages(prefix_path) check parameters
[0.188s] Level 1:colcon.colcon_core.package_discovery:discover_packages(prefix_path) discover
[0.189s] DEBUG:colcon.colcon_installed_package_information.package_discovery:Found 5 installed packages in /home/chayanin09/uros_ws/install
[0.189s] DEBUG:colcon.colcon_installed_package_information.package_discovery:Found 2 installed packages in /home/chayanin09/Documents/FUN4_ws/FUN4_6509/install
[0.190s] DEBUG:colcon.colcon_installed_package_information.package_discovery:Found 437 installed packages in /opt/ros/humble
[0.191s] Level 1:colcon.colcon_core.package_discovery:discover_packages(prefix_path) using defaults
[0.227s] Level 5:colcon.colcon_core.verb:set package 'imu_calibration' build argument 'cmake_args' from command line to 'None'
[0.227s] Level 5:colcon.colcon_core.verb:set package 'imu_calibration' build argument 'cmake_target' from command line to 'None'
[0.227s] Level 5:colcon.colcon_core.verb:set package 'imu_calibration' build argument 'cmake_target_skip_unavailable' from command line to 'False'
[0.227s] Level 5:colcon.colcon_core.verb:set package 'imu_calibration' build argument 'cmake_clean_cache' from command line to 'False'
[0.227s] Level 5:colcon.colcon_core.verb:set package 'imu_calibration' build argument 'cmake_clean_first' from command line to 'False'
[0.227s] Level 5:colcon.colcon_core.verb:set package 'imu_calibration' build argument 'cmake_force_configure' from command line to 'False'
[0.227s] Level 5:colcon.colcon_core.verb:set package 'imu_calibration' build argument 'ament_cmake_args' from command line to 'None'
[0.227s] Level 5:colcon.colcon_core.verb:set package 'imu_calibration' build argument 'catkin_cmake_args' from command line to 'None'
[0.227s] Level 5:colcon.colcon_core.verb:set package 'imu_calibration' build argument 'catkin_skip_building_tests' from command line to 'False'
[0.227s] DEBUG:colcon.colcon_core.verb:Building package 'imu_calibration' with the following arguments: {'ament_cmake_args': None, 'build_base': '/home/chayanin09/uros_ws/build/imu_calibration', 'catkin_cmake_args': None, 'catkin_skip_building_tests': False, 'cmake_args': None, 'cmake_clean_cache': False, 'cmake_clean_first': False, 'cmake_force_configure': False, 'cmake_target': None, 'cmake_target_skip_unavailable': False, 'install_base': '/home/chayanin09/uros_ws/install/imu_calibration', 'merge_install': False, 'path': '/home/chayanin09/uros_ws/src/IMU_calibrator', 'symlink_install': False, 'test_result_base': None}
[0.227s] Level 5:colcon.colcon_core.verb:set package 'imu_custom_msg' build argument 'cmake_args' from command line to 'None'
[0.227s] Level 5:colcon.colcon_core.verb:set package 'imu_custom_msg' build argument 'cmake_target' from command line to 'None'
[0.227s] Level 5:colcon.colcon_core.verb:set package 'imu_custom_msg' build argument 'cmake_target_skip_unavailable' from command line to 'False'
[0.227s] Level 5:colcon.colcon_core.verb:set package 'imu_custom_msg' build argument 'cmake_clean_cache' from command line to 'False'
[0.227s] Level 5:colcon.colcon_core.verb:set package 'imu_custom_msg' build argument 'cmake_clean_first' from command line to 'False'
[0.227s] Level 5:colcon.colcon_core.verb:set package 'imu_custom_msg' build argument 'cmake_force_configure' from command line to 'False'
[0.227s] Level 5:colcon.colcon_core.verb:set package 'imu_custom_msg' build argument 'ament_cmake_args' from command line to 'None'
[0.227s] Level 5:colcon.colcon_core.verb:set package 'imu_custom_msg' build argument 'catkin_cmake_args' from command line to 'None'
[0.227s] Level 5:colcon.colcon_core.verb:set package 'imu_custom_msg' build argument 'catkin_skip_building_tests' from command line to 'False'
[0.227s] DEBUG:colcon.colcon_core.verb:Building package 'imu_custom_msg' with the following arguments: {'ament_cmake_args': None, 'build_base': '/home/chayanin09/uros_ws/build/imu_custom_msg', 'catkin_cmake_args': None, 'catkin_skip_building_tests': False, 'cmake_args': None, 'cmake_clean_cache': False, 'cmake_clean_first': False, 'cmake_force_configure': False, 'cmake_target': None, 'cmake_target_skip_unavailable': False, 'install_base': '/home/chayanin09/uros_ws/install/imu_custom_msg', 'merge_install': False, 'path': '/home/chayanin09/uros_ws/src/imu_custom_msg', 'symlink_install': False, 'test_result_base': None}
[0.227s] Level 5:colcon.colcon_core.verb:set package 'micro_ros_msgs' build argument 'cmake_args' from command line to 'None'
[0.227s] Level 5:colcon.colcon_core.verb:set package 'micro_ros_msgs' build argument 'cmake_target' from command line to 'None'
[0.227s] Level 5:colcon.colcon_core.verb:set package 'micro_ros_msgs' build argument 'cmake_target_skip_unavailable' from command line to 'False'
[0.227s] Level 5:colcon.colcon_core.verb:set package 'micro_ros_msgs' build argument 'cmake_clean_cache' from command line to 'False'
[0.227s] Level 5:colcon.colcon_core.verb:set package 'micro_ros_msgs' build argument 'cmake_clean_first' from command line to 'False'
[0.227s] Level 5:colcon.colcon_core.verb:set package 'micro_ros_msgs' build argument 'cmake_force_configure' from command line to 'False'
[0.227s] Level 5:colcon.colcon_core.verb:set package 'micro_ros_msgs' build argument 'ament_cmake_args' from command line to 'None'
[0.227s] Level 5:colcon.colcon_core.verb:set package 'micro_ros_msgs' build argument 'catkin_cmake_args' from command line to 'None'
[0.227s] Level 5:colcon.colcon_core.verb:set package 'micro_ros_msgs' build argument 'catkin_skip_building_tests' from command line to 'False'
[0.227s] DEBUG:colcon.colcon_core.verb:Building package 'micro_ros_msgs' with the following arguments: {'ament_cmake_args': None, 'build_base': '/home/chayanin09/uros_ws/build/micro_ros_msgs', 'catkin_cmake_args': None, 'catkin_skip_building_tests': False, 'cmake_args': None, 'cmake_clean_cache': False, 'cmake_clean_first': False, 'cmake_force_configure': False, 'cmake_target': None, 'cmake_target_skip_unavailable': False, 'install_base': '/home/chayanin09/uros_ws/install/micro_ros_msgs', 'merge_install': False, 'path': '/home/chayanin09/uros_ws/src/uros/micro_ros_msgs', 'symlink_install': False, 'test_result_base': None}
[0.227s] Level 5:colcon.colcon_core.verb:set package 'micro_ros_setup' build argument 'cmake_args' from command line to 'None'
[0.227s] Level 5:colcon.colcon_core.verb:set package 'micro_ros_setup' build argument 'cmake_target' from command line to 'None'
[0.227s] Level 5:colcon.colcon_core.verb:set package 'micro_ros_setup' build argument 'cmake_target_skip_unavailable' from command line to 'False'
[0.227s] Level 5:colcon.colcon_core.verb:set package 'micro_ros_setup' build argument 'cmake_clean_cache' from command line to 'False'
[0.227s] Level 5:colcon.colcon_core.verb:set package 'micro_ros_setup' build argument 'cmake_clean_first' from command line to 'False'
[0.227s] Level 5:colcon.colcon_core.verb:set package 'micro_ros_setup' build argument 'cmake_force_configure' from command line to 'False'
[0.227s] Level 5:colcon.colcon_core.verb:set package 'micro_ros_setup' build argument 'ament_cmake_args' from command line to 'None'
[0.227s] Level 5:colcon.colcon_core.verb:set package 'micro_ros_setup' build argument 'catkin_cmake_args' from command line to 'None'
[0.227s] Level 5:colcon.colcon_core.verb:set package 'micro_ros_setup' build argument 'catkin_skip_building_tests' from command line to 'False'
[0.228s] DEBUG:colcon.colcon_core.verb:Building package 'micro_ros_setup' with the following arguments: {'ament_cmake_args': None, 'build_base': '/home/chayanin09/uros_ws/build/micro_ros_setup', 'catkin_cmake_args': None, 'catkin_skip_building_tests': False, 'cmake_args': None, 'cmake_clean_cache': False, 'cmake_clean_first': False, 'cmake_force_configure': False, 'cmake_target': None, 'cmake_target_skip_unavailable': False, 'install_base': '/home/chayanin09/uros_ws/install/micro_ros_setup', 'merge_install': False, 'path': '/home/chayanin09/uros_ws/src/micro_ros_setup', 'symlink_install': False, 'test_result_base': None}
[0.228s] Level 5:colcon.colcon_core.verb:set package 'micro_ros_agent' build argument 'cmake_args' from command line to 'None'
[0.228s] Level 5:colcon.colcon_core.verb:set package 'micro_ros_agent' build argument 'cmake_target' from command line to 'None'
[0.228s] Level 5:colcon.colcon_core.verb:set package 'micro_ros_agent' build argument 'cmake_target_skip_unavailable' from command line to 'False'
[0.228s] Level 5:colcon.colcon_core.verb:set package 'micro_ros_agent' build argument 'cmake_clean_cache' from command line to 'False'
[0.228s] Level 5:colcon.colcon_core.verb:set package 'micro_ros_agent' build argument 'cmake_clean_first' from command line to 'False'
[0.228s] Level 5:colcon.colcon_core.verb:set package 'micro_ros_agent' build argument 'cmake_force_configure' from command line to 'False'
[0.228s] Level 5:colcon.colcon_core.verb:set package 'micro_ros_agent' build argument 'ament_cmake_args' from command line to 'None'
[0.228s] Level 5:colcon.colcon_core.verb:set package 'micro_ros_agent' build argument 'catkin_cmake_args' from command line to 'None'
[0.228s] Level 5:colcon.colcon_core.verb:set package 'micro_ros_agent' build argument 'catkin_skip_building_tests' from command line to 'False'
[0.228s] DEBUG:colcon.colcon_core.verb:Building package 'micro_ros_agent' with the following arguments: {'ament_cmake_args': None, 'build_base': '/home/chayanin09/uros_ws/build/micro_ros_agent', 'catkin_cmake_args': None, 'catkin_skip_building_tests': False, 'cmake_args': None, 'cmake_clean_cache': False, 'cmake_clean_first': False, 'cmake_force_configure': False, 'cmake_target': None, 'cmake_target_skip_unavailable': False, 'install_base': '/home/chayanin09/uros_ws/install/micro_ros_agent', 'merge_install': False, 'path': '/home/chayanin09/uros_ws/src/uros/micro-ROS-Agent/micro_ros_agent', 'symlink_install': False, 'test_result_base': None}
[0.228s] INFO:colcon.colcon_core.executor:Executing jobs using 'parallel' executor
[0.229s] DEBUG:colcon.colcon_parallel_executor.executor.parallel:run_until_complete
[0.229s] INFO:colcon.colcon_ros.task.ament_cmake.build:Building ROS package in '/home/chayanin09/uros_ws/src/uros/micro_ros_msgs' with build type 'ament_cmake'
[0.229s] INFO:colcon.colcon_cmake.task.cmake.build:Building CMake package in '/home/chayanin09/uros_ws/src/uros/micro_ros_msgs'
[0.230s] INFO:colcon.colcon_core.plugin_system:Skipping extension 'colcon_core.shell.bat': Not used on non-Windows systems
[0.230s] INFO:colcon.colcon_core.shell:Skip shell extension 'powershell' for command environment: Not usable outside of PowerShell
[0.230s] DEBUG:colcon.colcon_core.shell:Skip shell extension 'dsv' for command environment
[0.232s] INFO:colcon.colcon_ros.task.ament_cmake.build:Building ROS package in '/home/chayanin09/uros_ws/src/IMU_calibrator' with build type 'ament_cmake'
[0.232s] INFO:colcon.colcon_cmake.task.cmake.build:Building CMake package in '/home/chayanin09/uros_ws/src/IMU_calibrator'
[0.232s] INFO:colcon.colcon_core.shell:Skip shell extension 'powershell' for command environment: Not usable outside of PowerShell
[0.232s] DEBUG:colcon.colcon_core.shell:Skip shell extension 'dsv' for command environment
[0.234s] INFO:colcon.colcon_ros.task.ament_cmake.build:Building ROS package in '/home/chayanin09/uros_ws/src/imu_custom_msg' with build type 'ament_cmake'
[0.234s] INFO:colcon.colcon_cmake.task.cmake.build:Building CMake package in '/home/chayanin09/uros_ws/src/imu_custom_msg'
[0.234s] INFO:colcon.colcon_core.shell:Skip shell extension 'powershell' for command environment: Not usable outside of PowerShell
[0.235s] DEBUG:colcon.colcon_core.shell:Skip shell extension 'dsv' for command environment
[0.236s] INFO:colcon.colcon_ros.task.ament_cmake.build:Building ROS package in '/home/chayanin09/uros_ws/src/micro_ros_setup' with build type 'ament_cmake'
[0.236s] INFO:colcon.colcon_cmake.task.cmake.build:Building CMake package in '/home/chayanin09/uros_ws/src/micro_ros_setup'
[0.237s] INFO:colcon.colcon_core.shell:Skip shell extension 'powershell' for command environment: Not usable outside of PowerShell
[0.237s] DEBUG:colcon.colcon_core.shell:Skip shell extension 'dsv' for command environment
[0.242s] DEBUG:colcon.colcon_core.event_handler.log_command:Invoking command in '/home/chayanin09/uros_ws/build/micro_ros_msgs': CMAKE_PREFIX_PATH=${CMAKE_PREFIX_PATH}:/opt/ros/humble /usr/bin/cmake --build /home/chayanin09/uros_ws/build/micro_ros_msgs -- -j20 -l20
[0.244s] DEBUG:colcon.colcon_core.event_handler.log_command:Invoking command in '/home/chayanin09/uros_ws/build/imu_calibration': CMAKE_PREFIX_PATH=${CMAKE_PREFIX_PATH}:/opt/ros/humble /usr/bin/cmake --build /home/chayanin09/uros_ws/build/imu_calibration -- -j20 -l20
[0.246s] DEBUG:colcon.colcon_core.event_handler.log_command:Invoking command in '/home/chayanin09/uros_ws/build/imu_custom_msg': CMAKE_PREFIX_PATH=${CMAKE_PREFIX_PATH}:/opt/ros/humble /usr/bin/cmake --build /home/chayanin09/uros_ws/build/imu_custom_msg -- -j20 -l20
[0.248s] DEBUG:colcon.colcon_core.event_handler.log_command:Invoking command in '/home/chayanin09/uros_ws/build/micro_ros_setup': CMAKE_PREFIX_PATH=${CMAKE_PREFIX_PATH}:/opt/ros/humble /usr/bin/cmake --build /home/chayanin09/uros_ws/build/micro_ros_setup -- -j20 -l20
[0.278s] DEBUG:colcon.colcon_core.event_handler.log_command:Invoked command in '/home/chayanin09/uros_ws/build/micro_ros_setup' returned '0': CMAKE_PREFIX_PATH=${CMAKE_PREFIX_PATH}:/opt/ros/humble /usr/bin/cmake --build /home/chayanin09/uros_ws/build/micro_ros_setup -- -j20 -l20
[0.303s] DEBUG:colcon.colcon_core.event_handler.log_command:Invoking command in '/home/chayanin09/uros_ws/build/micro_ros_setup': CMAKE_PREFIX_PATH=${CMAKE_PREFIX_PATH}:/opt/ros/humble /usr/bin/cmake --install /home/chayanin09/uros_ws/build/micro_ros_setup
[0.313s] Level 1:colcon.colcon_core.environment:create_environment_scripts_only(micro_ros_setup)
[0.324s] DEBUG:colcon.colcon_core.event_handler.log_command:Invoked command in '/home/chayanin09/uros_ws/build/micro_ros_setup' returned '0': CMAKE_PREFIX_PATH=${CMAKE_PREFIX_PATH}:/opt/ros/humble /usr/bin/cmake --install /home/chayanin09/uros_ws/build/micro_ros_setup
[0.325s] Level 1:colcon.colcon_core.environment:checking '/home/chayanin09/uros_ws/install/micro_ros_setup' for CMake module files
[0.326s] Level 1:colcon.colcon_core.environment:checking '/home/chayanin09/uros_ws/install/micro_ros_setup' for CMake config files
[0.326s] Level 1:colcon.colcon_core.shell:create_environment_hook('micro_ros_setup', 'cmake_prefix_path')
[0.326s] INFO:colcon.colcon_core.shell:Creating environment hook '/home/chayanin09/uros_ws/install/micro_ros_setup/share/micro_ros_setup/hook/cmake_prefix_path.ps1'
[0.326s] INFO:colcon.colcon_core.shell:Creating environment descriptor '/home/chayanin09/uros_ws/install/micro_ros_setup/share/micro_ros_setup/hook/cmake_prefix_path.dsv'
[0.327s] INFO:colcon.colcon_core.shell:Creating environment hook '/home/chayanin09/uros_ws/install/micro_ros_setup/share/micro_ros_setup/hook/cmake_prefix_path.sh'
[0.327s] Level 1:colcon.colcon_core.environment:checking '/home/chayanin09/uros_ws/install/micro_ros_setup/lib'
[0.327s] Level 1:colcon.colcon_core.environment:checking '/home/chayanin09/uros_ws/install/micro_ros_setup/bin'
[0.327s] Level 1:colcon.colcon_core.environment:checking '/home/chayanin09/uros_ws/install/micro_ros_setup/lib/pkgconfig/micro_ros_setup.pc'
[0.327s] Level 1:colcon.colcon_core.environment:checking '/home/chayanin09/uros_ws/install/micro_ros_setup/lib/python3.10/site-packages'
[0.328s] Level 1:colcon.colcon_core.environment:checking '/home/chayanin09/uros_ws/install/micro_ros_setup/bin'
[0.328s] INFO:colcon.colcon_core.shell:Creating package script '/home/chayanin09/uros_ws/install/micro_ros_setup/share/micro_ros_setup/package.ps1'
[0.328s] INFO:colcon.colcon_core.shell:Creating package descriptor '/home/chayanin09/uros_ws/install/micro_ros_setup/share/micro_ros_setup/package.dsv'
[0.329s] INFO:colcon.colcon_core.shell:Creating package script '/home/chayanin09/uros_ws/install/micro_ros_setup/share/micro_ros_setup/package.sh'
[0.329s] INFO:colcon.colcon_core.shell:Creating package script '/home/chayanin09/uros_ws/install/micro_ros_setup/share/micro_ros_setup/package.bash'
[0.329s] INFO:colcon.colcon_core.shell:Creating package script '/home/chayanin09/uros_ws/install/micro_ros_setup/share/micro_ros_setup/package.zsh'
[0.330s] Level 1:colcon.colcon_core.environment:create_file_with_runtime_dependencies(/home/chayanin09/uros_ws/install/micro_ros_setup/share/colcon-core/packages/micro_ros_setup)
[0.347s] Level 1:colcon.colcon_core.environment:create_environment_scripts_only(micro_ros_setup)
[0.347s] Level 1:colcon.colcon_core.environment:checking '/home/chayanin09/uros_ws/install/micro_ros_setup' for CMake module files
[0.348s] Level 1:colcon.colcon_core.environment:checking '/home/chayanin09/uros_ws/install/micro_ros_setup' for CMake config files
[0.348s] Level 1:colcon.colcon_core.shell:create_environment_hook('micro_ros_setup', 'cmake_prefix_path')
[0.348s] INFO:colcon.colcon_core.shell:Creating environment hook '/home/chayanin09/uros_ws/install/micro_ros_setup/share/micro_ros_setup/hook/cmake_prefix_path.ps1'
[0.349s] INFO:colcon.colcon_core.shell:Creating environment descriptor '/home/chayanin09/uros_ws/install/micro_ros_setup/share/micro_ros_setup/hook/cmake_prefix_path.dsv'
[0.349s] INFO:colcon.colcon_core.shell:Creating environment hook '/home/chayanin09/uros_ws/install/micro_ros_setup/share/micro_ros_setup/hook/cmake_prefix_path.sh'
[0.350s] Level 1:colcon.colcon_core.environment:checking '/home/chayanin09/uros_ws/install/micro_ros_setup/lib'
[0.350s] Level 1:colcon.colcon_core.environment:checking '/home/chayanin09/uros_ws/install/micro_ros_setup/bin'
[0.350s] Level 1:colcon.colcon_core.environment:checking '/home/chayanin09/uros_ws/install/micro_ros_setup/lib/pkgconfig/micro_ros_setup.pc'
[0.350s] Level 1:colcon.colcon_core.environment:checking '/home/chayanin09/uros_ws/install/micro_ros_setup/lib/python3.10/site-packages'
[0.350s] Level 1:colcon.colcon_core.environment:checking '/home/chayanin09/uros_ws/install/micro_ros_setup/bin'
[0.350s] INFO:colcon.colcon_core.shell:Creating package script '/home/chayanin09/uros_ws/install/micro_ros_setup/share/micro_ros_setup/package.ps1'
[0.351s] INFO:colcon.colcon_core.shell:Creating package descriptor '/home/chayanin09/uros_ws/install/micro_ros_setup/share/micro_ros_setup/package.dsv'
[0.351s] INFO:colcon.colcon_core.shell:Creating package script '/home/chayanin09/uros_ws/install/micro_ros_setup/share/micro_ros_setup/package.sh'
[0.351s] INFO:colcon.colcon_core.shell:Creating package script '/home/chayanin09/uros_ws/install/micro_ros_setup/share/micro_ros_setup/package.bash'
[0.352s] INFO:colcon.colcon_core.shell:Creating package script '/home/chayanin09/uros_ws/install/micro_ros_setup/share/micro_ros_setup/package.zsh'
[0.352s] Level 1:colcon.colcon_core.environment:create_file_with_runtime_dependencies(/home/chayanin09/uros_ws/install/micro_ros_setup/share/colcon-core/packages/micro_ros_setup)
[0.479s] DEBUG:colcon.colcon_core.event_handler.log_command:Invoked command in '/home/chayanin09/uros_ws/build/micro_ros_msgs' returned '0': CMAKE_PREFIX_PATH=${CMAKE_PREFIX_PATH}:/opt/ros/humble /usr/bin/cmake --build /home/chayanin09/uros_ws/build/micro_ros_msgs -- -j20 -l20
[0.480s] DEBUG:colcon.colcon_core.event_handler.log_command:Invoked command in '/home/chayanin09/uros_ws/build/imu_calibration' returned '0': CMAKE_PREFIX_PATH=${CMAKE_PREFIX_PATH}:/opt/ros/humble /usr/bin/cmake --build /home/chayanin09/uros_ws/build/imu_calibration -- -j20 -l20
[0.499s] DEBUG:colcon.colcon_core.event_handler.log_command:Invoking command in '/home/chayanin09/uros_ws/build/imu_calibration': CMAKE_PREFIX_PATH=${CMAKE_PREFIX_PATH}:/opt/ros/humble /usr/bin/cmake --install /home/chayanin09/uros_ws/build/imu_calibration
[0.531s] Level 1:colcon.colcon_core.environment:create_environment_scripts_only(imu_calibration)
[0.531s] DEBUG:colcon.colcon_core.event_handler.log_command:Invoked command in '/home/chayanin09/uros_ws/build/imu_calibration' returned '0': CMAKE_PREFIX_PATH=${CMAKE_PREFIX_PATH}:/opt/ros/humble /usr/bin/cmake --install /home/chayanin09/uros_ws/build/imu_calibration
[0.531s] Level 1:colcon.colcon_core.environment:checking '/home/chayanin09/uros_ws/install/imu_calibration' for CMake module files
[0.532s] Level 1:colcon.colcon_core.environment:checking '/home/chayanin09/uros_ws/install/imu_calibration' for CMake config files
[0.532s] Level 1:colcon.colcon_core.shell:create_environment_hook('imu_calibration', 'cmake_prefix_path')
[0.532s] INFO:colcon.colcon_core.shell:Creating environment hook '/home/chayanin09/uros_ws/install/imu_calibration/share/imu_calibration/hook/cmake_prefix_path.ps1'
[0.533s] INFO:colcon.colcon_core.shell:Creating environment descriptor '/home/chayanin09/uros_ws/install/imu_calibration/share/imu_calibration/hook/cmake_prefix_path.dsv'
[0.533s] INFO:colcon.colcon_core.shell:Creating environment hook '/home/chayanin09/uros_ws/install/imu_calibration/share/imu_calibration/hook/cmake_prefix_path.sh'
[0.533s] Level 1:colcon.colcon_core.environment:checking '/home/chayanin09/uros_ws/install/imu_calibration/lib'
[0.534s] Level 1:colcon.colcon_core.environment:checking '/home/chayanin09/uros_ws/install/imu_calibration/bin'
[0.534s] Level 1:colcon.colcon_core.environment:checking '/home/chayanin09/uros_ws/install/imu_calibration/lib/pkgconfig/imu_calibration.pc'
[0.534s] Level 1:colcon.colcon_core.environment:checking '/home/chayanin09/uros_ws/install/imu_calibration/lib/python3.10/site-packages'
[0.534s] Level 1:colcon.colcon_core.environment:checking '/home/chayanin09/uros_ws/install/imu_calibration/bin'
[0.534s] INFO:colcon.colcon_core.shell:Creating package script '/home/chayanin09/uros_ws/install/imu_calibration/share/imu_calibration/package.ps1'
[0.535s] INFO:colcon.colcon_core.shell:Creating package descriptor '/home/chayanin09/uros_ws/install/imu_calibration/share/imu_calibration/package.dsv'
[0.535s] INFO:colcon.colcon_core.shell:Creating package script '/home/chayanin09/uros_ws/install/imu_calibration/share/imu_calibration/package.sh'
[0.535s] INFO:colcon.colcon_core.shell:Creating package script '/home/chayanin09/uros_ws/install/imu_calibration/share/imu_calibration/package.bash'
[0.536s] INFO:colcon.colcon_core.shell:Creating package script '/home/chayanin09/uros_ws/install/imu_calibration/share/imu_calibration/package.zsh'
[0.536s] Level 1:colcon.colcon_core.environment:create_file_with_runtime_dependencies(/home/chayanin09/uros_ws/install/imu_calibration/share/colcon-core/packages/imu_calibration)
[0.557s] Level 1:colcon.colcon_core.environment:create_environment_scripts_only(imu_calibration)
[0.558s] Level 1:colcon.colcon_core.environment:checking '/home/chayanin09/uros_ws/install/imu_calibration' for CMake module files
[0.558s] Level 1:colcon.colcon_core.environment:checking '/home/chayanin09/uros_ws/install/imu_calibration' for CMake config files
[0.558s] Level 1:colcon.colcon_core.shell:create_environment_hook('imu_calibration', 'cmake_prefix_path')
[0.558s] INFO:colcon.colcon_core.shell:Creating environment hook '/home/chayanin09/uros_ws/install/imu_calibration/share/imu_calibration/hook/cmake_prefix_path.ps1'
[0.558s] INFO:colcon.colcon_core.shell:Creating environment descriptor '/home/chayanin09/uros_ws/install/imu_calibration/share/imu_calibration/hook/cmake_prefix_path.dsv'
[0.559s] INFO:colcon.colcon_core.shell:Creating environment hook '/home/chayanin09/uros_ws/install/imu_calibration/share/imu_calibration/hook/cmake_prefix_path.sh'
[0.559s] Level 1:colcon.colcon_core.environment:checking '/home/chayanin09/uros_ws/install/imu_calibration/lib'
[0.559s] Level 1:colcon.colcon_core.environment:checking '/home/chayanin09/uros_ws/install/imu_calibration/bin'
[0.559s] Level 1:colcon.colcon_core.environment:checking '/home/chayanin09/uros_ws/install/imu_calibration/lib/pkgconfig/imu_calibration.pc'
[0.559s] Level 1:colcon.colcon_core.environment:checking '/home/chayanin09/uros_ws/install/imu_calibration/lib/python3.10/site-packages'
[0.559s] Level 1:colcon.colcon_core.environment:checking '/home/chayanin09/uros_ws/install/imu_calibration/bin'
[0.559s] INFO:colcon.colcon_core.shell:Creating package script '/home/chayanin09/uros_ws/install/imu_calibration/share/imu_calibration/package.ps1'
[0.560s] INFO:colcon.colcon_core.shell:Creating package descriptor '/home/chayanin09/uros_ws/install/imu_calibration/share/imu_calibration/package.dsv'
[0.560s] INFO:colcon.colcon_core.shell:Creating package script '/home/chayanin09/uros_ws/install/imu_calibration/share/imu_calibration/package.sh'
[0.560s] INFO:colcon.colcon_core.shell:Creating package script '/home/chayanin09/uros_ws/install/imu_calibration/share/imu_calibration/package.bash'
[0.560s] INFO:colcon.colcon_core.shell:Creating package script '/home/chayanin09/uros_ws/install/imu_calibration/share/imu_calibration/package.zsh'
[0.560s] Level 1:colcon.colcon_core.environment:create_file_with_runtime_dependencies(/home/chayanin09/uros_ws/install/imu_calibration/share/colcon-core/packages/imu_calibration)
[0.562s] DEBUG:colcon.colcon_core.event_handler.log_command:Invoking command in '/home/chayanin09/uros_ws/build/micro_ros_msgs': CMAKE_PREFIX_PATH=${CMAKE_PREFIX_PATH}:/opt/ros/humble /usr/bin/cmake --install /home/chayanin09/uros_ws/build/micro_ros_msgs
[0.596s] Level 1:colcon.colcon_core.environment:create_environment_scripts_only(micro_ros_msgs)
[0.596s] Level 1:colcon.colcon_core.environment:checking '/home/chayanin09/uros_ws/install/micro_ros_msgs' for CMake module files
[0.596s] DEBUG:colcon.colcon_core.event_handler.log_command:Invoked command in '/home/chayanin09/uros_ws/build/micro_ros_msgs' returned '0': CMAKE_PREFIX_PATH=${CMAKE_PREFIX_PATH}:/opt/ros/humble /usr/bin/cmake --install /home/chayanin09/uros_ws/build/micro_ros_msgs
[0.596s] Level 1:colcon.colcon_core.environment:checking '/home/chayanin09/uros_ws/install/micro_ros_msgs' for CMake config files
[0.596s] Level 1:colcon.colcon_core.shell:create_environment_hook('micro_ros_msgs', 'cmake_prefix_path')
[0.597s] INFO:colcon.colcon_core.shell:Creating environment hook '/home/chayanin09/uros_ws/install/micro_ros_msgs/share/micro_ros_msgs/hook/cmake_prefix_path.ps1'
[0.597s] INFO:colcon.colcon_core.shell:Creating environment descriptor '/home/chayanin09/uros_ws/install/micro_ros_msgs/share/micro_ros_msgs/hook/cmake_prefix_path.dsv'
[0.597s] INFO:colcon.colcon_core.shell:Creating environment hook '/home/chayanin09/uros_ws/install/micro_ros_msgs/share/micro_ros_msgs/hook/cmake_prefix_path.sh'
[0.597s] Level 1:colcon.colcon_core.environment:checking '/home/chayanin09/uros_ws/install/micro_ros_msgs/lib'
[0.597s] Level 1:colcon.colcon_core.shell:create_environment_hook('micro_ros_msgs', 'ld_library_path_lib')
[0.598s] INFO:colcon.colcon_core.shell:Creating environment hook '/home/chayanin09/uros_ws/install/micro_ros_msgs/share/micro_ros_msgs/hook/ld_library_path_lib.ps1'
[0.598s] INFO:colcon.colcon_core.shell:Creating environment descriptor '/home/chayanin09/uros_ws/install/micro_ros_msgs/share/micro_ros_msgs/hook/ld_library_path_lib.dsv'
[0.598s] INFO:colcon.colcon_core.shell:Creating environment hook '/home/chayanin09/uros_ws/install/micro_ros_msgs/share/micro_ros_msgs/hook/ld_library_path_lib.sh'
[0.598s] Level 1:colcon.colcon_core.environment:checking '/home/chayanin09/uros_ws/install/micro_ros_msgs/bin'
[0.598s] Level 1:colcon.colcon_core.environment:checking '/home/chayanin09/uros_ws/install/micro_ros_msgs/lib/pkgconfig/micro_ros_msgs.pc'
[0.598s] Level 1:colcon.colcon_core.environment:checking '/home/chayanin09/uros_ws/install/micro_ros_msgs/lib/python3.10/site-packages'
[0.598s] Level 1:colcon.colcon_core.environment:checking '/home/chayanin09/uros_ws/install/micro_ros_msgs/bin'
[0.598s] INFO:colcon.colcon_core.shell:Creating package script '/home/chayanin09/uros_ws/install/micro_ros_msgs/share/micro_ros_msgs/package.ps1'
[0.599s] INFO:colcon.colcon_core.shell:Creating package descriptor '/home/chayanin09/uros_ws/install/micro_ros_msgs/share/micro_ros_msgs/package.dsv'
[0.599s] INFO:colcon.colcon_core.shell:Creating package script '/home/chayanin09/uros_ws/install/micro_ros_msgs/share/micro_ros_msgs/package.sh'
[0.599s] INFO:colcon.colcon_core.shell:Creating package script '/home/chayanin09/uros_ws/install/micro_ros_msgs/share/micro_ros_msgs/package.bash'
[0.599s] INFO:colcon.colcon_core.shell:Creating package script '/home/chayanin09/uros_ws/install/micro_ros_msgs/share/micro_ros_msgs/package.zsh'
[0.599s] Level 1:colcon.colcon_core.environment:create_file_with_runtime_dependencies(/home/chayanin09/uros_ws/install/micro_ros_msgs/share/colcon-core/packages/micro_ros_msgs)
[0.681s] Level 1:colcon.colcon_core.environment:create_environment_scripts_only(micro_ros_msgs)
[0.681s] Level 1:colcon.colcon_core.environment:checking '/home/chayanin09/uros_ws/install/micro_ros_msgs' for CMake module files
[0.682s] Level 1:colcon.colcon_core.environment:checking '/home/chayanin09/uros_ws/install/micro_ros_msgs' for CMake config files
[0.682s] Level 1:colcon.colcon_core.shell:create_environment_hook('micro_ros_msgs', 'cmake_prefix_path')
[0.682s] INFO:colcon.colcon_core.shell:Creating environment hook '/home/chayanin09/uros_ws/install/micro_ros_msgs/share/micro_ros_msgs/hook/cmake_prefix_path.ps1'
[0.682s] INFO:colcon.colcon_core.shell:Creating environment descriptor '/home/chayanin09/uros_ws/install/micro_ros_msgs/share/micro_ros_msgs/hook/cmake_prefix_path.dsv'
[0.683s] INFO:colcon.colcon_core.shell:Creating environment hook '/home/chayanin09/uros_ws/install/micro_ros_msgs/share/micro_ros_msgs/hook/cmake_prefix_path.sh'
[0.683s] Level 1:colcon.colcon_core.environment:checking '/home/chayanin09/uros_ws/install/micro_ros_msgs/lib'
[0.683s] Level 1:colcon.colcon_core.shell:create_environment_hook('micro_ros_msgs', 'ld_library_path_lib')
[0.684s] INFO:colcon.colcon_core.shell:Creating environment hook '/home/chayanin09/uros_ws/install/micro_ros_msgs/share/micro_ros_msgs/hook/ld_library_path_lib.ps1'
[0.684s] INFO:colcon.colcon_core.shell:Creating environment descriptor '/home/chayanin09/uros_ws/install/micro_ros_msgs/share/micro_ros_msgs/hook/ld_library_path_lib.dsv'
[0.684s] INFO:colcon.colcon_core.shell:Creating environment hook '/home/chayanin09/uros_ws/install/micro_ros_msgs/share/micro_ros_msgs/hook/ld_library_path_lib.sh'
[0.684s] Level 1:colcon.colcon_core.environment:checking '/home/chayanin09/uros_ws/install/micro_ros_msgs/bin'
[0.684s] Level 1:colcon.colcon_core.environment:checking '/home/chayanin09/uros_ws/install/micro_ros_msgs/lib/pkgconfig/micro_ros_msgs.pc'
[0.684s] Level 1:colcon.colcon_core.environment:checking '/home/chayanin09/uros_ws/install/micro_ros_msgs/lib/python3.10/site-packages'
[0.684s] Level 1:colcon.colcon_core.environment:checking '/home/chayanin09/uros_ws/install/micro_ros_msgs/bin'
[0.685s] INFO:colcon.colcon_core.shell:Creating package script '/home/chayanin09/uros_ws/install/micro_ros_msgs/share/micro_ros_msgs/package.ps1'
[0.685s] INFO:colcon.colcon_core.shell:Creating package descriptor '/home/chayanin09/uros_ws/install/micro_ros_msgs/share/micro_ros_msgs/package.dsv'
[0.685s] INFO:colcon.colcon_core.shell:Creating package script '/home/chayanin09/uros_ws/install/micro_ros_msgs/share/micro_ros_msgs/package.sh'
[0.685s] INFO:colcon.colcon_core.shell:Creating package script '/home/chayanin09/uros_ws/install/micro_ros_msgs/share/micro_ros_msgs/package.bash'
[0.686s] INFO:colcon.colcon_core.shell:Creating package script '/home/chayanin09/uros_ws/install/micro_ros_msgs/share/micro_ros_msgs/package.zsh'
[0.686s] Level 1:colcon.colcon_core.environment:create_file_with_runtime_dependencies(/home/chayanin09/uros_ws/install/micro_ros_msgs/share/colcon-core/packages/micro_ros_msgs)
[0.686s] INFO:colcon.colcon_ros.task.ament_cmake.build:Building ROS package in '/home/chayanin09/uros_ws/src/uros/micro-ROS-Agent/micro_ros_agent' with build type 'ament_cmake'
[0.686s] INFO:colcon.colcon_cmake.task.cmake.build:Building CMake package in '/home/chayanin09/uros_ws/src/uros/micro-ROS-Agent/micro_ros_agent'
[0.686s] INFO:colcon.colcon_core.shell:Skip shell extension 'powershell' for command environment: Not usable outside of PowerShell
[0.686s] DEBUG:colcon.colcon_core.shell:Skip shell extension 'dsv' for command environment
[0.694s] DEBUG:colcon.colcon_core.event_handler.log_command:Invoking command in '/home/chayanin09/uros_ws/build/micro_ros_agent': CMAKE_PREFIX_PATH=/home/chayanin09/uros_ws/install/micro_ros_msgs:/home/chayanin09/Documents/FUN4_ws/FUN4_6509/install/robot_control:/home/chayanin09/Documents/FUN4_ws/FUN4_6509/install/robot_action:/home/chayanin09/uros_ws/install/micro_ros_setup:/home/chayanin09/uros_ws/install/micro_ros_agent:/home/chayanin09/uros_ws/install/imu_custom_msg:/home/chayanin09/uros_ws/install/imu_calibration:/opt/ros/humble LD_LIBRARY_PATH=/home/chayanin09/uros_ws/install/micro_ros_msgs/lib:/home/chayanin09/Documents/FUN4_ws/FUN4_6509/install/robot_action/lib:/home/chayanin09/uros_ws/install/micro_ros_agent/lib:/home/chayanin09/uros_ws/install/imu_custom_msg/lib:/usr/lib/x86_64-linux-gnu/gazebo-11/plugins:/opt/ros/humble/opt/rviz_ogre_vendor/lib:/opt/ros/humble/lib/x86_64-linux-gnu:/opt/ros/humble/lib:/usr/share/gazebo/../../lib/x86_64-linux-gnu/gazebo-11/plugins /usr/bin/cmake --build /home/chayanin09/uros_ws/build/micro_ros_agent -- -j20 -l20
[0.748s] DEBUG:colcon.colcon_core.event_handler.log_command:Invoked command in '/home/chayanin09/uros_ws/build/micro_ros_agent' returned '0': CMAKE_PREFIX_PATH=/home/chayanin09/uros_ws/install/micro_ros_msgs:/home/chayanin09/Documents/FUN4_ws/FUN4_6509/install/robot_control:/home/chayanin09/Documents/FUN4_ws/FUN4_6509/install/robot_action:/home/chayanin09/uros_ws/install/micro_ros_setup:/home/chayanin09/uros_ws/install/micro_ros_agent:/home/chayanin09/uros_ws/install/imu_custom_msg:/home/chayanin09/uros_ws/install/imu_calibration:/opt/ros/humble LD_LIBRARY_PATH=/home/chayanin09/uros_ws/install/micro_ros_msgs/lib:/home/chayanin09/Documents/FUN4_ws/FUN4_6509/install/robot_action/lib:/home/chayanin09/uros_ws/install/micro_ros_agent/lib:/home/chayanin09/uros_ws/install/imu_custom_msg/lib:/usr/lib/x86_64-linux-gnu/gazebo-11/plugins:/opt/ros/humble/opt/rviz_ogre_vendor/lib:/opt/ros/humble/lib/x86_64-linux-gnu:/opt/ros/humble/lib:/usr/share/gazebo/../../lib/x86_64-linux-gnu/gazebo-11/plugins /usr/bin/cmake --build /home/chayanin09/uros_ws/build/micro_ros_agent -- -j20 -l20
[0.776s] DEBUG:colcon.colcon_core.event_handler.log_command:Invoking command in '/home/chayanin09/uros_ws/build/micro_ros_agent': CMAKE_PREFIX_PATH=/home/chayanin09/uros_ws/install/micro_ros_msgs:/home/chayanin09/Documents/FUN4_ws/FUN4_6509/install/robot_control:/home/chayanin09/Documents/FUN4_ws/FUN4_6509/install/robot_action:/home/chayanin09/uros_ws/install/micro_ros_setup:/home/chayanin09/uros_ws/install/micro_ros_agent:/home/chayanin09/uros_ws/install/imu_custom_msg:/home/chayanin09/uros_ws/install/imu_calibration:/opt/ros/humble LD_LIBRARY_PATH=/home/chayanin09/uros_ws/install/micro_ros_msgs/lib:/home/chayanin09/Documents/FUN4_ws/FUN4_6509/install/robot_action/lib:/home/chayanin09/uros_ws/install/micro_ros_agent/lib:/home/chayanin09/uros_ws/install/imu_custom_msg/lib:/usr/lib/x86_64-linux-gnu/gazebo-11/plugins:/opt/ros/humble/opt/rviz_ogre_vendor/lib:/opt/ros/humble/lib/x86_64-linux-gnu:/opt/ros/humble/lib:/usr/share/gazebo/../../lib/x86_64-linux-gnu/gazebo-11/plugins /usr/bin/cmake --install /home/chayanin09/uros_ws/build/micro_ros_agent
[0.783s] Level 1:colcon.colcon_core.environment:create_environment_scripts_only(micro_ros_agent)
[0.783s] Level 1:colcon.colcon_core.environment:checking '/home/chayanin09/uros_ws/install/micro_ros_agent' for CMake module files
[0.784s] DEBUG:colcon.colcon_core.event_handler.log_command:Invoked command in '/home/chayanin09/uros_ws/build/micro_ros_agent' returned '0': CMAKE_PREFIX_PATH=/home/chayanin09/uros_ws/install/micro_ros_msgs:/home/chayanin09/Documents/FUN4_ws/FUN4_6509/install/robot_control:/home/chayanin09/Documents/FUN4_ws/FUN4_6509/install/robot_action:/home/chayanin09/uros_ws/install/micro_ros_setup:/home/chayanin09/uros_ws/install/micro_ros_agent:/home/chayanin09/uros_ws/install/imu_custom_msg:/home/chayanin09/uros_ws/install/imu_calibration:/opt/ros/humble LD_LIBRARY_PATH=/home/chayanin09/uros_ws/install/micro_ros_msgs/lib:/home/chayanin09/Documents/FUN4_ws/FUN4_6509/install/robot_action/lib:/home/chayanin09/uros_ws/install/micro_ros_agent/lib:/home/chayanin09/uros_ws/install/imu_custom_msg/lib:/usr/lib/x86_64-linux-gnu/gazebo-11/plugins:/opt/ros/humble/opt/rviz_ogre_vendor/lib:/opt/ros/humble/lib/x86_64-linux-gnu:/opt/ros/humble/lib:/usr/share/gazebo/../../lib/x86_64-linux-gnu/gazebo-11/plugins /usr/bin/cmake --install /home/chayanin09/uros_ws/build/micro_ros_agent
[0.784s] Level 1:colcon.colcon_core.environment:checking '/home/chayanin09/uros_ws/install/micro_ros_agent' for CMake config files
[0.784s] Level 1:colcon.colcon_core.shell:create_environment_hook('micro_ros_agent', 'cmake_prefix_path')
[0.784s] INFO:colcon.colcon_core.shell:Creating environment hook '/home/chayanin09/uros_ws/install/micro_ros_agent/share/micro_ros_agent/hook/cmake_prefix_path.ps1'
[0.784s] INFO:colcon.colcon_core.shell:Creating environment descriptor '/home/chayanin09/uros_ws/install/micro_ros_agent/share/micro_ros_agent/hook/cmake_prefix_path.dsv'
[0.784s] INFO:colcon.colcon_core.shell:Creating environment hook '/home/chayanin09/uros_ws/install/micro_ros_agent/share/micro_ros_agent/hook/cmake_prefix_path.sh'
[0.785s] Level 1:colcon.colcon_core.environment:checking '/home/chayanin09/uros_ws/install/micro_ros_agent/lib'
[0.785s] Level 1:colcon.colcon_core.shell:create_environment_hook('micro_ros_agent', 'ld_library_path_lib')
[0.785s] INFO:colcon.colcon_core.shell:Creating environment hook '/home/chayanin09/uros_ws/install/micro_ros_agent/share/micro_ros_agent/hook/ld_library_path_lib.ps1'
[0.785s] INFO:colcon.colcon_core.shell:Creating environment descriptor '/home/chayanin09/uros_ws/install/micro_ros_agent/share/micro_ros_agent/hook/ld_library_path_lib.dsv'
[0.785s] INFO:colcon.colcon_core.shell:Creating environment hook '/home/chayanin09/uros_ws/install/micro_ros_agent/share/micro_ros_agent/hook/ld_library_path_lib.sh'
[0.786s] Level 1:colcon.colcon_core.environment:checking '/home/chayanin09/uros_ws/install/micro_ros_agent/bin'
[0.786s] Level 1:colcon.colcon_core.environment:checking '/home/chayanin09/uros_ws/install/micro_ros_agent/lib/pkgconfig/micro_ros_agent.pc'
[0.786s] Level 1:colcon.colcon_core.environment:checking '/home/chayanin09/uros_ws/install/micro_ros_agent/lib/python3.10/site-packages'
[0.786s] Level 1:colcon.colcon_core.environment:checking '/home/chayanin09/uros_ws/install/micro_ros_agent/bin'
[0.786s] INFO:colcon.colcon_core.shell:Creating package script '/home/chayanin09/uros_ws/install/micro_ros_agent/share/micro_ros_agent/package.ps1'
[0.786s] INFO:colcon.colcon_core.shell:Creating package descriptor '/home/chayanin09/uros_ws/install/micro_ros_agent/share/micro_ros_agent/package.dsv'
[0.786s] INFO:colcon.colcon_core.shell:Creating package script '/home/chayanin09/uros_ws/install/micro_ros_agent/share/micro_ros_agent/package.sh'
[0.787s] INFO:colcon.colcon_core.shell:Creating package script '/home/chayanin09/uros_ws/install/micro_ros_agent/share/micro_ros_agent/package.bash'
[0.787s] INFO:colcon.colcon_core.shell:Creating package script '/home/chayanin09/uros_ws/install/micro_ros_agent/share/micro_ros_agent/package.zsh'
[0.787s] Level 1:colcon.colcon_core.environment:create_file_with_runtime_dependencies(/home/chayanin09/uros_ws/install/micro_ros_agent/share/colcon-core/packages/micro_ros_agent)
[0.813s] Level 1:colcon.colcon_core.environment:create_environment_scripts_only(micro_ros_agent)
[0.814s] Level 1:colcon.colcon_core.environment:checking '/home/chayanin09/uros_ws/install/micro_ros_agent' for CMake module files
[0.814s] Level 1:colcon.colcon_core.environment:checking '/home/chayanin09/uros_ws/install/micro_ros_agent' for CMake config files
[0.814s] Level 1:colcon.colcon_core.shell:create_environment_hook('micro_ros_agent', 'cmake_prefix_path')
[0.814s] INFO:colcon.colcon_core.shell:Creating environment hook '/home/chayanin09/uros_ws/install/micro_ros_agent/share/micro_ros_agent/hook/cmake_prefix_path.ps1'
[0.815s] INFO:colcon.colcon_core.shell:Creating environment descriptor '/home/chayanin09/uros_ws/install/micro_ros_agent/share/micro_ros_agent/hook/cmake_prefix_path.dsv'
[0.815s] INFO:colcon.colcon_core.shell:Creating environment hook '/home/chayanin09/uros_ws/install/micro_ros_agent/share/micro_ros_agent/hook/cmake_prefix_path.sh'
[0.816s] Level 1:colcon.colcon_core.environment:checking '/home/chayanin09/uros_ws/install/micro_ros_agent/lib'
[0.816s] Level 1:colcon.colcon_core.shell:create_environment_hook('micro_ros_agent', 'ld_library_path_lib')
[0.816s] INFO:colcon.colcon_core.shell:Creating environment hook '/home/chayanin09/uros_ws/install/micro_ros_agent/share/micro_ros_agent/hook/ld_library_path_lib.ps1'
[0.816s] INFO:colcon.colcon_core.shell:Creating environment descriptor '/home/chayanin09/uros_ws/install/micro_ros_agent/share/micro_ros_agent/hook/ld_library_path_lib.dsv'
[0.817s] INFO:colcon.colcon_core.shell:Creating environment hook '/home/chayanin09/uros_ws/install/micro_ros_agent/share/micro_ros_agent/hook/ld_library_path_lib.sh'
[0.817s] Level 1:colcon.colcon_core.environment:checking '/home/chayanin09/uros_ws/install/micro_ros_agent/bin'
[0.817s] Level 1:colcon.colcon_core.environment:checking '/home/chayanin09/uros_ws/install/micro_ros_agent/lib/pkgconfig/micro_ros_agent.pc'
[0.817s] Level 1:colcon.colcon_core.environment:checking '/home/chayanin09/uros_ws/install/micro_ros_agent/lib/python3.10/site-packages'
[0.817s] Level 1:colcon.colcon_core.environment:checking '/home/chayanin09/uros_ws/install/micro_ros_agent/bin'
[0.818s] INFO:colcon.colcon_core.shell:Creating package script '/home/chayanin09/uros_ws/install/micro_ros_agent/share/micro_ros_agent/package.ps1'
[0.818s] INFO:colcon.colcon_core.shell:Creating package descriptor '/home/chayanin09/uros_ws/install/micro_ros_agent/share/micro_ros_agent/package.dsv'
[0.818s] INFO:colcon.colcon_core.shell:Creating package script '/home/chayanin09/uros_ws/install/micro_ros_agent/share/micro_ros_agent/package.sh'
[0.819s] INFO:colcon.colcon_core.shell:Creating package script '/home/chayanin09/uros_ws/install/micro_ros_agent/share/micro_ros_agent/package.bash'
[0.819s] INFO:colcon.colcon_core.shell:Creating package script '/home/chayanin09/uros_ws/install/micro_ros_agent/share/micro_ros_agent/package.zsh'
[0.819s] Level 1:colcon.colcon_core.environment:create_file_with_runtime_dependencies(/home/chayanin09/uros_ws/install/micro_ros_agent/share/colcon-core/packages/micro_ros_agent)
[2.410s] DEBUG:colcon.colcon_core.event_handler.log_command:Invoked command in '/home/chayanin09/uros_ws/build/imu_custom_msg' returned '0': CMAKE_PREFIX_PATH=${CMAKE_PREFIX_PATH}:/opt/ros/humble /usr/bin/cmake --build /home/chayanin09/uros_ws/build/imu_custom_msg -- -j20 -l20
[2.481s] DEBUG:colcon.colcon_core.event_handler.log_command:Invoking command in '/home/chayanin09/uros_ws/build/imu_custom_msg': CMAKE_PREFIX_PATH=${CMAKE_PREFIX_PATH}:/opt/ros/humble /usr/bin/cmake --install /home/chayanin09/uros_ws/build/imu_custom_msg
[2.524s] Level 1:colcon.colcon_core.environment:create_environment_scripts_only(imu_custom_msg)
[2.525s] DEBUG:colcon.colcon_core.event_handler.log_command:Invoked command in '/home/chayanin09/uros_ws/build/imu_custom_msg' returned '0': CMAKE_PREFIX_PATH=${CMAKE_PREFIX_PATH}:/opt/ros/humble /usr/bin/cmake --install /home/chayanin09/uros_ws/build/imu_custom_msg
[2.525s] Level 1:colcon.colcon_core.environment:checking '/home/chayanin09/uros_ws/install/imu_custom_msg' for CMake module files
[2.525s] Level 1:colcon.colcon_core.environment:checking '/home/chayanin09/uros_ws/install/imu_custom_msg' for CMake config files
[2.526s] Level 1:colcon.colcon_core.shell:create_environment_hook('imu_custom_msg', 'cmake_prefix_path')
[2.526s] INFO:colcon.colcon_core.shell:Creating environment hook '/home/chayanin09/uros_ws/install/imu_custom_msg/share/imu_custom_msg/hook/cmake_prefix_path.ps1'
[2.526s] INFO:colcon.colcon_core.shell:Creating environment descriptor '/home/chayanin09/uros_ws/install/imu_custom_msg/share/imu_custom_msg/hook/cmake_prefix_path.dsv'
[2.527s] INFO:colcon.colcon_core.shell:Creating environment hook '/home/chayanin09/uros_ws/install/imu_custom_msg/share/imu_custom_msg/hook/cmake_prefix_path.sh'
[2.527s] Level 1:colcon.colcon_core.environment:checking '/home/chayanin09/uros_ws/install/imu_custom_msg/lib'
[2.527s] Level 1:colcon.colcon_core.shell:create_environment_hook('imu_custom_msg', 'ld_library_path_lib')
[2.527s] INFO:colcon.colcon_core.shell:Creating environment hook '/home/chayanin09/uros_ws/install/imu_custom_msg/share/imu_custom_msg/hook/ld_library_path_lib.ps1'
[2.528s] INFO:colcon.colcon_core.shell:Creating environment descriptor '/home/chayanin09/uros_ws/install/imu_custom_msg/share/imu_custom_msg/hook/ld_library_path_lib.dsv'
[2.528s] INFO:colcon.colcon_core.shell:Creating environment hook '/home/chayanin09/uros_ws/install/imu_custom_msg/share/imu_custom_msg/hook/ld_library_path_lib.sh'
[2.528s] Level 1:colcon.colcon_core.environment:checking '/home/chayanin09/uros_ws/install/imu_custom_msg/bin'
[2.528s] Level 1:colcon.colcon_core.environment:checking '/home/chayanin09/uros_ws/install/imu_custom_msg/lib/pkgconfig/imu_custom_msg.pc'
[2.529s] Level 1:colcon.colcon_core.environment:checking '/home/chayanin09/uros_ws/install/imu_custom_msg/lib/python3.10/site-packages'
[2.529s] Level 1:colcon.colcon_core.environment:checking '/home/chayanin09/uros_ws/install/imu_custom_msg/bin'
[2.529s] INFO:colcon.colcon_core.shell:Creating package script '/home/chayanin09/uros_ws/install/imu_custom_msg/share/imu_custom_msg/package.ps1'
[2.529s] INFO:colcon.colcon_core.shell:Creating package descriptor '/home/chayanin09/uros_ws/install/imu_custom_msg/share/imu_custom_msg/package.dsv'
[2.530s] INFO:colcon.colcon_core.shell:Creating package script '/home/chayanin09/uros_ws/install/imu_custom_msg/share/imu_custom_msg/package.sh'
[2.530s] INFO:colcon.colcon_core.shell:Creating package script '/home/chayanin09/uros_ws/install/imu_custom_msg/share/imu_custom_msg/package.bash'
[2.530s] INFO:colcon.colcon_core.shell:Creating package script '/home/chayanin09/uros_ws/install/imu_custom_msg/share/imu_custom_msg/package.zsh'
[2.531s] Level 1:colcon.colcon_core.environment:create_file_with_runtime_dependencies(/home/chayanin09/uros_ws/install/imu_custom_msg/share/colcon-core/packages/imu_custom_msg)
[2.603s] Level 1:colcon.colcon_core.environment:create_environment_scripts_only(imu_custom_msg)
[2.603s] Level 1:colcon.colcon_core.environment:checking '/home/chayanin09/uros_ws/install/imu_custom_msg' for CMake module files
[2.603s] Level 1:colcon.colcon_core.environment:checking '/home/chayanin09/uros_ws/install/imu_custom_msg' for CMake config files
[2.603s] Level 1:colcon.colcon_core.shell:create_environment_hook('imu_custom_msg', 'cmake_prefix_path')
[2.603s] INFO:colcon.colcon_core.shell:Creating environment hook '/home/chayanin09/uros_ws/install/imu_custom_msg/share/imu_custom_msg/hook/cmake_prefix_path.ps1'
[2.604s] INFO:colcon.colcon_core.shell:Creating environment descriptor '/home/chayanin09/uros_ws/install/imu_custom_msg/share/imu_custom_msg/hook/cmake_prefix_path.dsv'
[2.604s] INFO:colcon.colcon_core.shell:Creating environment hook '/home/chayanin09/uros_ws/install/imu_custom_msg/share/imu_custom_msg/hook/cmake_prefix_path.sh'
[2.604s] Level 1:colcon.colcon_core.environment:checking '/home/chayanin09/uros_ws/install/imu_custom_msg/lib'
[2.604s] Level 1:colcon.colcon_core.shell:create_environment_hook('imu_custom_msg', 'ld_library_path_lib')
[2.604s] INFO:colcon.colcon_core.shell:Creating environment hook '/home/chayanin09/uros_ws/install/imu_custom_msg/share/imu_custom_msg/hook/ld_library_path_lib.ps1'
[2.604s] INFO:colcon.colcon_core.shell:Creating environment descriptor '/home/chayanin09/uros_ws/install/imu_custom_msg/share/imu_custom_msg/hook/ld_library_path_lib.dsv'
[2.605s] INFO:colcon.colcon_core.shell:Creating environment hook '/home/chayanin09/uros_ws/install/imu_custom_msg/share/imu_custom_msg/hook/ld_library_path_lib.sh'
[2.605s] Level 1:colcon.colcon_core.environment:checking '/home/chayanin09/uros_ws/install/imu_custom_msg/bin'
[2.605s] Level 1:colcon.colcon_core.environment:checking '/home/chayanin09/uros_ws/install/imu_custom_msg/lib/pkgconfig/imu_custom_msg.pc'
[2.605s] Level 1:colcon.colcon_core.environment:checking '/home/chayanin09/uros_ws/install/imu_custom_msg/lib/python3.10/site-packages'
[2.605s] Level 1:colcon.colcon_core.environment:checking '/home/chayanin09/uros_ws/install/imu_custom_msg/bin'
[2.605s] INFO:colcon.colcon_core.shell:Creating package script '/home/chayanin09/uros_ws/install/imu_custom_msg/share/imu_custom_msg/package.ps1'
[2.606s] INFO:colcon.colcon_core.shell:Creating package descriptor '/home/chayanin09/uros_ws/install/imu_custom_msg/share/imu_custom_msg/package.dsv'
[2.606s] INFO:colcon.colcon_core.shell:Creating package script '/home/chayanin09/uros_ws/install/imu_custom_msg/share/imu_custom_msg/package.sh'
[2.606s] INFO:colcon.colcon_core.shell:Creating package script '/home/chayanin09/uros_ws/install/imu_custom_msg/share/imu_custom_msg/package.bash'
[2.606s] INFO:colcon.colcon_core.shell:Creating package script '/home/chayanin09/uros_ws/install/imu_custom_msg/share/imu_custom_msg/package.zsh'
[2.606s] Level 1:colcon.colcon_core.environment:create_file_with_runtime_dependencies(/home/chayanin09/uros_ws/install/imu_custom_msg/share/colcon-core/packages/imu_custom_msg)
[2.606s] DEBUG:colcon.colcon_parallel_executor.executor.parallel:closing loop
[2.607s] DEBUG:colcon.colcon_parallel_executor.executor.parallel:loop closed
[2.607s] DEBUG:colcon.colcon_parallel_executor.executor.parallel:run_until_complete finished with '0'
[2.607s] DEBUG:colcon.colcon_core.event_reactor:joining thread
[2.610s] INFO:colcon.colcon_core.plugin_system:Skipping extension 'colcon_notification.desktop_notification.terminal_notifier': Not used on non-Darwin systems
[2.610s] INFO:colcon.colcon_core.plugin_system:Skipping extension 'colcon_notification.desktop_notification.win32': Not used on non-Windows systems
[2.610s] INFO:colcon.colcon_notification.desktop_notification:Sending desktop notification using 'notify2'
[2.627s] DEBUG:colcon.colcon_core.event_reactor:joined thread
[2.627s] INFO:colcon.colcon_core.shell:Creating prefix script '/home/chayanin09/uros_ws/install/local_setup.ps1'
[2.628s] INFO:colcon.colcon_core.shell:Creating prefix util module '/home/chayanin09/uros_ws/install/_local_setup_util_ps1.py'
[2.629s] INFO:colcon.colcon_core.shell:Creating prefix chain script '/home/chayanin09/uros_ws/install/setup.ps1'
[2.630s] INFO:colcon.colcon_core.shell:Creating prefix script '/home/chayanin09/uros_ws/install/local_setup.sh'
[2.631s] INFO:colcon.colcon_core.shell:Creating prefix util module '/home/chayanin09/uros_ws/install/_local_setup_util_sh.py'
[2.631s] INFO:colcon.colcon_core.shell:Creating prefix chain script '/home/chayanin09/uros_ws/install/setup.sh'
[2.632s] INFO:colcon.colcon_core.shell:Creating prefix script '/home/chayanin09/uros_ws/install/local_setup.bash'
[2.632s] INFO:colcon.colcon_core.shell:Creating prefix chain script '/home/chayanin09/uros_ws/install/setup.bash'
[2.633s] INFO:colcon.colcon_core.shell:Creating prefix script '/home/chayanin09/uros_ws/install/local_setup.zsh'
[2.633s] INFO:colcon.colcon_core.shell:Creating prefix chain script '/home/chayanin09/uros_ws/install/setup.zsh'
