-- The C compiler identification is GNU 11.4.0
-- The CXX compiler identification is GNU 11.4.0
-- Detecting C compiler ABI info
-- Detecting C compiler ABI info - done
-- Check for working C compiler: /usr/bin/cc - skipped
-- Detecting C compile features
-- Detecting C compile features - done
-- Detecting CXX compiler ABI info
-- Detecting CXX compiler ABI info - done
-- Check for working CXX compiler: /usr/bin/c++ - skipped
-- Detecting CXX compile features
-- Detecting CXX compile features - done
-- Found ament_cmake: 1.3.10 (/opt/ros/humble/share/ament_cmake/cmake)
-- Found Python3: /usr/bin/python3 (found version "3.10.12") found components: Interpreter 
-- Found rclcpp: 16.0.10 (/opt/ros/humble/share/rclcpp/cmake)
-- Found rosidl_generator_c: 3.1.5 (/opt/ros/humble/share/rosidl_generator_c/cmake)
-- Found rosidl_adapter: 3.1.5 (/opt/ros/humble/share/rosidl_adapter/cmake)
-- Found rosidl_generator_cpp: 3.1.5 (/opt/ros/humble/share/rosidl_generator_cpp/cmake)
-- Using all available rosidl_typesupport_c: rosidl_typesupport_fastrtps_c;rosidl_typesupport_introspection_c
-- Using all available rosidl_typesupport_cpp: rosidl_typesupport_fastrtps_cpp;rosidl_typesupport_introspection_cpp
-- Found rmw_implementation_cmake: 6.1.2 (/opt/ros/humble/share/rmw_implementation_cmake/cmake)
-- Found rmw_fastrtps_cpp: 6.2.7 (/opt/ros/humble/share/rmw_fastrtps_cpp/cmake)
-- Found OpenSSL: /usr/lib/x86_64-linux-gnu/libcrypto.so (found version "3.0.2")  
-- Found FastRTPS: /opt/ros/humble/include  
-- Using RMW implementation 'rmw_fastrtps_cpp' as default
-- Looking for pthread.h
-- Looking for pthread.h - found
-- Performing Test CMAKE_HAVE_LIBC_PTHREAD
-- Performing Test CMAKE_HAVE_LIBC_PTHREAD - Success
-- Found Threads: TRUE  
-- Found rclpy: 3.3.14 (/opt/ros/humble/share/rclpy/cmake)
-- Configuring done
-- Generating done
-- Build files have been written to: /home/waritt/imu_force_ws_main/build/imu_force_description
[ 50%] [32mBuilding CXX object CMakeFiles/cpp_node_test.dir/src/cpp_node.cpp.o[0m
[ 50%] Built target ament_cmake_python_copy_imu_force_description
[100%] [32m[1mLinking CXX executable cpp_node_test[0m
running egg_info
creating imu_force_description.egg-info
writing imu_force_description.egg-info/PKG-INFO
writing dependency_links to imu_force_description.egg-info/dependency_links.txt
writing top-level names to imu_force_description.egg-info/top_level.txt
writing manifest file 'imu_force_description.egg-info/SOURCES.txt'
reading manifest file 'imu_force_description.egg-info/SOURCES.txt'
writing manifest file 'imu_force_description.egg-info/SOURCES.txt'
[100%] Built target ament_cmake_python_build_imu_force_description_egg
[100%] Built target cpp_node_test
-- Install configuration: ""
-- Installing: /home/waritt/imu_force_ws_main/install/imu_force_description/share/imu_force_description/environment/pythonpath.sh
-- Installing: /home/waritt/imu_force_ws_main/install/imu_force_description/share/imu_force_description/environment/pythonpath.dsv
-- Installing: /home/waritt/imu_force_ws_main/install/imu_force_description/local/lib/python3.10/dist-packages/imu_force_description-0.0.0-py3.10.egg-info
-- Installing: /home/waritt/imu_force_ws_main/install/imu_force_description/local/lib/python3.10/dist-packages/imu_force_description-0.0.0-py3.10.egg-info/SOURCES.txt
-- Installing: /home/waritt/imu_force_ws_main/install/imu_force_description/local/lib/python3.10/dist-packages/imu_force_description-0.0.0-py3.10.egg-info/top_level.txt
-- Installing: /home/waritt/imu_force_ws_main/install/imu_force_description/local/lib/python3.10/dist-packages/imu_force_description-0.0.0-py3.10.egg-info/PKG-INFO
-- Installing: /home/waritt/imu_force_ws_main/install/imu_force_description/local/lib/python3.10/dist-packages/imu_force_description-0.0.0-py3.10.egg-info/dependency_links.txt
-- Installing: /home/waritt/imu_force_ws_main/install/imu_force_description/local/lib/python3.10/dist-packages/imu_force_description
-- Installing: /home/waritt/imu_force_ws_main/install/imu_force_description/local/lib/python3.10/dist-packages/imu_force_description/__init__.py
-- Installing: /home/waritt/imu_force_ws_main/install/imu_force_description/local/lib/python3.10/dist-packages/imu_force_description/dummy_module.py
Listing '/home/waritt/imu_force_ws_main/install/imu_force_description/local/lib/python3.10/dist-packages/imu_force_description'...
Compiling '/home/waritt/imu_force_ws_main/install/imu_force_description/local/lib/python3.10/dist-packages/imu_force_description/__init__.py'...
Compiling '/home/waritt/imu_force_ws_main/install/imu_force_description/local/lib/python3.10/dist-packages/imu_force_description/dummy_module.py'...
-- Installing: /home/waritt/imu_force_ws_main/install/imu_force_description/lib/imu_force_description/dummy_script.py
-- Installing: /home/waritt/imu_force_ws_main/install/imu_force_description/lib/imu_force_description/cpp_node_test
-- Set runtime path of "/home/waritt/imu_force_ws_main/install/imu_force_description/lib/imu_force_description/cpp_node_test" to ""
-- Installing: /home/waritt/imu_force_ws_main/install/imu_force_description/share/imu_force_description/config
-- Installing: /home/waritt/imu_force_ws_main/install/imu_force_description/share/imu_force_description/launch
-- Installing: /home/waritt/imu_force_ws_main/install/imu_force_description/share/imu_force_description/launch/cylinder_description.launch.py
-- Installing: /home/waritt/imu_force_ws_main/install/imu_force_description/share/imu_force_description/launch/cylinder_display.launch.py
-- Installing: /home/waritt/imu_force_ws_main/install/imu_force_description/share/imu_force_description/model
-- Installing: /home/waritt/imu_force_ws_main/install/imu_force_description/share/imu_force_description/model/inertial.xacro
-- Installing: /home/waritt/imu_force_ws_main/install/imu_force_description/share/imu_force_description/model/gazebo.xacro
-- Installing: /home/waritt/imu_force_ws_main/install/imu_force_description/share/imu_force_description/model/my-cylinder.xacro
-- Installing: /home/waritt/imu_force_ws_main/install/imu_force_description/share/ament_index/resource_index/package_run_dependencies/imu_force_description
-- Installing: /home/waritt/imu_force_ws_main/install/imu_force_description/share/ament_index/resource_index/parent_prefix_path/imu_force_description
-- Installing: /home/waritt/imu_force_ws_main/install/imu_force_description/share/imu_force_description/environment/ament_prefix_path.sh
-- Installing: /home/waritt/imu_force_ws_main/install/imu_force_description/share/imu_force_description/environment/ament_prefix_path.dsv
-- Installing: /home/waritt/imu_force_ws_main/install/imu_force_description/share/imu_force_description/environment/path.sh
-- Installing: /home/waritt/imu_force_ws_main/install/imu_force_description/share/imu_force_description/environment/path.dsv
-- Installing: /home/waritt/imu_force_ws_main/install/imu_force_description/share/imu_force_description/local_setup.bash
-- Installing: /home/waritt/imu_force_ws_main/install/imu_force_description/share/imu_force_description/local_setup.sh
-- Installing: /home/waritt/imu_force_ws_main/install/imu_force_description/share/imu_force_description/local_setup.zsh
-- Installing: /home/waritt/imu_force_ws_main/install/imu_force_description/share/imu_force_description/local_setup.dsv
-- Installing: /home/waritt/imu_force_ws_main/install/imu_force_description/share/imu_force_description/package.dsv
-- Installing: /home/waritt/imu_force_ws_main/install/imu_force_description/share/ament_index/resource_index/packages/imu_force_description
-- Installing: /home/waritt/imu_force_ws_main/install/imu_force_description/share/imu_force_description/cmake/imu_force_descriptionConfig.cmake
-- Installing: /home/waritt/imu_force_ws_main/install/imu_force_description/share/imu_force_description/cmake/imu_force_descriptionConfig-version.cmake
-- Installing: /home/waritt/imu_force_ws_main/install/imu_force_description/share/imu_force_description/package.xml
