[0.012s] Invoking command in '/home/waritt/imu_force_ws/build/imu_force_description': CMAKE_PREFIX_PATH=${CMAKE_PREFIX_PATH}:/opt/ros/humble /usr/bin/cmake --build /home/waritt/imu_force_ws/build/imu_force_description -- -j16 -l16
[0.046s] [100%] Built target cpp_node_test
[0.050s] [100%] Built target ament_cmake_python_copy_imu_force_description
[0.218s] running egg_info
[0.218s] writing imu_force_description.egg-info/PKG-INFO
[0.218s] writing dependency_links to imu_force_description.egg-info/dependency_links.txt
[0.218s] writing top-level names to imu_force_description.egg-info/top_level.txt
[0.220s] reading manifest file 'imu_force_description.egg-info/SOURCES.txt'
[0.220s] writing manifest file 'imu_force_description.egg-info/SOURCES.txt'
[0.239s] [100%] Built target ament_cmake_python_build_imu_force_description_egg
[0.246s] Invoked command in '/home/waritt/imu_force_ws/build/imu_force_description' returned '0': CMAKE_PREFIX_PATH=${CMAKE_PREFIX_PATH}:/opt/ros/humble /usr/bin/cmake --build /home/waritt/imu_force_ws/build/imu_force_description -- -j16 -l16
[0.274s] Invoking command in '/home/waritt/imu_force_ws/build/imu_force_description': CMAKE_PREFIX_PATH=${CMAKE_PREFIX_PATH}:/opt/ros/humble /usr/bin/cmake --install /home/waritt/imu_force_ws/build/imu_force_description
[0.278s] -- Install configuration: ""
[0.279s] -- Up-to-date: /home/waritt/imu_force_ws/install/imu_force_description/share/imu_force_description/environment/pythonpath.sh
[0.279s] -- Up-to-date: /home/waritt/imu_force_ws/install/imu_force_description/share/imu_force_description/environment/pythonpath.dsv
[0.279s] -- Up-to-date: /home/waritt/imu_force_ws/install/imu_force_description/local/lib/python3.10/dist-packages/imu_force_description-0.0.0-py3.10.egg-info
[0.279s] -- Installing: /home/waritt/imu_force_ws/install/imu_force_description/local/lib/python3.10/dist-packages/imu_force_description-0.0.0-py3.10.egg-info/SOURCES.txt
[0.279s] -- Installing: /home/waritt/imu_force_ws/install/imu_force_description/local/lib/python3.10/dist-packages/imu_force_description-0.0.0-py3.10.egg-info/top_level.txt
[0.279s] -- Installing: /home/waritt/imu_force_ws/install/imu_force_description/local/lib/python3.10/dist-packages/imu_force_description-0.0.0-py3.10.egg-info/PKG-INFO
[0.279s] -- Installing: /home/waritt/imu_force_ws/install/imu_force_description/local/lib/python3.10/dist-packages/imu_force_description-0.0.0-py3.10.egg-info/dependency_links.txt
[0.279s] -- Up-to-date: /home/waritt/imu_force_ws/install/imu_force_description/local/lib/python3.10/dist-packages/imu_force_description
[0.279s] -- Up-to-date: /home/waritt/imu_force_ws/install/imu_force_description/local/lib/python3.10/dist-packages/imu_force_description/__init__.py
[0.279s] -- Up-to-date: /home/waritt/imu_force_ws/install/imu_force_description/local/lib/python3.10/dist-packages/imu_force_description/dummy_module.py
[0.304s] Listing '/home/waritt/imu_force_ws/install/imu_force_description/local/lib/python3.10/dist-packages/imu_force_description'...
[0.307s] -- Up-to-date: /home/waritt/imu_force_ws/install/imu_force_description/lib/imu_force_description/dummy_script.py
[0.307s] -- Up-to-date: /home/waritt/imu_force_ws/install/imu_force_description/lib/imu_force_description/cpp_node_test
[0.308s] -- Up-to-date: /home/waritt/imu_force_ws/install/imu_force_description/share/imu_force_description/config
[0.308s] -- Up-to-date: /home/waritt/imu_force_ws/install/imu_force_description/share/imu_force_description/launch
[0.308s] -- Up-to-date: /home/waritt/imu_force_ws/install/imu_force_description/share/imu_force_description/launch/cylinder_description.launch.py
[0.308s] -- Up-to-date: /home/waritt/imu_force_ws/install/imu_force_description/share/imu_force_description/launch/cylinder_display.launch.py
[0.308s] -- Up-to-date: /home/waritt/imu_force_ws/install/imu_force_description/share/imu_force_description/model
[0.308s] -- Up-to-date: /home/waritt/imu_force_ws/install/imu_force_description/share/imu_force_description/model/inertial.xacro
[0.308s] -- Up-to-date: /home/waritt/imu_force_ws/install/imu_force_description/share/imu_force_description/model/gazebo.xacro
[0.308s] -- Up-to-date: /home/waritt/imu_force_ws/install/imu_force_description/share/imu_force_description/model/my-cylinder.xacro
[0.308s] -- Up-to-date: /home/waritt/imu_force_ws/install/imu_force_description/share/ament_index/resource_index/package_run_dependencies/imu_force_description
[0.308s] -- Up-to-date: /home/waritt/imu_force_ws/install/imu_force_description/share/ament_index/resource_index/parent_prefix_path/imu_force_description
[0.308s] -- Up-to-date: /home/waritt/imu_force_ws/install/imu_force_description/share/imu_force_description/environment/ament_prefix_path.sh
[0.308s] -- Up-to-date: /home/waritt/imu_force_ws/install/imu_force_description/share/imu_force_description/environment/ament_prefix_path.dsv
[0.308s] -- Up-to-date: /home/waritt/imu_force_ws/install/imu_force_description/share/imu_force_description/environment/path.sh
[0.308s] -- Up-to-date: /home/waritt/imu_force_ws/install/imu_force_description/share/imu_force_description/environment/path.dsv
[0.309s] -- Up-to-date: /home/waritt/imu_force_ws/install/imu_force_description/share/imu_force_description/local_setup.bash
[0.309s] -- Up-to-date: /home/waritt/imu_force_ws/install/imu_force_description/share/imu_force_description/local_setup.sh
[0.309s] -- Up-to-date: /home/waritt/imu_force_ws/install/imu_force_description/share/imu_force_description/local_setup.zsh
[0.309s] -- Up-to-date: /home/waritt/imu_force_ws/install/imu_force_description/share/imu_force_description/local_setup.dsv
[0.309s] -- Installing: /home/waritt/imu_force_ws/install/imu_force_description/share/imu_force_description/package.dsv
[0.309s] -- Up-to-date: /home/waritt/imu_force_ws/install/imu_force_description/share/ament_index/resource_index/packages/imu_force_description
[0.309s] -- Up-to-date: /home/waritt/imu_force_ws/install/imu_force_description/share/imu_force_description/cmake/imu_force_descriptionConfig.cmake
[0.309s] -- Up-to-date: /home/waritt/imu_force_ws/install/imu_force_description/share/imu_force_description/cmake/imu_force_descriptionConfig-version.cmake
[0.309s] -- Up-to-date: /home/waritt/imu_force_ws/install/imu_force_description/share/imu_force_description/package.xml
[0.309s] Invoked command in '/home/waritt/imu_force_ws/build/imu_force_description' returned '0': CMAKE_PREFIX_PATH=${CMAKE_PREFIX_PATH}:/opt/ros/humble /usr/bin/cmake --install /home/waritt/imu_force_ws/build/imu_force_description
