-- Found ament_cmake: 1.3.10 (/opt/ros/humble/share/ament_cmake/cmake)
-- Found rclcpp: 16.0.10 (/opt/ros/humble/share/rclcpp/cmake)
-- Found rosidl_generator_c: 3.1.5 (/opt/ros/humble/share/rosidl_generator_c/cmake)
-- Found rosidl_adapter: 3.1.5 (/opt/ros/humble/share/rosidl_adapter/cmake)
-- Found rosidl_generator_cpp: 3.1.5 (/opt/ros/humble/share/rosidl_generator_cpp/cmake)
-- Using all available rosidl_typesupport_c: rosidl_typesupport_fastrtps_c;rosidl_typesupport_introspection_c
-- Using all available rosidl_typesupport_cpp: rosidl_typesupport_fastrtps_cpp;rosidl_typesupport_introspection_cpp
-- Found rmw_implementation_cmake: 6.1.2 (/opt/ros/humble/share/rmw_implementation_cmake/cmake)
-- Found rmw_fastrtps_cpp: 6.2.7 (/opt/ros/humble/share/rmw_fastrtps_cpp/cmake)
-- Using RMW implementation 'rmw_fastrtps_cpp' as default
-- Found rclpy: 3.3.14 (/opt/ros/humble/share/rclpy/cmake)
-- Configuring done
-- Generating done
-- Build files have been written to: /home/waritt/imu_force_ws/build/imu_force_description
[35m[1mConsolidate compiler generated dependencies of target cpp_node_test[0m
[100%] Built target cpp_node_test
[100%] Built target ament_cmake_python_copy_imu_force_description
running egg_info
writing imu_force_description.egg-info/PKG-INFO
writing dependency_links to imu_force_description.egg-info/dependency_links.txt
writing top-level names to imu_force_description.egg-info/top_level.txt
reading manifest file 'imu_force_description.egg-info/SOURCES.txt'
writing manifest file 'imu_force_description.egg-info/SOURCES.txt'
[100%] Built target ament_cmake_python_build_imu_force_description_egg
-- Install configuration: ""
-- Up-to-date: /home/waritt/imu_force_ws/install/imu_force_description/share/imu_force_description/environment/pythonpath.sh
-- Installing: /home/waritt/imu_force_ws/install/imu_force_description/share/imu_force_description/environment/pythonpath.dsv
-- Up-to-date: /home/waritt/imu_force_ws/install/imu_force_description/local/lib/python3.10/dist-packages/imu_force_description-0.0.0-py3.10.egg-info
-- Installing: /home/waritt/imu_force_ws/install/imu_force_description/local/lib/python3.10/dist-packages/imu_force_description-0.0.0-py3.10.egg-info/SOURCES.txt
-- Installing: /home/waritt/imu_force_ws/install/imu_force_description/local/lib/python3.10/dist-packages/imu_force_description-0.0.0-py3.10.egg-info/top_level.txt
-- Installing: /home/waritt/imu_force_ws/install/imu_force_description/local/lib/python3.10/dist-packages/imu_force_description-0.0.0-py3.10.egg-info/PKG-INFO
-- Installing: /home/waritt/imu_force_ws/install/imu_force_description/local/lib/python3.10/dist-packages/imu_force_description-0.0.0-py3.10.egg-info/dependency_links.txt
-- Up-to-date: /home/waritt/imu_force_ws/install/imu_force_description/local/lib/python3.10/dist-packages/imu_force_description
-- Up-to-date: /home/waritt/imu_force_ws/install/imu_force_description/local/lib/python3.10/dist-packages/imu_force_description/__init__.py
-- Up-to-date: /home/waritt/imu_force_ws/install/imu_force_description/local/lib/python3.10/dist-packages/imu_force_description/dummy_module.py
Listing '/home/waritt/imu_force_ws/install/imu_force_description/local/lib/python3.10/dist-packages/imu_force_description'...
-- Up-to-date: /home/waritt/imu_force_ws/install/imu_force_description/lib/imu_force_description/dummy_script.py
-- Up-to-date: /home/waritt/imu_force_ws/install/imu_force_description/lib/imu_force_description/cpp_node_test
-- Installing: /home/waritt/imu_force_ws/install/imu_force_description/share/imu_force_description/config
-- Installing: /home/waritt/imu_force_ws/install/imu_force_description/share/imu_force_description/config/display.rviz
-- Installing: /home/waritt/imu_force_ws/install/imu_force_description/share/imu_force_description/launch
-- Installing: /home/waritt/imu_force_ws/install/imu_force_description/share/imu_force_description/launch/simple_display.launch.py
-- Installing: /home/waritt/imu_force_ws/install/imu_force_description/share/imu_force_description/launch/dummy_robot.launch.py
-- Installing: /home/waritt/imu_force_ws/install/imu_force_description/share/imu_force_description/meshes
-- Installing: /home/waritt/imu_force_ws/install/imu_force_description/share/imu_force_description/meshes/link_1.stl
-- Installing: /home/waritt/imu_force_ws/install/imu_force_description/share/imu_force_description/meshes/link_3.stl
-- Installing: /home/waritt/imu_force_ws/install/imu_force_description/share/imu_force_description/meshes/link_0.stl
-- Installing: /home/waritt/imu_force_ws/install/imu_force_description/share/imu_force_description/meshes/end_effector.stl
-- Installing: /home/waritt/imu_force_ws/install/imu_force_description/share/imu_force_description/meshes/link_2.stl
-- Installing: /home/waritt/imu_force_ws/install/imu_force_description/share/imu_force_description/urdf
-- Installing: /home/waritt/imu_force_ws/install/imu_force_description/share/imu_force_description/urdf/my-robot.xacro
-- Up-to-date: /home/waritt/imu_force_ws/install/imu_force_description/share/ament_index/resource_index/package_run_dependencies/imu_force_description
-- Installing: /home/waritt/imu_force_ws/install/imu_force_description/share/ament_index/resource_index/parent_prefix_path/imu_force_description
-- Up-to-date: /home/waritt/imu_force_ws/install/imu_force_description/share/imu_force_description/environment/ament_prefix_path.sh
-- Installing: /home/waritt/imu_force_ws/install/imu_force_description/share/imu_force_description/environment/ament_prefix_path.dsv
-- Up-to-date: /home/waritt/imu_force_ws/install/imu_force_description/share/imu_force_description/environment/path.sh
-- Installing: /home/waritt/imu_force_ws/install/imu_force_description/share/imu_force_description/environment/path.dsv
-- Up-to-date: /home/waritt/imu_force_ws/install/imu_force_description/share/imu_force_description/local_setup.bash
-- Up-to-date: /home/waritt/imu_force_ws/install/imu_force_description/share/imu_force_description/local_setup.sh
-- Up-to-date: /home/waritt/imu_force_ws/install/imu_force_description/share/imu_force_description/local_setup.zsh
-- Installing: /home/waritt/imu_force_ws/install/imu_force_description/share/imu_force_description/local_setup.dsv
-- Installing: /home/waritt/imu_force_ws/install/imu_force_description/share/imu_force_description/package.dsv
-- Up-to-date: /home/waritt/imu_force_ws/install/imu_force_description/share/ament_index/resource_index/packages/imu_force_description
-- Up-to-date: /home/waritt/imu_force_ws/install/imu_force_description/share/imu_force_description/cmake/imu_force_descriptionConfig.cmake
-- Up-to-date: /home/waritt/imu_force_ws/install/imu_force_description/share/imu_force_description/cmake/imu_force_descriptionConfig-version.cmake
-- Up-to-date: /home/waritt/imu_force_ws/install/imu_force_description/share/imu_force_description/package.xml
