[0.013s] Invoking command in '/home/waritt/imu_force_ws/build/imu_force_description': CMAKE_PREFIX_PATH=${CMAKE_PREFIX_PATH}:/opt/ros/humble /usr/bin/cmake --build /home/waritt/imu_force_ws/build/imu_force_description -- -j16 -l16
[0.030s] -- Found ament_cmake: 1.3.10 (/opt/ros/humble/share/ament_cmake/cmake)
[0.128s] -- Found rclcpp: 16.0.10 (/opt/ros/humble/share/rclcpp/cmake)
[0.146s] -- Found rosidl_generator_c: 3.1.5 (/opt/ros/humble/share/rosidl_generator_c/cmake)
[0.147s] -- Found rosidl_adapter: 3.1.5 (/opt/ros/humble/share/rosidl_adapter/cmake)
[0.151s] -- Found rosidl_generator_cpp: 3.1.5 (/opt/ros/humble/share/rosidl_generator_cpp/cmake)
[0.157s] -- Using all available rosidl_typesupport_c: rosidl_typesupport_fastrtps_c;rosidl_typesupport_introspection_c
[0.165s] -- Using all available rosidl_typesupport_cpp: rosidl_typesupport_fastrtps_cpp;rosidl_typesupport_introspection_cpp
[0.185s] -- Found rmw_implementation_cmake: 6.1.2 (/opt/ros/humble/share/rmw_implementation_cmake/cmake)
[0.186s] -- Found rmw_fastrtps_cpp: 6.2.7 (/opt/ros/humble/share/rmw_fastrtps_cpp/cmake)
[0.259s] -- Using RMW implementation 'rmw_fastrtps_cpp' as default
[0.290s] -- Found rclpy: 3.3.14 (/opt/ros/humble/share/rclpy/cmake)
[0.388s] -- Configuring done
[0.393s] -- Generating done
[0.394s] -- Build files have been written to: /home/waritt/imu_force_ws/build/imu_force_description
[0.415s] [35m[1mConsolidate compiler generated dependencies of target cpp_node_test[0m
[0.424s] [100%] Built target cpp_node_test
[0.427s] [100%] Built target ament_cmake_python_copy_imu_force_description
[0.603s] running egg_info
[0.604s] writing imu_force_description.egg-info/PKG-INFO
[0.604s] writing dependency_links to imu_force_description.egg-info/dependency_links.txt
[0.604s] writing top-level names to imu_force_description.egg-info/top_level.txt
[0.605s] reading manifest file 'imu_force_description.egg-info/SOURCES.txt'
[0.606s] writing manifest file 'imu_force_description.egg-info/SOURCES.txt'
[0.623s] [100%] Built target ament_cmake_python_build_imu_force_description_egg
[0.630s] Invoked command in '/home/waritt/imu_force_ws/build/imu_force_description' returned '0': CMAKE_PREFIX_PATH=${CMAKE_PREFIX_PATH}:/opt/ros/humble /usr/bin/cmake --build /home/waritt/imu_force_ws/build/imu_force_description -- -j16 -l16
[0.654s] Invoking command in '/home/waritt/imu_force_ws/build/imu_force_description': CMAKE_PREFIX_PATH=${CMAKE_PREFIX_PATH}:/opt/ros/humble /usr/bin/cmake --install /home/waritt/imu_force_ws/build/imu_force_description
[0.659s] -- Install configuration: ""
[0.659s] -- Up-to-date: /home/waritt/imu_force_ws/install/imu_force_description/share/imu_force_description/environment/pythonpath.sh
[0.659s] -- Installing: /home/waritt/imu_force_ws/install/imu_force_description/share/imu_force_description/environment/pythonpath.dsv
[0.659s] -- Up-to-date: /home/waritt/imu_force_ws/install/imu_force_description/local/lib/python3.10/dist-packages/imu_force_description-0.0.0-py3.10.egg-info
[0.659s] -- Installing: /home/waritt/imu_force_ws/install/imu_force_description/local/lib/python3.10/dist-packages/imu_force_description-0.0.0-py3.10.egg-info/SOURCES.txt
[0.659s] -- Installing: /home/waritt/imu_force_ws/install/imu_force_description/local/lib/python3.10/dist-packages/imu_force_description-0.0.0-py3.10.egg-info/top_level.txt
[0.659s] -- Installing: /home/waritt/imu_force_ws/install/imu_force_description/local/lib/python3.10/dist-packages/imu_force_description-0.0.0-py3.10.egg-info/PKG-INFO
[0.659s] -- Installing: /home/waritt/imu_force_ws/install/imu_force_description/local/lib/python3.10/dist-packages/imu_force_description-0.0.0-py3.10.egg-info/dependency_links.txt
[0.659s] -- Up-to-date: /home/waritt/imu_force_ws/install/imu_force_description/local/lib/python3.10/dist-packages/imu_force_description
[0.659s] -- Up-to-date: /home/waritt/imu_force_ws/install/imu_force_description/local/lib/python3.10/dist-packages/imu_force_description/__init__.py
[0.659s] -- Up-to-date: /home/waritt/imu_force_ws/install/imu_force_description/local/lib/python3.10/dist-packages/imu_force_description/dummy_module.py
[0.685s] Listing '/home/waritt/imu_force_ws/install/imu_force_description/local/lib/python3.10/dist-packages/imu_force_description'...
[0.687s] -- Up-to-date: /home/waritt/imu_force_ws/install/imu_force_description/lib/imu_force_description/dummy_script.py
[0.688s] -- Up-to-date: /home/waritt/imu_force_ws/install/imu_force_description/lib/imu_force_description/cpp_node_test
[0.688s] -- Installing: /home/waritt/imu_force_ws/install/imu_force_description/share/imu_force_description/config
[0.688s] -- Installing: /home/waritt/imu_force_ws/install/imu_force_description/share/imu_force_description/config/display.rviz
[0.688s] -- Installing: /home/waritt/imu_force_ws/install/imu_force_description/share/imu_force_description/launch
[0.688s] -- Installing: /home/waritt/imu_force_ws/install/imu_force_description/share/imu_force_description/launch/simple_display.launch.py
[0.688s] -- Installing: /home/waritt/imu_force_ws/install/imu_force_description/share/imu_force_description/launch/dummy_robot.launch.py
[0.688s] -- Installing: /home/waritt/imu_force_ws/install/imu_force_description/share/imu_force_description/meshes
[0.688s] -- Installing: /home/waritt/imu_force_ws/install/imu_force_description/share/imu_force_description/meshes/link_1.stl
[0.688s] -- Installing: /home/waritt/imu_force_ws/install/imu_force_description/share/imu_force_description/meshes/link_3.stl
[0.688s] -- Installing: /home/waritt/imu_force_ws/install/imu_force_description/share/imu_force_description/meshes/link_0.stl
[0.688s] -- Installing: /home/waritt/imu_force_ws/install/imu_force_description/share/imu_force_description/meshes/end_effector.stl
[0.688s] -- Installing: /home/waritt/imu_force_ws/install/imu_force_description/share/imu_force_description/meshes/link_2.stl
[0.688s] -- Installing: /home/waritt/imu_force_ws/install/imu_force_description/share/imu_force_description/urdf
[0.688s] -- Installing: /home/waritt/imu_force_ws/install/imu_force_description/share/imu_force_description/urdf/my-robot.xacro
[0.688s] -- Up-to-date: /home/waritt/imu_force_ws/install/imu_force_description/share/ament_index/resource_index/package_run_dependencies/imu_force_description
[0.688s] -- Installing: /home/waritt/imu_force_ws/install/imu_force_description/share/ament_index/resource_index/parent_prefix_path/imu_force_description
[0.688s] -- Up-to-date: /home/waritt/imu_force_ws/install/imu_force_description/share/imu_force_description/environment/ament_prefix_path.sh
[0.689s] -- Installing: /home/waritt/imu_force_ws/install/imu_force_description/share/imu_force_description/environment/ament_prefix_path.dsv
[0.689s] -- Up-to-date: /home/waritt/imu_force_ws/install/imu_force_description/share/imu_force_description/environment/path.sh
[0.689s] -- Installing: /home/waritt/imu_force_ws/install/imu_force_description/share/imu_force_description/environment/path.dsv
[0.689s] -- Up-to-date: /home/waritt/imu_force_ws/install/imu_force_description/share/imu_force_description/local_setup.bash
[0.689s] -- Up-to-date: /home/waritt/imu_force_ws/install/imu_force_description/share/imu_force_description/local_setup.sh
[0.689s] -- Up-to-date: /home/waritt/imu_force_ws/install/imu_force_description/share/imu_force_description/local_setup.zsh
[0.689s] -- Installing: /home/waritt/imu_force_ws/install/imu_force_description/share/imu_force_description/local_setup.dsv
[0.689s] -- Installing: /home/waritt/imu_force_ws/install/imu_force_description/share/imu_force_description/package.dsv
[0.689s] -- Up-to-date: /home/waritt/imu_force_ws/install/imu_force_description/share/ament_index/resource_index/packages/imu_force_description
[0.689s] -- Up-to-date: /home/waritt/imu_force_ws/install/imu_force_description/share/imu_force_description/cmake/imu_force_descriptionConfig.cmake
[0.689s] -- Up-to-date: /home/waritt/imu_force_ws/install/imu_force_description/share/imu_force_description/cmake/imu_force_descriptionConfig-version.cmake
[0.689s] -- Up-to-date: /home/waritt/imu_force_ws/install/imu_force_description/share/imu_force_description/package.xml
[0.691s] Invoked command in '/home/waritt/imu_force_ws/build/imu_force_description' returned '0': CMAKE_PREFIX_PATH=${CMAKE_PREFIX_PATH}:/opt/ros/humble /usr/bin/cmake --install /home/waritt/imu_force_ws/build/imu_force_description
